#
# There is insufficient memory for the Java Runtime Environment to continue.
# Native memory allocation (mmap) failed to map 266338304 bytes. Error detail: G1 virtual space
# Possible reasons:
#   The system is out of physical RAM or swap space
#   This process is running with CompressedOops enabled, and the Java Heap may be blocking the growth of the native heap
# Possible solutions:
#   Reduce memory load on the system
#   Increase physical memory or swap space
#   Check if swap backing store is full
#   Decrease Java heap size (-Xmx/-Xms)
#   Decrease number of Java threads
#   Decrease Java thread stack sizes (-Xss)
#   Set larger code cache with -XX:ReservedCodeCacheSize=
#   JVM is running with Zero Based Compressed Oops mode in which the Java heap is
#     placed in the first 32GB address space. The Java Heap base address is the
#     maximum limit for the native heap growth. Please use -XX:HeapBaseMinAddress
#     to set the Java Heap base and to place the Java Heap above 32GB virtual address.
# This output file may be truncated or incomplete.
#
#  Out of Memory Error (os_windows.cpp:3631), pid=9784, tid=9944
#
# JRE version:  (22.0+36) (build )
# Java VM: OpenJDK 64-Bit Server VM (22+36-2370, mixed mode, sharing, tiered, compressed oops, compressed class ptrs, g1 gc, windows-amd64)
# No core dump will be written. Minidumps are not enabled by default on client versions of Windows
#

---------------  S U M M A R Y ------------

Command Line: -javaagent:C:\Program Files\JetBrains\IntelliJ IDEA Community Edition 2023.2.2\lib\idea_rt.jar=50772:C:\Program Files\JetBrains\IntelliJ IDEA Community Edition 2023.2.2\bin -Dfile.encoding=UTF-8 -Dsun.stdout.encoding=UTF-8 -Dsun.stderr.encoding=UTF-8 --module-path=C:\Users\elyes\.m2\repository\org\openjfx\javafx-media\21-ea+24\javafx-media-21-ea+24-win.jar;C:\Users\elyes\.m2\repository\org\openjfx\javafx-web\21-ea+24\javafx-web-21-ea+24-win.jar;C:\Users\elyes\IdeaProjects\demo1\target\classes;C:\Users\elyes\.m2\repository\org\openjfx\javafx-fxml\21-ea+24\javafx-fxml-21-ea+24-win.jar;C:\Users\elyes\.m2\repository\org\openjfx\javafx-graphics\21-ea+24\javafx-graphics-21-ea+24-win.jar;C:\Users\elyes\.m2\repository\org\openjfx\javafx-controls\21-ea+24\javafx-controls-21-ea+24-win.jar;C:\Users\elyes\.m2\repository\com\mysql\mysql-connector-j\8.3.0\mysql-connector-j-8.3.0.jar;C:\Users\elyes\.m2\repository\org\openjfx\javafx-base\21-ea+24\javafx-base-21-ea+24-win.jar -Djdk.module.main=com.example.demo1 com.example.demo1/com.example.demo1.HelloApplication

Host: Intel(R) Core(TM) i5-10300H CPU @ 2.50GHz, 8 cores, 15G,  Windows 10 , 64 bit Build 19041 (10.0.19041.3636)
Time: Tue Apr 30 13:26:46 2024 W. Central Africa Standard Time elapsed time: 0.017870 seconds (0d 0h 0m 0s)

---------------  T H R E A D  ---------------

Current thread (0x000001bf6ceaf580):  JavaThread "Unknown thread" [_thread_in_vm, id=9944, stack(0x0000006769300000,0x0000006769400000) (1024K)]

Stack: [0x0000006769300000,0x0000006769400000]
Native frames: (J=compiled Java code, j=interpreted, Vv=VM code, C=native code)
V  [jvm.dll+0x6e2349]  (no source info available)
V  [jvm.dll+0x874ed3]  (no source info available)
V  [jvm.dll+0x8772fe]  (no source info available)
V  [jvm.dll+0x8779d3]  (no source info available)
V  [jvm.dll+0x27fcb6]  (no source info available)
V  [jvm.dll+0x6de9e5]  (no source info available)
V  [jvm.dll+0x6d34ea]  (no source info available)
V  [jvm.dll+0x35892a]  (no source info available)
V  [jvm.dll+0x360e56]  (no source info available)
V  [jvm.dll+0x3b3d7e]  (no source info available)
V  [jvm.dll+0x3b4028]  (no source info available)
V  [jvm.dll+0x32c4ec]  (no source info available)
V  [jvm.dll+0x32d0a8]  (no source info available)
V  [jvm.dll+0x83cd9c]  (no source info available)
V  [jvm.dll+0x3c0cc1]  (no source info available)
V  [jvm.dll+0x825d8c]  (no source info available)
V  [jvm.dll+0x45b9ee]  (no source info available)
V  [jvm.dll+0x45d871]  (no source info available)
C  [jli.dll+0x52a3]  (no source info available)
C  [ucrtbase.dll+0x21bb2]  (no source info available)
C  [KERNEL32.DLL+0x17344]  (no source info available)
C  [ntdll.dll+0x526b1]  (no source info available)


---------------  P R O C E S S  ---------------

Threads class SMR info:
_java_thread_list=0x00007ffe28eac1c8, length=0, elements={
}

Java Threads: ( => current thread )
Total: 0

Other Threads:
  0x000001bf6cf17de0 WorkerThread "GC Thread#0"                     [id=6180, stack(0x0000006769400000,0x0000006769500000) (1024K)]
  0x000001bf6cf29fe0 ConcurrentGCThread "G1 Main Marker"            [id=9432, stack(0x0000006769500000,0x0000006769600000) (1024K)]
  0x000001bf6cf2b1a0 WorkerThread "G1 Conc#0"                       [id=1720, stack(0x0000006769600000,0x0000006769700000) (1024K)]

[error occurred during error reporting (printing all threads), id 0xc0000005, EXCEPTION_ACCESS_VIOLATION (0xc0000005) at pc=0x00007ffe285ff2b7]
VM state: not at safepoint (not fully initialized)

VM Mutex/Monitor currently owned by a thread:  ([mutex/lock_event])
[0x00007ffe28f2ccc8] Heap_lock - owner thread: 0x000001bf6ceaf580

Heap address: 0x0000000702c00000, size: 4052 MB, Compressed Oops mode: Zero based, Oop shift amount: 3

CDS archive(s) mapped at: [0x0000000000000000-0x0000000000000000-0x0000000000000000), size 0, SharedBaseAddress: 0x0000000800000000, ArchiveRelocationMode: 1.
Narrow klass base: 0x0000000000000000, Narrow klass shift: 0, Narrow klass range: 0x0

GC Precious Log:
 CardTable entry size: 512
 Card Set container configuration: InlinePtr #cards 4 size 8 Array Of Cards #cards 16 size 48 Howl #buckets 8 coarsen threshold 3686 Howl Bitmap #cards 512 size 80 coarsen threshold 460 Card regions per heap region 1 cards per card region 4096

Heap:
 garbage-first heap   total reserved 4149248K, committed 0K, used 0K [0x0000000702c00000, 0x0000000800000000)
  region size 2048K, 0 young (0K), 0 survivors (0K)

[error occurred during error reporting (printing heap information), id 0xc0000005, EXCEPTION_ACCESS_VIOLATION (0xc0000005) at pc=0x00007ffe289fe4e9]
GC Heap History (0 events):
No events

Dll operation events (1 events):
Event: 0.012 Loaded shared library C:\Users\elyes\.jdks\openjdk-22\bin\java.dll

Deoptimization events (0 events):
No events

Classes loaded (0 events):
No events

Classes unloaded (0 events):
No events

Classes redefined (0 events):
No events

Internal exceptions (0 events):
No events

ZGC Phase Switch (0 events):
No events

VM Operations (0 events):
No events

Events (0 events):
No events


Dynamic libraries:
0x00007ff664590000 - 0x00007ff66459e000 	C:\Users\elyes\.jdks\openjdk-22\bin\java.exe
0x00007ffe72690000 - 0x00007ffe72888000 	C:\Windows\SYSTEM32\ntdll.dll
0x00007ffe720e0000 - 0x00007ffe7219d000 	C:\Windows\System32\KERNEL32.DLL
0x00007ffe70110000 - 0x00007ffe70406000 	C:\Windows\System32\KERNELBASE.dll
0x00007ffe6fe10000 - 0x00007ffe6ff10000 	C:\Windows\System32\ucrtbase.dll
0x00007ffe67340000 - 0x00007ffe6735b000 	C:\Users\elyes\.jdks\openjdk-22\bin\VCRUNTIME140.dll
0x00007ffe67320000 - 0x00007ffe67337000 	C:\Users\elyes\.jdks\openjdk-22\bin\jli.dll
0x00007ffe71650000 - 0x00007ffe717ef000 	C:\Windows\System32\USER32.dll
0x00007ffe700e0000 - 0x00007ffe70102000 	C:\Windows\System32\win32u.dll
0x00007ffe58db0000 - 0x00007ffe5904a000 	C:\Windows\WinSxS\amd64_microsoft.windows.common-controls_6595b64144ccf1df_6.0.19041.3636_none_60b6a03d71f818d5\COMCTL32.dll
0x00007ffe71f90000 - 0x00007ffe71fbb000 	C:\Windows\System32\GDI32.dll
0x00007ffe72230000 - 0x00007ffe722ce000 	C:\Windows\System32\msvcrt.dll
0x00007ffe704c0000 - 0x00007ffe705d7000 	C:\Windows\System32\gdi32full.dll
0x00007ffe6fd40000 - 0x00007ffe6fddd000 	C:\Windows\System32\msvcp_win.dll
0x00007ffe70f50000 - 0x00007ffe70f82000 	C:\Windows\System32\IMM32.DLL
0x00007ffe6c7e0000 - 0x00007ffe6c7ec000 	C:\Users\elyes\.jdks\openjdk-22\bin\vcruntime140_1.dll
0x00007ffe2ae50000 - 0x00007ffe2aede000 	C:\Users\elyes\.jdks\openjdk-22\bin\msvcp140.dll
0x00007ffe282c0000 - 0x00007ffe29008000 	C:\Users\elyes\.jdks\openjdk-22\bin\server\jvm.dll
0x00007ffe714b0000 - 0x00007ffe71560000 	C:\Windows\System32\ADVAPI32.dll
0x00007ffe722d0000 - 0x00007ffe72370000 	C:\Windows\System32\sechost.dll
0x00007ffe72520000 - 0x00007ffe72643000 	C:\Windows\System32\RPCRT4.dll
0x00007ffe6fde0000 - 0x00007ffe6fe07000 	C:\Windows\System32\bcrypt.dll
0x00007ffe71f20000 - 0x00007ffe71f8b000 	C:\Windows\System32\WS2_32.dll
0x00007ffe6f2d0000 - 0x00007ffe6f31b000 	C:\Windows\SYSTEM32\POWRPROF.dll
0x00007ffe69ff0000 - 0x00007ffe69ffa000 	C:\Windows\SYSTEM32\VERSION.dll
0x00007ffe57e70000 - 0x00007ffe57e97000 	C:\Windows\SYSTEM32\WINMM.dll
0x00007ffe6f140000 - 0x00007ffe6f152000 	C:\Windows\SYSTEM32\UMPDC.dll
0x00007ffe6dbd0000 - 0x00007ffe6dbe2000 	C:\Windows\SYSTEM32\kernel.appcore.dll
0x00007ffe6c7d0000 - 0x00007ffe6c7da000 	C:\Users\elyes\.jdks\openjdk-22\bin\jimage.dll
0x00007ffe5f0c0000 - 0x00007ffe5f2a4000 	C:\Windows\SYSTEM32\DBGHELP.DLL
0x00007ffe4fa00000 - 0x00007ffe4fa34000 	C:\Windows\SYSTEM32\dbgcore.DLL
0x00007ffe70630000 - 0x00007ffe706b2000 	C:\Windows\System32\bcryptPrimitives.dll
0x00007ffe6c880000 - 0x00007ffe6c88f000 	C:\Users\elyes\.jdks\openjdk-22\bin\instrument.dll
0x00007ffe6c7b0000 - 0x00007ffe6c7ce000 	C:\Users\elyes\.jdks\openjdk-22\bin\java.dll
0x00007ffe706c0000 - 0x00007ffe70e2b000 	C:\Windows\System32\SHELL32.dll
0x00007ffe71380000 - 0x00007ffe714ab000 	C:\Windows\System32\ole32.dll
0x00007ffe70f90000 - 0x00007ffe712e3000 	C:\Windows\System32\combase.dll

dbghelp: loaded successfully - version: 4.0.5 - missing functions: none
symbol engine: initialized successfully - sym options: 0x614 - pdb path: .;C:\Users\elyes\.jdks\openjdk-22\bin;C:\Windows\SYSTEM32;C:\Windows\WinSxS\amd64_microsoft.windows.common-controls_6595b64144ccf1df_6.0.19041.3636_none_60b6a03d71f818d5;C:\Users\elyes\.jdks\openjdk-22\bin\server

VM Arguments:
jvm_args: -javaagent:C:\Program Files\JetBrains\IntelliJ IDEA Community Edition 2023.2.2\lib\idea_rt.jar=50772:C:\Program Files\JetBrains\IntelliJ IDEA Community Edition 2023.2.2\bin -Dfile.encoding=UTF-8 -Dsun.stdout.encoding=UTF-8 -Dsun.stderr.encoding=UTF-8 --module-path=C:\Users\elyes\.m2\repository\org\openjfx\javafx-media\21-ea+24\javafx-media-21-ea+24-win.jar;C:\Users\elyes\.m2\repository\org\openjfx\javafx-web\21-ea+24\javafx-web-21-ea+24-win.jar;C:\Users\elyes\IdeaProjects\demo1\target\classes;C:\Users\elyes\.m2\repository\org\openjfx\javafx-fxml\21-ea+24\javafx-fxml-21-ea+24-win.jar;C:\Users\elyes\.m2\repository\org\openjfx\javafx-graphics\21-ea+24\javafx-graphics-21-ea+24-win.jar;C:\Users\elyes\.m2\repository\org\openjfx\javafx-controls\21-ea+24\javafx-controls-21-ea+24-win.jar;C:\Users\elyes\.m2\repository\com\mysql\mysql-connector-j\8.3.0\mysql-connector-j-8.3.0.jar;C:\Users\elyes\.m2\repository\org\openjfx\javafx-base\21-ea+24\javafx-base-21-ea+24-win.jar -Djdk.module.main=com.example.demo1 
java_command: com.example.demo1/com.example.demo1.HelloApplication
java_class_path (initial): C:\Users\elyes\.m2\repository\org\openjfx\javafx-controls\21-ea+24\javafx-controls-21-ea+24.jar;C:\Users\elyes\.m2\repository\org\openjfx\javafx-graphics\21-ea+24\javafx-graphics-21-ea+24.jar;C:\Users\elyes\.m2\repository\org\openjfx\javafx-base\21-ea+24\javafx-base-21-ea+24.jar;C:\Users\elyes\.m2\repository\org\openjfx\javafx-web\21-ea+24\javafx-web-21-ea+24.jar;C:\Users\elyes\.m2\repository\org\openjfx\javafx-media\21-ea+24\javafx-media-21-ea+24.jar;C:\Users\elyes\.m2\repository\org\openjfx\javafx-fxml\21-ea+24\javafx-fxml-21-ea+24.jar;C:\Users\elyes\.m2\repository\com\google\protobuf\protobuf-java\3.25.1\protobuf-java-3.25.1.jar
Launcher Type: SUN_STANDARD

[Global flags]
     intx CICompilerCount                          = 4                                         {product} {ergonomic}
     uint ConcGCThreads                            = 2                                         {product} {ergonomic}
     uint G1ConcRefinementThreads                  = 8                                         {product} {ergonomic}
   size_t G1HeapRegionSize                         = 2097152                                   {product} {ergonomic}
   size_t InitialHeapSize                          = 266338304                                 {product} {ergonomic}
   size_t MarkStackSize                            = 4194304                                   {product} {ergonomic}
   size_t MaxHeapSize                              = 4248829952                                {product} {ergonomic}
   size_t MinHeapDeltaBytes                        = 2097152                                   {product} {ergonomic}
   size_t MinHeapSize                              = 8388608                                   {product} {ergonomic}
    uintx NonNMethodCodeHeapSize                   = 5839372                                {pd product} {ergonomic}
    uintx NonProfiledCodeHeapSize                  = 122909434                              {pd product} {ergonomic}
    uintx ProfiledCodeHeapSize                     = 122909434                              {pd product} {ergonomic}
    uintx ReservedCodeCacheSize                    = 251658240                              {pd product} {ergonomic}
     bool SegmentedCodeCache                       = true                                      {product} {ergonomic}
   size_t SoftMaxHeapSize                          = 4248829952                             {manageable} {ergonomic}
     bool UseCompressedOops                        = true                           {product lp64_product} {ergonomic}
     bool UseG1GC                                  = true                                      {product} {ergonomic}
     bool UseLargePagesIndividualAllocation        = false                                  {pd product} {ergonomic}

Logging:
Log output configuration:
 #0: stdout all=warning uptime,level,tags foldmultilines=false
 #1: stderr all=off uptime,level,tags foldmultilines=false

Environment Variables:
PATH=C:\oraclexe\app\oracle\product\11.2.0\server\bin;C:\Users\elyes\Desktop\app\oracle\product\11.2.0\server\bin;C:\oraclexe\app\oracle\product\11.2.0\server\bin;C:\ProgramData\Oracle\Java\javapath;C:\Windows\system32;C:\Windows;C:\Windows\System32\Wbem;C:\Windows\System32\WindowsPowerShell\v1.0\;C:\Windows\System32\OpenSSH\;C:\oraclexe\app\oracle\product\11.2.0\server\bin;C:\oraclexe\app\oracle\admin\XE;C:\oraclexe;C:\Users\elyes\Desktop\instantclient12_2;C:\Program Files\Git\cmd;C:\xampp\php\php.exe;C:\xampp\php;C:\ProgramData\ComposerSetup\bin;C:\Program Files\nodejs\;C:\Program Files\dotnet\;C:\Program Files\Microsoft SQL Server\150\Tools\Binn\;C:\Program Files\Microsoft SQL Server\Client SDK\ODBC\170\Tools\Binn\;C:\Users\elyes\scoop\shims;C:\Users\elyes\AppData\Local\Microsoft\WindowsApps;C:\Users\elyes\AppData\Local\Programs\Microsoft VS Code\bin;C:\xampp\php\php.exe;C:\Users\elyes\AppData\Roaming\Composer\vendor\bin;C:\Users\elyes\AppData\Roaming\npm;C:\Users\elyes\.dotnet\tools
USERNAME=elyes
OS=Windows_NT
PROCESSOR_IDENTIFIER=Intel64 Family 6 Model 165 Stepping 2, GenuineIntel
TMP=C:\Users\elyes\AppData\Local\Temp
TEMP=C:\Users\elyes\AppData\Local\Temp




Periodic native trim disabled

---------------  S Y S T E M  ---------------

OS:
 Windows 10 , 64 bit Build 19041 (10.0.19041.3636)
OS uptime: 0 days 1:12 hours

CPU: total 8 (initial active 8) (4 cores per cpu, 2 threads per core) family 6 model 165 stepping 2 microcode 0xc8, cx8, cmov, fxsr, ht, mmx, 3dnowpref, sse, sse2, sse3, ssse3, sse4.1, sse4.2, popcnt, lzcnt, tsc, tscinvbit, avx, avx2, aes, erms, clmul, bmi1, bmi2, adx, fma, vzeroupper, clflush, clflushopt, rdtscp, f16c, pku
Processor Information for all 8 processors :
  Max Mhz: 2496, Current Mhz: 2496, Mhz Limit: 2496

Memory: 4k page, system-wide physical 16202M (566M free)
TotalPageFile size 61854M (AvailPageFile size 32M)
current process WorkingSet (physical memory assigned to process): 11M, peak: 11M
current process commit charge ("private bytes"): 60M, peak: 314M

vm_info: OpenJDK 64-Bit Server VM (22+36-2370) for windows-amd64 JRE (22+36-2370), built on 2024-02-15T22:15:19Z by "mach5one" with MS VC++ 17.6 (VS2022)

END.
