#
# There is insufficient memory for the Java Runtime Environment to continue.
# Native memory allocation (mmap) failed to map 102760448 bytes. Error detail: G1 virtual space
# Possible reasons:
#   The system is out of physical RAM or swap space
#   This process is running with CompressedOops enabled, and the Java Heap may be blocking the growth of the native heap
# Possible solutions:
#   Reduce memory load on the system
#   Increase physical memory or swap space
#   Check if swap backing store is full
#   Decrease Java heap size (-Xmx/-Xms)
#   Decrease number of Java threads
#   Decrease Java thread stack sizes (-Xss)
#   Set larger code cache with -XX:ReservedCodeCacheSize=
#   JVM is running with Zero Based Compressed Oops mode in which the Java heap is
#     placed in the first 32GB address space. The Java Heap base address is the
#     maximum limit for the native heap growth. Please use -XX:HeapBaseMinAddress
#     to set the Java Heap base and to place the Java Heap above 32GB virtual address.
# This output file may be truncated or incomplete.
#
#  Out of Memory Error (os_windows.cpp:3631), pid=12312, tid=1792
#
# JRE version: OpenJDK Runtime Environment (22.0+36) (build 22+36-2370)
# Java VM: OpenJDK 64-Bit Server VM (22+36-2370, mixed mode, sharing, tiered, compressed oops, compressed class ptrs, g1 gc, windows-amd64)
# No core dump will be written. Minidumps are not enabled by default on client versions of Windows
#

---------------  S U M M A R Y ------------

Command Line: -javaagent:C:\Program Files\JetBrains\IntelliJ IDEA Community Edition 2023.2.2\lib\idea_rt.jar=52704:C:\Program Files\JetBrains\IntelliJ IDEA Community Edition 2023.2.2\bin -Dfile.encoding=UTF-8 -Dsun.stdout.encoding=UTF-8 -Dsun.stderr.encoding=UTF-8 --module-path=C:\Users\elyes\.m2\repository\org\openjfx\javafx-base\16\javafx-base-16-win.jar;C:\Users\elyes\.m2\repository\org\openjfx\javafx-graphics\21-ea+24\javafx-graphics-21-ea+24-win.jar;C:\Users\elyes\.m2\repository\org\openjfx\javafx-media\21-ea+24\javafx-media-21-ea+24-win.jar;C:\Users\elyes\.m2\repository\org\openjfx\javafx-web\21-ea+24\javafx-web-21-ea+24-win.jar;C:\Users\elyes\.m2\repository\com\mysql\mysql-connector-j\8.3.0\mysql-connector-j-8.3.0.jar;C:\Users\elyes\.m2\repository\org\openjfx\javafx-fxml\21-ea+24\javafx-fxml-21-ea+24-win.jar;C:\Users\elyes\.m2\repository\org\openjfx\javafx-controls\21-ea+24\javafx-controls-21-ea+24-win.jar;C:\Users\elyes\IdeaProjects\demo1\target\classes -Djdk.module.main=com.example.demo1 com.example.demo1/com.example.demo1.HelloApplication

Host: Intel(R) Core(TM) i5-10300H CPU @ 2.50GHz, 8 cores, 15G,  Windows 10 , 64 bit Build 19041 (10.0.19041.3636)
Time: Tue May  7 16:47:25 2024 W. Central Africa Standard Time elapsed time: 9.150569 seconds (0d 0h 0m 9s)

---------------  T H R E A D  ---------------

Current thread (0x000001fc57569af0):  VMThread "VM Thread"          [id=1792, stack(0x000000ecc5500000,0x000000ecc5600000) (1024K)]

Stack: [0x000000ecc5500000,0x000000ecc5600000]
Native frames: (J=compiled Java code, j=interpreted, Vv=VM code, C=native code)
V  [jvm.dll+0x6e2349]  (no source info available)
V  [jvm.dll+0x874ed3]  (no source info available)
V  [jvm.dll+0x8772fe]  (no source info available)
V  [jvm.dll+0x8779d3]  (no source info available)
V  [jvm.dll+0x27fcb6]  (no source info available)
V  [jvm.dll+0x6de9e5]  (no source info available)
V  [jvm.dll+0x6d34ea]  (no source info available)
V  [jvm.dll+0x35892a]  (no source info available)
V  [jvm.dll+0x360e56]  (no source info available)
V  [jvm.dll+0x3b3d7e]  (no source info available)
V  [jvm.dll+0x3b4028]  (no source info available)
V  [jvm.dll+0x32c4ec]  (no source info available)
V  [jvm.dll+0x32c577]  (no source info available)
V  [jvm.dll+0x3721ec]  (no source info available)
V  [jvm.dll+0x3708e6]  (no source info available)
V  [jvm.dll+0x32bbd7]  (no source info available)
V  [jvm.dll+0x3700a4]  (no source info available)
V  [jvm.dll+0x87d870]  (no source info available)
V  [jvm.dll+0x87ebf7]  (no source info available)
V  [jvm.dll+0x87f170]  (no source info available)
V  [jvm.dll+0x87f413]  (no source info available)
V  [jvm.dll+0x81d50b]  (no source info available)
V  [jvm.dll+0x6e09e5]  (no source info available)
C  [ucrtbase.dll+0x21bb2]  (no source info available)
C  [KERNEL32.DLL+0x17344]  (no source info available)
C  [ntdll.dll+0x526b1]  (no source info available)

VM_Operation (0x000000eccaafec50): G1CollectForAllocation, mode: safepoint, requested by thread 0x000001fc9e6154e0


---------------  P R O C E S S  ---------------

Threads class SMR info:
_java_thread_list=0x000001fca645d2f0, length=65, elements={
0x000001fc365a09e0, 0x000001fc575822c0, 0x000001fc57584ff0, 0x000001fc5758cbe0,
0x000001fc57591660, 0x000001fc57592760, 0x000001fc5759b1d0, 0x000001fc5759f6c0,
0x000001fc575a0170, 0x000001fc5778f690, 0x000001fc9dbcde70, 0x000001fc9dc47db0,
0x000001fc9daa41f0, 0x000001fc9daa3b60, 0x000001fc9daa2e40, 0x000001fc9daa2120,
0x000001fc9daa27b0, 0x000001fc9daa1400, 0x000001fc9daa1a90, 0x000001fc9daa34d0,
0x000001fc9daa0d70, 0x000001fc9db17570, 0x000001fc9db11990, 0x000001fc9db17c00,
0x000001fc9db140f0, 0x000001fc9db15b30, 0x000001fc9db161c0, 0x000001fc9db10c70,
0x000001fc9db16850, 0x000001fc9db11300, 0x000001fc9db16ee0, 0x000001fc9db13a60,
0x000001fc9db18290, 0x000001fc9db12020, 0x000001fc9db14780, 0x000001fc9db126b0,
0x000001fc9db154a0, 0x000001fc9db12d40, 0x000001fca44ca1c0, 0x000001fca44c5300,
0x000001fca44c73d0, 0x000001fca44c45e0, 0x000001fca44c6d40, 0x000001fca44c80f0,
0x000001fca44c5990, 0x000001fca44c8780, 0x000001fca44c6020, 0x000001fca44c66b0,
0x000001fca44cb570, 0x000001fca44c4c70, 0x000001fca44c94a0, 0x000001fca44c7a60,
0x000001fca44cbc00, 0x000001fca44c8e10, 0x000001fca44caee0, 0x000001fca44c9b30,
0x000001fc9e6154e0, 0x000001fc9e617c40, 0x000001fc9e616200, 0x000001fc9e6182d0,
0x000001fc9e616890, 0x000001fc9e615b70, 0x000001fc9e616f20, 0x000001fc9e6175b0,
0x000001fca80a2070
}

Java Threads: ( => current thread )
  0x000001fc365a09e0 JavaThread "main"                              [_thread_blocked, id=3228, stack(0x000000ecc4e00000,0x000000ecc4f00000) (1024K)]
  0x000001fc575822c0 JavaThread "Reference Handler"          daemon [_thread_blocked, id=10384, stack(0x000000ecc5600000,0x000000ecc5700000) (1024K)]
  0x000001fc57584ff0 JavaThread "Finalizer"                  daemon [_thread_blocked, id=2196, stack(0x000000ecc5700000,0x000000ecc5800000) (1024K)]
  0x000001fc5758cbe0 JavaThread "Signal Dispatcher"          daemon [_thread_blocked, id=13168, stack(0x000000ecc5800000,0x000000ecc5900000) (1024K)]
  0x000001fc57591660 JavaThread "Attach Listener"            daemon [_thread_blocked, id=14568, stack(0x000000ecc5900000,0x000000ecc5a00000) (1024K)]
  0x000001fc57592760 JavaThread "Service Thread"             daemon [_thread_blocked, id=13872, stack(0x000000ecc5a00000,0x000000ecc5b00000) (1024K)]
  0x000001fc5759b1d0 JavaThread "Monitor Deflation Thread"   daemon [_thread_blocked, id=17120, stack(0x000000ecc5b00000,0x000000ecc5c00000) (1024K)]
  0x000001fc5759f6c0 JavaThread "C2 CompilerThread0"         daemon [_thread_blocked, id=8528, stack(0x000000ecc5c00000,0x000000ecc5d00000) (1024K)]
  0x000001fc575a0170 JavaThread "C1 CompilerThread0"         daemon [_thread_blocked, id=13408, stack(0x000000ecc5d00000,0x000000ecc5e00000) (1024K)]
  0x000001fc5778f690 JavaThread "Common-Cleaner"             daemon [_thread_blocked, id=13148, stack(0x000000ecc5e00000,0x000000ecc5f00000) (1024K)]
  0x000001fc9dbcde70 JavaThread "Monitor Ctrl-Break"         daemon [_thread_in_native, id=9428, stack(0x000000ecc6100000,0x000000ecc6200000) (1024K)]
  0x000001fc9dc47db0 JavaThread "Notification Thread"        daemon [_thread_blocked, id=14080, stack(0x000000ecc6200000,0x000000ecc6300000) (1024K)]
  0x000001fc9daa41f0 JavaThread "QuantumRenderer-0"          daemon [_thread_blocked, id=17644, stack(0x000000ecc6300000,0x000000ecc6400000) (1024K)]
  0x000001fc9daa3b60 JavaThread "InvokeLaterDispatcher"      daemon [_thread_blocked, id=14444, stack(0x000000ecc6400000,0x000000ecc6500000) (1024K)]
  0x000001fc9daa2e40 JavaThread "JavaFX Application Thread"         [_thread_blocked, id=17392, stack(0x000000ecc6500000,0x000000ecc6600000) (1024K)]
  0x000001fc9daa2120 JavaThread "JavaFX-Launcher"                   [_thread_blocked, id=14948, stack(0x000000ecc6a00000,0x000000ecc6b00000) (1024K)]
  0x000001fc9daa27b0 JavaThread "Thread-2"                   daemon [_thread_blocked, id=8360, stack(0x000000ecc6900000,0x000000ecc6a00000) (1024K)]
  0x000001fc9daa1400 JavaThread "mysql-cj-abandoned-connection-cleanup" daemon [_thread_blocked, id=12520, stack(0x000000ecc7000000,0x000000ecc7100000) (1024K)]
  0x000001fc9daa1a90 JavaThread "Prism Font Disposer"        daemon [_thread_blocked, id=15628, stack(0x000000ecc7700000,0x000000ecc7800000) (1024K)]
  0x000001fc9daa34d0 JavaThread "Cleaner-0"                  daemon [_thread_blocked, id=13236, stack(0x000000ecc7800000,0x000000ecc7900000) (1024K)]
  0x000001fc9daa0d70 JavaThread "Disposer"                   daemon [_thread_blocked, id=11384, stack(0x000000ecc6000000,0x000000ecc6100000) (1024K)]
  0x000001fc9db17570 JavaThread "HttpClient-1-SelectorManager" daemon [_thread_blocked, id=2528, stack(0x000000ecc7a00000,0x000000ecc7b00000) (1024K)]
  0x000001fc9db11990 JavaThread "HttpClient-1-Worker-0"      daemon [_thread_blocked, id=12228, stack(0x000000ecc7b00000,0x000000ecc7c00000) (1024K)]
  0x000001fc9db17c00 JavaThread "HttpClient-1-Worker-1"      daemon [_thread_blocked, id=9996, stack(0x000000ecc7c00000,0x000000ecc7d00000) (1024K)]
  0x000001fc9db140f0 JavaThread "HttpClient-1-Worker-2"      daemon [_thread_blocked, id=10212, stack(0x000000ecc7d00000,0x000000ecc7e00000) (1024K)]
  0x000001fc9db15b30 JavaThread "HttpClient-1-Worker-3"      daemon [_thread_blocked, id=14036, stack(0x000000ecc7e00000,0x000000ecc7f00000) (1024K)]
  0x000001fc9db161c0 JavaThread "HttpClient-1-Worker-4"      daemon [_thread_blocked, id=13524, stack(0x000000ecc8800000,0x000000ecc8900000) (1024K)]
  0x000001fc9db10c70 JavaThread "HttpClient-1-Worker-5"      daemon [_thread_blocked, id=2736, stack(0x000000ecc8900000,0x000000ecc8a00000) (1024K)]
  0x000001fc9db16850 JavaThread "HttpClient-1-Worker-6"      daemon [_thread_blocked, id=15276, stack(0x000000ecc8a00000,0x000000ecc8b00000) (1024K)]
  0x000001fc9db11300 JavaThread "HttpClient-1-Worker-7"      daemon [_thread_blocked, id=7488, stack(0x000000ecc8b00000,0x000000ecc8c00000) (1024K)]
  0x000001fc9db16ee0 JavaThread "ForkJoinPool.commonPool-worker-1" daemon [_thread_blocked, id=5512, stack(0x000000ecc8c00000,0x000000ecc8d00000) (1024K)]
  0x000001fc9db13a60 JavaThread "ForkJoinPool.commonPool-worker-2" daemon [_thread_blocked, id=13780, stack(0x000000ecc8d00000,0x000000ecc8e00000) (1024K)]
  0x000001fc9db18290 JavaThread "ForkJoinPool.commonPool-worker-3" daemon [_thread_blocked, id=7664, stack(0x000000ecc8e00000,0x000000ecc8f00000) (1024K)]
  0x000001fc9db12020 JavaThread "HttpClient-1-Worker-8"      daemon [_thread_blocked, id=3528, stack(0x000000ecc9300000,0x000000ecc9400000) (1024K)]
  0x000001fc9db14780 JavaThread "HttpClient-1-Worker-9"      daemon [_thread_blocked, id=6836, stack(0x000000ecc9400000,0x000000ecc9500000) (1024K)]
  0x000001fc9db126b0 JavaThread "HttpClient-1-Worker-10"     daemon [_thread_blocked, id=11636, stack(0x000000ecc9500000,0x000000ecc9600000) (1024K)]
  0x000001fc9db154a0 JavaThread "HttpClient-1-Worker-11"     daemon [_thread_blocked, id=17664, stack(0x000000ecc9600000,0x000000ecc9700000) (1024K)]
  0x000001fc9db12d40 JavaThread "HttpClient-1-Worker-12"     daemon [_thread_blocked, id=17656, stack(0x000000ecc9700000,0x000000ecc9800000) (1024K)]
  0x000001fca44ca1c0 JavaThread "HttpClient-1-Worker-13"     daemon [_thread_blocked, id=5576, stack(0x000000ecc9800000,0x000000ecc9900000) (1024K)]
  0x000001fca44c5300 JavaThread "HttpClient-1-Worker-14"     daemon [_thread_blocked, id=18140, stack(0x000000ecc9900000,0x000000ecc9a00000) (1024K)]
  0x000001fca44c73d0 JavaThread "HttpClient-1-Worker-15"     daemon [_thread_blocked, id=7028, stack(0x000000ecc9a00000,0x000000ecc9b00000) (1024K)]
  0x000001fca44c45e0 JavaThread "HttpClient-1-Worker-16"     daemon [_thread_blocked, id=15764, stack(0x000000ecc9b00000,0x000000ecc9c00000) (1024K)]
  0x000001fca44c6d40 JavaThread "HttpClient-1-Worker-17"     daemon [_thread_blocked, id=7900, stack(0x000000ecc9c00000,0x000000ecc9d00000) (1024K)]
  0x000001fca44c80f0 JavaThread "HttpClient-1-Worker-18"     daemon [_thread_blocked, id=2168, stack(0x000000ecc9d00000,0x000000ecc9e00000) (1024K)]
  0x000001fca44c5990 JavaThread "HttpClient-1-Worker-19"     daemon [_thread_blocked, id=18312, stack(0x000000ecc9e00000,0x000000ecc9f00000) (1024K)]
  0x000001fca44c8780 JavaThread "HttpClient-1-Worker-20"     daemon [_thread_blocked, id=11824, stack(0x000000ecc9f00000,0x000000ecca000000) (1024K)]
  0x000001fca44c6020 JavaThread "HttpClient-1-Worker-21"     daemon [_thread_blocked, id=12912, stack(0x000000ecca000000,0x000000ecca100000) (1024K)]
  0x000001fca44c66b0 JavaThread "HttpClient-1-Worker-22"     daemon [_thread_blocked, id=14012, stack(0x000000ecca100000,0x000000ecca200000) (1024K)]
  0x000001fca44cb570 JavaThread "HttpClient-1-Worker-23"     daemon [_thread_blocked, id=2292, stack(0x000000ecca200000,0x000000ecca300000) (1024K)]
  0x000001fca44c4c70 JavaThread "HttpClient-1-Worker-24"     daemon [_thread_blocked, id=10432, stack(0x000000ecca300000,0x000000ecca400000) (1024K)]
  0x000001fca44c94a0 JavaThread "HttpClient-1-Worker-25"     daemon [_thread_blocked, id=17900, stack(0x000000ecca400000,0x000000ecca500000) (1024K)]
  0x000001fca44c7a60 JavaThread "HttpClient-1-Worker-26"     daemon [_thread_blocked, id=12612, stack(0x000000ecca500000,0x000000ecca600000) (1024K)]
  0x000001fca44cbc00 JavaThread "HttpClient-1-Worker-27"     daemon [_thread_blocked, id=14920, stack(0x000000ecca600000,0x000000ecca700000) (1024K)]
  0x000001fca44c8e10 JavaThread "HttpClient-1-Worker-28"     daemon [_thread_blocked, id=17748, stack(0x000000ecca700000,0x000000ecca800000) (1024K)]
  0x000001fca44caee0 JavaThread "HttpClient-1-Worker-29"     daemon [_thread_blocked, id=11772, stack(0x000000ecca800000,0x000000ecca900000) (1024K)]
  0x000001fca44c9b30 JavaThread "HttpClient-1-Worker-30"     daemon [_thread_blocked, id=11764, stack(0x000000ecca900000,0x000000eccaa00000) (1024K)]
  0x000001fc9e6154e0 JavaThread "HttpClient-1-Worker-31"     daemon [_thread_blocked, id=14560, stack(0x000000eccaa00000,0x000000eccab00000) (1024K)]
  0x000001fc9e617c40 JavaThread "HttpClient-1-Worker-32"     daemon [_thread_blocked, id=7116, stack(0x000000eccab00000,0x000000eccac00000) (1024K)]
  0x000001fc9e616200 JavaThread "HttpClient-1-Worker-33"     daemon [_thread_blocked, id=9068, stack(0x000000eccac00000,0x000000eccad00000) (1024K)]
  0x000001fc9e6182d0 JavaThread "HttpClient-1-Worker-34"     daemon [_thread_blocked, id=15748, stack(0x000000eccad00000,0x000000eccae00000) (1024K)]
  0x000001fc9e616890 JavaThread "ForkJoinPool.commonPool-worker-4" daemon [_thread_blocked, id=12340, stack(0x000000eccae00000,0x000000eccaf00000) (1024K)]
  0x000001fc9e615b70 JavaThread "ForkJoinPool.commonPool-worker-5" daemon [_thread_blocked, id=11780, stack(0x000000eccaf00000,0x000000eccb000000) (1024K)]
  0x000001fc9e616f20 JavaThread "ForkJoinPool.commonPool-worker-7" daemon [_thread_blocked, id=13124, stack(0x000000eccb000000,0x000000eccb100000) (1024K)]
  0x000001fc9e6175b0 JavaThread "ForkJoinPool.commonPool-worker-6" daemon [_thread_blocked, id=6596, stack(0x000000eccb100000,0x000000eccb200000) (1024K)]
  0x000001fca80a2070 JavaThread "C2 CompilerThread1"         daemon [_thread_blocked, id=16928, stack(0x000000ecc7900000,0x000000ecc7a00000) (1024K)]
Total: 65

Other Threads:
=>0x000001fc57569af0 VMThread "VM Thread"                           [id=1792, stack(0x000000ecc5500000,0x000000ecc5600000) (1024K)]
  0x000001fc5754f5c0 WatcherThread "VM Periodic Task Thread"        [id=9136, stack(0x000000ecc5400000,0x000000ecc5500000) (1024K)]
  0x000001fc36607d20 WorkerThread "GC Thread#0"                     [id=10460, stack(0x000000ecc4f00000,0x000000ecc5000000) (1024K)]
  0x000001fc9db34cb0 WorkerThread "GC Thread#1"                     [id=14252, stack(0x000000ecc6b00000,0x000000ecc6c00000) (1024K)]
  0x000001fc9de19240 WorkerThread "GC Thread#2"                     [id=15448, stack(0x000000ecc6c00000,0x000000ecc6d00000) (1024K)]
  0x000001fc9de195f0 WorkerThread "GC Thread#3"                     [id=9460, stack(0x000000ecc6d00000,0x000000ecc6e00000) (1024K)]
  0x000001fc9de06e60 WorkerThread "GC Thread#4"                     [id=15684, stack(0x000000ecc6e00000,0x000000ecc6f00000) (1024K)]
  0x000001fc9de06030 WorkerThread "GC Thread#5"                     [id=11840, stack(0x000000ecc6f00000,0x000000ecc7000000) (1024K)]
  0x000001fc9e697860 WorkerThread "GC Thread#6"                     [id=1700, stack(0x000000ecc7100000,0x000000ecc7200000) (1024K)]
  0x000001fc9e6a4670 WorkerThread "GC Thread#7"                     [id=328, stack(0x000000ecc7200000,0x000000ecc7300000) (1024K)]
  0x000001fc36619970 ConcurrentGCThread "G1 Main Marker"            [id=16400, stack(0x000000ecc5000000,0x000000ecc5100000) (1024K)]
  0x000001fc3661a540 WorkerThread "G1 Conc#0"                       [id=16228, stack(0x000000ecc5100000,0x000000ecc5200000) (1024K)]
  0x000001fc9e4786e0 WorkerThread "G1 Conc#1"                       [id=18196, stack(0x000000ecc7300000,0x000000ecc7400000) (1024K)]
  0x000001fc574202d0 ConcurrentGCThread "G1 Refine#0"               [id=9176, stack(0x000000ecc5200000,0x000000ecc5300000) (1024K)]
  0x000001fc57422b10 ConcurrentGCThread "G1 Service"                [id=5308, stack(0x000000ecc5300000,0x000000ecc5400000) (1024K)]
Total: 15

Threads with active compile tasks:
C2 CompilerThread0  9207 5921       4       com.sun.javafx.webkit.prism.WCGraphicsPrismContext::restoreState (23 bytes)
C1 CompilerThread0  9207 6042       3       sun.security.ssl.SSLEngineImpl::unwrap (19 bytes)
C2 CompilerThread1  9207 5990       4       com.sun.javafx.webkit.prism.WCGraphicsPrismContext::restoreStateInternal (113 bytes)
Total: 3

VM state: at safepoint (normal execution)

VM Mutex/Monitor currently owned by a thread:  ([mutex/lock_event])
[0x00007fff4a1acbc8] Threads_lock - owner thread: 0x000001fc57569af0
[0x00007fff4a1accc8] Heap_lock - owner thread: 0x000001fc9e6154e0

Heap address: 0x0000000702c00000, size: 4052 MB, Compressed Oops mode: Zero based, Oop shift amount: 3

CDS archive(s) mapped at: [0x000001fc58000000-0x000001fc58c50000-0x000001fc58c50000), size 12910592, SharedBaseAddress: 0x000001fc58000000, ArchiveRelocationMode: 1.
Compressed class space mapped at: 0x000001fc59000000-0x000001fc99000000, reserved size: 1073741824
Narrow klass base: 0x000001fc58000000, Narrow klass shift: 0, Narrow klass range: 0x41000000

GC Precious Log:
 CardTable entry size: 512
 Card Set container configuration: InlinePtr #cards 4 size 8 Array Of Cards #cards 16 size 48 Howl #buckets 8 coarsen threshold 3686 Howl Bitmap #cards 512 size 80 coarsen threshold 460 Card regions per heap region 1 cards per card region 4096
 CPUs: 8 total, 8 available
 Memory: 16202M
 Large Page Support: Disabled
 NUMA Support: Disabled
 Compressed Oops: Enabled (Zero based)
 Heap Region Size: 2M
 Heap Min Capacity: 8M
 Heap Initial Capacity: 254M
 Heap Max Capacity: 4052M
 Pre-touch: Disabled
 Parallel Workers: 8
 Concurrent Workers: 2
 Concurrent Refinement Workers: 8
 Periodic GC: Disabled

Heap:
 garbage-first heap   total reserved 4149248K, committed 327680K, used 208106K [0x0000000702c00000, 0x0000000800000000)
  region size 2048K, 7 young (14336K), 7 survivors (14336K)
 Metaspace       used 32444K, committed 33024K, reserved 1114112K
  class space    used 4364K, committed 4608K, reserved 1048576K

Heap Regions: E=young(eden), S=young(survivor), O=old, HS=humongous(starts), HC=humongous(continues), CS=collection set, F=free, TAMS=top-at-mark-start, PB=parsable bottom
|   0|0x0000000702c00000, 0x0000000702e00000, 0x0000000702e00000|100%|HS|  |TAMS 0x0000000702c00000| PB 0x0000000702c00000| Complete |  0
|   1|0x0000000702e00000, 0x0000000703000000, 0x0000000703000000|100%|HS|  |TAMS 0x0000000702e00000| PB 0x0000000702e00000| Complete |  0
|   2|0x0000000703000000, 0x0000000703200000, 0x0000000703200000|100%| O|  |TAMS 0x0000000703000000| PB 0x0000000703000000| Untracked |  0
|   3|0x0000000703200000, 0x0000000703400000, 0x0000000703400000|100%| O|  |TAMS 0x0000000703200000| PB 0x0000000703200000| Untracked |  0
|   4|0x0000000703400000, 0x0000000703600000, 0x0000000703600000|100%|HS|  |TAMS 0x0000000703400000| PB 0x0000000703400000| Complete |  0
|   5|0x0000000703600000, 0x0000000703800000, 0x0000000703800000|100%|HC|  |TAMS 0x0000000703600000| PB 0x0000000703600000| Complete |  0
|   6|0x0000000703800000, 0x0000000703a00000, 0x0000000703a00000|100%|HC|  |TAMS 0x0000000703800000| PB 0x0000000703800000| Complete |  0
|   7|0x0000000703a00000, 0x0000000703c00000, 0x0000000703c00000|100%|HC|  |TAMS 0x0000000703a00000| PB 0x0000000703a00000| Complete |  0
|   8|0x0000000703c00000, 0x0000000703e00000, 0x0000000703e00000|100%|HC|  |TAMS 0x0000000703c00000| PB 0x0000000703c00000| Complete |  0
|   9|0x0000000703e00000, 0x0000000704000000, 0x0000000704000000|100%|HC|  |TAMS 0x0000000703e00000| PB 0x0000000703e00000| Complete |  0
|  10|0x0000000704000000, 0x0000000704200000, 0x0000000704200000|100%|HC|  |TAMS 0x0000000704000000| PB 0x0000000704000000| Complete |  0
|  11|0x0000000704200000, 0x0000000704400000, 0x0000000704400000|100%|HC|  |TAMS 0x0000000704200000| PB 0x0000000704200000| Complete |  0
|  12|0x0000000704400000, 0x0000000704600000, 0x0000000704600000|100%|HC|  |TAMS 0x0000000704400000| PB 0x0000000704400000| Complete |  0
|  13|0x0000000704600000, 0x0000000704800000, 0x0000000704800000|100%|HC|  |TAMS 0x0000000704600000| PB 0x0000000704600000| Complete |  0
|  14|0x0000000704800000, 0x0000000704a00000, 0x0000000704a00000|100%|HC|  |TAMS 0x0000000704800000| PB 0x0000000704800000| Complete |  0
|  15|0x0000000704a00000, 0x0000000704c00000, 0x0000000704c00000|100%|HC|  |TAMS 0x0000000704a00000| PB 0x0000000704a00000| Complete |  0
|  16|0x0000000704c00000, 0x0000000704e00000, 0x0000000704e00000|100%|HS|  |TAMS 0x0000000704c00000| PB 0x0000000704c00000| Complete |  0
|  17|0x0000000704e00000, 0x0000000705000000, 0x0000000705000000|100%|HC|  |TAMS 0x0000000704e00000| PB 0x0000000704e00000| Complete |  0
|  18|0x0000000705000000, 0x0000000705200000, 0x0000000705200000|100%|HS|  |TAMS 0x0000000705000000| PB 0x0000000705000000| Complete |  0
|  19|0x0000000705200000, 0x0000000705400000, 0x0000000705400000|100%|HC|  |TAMS 0x0000000705200000| PB 0x0000000705200000| Complete |  0
|  20|0x0000000705400000, 0x0000000705600000, 0x0000000705600000|100%|HC|  |TAMS 0x0000000705400000| PB 0x0000000705400000| Complete |  0
|  21|0x0000000705600000, 0x0000000705800000, 0x0000000705800000|100%|HC|  |TAMS 0x0000000705600000| PB 0x0000000705600000| Complete |  0
|  22|0x0000000705800000, 0x0000000705a00000, 0x0000000705a00000|100%|HC|  |TAMS 0x0000000705800000| PB 0x0000000705800000| Complete |  0
|  23|0x0000000705a00000, 0x0000000705c00000, 0x0000000705c00000|100%|HC|  |TAMS 0x0000000705a00000| PB 0x0000000705a00000| Complete |  0
|  24|0x0000000705c00000, 0x0000000705e00000, 0x0000000705e00000|100%|HC|  |TAMS 0x0000000705c00000| PB 0x0000000705c00000| Complete |  0
|  25|0x0000000705e00000, 0x0000000706000000, 0x0000000706000000|100%|HC|  |TAMS 0x0000000705e00000| PB 0x0000000705e00000| Complete |  0
|  26|0x0000000706000000, 0x0000000706200000, 0x0000000706200000|100%|HC|  |TAMS 0x0000000706000000| PB 0x0000000706000000| Complete |  0
|  27|0x0000000706200000, 0x0000000706400000, 0x0000000706400000|100%|HC|  |TAMS 0x0000000706200000| PB 0x0000000706200000| Complete |  0
|  28|0x0000000706400000, 0x0000000706600000, 0x0000000706600000|100%|HC|  |TAMS 0x0000000706400000| PB 0x0000000706400000| Complete |  0
|  29|0x0000000706600000, 0x0000000706800000, 0x0000000706800000|100%|HC|  |TAMS 0x0000000706600000| PB 0x0000000706600000| Complete |  0
|  30|0x0000000706800000, 0x0000000706a00000, 0x0000000706a00000|100%|HS|  |TAMS 0x0000000706800000| PB 0x0000000706800000| Complete |  0
|  31|0x0000000706a00000, 0x0000000706c00000, 0x0000000706c00000|100%|HC|  |TAMS 0x0000000706a00000| PB 0x0000000706a00000| Complete |  0
|  32|0x0000000706c00000, 0x0000000706e00000, 0x0000000706e00000|100%|HC|  |TAMS 0x0000000706c00000| PB 0x0000000706c00000| Complete |  0
|  33|0x0000000706e00000, 0x0000000707000000, 0x0000000707000000|100%|HC|  |TAMS 0x0000000706e00000| PB 0x0000000706e00000| Complete |  0
|  34|0x0000000707000000, 0x0000000707200000, 0x0000000707200000|100%|HC|  |TAMS 0x0000000707000000| PB 0x0000000707000000| Complete |  0
|  35|0x0000000707200000, 0x0000000707400000, 0x0000000707400000|100%|HC|  |TAMS 0x0000000707200000| PB 0x0000000707200000| Complete |  0
|  36|0x0000000707400000, 0x0000000707600000, 0x0000000707600000|100%|HC|  |TAMS 0x0000000707400000| PB 0x0000000707400000| Complete |  0
|  37|0x0000000707600000, 0x0000000707800000, 0x0000000707800000|100%|HC|  |TAMS 0x0000000707600000| PB 0x0000000707600000| Complete |  0
|  38|0x0000000707800000, 0x0000000707a00000, 0x0000000707a00000|100%|HC|  |TAMS 0x0000000707800000| PB 0x0000000707800000| Complete |  0
|  39|0x0000000707a00000, 0x0000000707c00000, 0x0000000707c00000|100%|HC|  |TAMS 0x0000000707a00000| PB 0x0000000707a00000| Complete |  0
|  40|0x0000000707c00000, 0x0000000707e00000, 0x0000000707e00000|100%|HC|  |TAMS 0x0000000707c00000| PB 0x0000000707c00000| Complete |  0
|  41|0x0000000707e00000, 0x0000000708000000, 0x0000000708000000|100%|HC|  |TAMS 0x0000000707e00000| PB 0x0000000707e00000| Complete |  0
|  42|0x0000000708000000, 0x0000000708200000, 0x0000000708200000|100%|HS|  |TAMS 0x0000000708000000| PB 0x0000000708000000| Complete |  0
|  43|0x0000000708200000, 0x0000000708400000, 0x0000000708400000|100%|HC|  |TAMS 0x0000000708200000| PB 0x0000000708200000| Complete |  0
|  44|0x0000000708400000, 0x0000000708600000, 0x0000000708600000|100%|HC|  |TAMS 0x0000000708400000| PB 0x0000000708400000| Complete |  0
|  45|0x0000000708600000, 0x0000000708800000, 0x0000000708800000|100%|HC|  |TAMS 0x0000000708600000| PB 0x0000000708600000| Complete |  0
|  46|0x0000000708800000, 0x0000000708a00000, 0x0000000708a00000|100%|HC|  |TAMS 0x0000000708800000| PB 0x0000000708800000| Complete |  0
|  47|0x0000000708a00000, 0x0000000708c00000, 0x0000000708c00000|100%|HC|  |TAMS 0x0000000708a00000| PB 0x0000000708a00000| Complete |  0
|  48|0x0000000708c00000, 0x0000000708e00000, 0x0000000708e00000|100%|HC|  |TAMS 0x0000000708c00000| PB 0x0000000708c00000| Complete |  0
|  49|0x0000000708e00000, 0x0000000709000000, 0x0000000709000000|100%|HC|  |TAMS 0x0000000708e00000| PB 0x0000000708e00000| Complete |  0
|  50|0x0000000709000000, 0x0000000709200000, 0x0000000709200000|100%|HC|  |TAMS 0x0000000709000000| PB 0x0000000709000000| Complete |  0
|  51|0x0000000709200000, 0x0000000709400000, 0x0000000709400000|100%|HC|  |TAMS 0x0000000709200000| PB 0x0000000709200000| Complete |  0
|  52|0x0000000709400000, 0x0000000709600000, 0x0000000709600000|100%|HC|  |TAMS 0x0000000709400000| PB 0x0000000709400000| Complete |  0
|  53|0x0000000709600000, 0x0000000709800000, 0x0000000709800000|100%|HC|  |TAMS 0x0000000709600000| PB 0x0000000709600000| Complete |  0
|  54|0x0000000709800000, 0x0000000709a00000, 0x0000000709a00000|100%|HS|  |TAMS 0x0000000709800000| PB 0x0000000709800000| Complete |  0
|  55|0x0000000709a00000, 0x0000000709c00000, 0x0000000709c00000|100%|HC|  |TAMS 0x0000000709a00000| PB 0x0000000709a00000| Complete |  0
|  56|0x0000000709c00000, 0x0000000709e00000, 0x0000000709e00000|100%|HC|  |TAMS 0x0000000709c00000| PB 0x0000000709c00000| Complete |  0
|  57|0x0000000709e00000, 0x000000070a000000, 0x000000070a000000|100%|HC|  |TAMS 0x0000000709e00000| PB 0x0000000709e00000| Complete |  0
|  58|0x000000070a000000, 0x000000070a200000, 0x000000070a200000|100%|HC|  |TAMS 0x000000070a000000| PB 0x000000070a000000| Complete |  0
|  59|0x000000070a200000, 0x000000070a400000, 0x000000070a400000|100%|HC|  |TAMS 0x000000070a200000| PB 0x000000070a200000| Complete |  0
|  60|0x000000070a400000, 0x000000070a600000, 0x000000070a600000|100%|HC|  |TAMS 0x000000070a400000| PB 0x000000070a400000| Complete |  0
|  61|0x000000070a600000, 0x000000070a800000, 0x000000070a800000|100%|HC|  |TAMS 0x000000070a600000| PB 0x000000070a600000| Complete |  0
|  62|0x000000070a800000, 0x000000070aa00000, 0x000000070aa00000|100%|HC|  |TAMS 0x000000070a800000| PB 0x000000070a800000| Complete |  0
|  63|0x000000070aa00000, 0x000000070ac00000, 0x000000070ac00000|100%|HC|  |TAMS 0x000000070aa00000| PB 0x000000070aa00000| Complete |  0
|  64|0x000000070ac00000, 0x000000070ae00000, 0x000000070ae00000|100%|HC|  |TAMS 0x000000070ac00000| PB 0x000000070ac00000| Complete |  0
|  65|0x000000070ae00000, 0x000000070b000000, 0x000000070b000000|100%|HC|  |TAMS 0x000000070ae00000| PB 0x000000070ae00000| Complete |  0
|  66|0x000000070b000000, 0x000000070b200000, 0x000000070b200000|100%|HS|  |TAMS 0x000000070b000000| PB 0x000000070b000000| Complete |  0
|  67|0x000000070b200000, 0x000000070b400000, 0x000000070b400000|100%|HC|  |TAMS 0x000000070b200000| PB 0x000000070b200000| Complete |  0
|  68|0x000000070b400000, 0x000000070b600000, 0x000000070b600000|100%|HC|  |TAMS 0x000000070b400000| PB 0x000000070b400000| Complete |  0
|  69|0x000000070b600000, 0x000000070b800000, 0x000000070b800000|100%|HC|  |TAMS 0x000000070b600000| PB 0x000000070b600000| Complete |  0
|  70|0x000000070b800000, 0x000000070ba00000, 0x000000070ba00000|100%|HC|  |TAMS 0x000000070b800000| PB 0x000000070b800000| Complete |  0
|  71|0x000000070ba00000, 0x000000070bc00000, 0x000000070bc00000|100%|HC|  |TAMS 0x000000070ba00000| PB 0x000000070ba00000| Complete |  0
|  72|0x000000070bc00000, 0x000000070be00000, 0x000000070be00000|100%|HC|  |TAMS 0x000000070bc00000| PB 0x000000070bc00000| Complete |  0
|  73|0x000000070be00000, 0x000000070c000000, 0x000000070c000000|100%|HC|  |TAMS 0x000000070be00000| PB 0x000000070be00000| Complete |  0
|  74|0x000000070c000000, 0x000000070c200000, 0x000000070c200000|100%|HC|  |TAMS 0x000000070c000000| PB 0x000000070c000000| Complete |  0
|  75|0x000000070c200000, 0x000000070c400000, 0x000000070c400000|100%|HC|  |TAMS 0x000000070c200000| PB 0x000000070c200000| Complete |  0
|  76|0x000000070c400000, 0x000000070c600000, 0x000000070c600000|100%|HC|  |TAMS 0x000000070c400000| PB 0x000000070c400000| Complete |  0
|  77|0x000000070c600000, 0x000000070c800000, 0x000000070c800000|100%|HC|  |TAMS 0x000000070c600000| PB 0x000000070c600000| Complete |  0
|  78|0x000000070c800000, 0x000000070ca00000, 0x000000070ca00000|100%|HS|  |TAMS 0x000000070c800000| PB 0x000000070c800000| Complete |  0
|  79|0x000000070ca00000, 0x000000070cc00000, 0x000000070cc00000|100%|HC|  |TAMS 0x000000070ca00000| PB 0x000000070ca00000| Complete |  0
|  80|0x000000070cc00000, 0x000000070ce00000, 0x000000070ce00000|100%|HC|  |TAMS 0x000000070cc00000| PB 0x000000070cc00000| Complete |  0
|  81|0x000000070ce00000, 0x000000070d000000, 0x000000070d000000|100%|HC|  |TAMS 0x000000070ce00000| PB 0x000000070ce00000| Complete |  0
|  82|0x000000070d000000, 0x000000070d200000, 0x000000070d200000|100%|HC|  |TAMS 0x000000070d000000| PB 0x000000070d000000| Complete |  0
|  83|0x000000070d200000, 0x000000070d400000, 0x000000070d400000|100%|HC|  |TAMS 0x000000070d200000| PB 0x000000070d200000| Complete |  0
|  84|0x000000070d400000, 0x000000070d600000, 0x000000070d600000|100%|HC|  |TAMS 0x000000070d400000| PB 0x000000070d400000| Complete |  0
|  85|0x000000070d600000, 0x000000070d800000, 0x000000070d800000|100%|HC|  |TAMS 0x000000070d600000| PB 0x000000070d600000| Complete |  0
|  86|0x000000070d800000, 0x000000070da00000, 0x000000070da00000|100%|HC|  |TAMS 0x000000070d800000| PB 0x000000070d800000| Complete |  0
|  87|0x000000070da00000, 0x000000070dc00000, 0x000000070dc00000|100%|HC|  |TAMS 0x000000070da00000| PB 0x000000070da00000| Complete |  0
|  88|0x000000070dc00000, 0x000000070de00000, 0x000000070de00000|100%|HC|  |TAMS 0x000000070dc00000| PB 0x000000070dc00000| Complete |  0
|  89|0x000000070de00000, 0x000000070e000000, 0x000000070e000000|100%|HC|  |TAMS 0x000000070de00000| PB 0x000000070de00000| Complete |  0
|  90|0x000000070e000000, 0x000000070e200000, 0x000000070e200000|100%| O|  |TAMS 0x000000070e000000| PB 0x000000070e000000| Untracked |  0
|  91|0x000000070e200000, 0x000000070e400000, 0x000000070e400000|100%|HS|  |TAMS 0x000000070e200000| PB 0x000000070e200000| Complete |  0
|  92|0x000000070e400000, 0x000000070e600000, 0x000000070e600000|100%| O|  |TAMS 0x000000070e400000| PB 0x000000070e400000| Untracked |  0
|  93|0x000000070e600000, 0x000000070e800000, 0x000000070e800000|100%| O|  |TAMS 0x000000070e600000| PB 0x000000070e600000| Untracked |  0
|  94|0x000000070e800000, 0x000000070e93aa28, 0x000000070ea00000| 61%| O|  |TAMS 0x000000070e800000| PB 0x000000070e800000| Untracked |  0
|  95|0x000000070ea00000, 0x000000070ea00000, 0x000000070ec00000|  0%| F|  |TAMS 0x000000070ea00000| PB 0x000000070ea00000| Untracked |  0
|  96|0x000000070ec00000, 0x000000070ec00000, 0x000000070ee00000|  0%| F|  |TAMS 0x000000070ec00000| PB 0x000000070ec00000| Untracked |  0
|  97|0x000000070ee00000, 0x000000070ee00000, 0x000000070f000000|  0%| F|  |TAMS 0x000000070ee00000| PB 0x000000070ee00000| Untracked |  0
|  98|0x000000070f000000, 0x000000070f000000, 0x000000070f200000|  0%| F|  |TAMS 0x000000070f000000| PB 0x000000070f000000| Untracked |  0
|  99|0x000000070f200000, 0x000000070f200000, 0x000000070f400000|  0%| F|  |TAMS 0x000000070f200000| PB 0x000000070f200000| Untracked |  0
| 100|0x000000070f400000, 0x000000070f400000, 0x000000070f600000|  0%| F|  |TAMS 0x000000070f400000| PB 0x000000070f400000| Untracked |  0
| 101|0x000000070f600000, 0x000000070f600000, 0x000000070f800000|  0%| F|  |TAMS 0x000000070f600000| PB 0x000000070f600000| Untracked |  0
| 102|0x000000070f800000, 0x000000070fa00000, 0x000000070fa00000|100%| S|CS|TAMS 0x000000070f800000| PB 0x000000070f800000| Complete |  0
| 103|0x000000070fa00000, 0x000000070fc00000, 0x000000070fc00000|100%| S|CS|TAMS 0x000000070fa00000| PB 0x000000070fa00000| Complete |  0
| 104|0x000000070fc00000, 0x000000070fe00000, 0x000000070fe00000|100%| S|CS|TAMS 0x000000070fc00000| PB 0x000000070fc00000| Complete |  0
| 105|0x000000070fe00000, 0x0000000710000000, 0x0000000710000000|100%| S|CS|TAMS 0x000000070fe00000| PB 0x000000070fe00000| Complete |  0
| 106|0x0000000710000000, 0x0000000710200000, 0x0000000710200000|100%| S|CS|TAMS 0x0000000710000000| PB 0x0000000710000000| Complete |  0
| 107|0x0000000710200000, 0x0000000710400000, 0x0000000710400000|100%| S|CS|TAMS 0x0000000710200000| PB 0x0000000710200000| Complete |  0
| 108|0x0000000710400000, 0x0000000710600000, 0x0000000710600000|100%| S|CS|TAMS 0x0000000710400000| PB 0x0000000710400000| Complete |  0
| 109|0x0000000710600000, 0x0000000710600000, 0x0000000710800000|  0%| F|  |TAMS 0x0000000710600000| PB 0x0000000710600000| Untracked |  0
| 110|0x0000000710800000, 0x0000000710800000, 0x0000000710a00000|  0%| F|  |TAMS 0x0000000710800000| PB 0x0000000710800000| Untracked |  0
| 111|0x0000000710a00000, 0x0000000710a00000, 0x0000000710c00000|  0%| F|  |TAMS 0x0000000710a00000| PB 0x0000000710a00000| Untracked |  0
| 112|0x0000000710c00000, 0x0000000710c00000, 0x0000000710e00000|  0%| F|  |TAMS 0x0000000710c00000| PB 0x0000000710c00000| Untracked |  0
| 113|0x0000000710e00000, 0x0000000710e00000, 0x0000000711000000|  0%| F|  |TAMS 0x0000000710e00000| PB 0x0000000710e00000| Untracked |  0
| 114|0x0000000711000000, 0x0000000711000000, 0x0000000711200000|  0%| F|  |TAMS 0x0000000711000000| PB 0x0000000711000000| Untracked |  0
| 115|0x0000000711200000, 0x0000000711200000, 0x0000000711400000|  0%| F|  |TAMS 0x0000000711200000| PB 0x0000000711200000| Untracked |  0
| 116|0x0000000711400000, 0x0000000711400000, 0x0000000711600000|  0%| F|  |TAMS 0x0000000711400000| PB 0x0000000711400000| Untracked |  0
| 117|0x0000000711600000, 0x0000000711600000, 0x0000000711800000|  0%| F|  |TAMS 0x0000000711600000| PB 0x0000000711600000| Untracked |  0
| 118|0x0000000711800000, 0x0000000711800000, 0x0000000711a00000|  0%| F|  |TAMS 0x0000000711800000| PB 0x0000000711800000| Untracked |  0
| 119|0x0000000711a00000, 0x0000000711a00000, 0x0000000711c00000|  0%| F|  |TAMS 0x0000000711a00000| PB 0x0000000711a00000| Untracked |  0
| 120|0x0000000711c00000, 0x0000000711c00000, 0x0000000711e00000|  0%| F|  |TAMS 0x0000000711c00000| PB 0x0000000711c00000| Untracked |  0
| 121|0x0000000711e00000, 0x0000000711e00000, 0x0000000712000000|  0%| F|  |TAMS 0x0000000711e00000| PB 0x0000000711e00000| Untracked |  0
| 122|0x0000000712000000, 0x0000000712000000, 0x0000000712200000|  0%| F|  |TAMS 0x0000000712000000| PB 0x0000000712000000| Untracked |  0
| 123|0x0000000712200000, 0x0000000712200000, 0x0000000712400000|  0%| F|  |TAMS 0x0000000712200000| PB 0x0000000712200000| Untracked |  0
| 124|0x0000000712400000, 0x0000000712400000, 0x0000000712600000|  0%| F|  |TAMS 0x0000000712400000| PB 0x0000000712400000| Untracked |  0
| 125|0x0000000712600000, 0x0000000712600000, 0x0000000712800000|  0%| F|  |TAMS 0x0000000712600000| PB 0x0000000712600000| Untracked |  0
| 126|0x0000000712800000, 0x0000000712800000, 0x0000000712a00000|  0%| F|  |TAMS 0x0000000712800000| PB 0x0000000712800000| Untracked |  0
| 127|0x0000000712a00000, 0x0000000712a00000, 0x0000000712c00000|  0%| F|  |TAMS 0x0000000712a00000| PB 0x0000000712a00000| Untracked |  0
| 128|0x0000000712c00000, 0x0000000712c00000, 0x0000000712e00000|  0%| F|  |TAMS 0x0000000712c00000| PB 0x0000000712c00000| Untracked |  0
| 129|0x0000000712e00000, 0x0000000712e00000, 0x0000000713000000|  0%| F|  |TAMS 0x0000000712e00000| PB 0x0000000712e00000| Untracked |  0
| 130|0x0000000713000000, 0x0000000713000000, 0x0000000713200000|  0%| F|  |TAMS 0x0000000713000000| PB 0x0000000713000000| Untracked |  0
| 131|0x0000000713200000, 0x0000000713200000, 0x0000000713400000|  0%| F|  |TAMS 0x0000000713200000| PB 0x0000000713200000| Untracked |  0
| 132|0x0000000713400000, 0x0000000713400000, 0x0000000713600000|  0%| F|  |TAMS 0x0000000713400000| PB 0x0000000713400000| Untracked |  0
| 133|0x0000000713600000, 0x0000000713600000, 0x0000000713800000|  0%| F|  |TAMS 0x0000000713600000| PB 0x0000000713600000| Untracked |  0
| 134|0x0000000713800000, 0x0000000713800000, 0x0000000713a00000|  0%| F|  |TAMS 0x0000000713800000| PB 0x0000000713800000| Untracked |  0
| 135|0x0000000713a00000, 0x0000000713a00000, 0x0000000713c00000|  0%| F|  |TAMS 0x0000000713a00000| PB 0x0000000713a00000| Untracked |  0
| 136|0x0000000713c00000, 0x0000000713c00000, 0x0000000713e00000|  0%| F|  |TAMS 0x0000000713c00000| PB 0x0000000713c00000| Untracked |  0
| 137|0x0000000713e00000, 0x0000000713e00000, 0x0000000714000000|  0%| F|  |TAMS 0x0000000713e00000| PB 0x0000000713e00000| Untracked |  0
| 138|0x0000000714000000, 0x0000000714000000, 0x0000000714200000|  0%| F|  |TAMS 0x0000000714000000| PB 0x0000000714000000| Untracked |  0
| 139|0x0000000714200000, 0x0000000714200000, 0x0000000714400000|  0%| F|  |TAMS 0x0000000714200000| PB 0x0000000714200000| Untracked |  0
| 140|0x0000000714400000, 0x0000000714400000, 0x0000000714600000|  0%| F|  |TAMS 0x0000000714400000| PB 0x0000000714400000| Untracked |  0
| 141|0x0000000714600000, 0x0000000714600000, 0x0000000714800000|  0%| F|  |TAMS 0x0000000714600000| PB 0x0000000714600000| Untracked |  0
| 142|0x0000000714800000, 0x0000000714800000, 0x0000000714a00000|  0%| F|  |TAMS 0x0000000714800000| PB 0x0000000714800000| Untracked |  0
| 143|0x0000000714a00000, 0x0000000714a00000, 0x0000000714c00000|  0%| F|  |TAMS 0x0000000714a00000| PB 0x0000000714a00000| Untracked |  0
| 144|0x0000000714c00000, 0x0000000714c00000, 0x0000000714e00000|  0%| F|  |TAMS 0x0000000714c00000| PB 0x0000000714c00000| Untracked |  0
| 145|0x0000000714e00000, 0x0000000714e00000, 0x0000000715000000|  0%| F|  |TAMS 0x0000000714e00000| PB 0x0000000714e00000| Untracked |  0
| 146|0x0000000715000000, 0x0000000715000000, 0x0000000715200000|  0%| F|  |TAMS 0x0000000715000000| PB 0x0000000715000000| Untracked |  0
| 147|0x0000000715200000, 0x0000000715200000, 0x0000000715400000|  0%| F|  |TAMS 0x0000000715200000| PB 0x0000000715200000| Untracked |  0
| 148|0x0000000715400000, 0x0000000715400000, 0x0000000715600000|  0%| F|  |TAMS 0x0000000715400000| PB 0x0000000715400000| Untracked |  0
| 149|0x0000000715600000, 0x0000000715600000, 0x0000000715800000|  0%| F|  |TAMS 0x0000000715600000| PB 0x0000000715600000| Untracked |  0
| 150|0x0000000715800000, 0x0000000715800000, 0x0000000715a00000|  0%| F|  |TAMS 0x0000000715800000| PB 0x0000000715800000| Untracked |  0
| 151|0x0000000715a00000, 0x0000000715a00000, 0x0000000715c00000|  0%| F|  |TAMS 0x0000000715a00000| PB 0x0000000715a00000| Untracked |  0
| 152|0x0000000715c00000, 0x0000000715c00000, 0x0000000715e00000|  0%| F|  |TAMS 0x0000000715c00000| PB 0x0000000715c00000| Untracked |  0
| 153|0x0000000715e00000, 0x0000000715e00000, 0x0000000716000000|  0%| F|  |TAMS 0x0000000715e00000| PB 0x0000000715e00000| Untracked |  0
| 154|0x0000000716000000, 0x0000000716000000, 0x0000000716200000|  0%| F|  |TAMS 0x0000000716000000| PB 0x0000000716000000| Untracked |  0
| 155|0x0000000716200000, 0x0000000716200000, 0x0000000716400000|  0%| F|  |TAMS 0x0000000716200000| PB 0x0000000716200000| Untracked |  0
| 156|0x0000000716400000, 0x0000000716400000, 0x0000000716600000|  0%| F|  |TAMS 0x0000000716400000| PB 0x0000000716400000| Untracked |  0
| 157|0x0000000716600000, 0x0000000716600000, 0x0000000716800000|  0%| F|  |TAMS 0x0000000716600000| PB 0x0000000716600000| Untracked |  0
| 158|0x0000000716800000, 0x0000000716800000, 0x0000000716a00000|  0%| F|  |TAMS 0x0000000716800000| PB 0x0000000716800000| Untracked |  0
| 159|0x0000000716a00000, 0x0000000716a00000, 0x0000000716c00000|  0%| F|  |TAMS 0x0000000716a00000| PB 0x0000000716a00000| Untracked |  0

Card table byte_map: [0x000001fc50360000,0x000001fc50b50000] _byte_map_base: 0x000001fc4cb4a000

Marking Bits: (CMBitMap*) 0x000001fc36609350
 Bits: [0x000001fc50b50000, 0x000001fc54aa0000)

Polling page: 0x000001fc36430000

Metaspace:

Usage:
  Non-class:     27.42 MB used.
      Class:      4.26 MB used.
       Both:     31.68 MB used.

Virtual space:
  Non-class space:       64.00 MB reserved,      27.75 MB ( 43%) committed,  1 nodes.
      Class space:        1.00 GB reserved,       4.50 MB ( <1%) committed,  1 nodes.
             Both:        1.06 GB reserved,      32.25 MB (  3%) committed. 

Chunk freelists:
   Non-Class:  3.83 MB
       Class:  11.44 MB
        Both:  15.27 MB

MaxMetaspaceSize: unlimited
CompressedClassSpaceSize: 1.00 GB
Initial GC threshold: 21.00 MB
Current GC threshold: 34.19 MB
CDS: on
 - commit_granule_bytes: 65536.
 - commit_granule_words: 8192.
 - virtual_space_node_default_size: 8388608.
 - enlarge_chunks_in_place: 1.
 - use_allocation_guard: 0.


Internal statistics:

num_allocs_failed_limit: 0.
num_arena_births: 848.
num_arena_deaths: 0.
num_vsnodes_births: 2.
num_vsnodes_deaths: 0.
num_space_committed: 516.
num_space_uncommitted: 0.
num_chunks_returned_to_freelist: 0.
num_chunks_taken_from_freelist: 1856.
num_chunk_merges: 0.
num_chunk_splits: 1184.
num_chunks_enlarged: 728.
num_inconsistent_stats: 0.

CodeHeap 'non-profiled nmethods': size=120000Kb used=2900Kb max_used=2900Kb free=117099Kb
 bounds [0x000001fc47be0000, 0x000001fc47ec0000, 0x000001fc4f110000]
CodeHeap 'profiled nmethods': size=120000Kb used=11082Kb max_used=11082Kb free=108917Kb
 bounds [0x000001fc40110000, 0x000001fc40bf0000, 0x000001fc47640000]
CodeHeap 'non-nmethods': size=5760Kb used=2061Kb max_used=2143Kb free=3698Kb
 bounds [0x000001fc47640000, 0x000001fc478b0000, 0x000001fc47be0000]
 total_blobs=6705 nmethods=5690 adapters=919
 compilation: enabled
              stopped_count=0, restarted_count=0
 full_count=0

Compilation events (20 events):
Event: 9.128 Thread 0x000001fc575a0170 nmethod 6030 0x000001fc40bd8190 code [0x000001fc40bd8340, 0x000001fc40bd8580]
Event: 9.129 Thread 0x000001fc575a0170 6032       3       jdk.internal.net.http.hpack.SimpleHeaderTable::get (44 bytes)
Event: 9.129 Thread 0x000001fc575a0170 nmethod 6032 0x000001fc40bd8610 code [0x000001fc40bd87e0, 0x000001fc40bd8c20]
Event: 9.129 Thread 0x000001fc575a0170 6036   !   3       jdk.internal.net.http.hpack.Decoder::resumeLiteralWithIndexing (172 bytes)
Event: 9.131 Thread 0x000001fc575a0170 nmethod 6036 0x000001fc40bd8d90 code [0x000001fc40bd9120, 0x000001fc40bda908]
Event: 9.131 Thread 0x000001fc575a0170 6038       3       sun.nio.ch.SelectorImpl::ensureOpen (16 bytes)
Event: 9.131 Thread 0x000001fc575a0170 nmethod 6038 0x000001fc40bdb490 code [0x000001fc40bdb640, 0x000001fc40bdb908]
Event: 9.131 Thread 0x000001fc575a0170 6033       3       jdk.internal.net.http.hpack.SimpleHeaderTable::checkIndex (48 bytes)
Event: 9.132 Thread 0x000001fc575a0170 nmethod 6033 0x000001fc40bdba10 code [0x000001fc40bdbd00, 0x000001fc40bdcf90]
Event: 9.132 Thread 0x000001fc575a0170 6045       3       java.util.concurrent.CompletableFuture::postComplete (94 bytes)
Event: 9.134 Thread 0x000001fc575a0170 nmethod 6045 0x000001fc40bdd610 code [0x000001fc40bdd920, 0x000001fc40bdec80]
Event: 9.134 Thread 0x000001fc575a0170 6034       3       jdk.internal.net.http.hpack.SimpleHeaderTable::length (12 bytes)
Event: 9.134 Thread 0x000001fc575a0170 nmethod 6034 0x000001fc40bdf310 code [0x000001fc40bdf4a0, 0x000001fc40bdf5c0]
Event: 9.134 Thread 0x000001fc575a0170 6035   !   3       jdk.internal.net.http.hpack.Decoder::getHeaderFieldAt (27 bytes)
Event: 9.134 Thread 0x000001fc575a0170 nmethod 6035 0x000001fc40bdf690 code [0x000001fc40bdf860, 0x000001fc40bdfb28]
Event: 9.134 Thread 0x000001fc575a0170 6040       3       sun.security.ssl.SSLEngineInputRecord::bytesInCompletePacket (326 bytes)
Event: 9.135 Thread 0x000001fc575a0170 nmethod 6040 0x000001fc40bdfc90 code [0x000001fc40be00c0, 0x000001fc40be1b88]
Event: 9.135 Thread 0x000001fc575a0170 6041       3       javax.net.ssl.SSLEngine::unwrap (16 bytes)
Event: 9.135 Thread 0x000001fc575a0170 nmethod 6041 0x000001fc40be2410 code [0x000001fc40be25c0, 0x000001fc40be2920]
Event: 9.135 Thread 0x000001fc575a0170 6042       3       sun.security.ssl.SSLEngineImpl::unwrap (19 bytes)

GC Heap History (13 events):
Event: 0.448 GC heap before
{Heap before GC invocations=0 (full 0):
 garbage-first heap   total reserved 4149248K, committed 260096K, used 22528K [0x0000000702c00000, 0x0000000800000000)
  region size 2048K, 12 young (24576K), 0 survivors (0K)
 Metaspace       used 4700K, committed 4928K, reserved 1114112K
  class space    used 511K, committed 576K, reserved 1048576K
}
Event: 0.450 GC heap after
{Heap after GC invocations=1 (full 0):
 garbage-first heap   total reserved 4149248K, committed 260096K, used 2727K [0x0000000702c00000, 0x0000000800000000)
  region size 2048K, 2 young (4096K), 2 survivors (4096K)
 Metaspace       used 4700K, committed 4928K, reserved 1114112K
  class space    used 511K, committed 576K, reserved 1048576K
}
Event: 1.073 GC heap before
{Heap before GC invocations=1 (full 0):
 garbage-first heap   total reserved 4149248K, committed 260096K, used 49831K [0x0000000702c00000, 0x0000000800000000)
  region size 2048K, 24 young (49152K), 2 survivors (4096K)
 Metaspace       used 15377K, committed 15744K, reserved 1114112K
  class space    used 1998K, committed 2176K, reserved 1048576K
}
Event: 1.079 GC heap after
{Heap after GC invocations=2 (full 0):
 garbage-first heap   total reserved 4149248K, committed 260096K, used 12771K [0x0000000702c00000, 0x0000000800000000)
  region size 2048K, 3 young (6144K), 3 survivors (6144K)
 Metaspace       used 15377K, committed 15744K, reserved 1114112K
  class space    used 1998K, committed 2176K, reserved 1048576K
}
Event: 1.321 GC heap before
{Heap before GC invocations=2 (full 0):
 garbage-first heap   total reserved 4149248K, committed 260096K, used 117219K [0x0000000702c00000, 0x0000000800000000)
  region size 2048K, 5 young (10240K), 3 survivors (6144K)
 Metaspace       used 15524K, committed 15872K, reserved 1114112K
  class space    used 2023K, committed 2176K, reserved 1048576K
}
Event: 1.324 GC heap after
{Heap after GC invocations=3 (full 0):
 garbage-first heap   total reserved 4149248K, committed 260096K, used 115651K [0x0000000702c00000, 0x0000000800000000)
  region size 2048K, 4 young (8192K), 4 survivors (8192K)
 Metaspace       used 15524K, committed 15872K, reserved 1114112K
  class space    used 2023K, committed 2176K, reserved 1048576K
}
Event: 1.378 GC heap before
{Heap before GC invocations=3 (full 0):
 garbage-first heap   total reserved 4149248K, committed 260096K, used 140227K [0x0000000702c00000, 0x0000000800000000)
  region size 2048K, 5 young (10240K), 4 survivors (8192K)
 Metaspace       used 15527K, committed 15872K, reserved 1114112K
  class space    used 2023K, committed 2176K, reserved 1048576K
}
Event: 1.382 GC heap after
{Heap after GC invocations=4 (full 0):
 garbage-first heap   total reserved 4149248K, committed 260096K, used 140611K [0x0000000702c00000, 0x0000000800000000)
  region size 2048K, 4 young (8192K), 4 survivors (8192K)
 Metaspace       used 15527K, committed 15872K, reserved 1114112K
  class space    used 2023K, committed 2176K, reserved 1048576K
}
Event: 1.437 GC heap before
{Heap before GC invocations=5 (full 0):
 garbage-first heap   total reserved 4149248K, committed 280576K, used 165187K [0x0000000702c00000, 0x0000000800000000)
  region size 2048K, 5 young (10240K), 4 survivors (8192K)
 Metaspace       used 15527K, committed 15872K, reserved 1114112K
  class space    used 2023K, committed 2176K, reserved 1048576K
}
Event: 1.441 GC heap after
{Heap after GC invocations=6 (full 0):
 garbage-first heap   total reserved 4149248K, committed 280576K, used 165374K [0x0000000702c00000, 0x0000000800000000)
  region size 2048K, 4 young (8192K), 4 survivors (8192K)
 Metaspace       used 15527K, committed 15872K, reserved 1114112K
  class space    used 2023K, committed 2176K, reserved 1048576K
}
Event: 1.899 GC heap before
{Heap before GC invocations=7 (full 0):
 garbage-first heap   total reserved 4149248K, committed 321536K, used 224766K [0x0000000702c00000, 0x0000000800000000)
  region size 2048K, 22 young (45056K), 4 survivors (8192K)
 Metaspace       used 20585K, committed 20992K, reserved 1114112K
  class space    used 2921K, committed 3072K, reserved 1048576K
}
Event: 1.906 GC heap after
{Heap after GC invocations=8 (full 0):
 garbage-first heap   total reserved 4149248K, committed 321536K, used 192984K [0x0000000702c00000, 0x0000000800000000)
  region size 2048K, 4 young (8192K), 4 survivors (8192K)
 Metaspace       used 20585K, committed 20992K, reserved 1114112K
  class space    used 2921K, committed 3072K, reserved 1048576K
}
Event: 9.135 GC heap before
{Heap before GC invocations=9 (full 0):
 garbage-first heap   total reserved 4149248K, committed 327680K, used 289240K [0x0000000702c00000, 0x0000000800000000)
  region size 2048K, 51 young (104448K), 4 survivors (8192K)
 Metaspace       used 32444K, committed 33024K, reserved 1114112K
  class space    used 4364K, committed 4608K, reserved 1048576K
}

Dll operation events (20 events):
Event: 0.307 Loaded shared library C:\Users\elyes\.openjfx\cache\16+8\amd64\api-ms-win-crt-private-l1-1-0.dll
Event: 0.309 Loaded shared library C:\Users\elyes\.openjfx\cache\16+8\amd64\api-ms-win-crt-process-l1-1-0.dll
Event: 0.310 Loaded shared library C:\Users\elyes\.openjfx\cache\16+8\amd64\api-ms-win-crt-runtime-l1-1-0.dll
Event: 0.312 Loaded shared library C:\Users\elyes\.openjfx\cache\16+8\amd64\api-ms-win-crt-stdio-l1-1-0.dll
Event: 0.314 Loaded shared library C:\Users\elyes\.openjfx\cache\16+8\amd64\api-ms-win-crt-string-l1-1-0.dll
Event: 0.316 Loaded shared library C:\Users\elyes\.openjfx\cache\16+8\amd64\api-ms-win-crt-time-l1-1-0.dll
Event: 0.317 Loaded shared library C:\Users\elyes\.openjfx\cache\16+8\amd64\api-ms-win-crt-utility-l1-1-0.dll
Event: 0.329 Loaded shared library C:\Users\elyes\.openjfx\cache\16+8\amd64\ucrtbase.dll
Event: 0.332 Loaded shared library C:\Users\elyes\.openjfx\cache\16+8\amd64\vcruntime140.dll
Event: 0.334 Loaded shared library C:\Users\elyes\.openjfx\cache\16+8\amd64\vcruntime140_1.dll
Event: 0.340 Loaded shared library C:\Users\elyes\.openjfx\cache\16+8\amd64\msvcp140.dll
Event: 0.342 Loaded shared library C:\Users\elyes\.openjfx\cache\16+8\amd64\msvcp140_1.dll
Event: 0.345 Loaded shared library C:\Users\elyes\.openjfx\cache\16+8\amd64\msvcp140_2.dll
Event: 0.369 Loaded shared library C:\Users\elyes\.openjfx\cache\16+8\amd64\prism_d3d.dll
Event: 0.392 Loaded shared library C:\Users\elyes\.openjfx\cache\16+8\amd64\glass.dll
Event: 0.463 Loaded shared library C:\Users\elyes\.jdks\openjdk-22\bin\jimage.dll
Event: 0.588 Loaded shared library C:\Users\elyes\.openjfx\cache\16+8\amd64\javafx_font.dll
Event: 0.762 Loaded shared library C:\Users\elyes\.openjfx\cache\16+8\amd64\javafx_iio.dll
Event: 6.173 Loaded shared library C:\Users\elyes\.openjfx\cache\16+8\amd64\jfxwebkit.dll
Event: 6.381 Loaded shared library C:\Users\elyes\.jdks\openjdk-22\bin\sunmscapi.dll

Deoptimization events (20 events):
Event: 7.365 Thread 0x000001fc9daa41f0 DEOPT PACKING pc=0x000001fc4092a2b0 sp=0x000000ecc63fe410
Event: 7.365 Thread 0x000001fc9daa41f0 DEOPT UNPACKING pc=0x000001fc47694e42 sp=0x000000ecc63fd840 mode 0
Event: 7.372 Thread 0x000001fc9daa41f0 DEOPT PACKING pc=0x000001fc4092a2b0 sp=0x000000ecc63fe4b0
Event: 7.372 Thread 0x000001fc9daa41f0 DEOPT UNPACKING pc=0x000001fc47694e42 sp=0x000000ecc63fd8e0 mode 0
Event: 7.373 Thread 0x000001fc9daa41f0 DEOPT PACKING pc=0x000001fc4092a4f1 sp=0x000000ecc63fe4b0
Event: 7.373 Thread 0x000001fc9daa41f0 DEOPT UNPACKING pc=0x000001fc47694e42 sp=0x000000ecc63fd8e0 mode 0
Event: 7.374 Thread 0x000001fc9daa41f0 DEOPT PACKING pc=0x000001fc4092a2b0 sp=0x000000ecc63fe4b0
Event: 7.374 Thread 0x000001fc9daa41f0 DEOPT UNPACKING pc=0x000001fc47694e42 sp=0x000000ecc63fd8e0 mode 0
Event: 7.375 Thread 0x000001fc9daa41f0 DEOPT PACKING pc=0x000001fc4092a4f1 sp=0x000000ecc63fe410
Event: 7.375 Thread 0x000001fc9daa41f0 DEOPT UNPACKING pc=0x000001fc47694e42 sp=0x000000ecc63fd840 mode 0
Event: 7.380 Thread 0x000001fc9daa41f0 DEOPT PACKING pc=0x000001fc4092a2b0 sp=0x000000ecc63fe410
Event: 7.380 Thread 0x000001fc9daa41f0 DEOPT UNPACKING pc=0x000001fc47694e42 sp=0x000000ecc63fd840 mode 0
Event: 7.381 Thread 0x000001fc9daa41f0 DEOPT PACKING pc=0x000001fc4092a2b0 sp=0x000000ecc63fe4b0
Event: 7.381 Thread 0x000001fc9daa41f0 DEOPT UNPACKING pc=0x000001fc47694e42 sp=0x000000ecc63fd8e0 mode 0
Event: 7.381 Thread 0x000001fc9daa41f0 DEOPT PACKING pc=0x000001fc4092a2b0 sp=0x000000ecc63fe4b0
Event: 7.381 Thread 0x000001fc9daa41f0 DEOPT UNPACKING pc=0x000001fc47694e42 sp=0x000000ecc63fd8e0 mode 0
Event: 7.382 Thread 0x000001fc9daa41f0 DEOPT PACKING pc=0x000001fc4092a2b0 sp=0x000000ecc63fe410
Event: 7.382 Thread 0x000001fc9daa41f0 DEOPT UNPACKING pc=0x000001fc47694e42 sp=0x000000ecc63fd840 mode 0
Event: 8.912 Thread 0x000001fc9daa41f0 DEOPT PACKING pc=0x000001fc4068d58d sp=0x000000ecc63fe0e0
Event: 8.912 Thread 0x000001fc9daa41f0 DEOPT UNPACKING pc=0x000001fc47694e42 sp=0x000000ecc63fd580 mode 0

Classes loaded (20 events):
Event: 7.007 Loading class java/util/zip/ZipInputStream
Event: 7.007 Loading class java/util/zip/ZipInputStream done
Event: 7.007 Loading class java/io/PushbackInputStream
Event: 7.007 Loading class java/io/PushbackInputStream done
Event: 7.020 Loading class sun/security/util/DomainName$Rules$RuleSet
Event: 7.020 Loading class sun/security/util/DomainName$Rules$RuleSet done
Event: 7.020 Loading class sun/security/util/RegisteredDomain$Type
Event: 7.020 Loading class sun/security/util/RegisteredDomain$Type done
Event: 7.020 Loading class sun/security/util/DomainName$Rule
Event: 7.021 Loading class sun/security/util/DomainName$Rule done
Event: 7.021 Loading class sun/security/util/DomainName$Rule$Type
Event: 7.021 Loading class sun/security/util/DomainName$Rule$Type done
Event: 7.022 Loading class java/util/LinkedList$DescendingIterator
Event: 7.022 Loading class java/util/LinkedList$DescendingIterator done
Event: 7.022 Loading class sun/security/util/DomainName$CommonMatch
Event: 7.022 Loading class sun/security/util/DomainName$Match
Event: 7.022 Loading class sun/security/util/DomainName$Match done
Event: 7.022 Loading class sun/security/util/DomainName$CommonMatch done
Event: 7.022 Loading class sun/security/util/DomainName$RegisteredDomainImpl
Event: 7.022 Loading class sun/security/util/DomainName$RegisteredDomainImpl done

Classes unloaded (0 events):
No events

Classes redefined (0 events):
No events

Internal exceptions (20 events):
Event: 6.601 Thread 0x000001fc9db11990 Exception <a 'java/lang/NoSuchMethodError'{0x0000000714e8de70}: 'void java.lang.invoke.DirectMethodHandle$Holder.invokeInterface(java.lang.Object, java.lang.Object)'> (0x0000000714e8de70) 
thrown [s\open\src\hotspot\share\interpreter\linkResolver.cpp, line 774]
Event: 6.775 Thread 0x000001fc9db15b30 Exception <a 'java/lang/NoSuchMethodError'{0x0000000714785220}: 'void java.lang.invoke.DirectMethodHandle$Holder.invokeVirtual(java.lang.Object, java.lang.Object, java.lang.Object, java.lang.Object)'> (0x0000000714785220) 
thrown [s\open\src\hotspot\share\interpreter\linkResolver.cpp, line 774]
Event: 6.775 Thread 0x000001fc9db140f0 Exception <a 'java/lang/NoSuchMethodError'{0x0000000714404fb0}: 'void java.lang.invoke.DirectMethodHandle$Holder.invokeVirtual(java.lang.Object, java.lang.Object, java.lang.Object, java.lang.Object)'> (0x0000000714404fb0) 
thrown [s\open\src\hotspot\share\interpreter\linkResolver.cpp, line 774]
Event: 6.869 Thread 0x000001fc9daa2e40 Exception <a 'java/io/FileNotFoundException'{0x00000007155dc648}> (0x00000007155dc648) 
thrown [s\open\src\hotspot\share\prims\jni.cpp, line 520]
Event: 6.869 Thread 0x000001fc9daa2e40 Exception <a 'java/io/FileNotFoundException'{0x00000007155dd488}> (0x00000007155dd488) 
thrown [s\open\src\hotspot\share\prims\jni.cpp, line 520]
Event: 6.869 Thread 0x000001fc9daa2e40 Exception <a 'java/io/FileNotFoundException'{0x00000007155de2e0}> (0x00000007155de2e0) 
thrown [s\open\src\hotspot\share\prims\jni.cpp, line 520]
Event: 6.869 Thread 0x000001fc9daa2e40 Exception <a 'java/io/FileNotFoundException'{0x00000007155df120}> (0x00000007155df120) 
thrown [s\open\src\hotspot\share\prims\jni.cpp, line 520]
Event: 6.871 Thread 0x000001fc9daa2e40 Exception <a 'java/io/FileNotFoundException'{0x00000007155ee368}> (0x00000007155ee368) 
thrown [s\open\src\hotspot\share\prims\jni.cpp, line 520]
Event: 6.871 Thread 0x000001fc9daa2e40 Exception <a 'java/io/FileNotFoundException'{0x00000007155ef1a8}> (0x00000007155ef1a8) 
thrown [s\open\src\hotspot\share\prims\jni.cpp, line 520]
Event: 6.871 Thread 0x000001fc9daa2e40 Exception <a 'java/io/FileNotFoundException'{0x00000007155f0000}> (0x00000007155f0000) 
thrown [s\open\src\hotspot\share\prims\jni.cpp, line 520]
Event: 6.871 Thread 0x000001fc9daa2e40 Exception <a 'java/io/FileNotFoundException'{0x00000007155f0e40}> (0x00000007155f0e40) 
thrown [s\open\src\hotspot\share\prims\jni.cpp, line 520]
Event: 6.886 Thread 0x000001fc9daa2e40 Exception <a 'java/io/FileNotFoundException'{0x0000000714377c98}> (0x0000000714377c98) 
thrown [s\open\src\hotspot\share\prims\jni.cpp, line 520]
Event: 6.886 Thread 0x000001fc9daa2e40 Exception <a 'java/io/FileNotFoundException'{0x0000000714378ad8}> (0x0000000714378ad8) 
thrown [s\open\src\hotspot\share\prims\jni.cpp, line 520]
Event: 6.886 Thread 0x000001fc9daa2e40 Exception <a 'java/io/FileNotFoundException'{0x0000000714379930}> (0x0000000714379930) 
thrown [s\open\src\hotspot\share\prims\jni.cpp, line 520]
Event: 6.886 Thread 0x000001fc9daa2e40 Exception <a 'java/io/FileNotFoundException'{0x000000071437a770}> (0x000000071437a770) 
thrown [s\open\src\hotspot\share\prims\jni.cpp, line 520]
Event: 6.968 Thread 0x000001fc9daa2e40 Implicit null exception at 0x000001fc47cc3b86 to 0x000001fc47cc3d6c
Event: 7.182 Thread 0x000001fc9daa41f0 Implicit null exception at 0x000001fc47e576e0 to 0x000001fc47e57754
Event: 8.851 Thread 0x000001fc9daa2e40 Exception <a 'java/lang/NoSuchMethodError'{0x00000007110fa2f0}: 'java.lang.Object java.lang.invoke.DirectMethodHandle$Holder.newInvokeSpecial(java.lang.Object, java.lang.Object, int, int, int, int, int, java.lang.Object)'> (0x00000007110fa2f0) 
thrown [s\open\src\hotspot\share\interpreter\linkResolver.cpp, line 774]
Event: 8.852 Thread 0x000001fc9daa2e40 Exception <a 'java/lang/NoSuchMethodError'{0x000000071110c010}: 'java.lang.Object java.lang.invoke.DirectMethodHandle$Holder.newInvokeSpecial(java.lang.Object, java.lang.Object, java.lang.Object, int, int, int, int, int)'> (0x000000071110c010) 
thrown [s\open\src\hotspot\share\interpreter\linkResolver.cpp, line 774]
Event: 8.852 Thread 0x000001fc9daa2e40 Exception <a 'java/lang/NoSuchMethodError'{0x0000000711113380}: 'java.lang.Object java.lang.invoke.Invokers$Holder.linkToTargetMethod(java.lang.Object, java.lang.Object, int, int, int, int, int, java.lang.Object)'> (0x0000000711113380) 
thrown [s\open\src\hotspot\share\interpreter\linkResolver.cpp, line 774]

ZGC Phase Switch (0 events):
No events

VM Operations (20 events):
Event: 6.480 Executing VM operation: ICBufferFull done
Event: 6.480 Executing VM operation: ICBufferFull
Event: 6.480 Executing VM operation: ICBufferFull done
Event: 6.626 Executing VM operation: HandshakeAllThreads (Deoptimize)
Event: 6.626 Executing VM operation: HandshakeAllThreads (Deoptimize) done
Event: 6.779 Executing VM operation: HandshakeAllThreads (Deoptimize)
Event: 6.779 Executing VM operation: HandshakeAllThreads (Deoptimize) done
Event: 6.783 Executing VM operation: HandshakeAllThreads (Deoptimize)
Event: 6.783 Executing VM operation: HandshakeAllThreads (Deoptimize) done
Event: 6.898 Executing VM operation: HandshakeAllThreads (Deoptimize)
Event: 6.898 Executing VM operation: HandshakeAllThreads (Deoptimize) done
Event: 6.907 Executing VM operation: HandshakeAllThreads (Deoptimize)
Event: 6.908 Executing VM operation: HandshakeAllThreads (Deoptimize) done
Event: 6.928 Executing VM operation: ICBufferFull
Event: 6.931 Executing VM operation: ICBufferFull done
Event: 6.968 Executing VM operation: HandshakeAllThreads (Deoptimize)
Event: 6.968 Executing VM operation: HandshakeAllThreads (Deoptimize) done
Event: 7.249 Executing VM operation: ICBufferFull
Event: 7.249 Executing VM operation: ICBufferFull done
Event: 9.135 Executing VM operation: G1CollectForAllocation (G1 Evacuation Pause)

Events (20 events):
Event: 6.895 Thread 0x000001fca44c66b0 Thread added: 0x000001fca44c66b0
Event: 6.895 Thread 0x000001fca44cb570 Thread added: 0x000001fca44cb570
Event: 6.925 Thread 0x000001fca44c4c70 Thread added: 0x000001fca44c4c70
Event: 6.926 Thread 0x000001fca44c94a0 Thread added: 0x000001fca44c94a0
Event: 6.926 Thread 0x000001fca44c7a60 Thread added: 0x000001fca44c7a60
Event: 6.926 Thread 0x000001fca44cbc00 Thread added: 0x000001fca44cbc00
Event: 6.926 Thread 0x000001fca44c8e10 Thread added: 0x000001fca44c8e10
Event: 6.928 Thread 0x000001fca44caee0 Thread added: 0x000001fca44caee0
Event: 6.929 Thread 0x000001fca44c9b30 Thread added: 0x000001fca44c9b30
Event: 6.929 Thread 0x000001fc9e6154e0 Thread added: 0x000001fc9e6154e0
Event: 6.929 Thread 0x000001fc9e617c40 Thread added: 0x000001fc9e617c40
Event: 6.929 Thread 0x000001fc9e616200 Thread added: 0x000001fc9e616200
Event: 6.929 Thread 0x000001fc9e6182d0 Thread added: 0x000001fc9e6182d0
Event: 7.096 Thread 0x000001fc9e616890 Thread added: 0x000001fc9e616890
Event: 7.103 Thread 0x000001fc9e615b70 Thread added: 0x000001fc9e615b70
Event: 7.103 Thread 0x000001fc9e616f20 Thread added: 0x000001fc9e616f20
Event: 7.104 Thread 0x000001fc9e6175b0 Thread added: 0x000001fc9e6175b0
Event: 7.661 Thread 0x000001fc9d66bc30 Thread exited: 0x000001fc9d66bc30
Event: 7.991 Thread 0x000001fca4465770 Thread exited: 0x000001fca4465770
Event: 9.078 Thread 0x000001fca80a2070 Thread added: 0x000001fca80a2070


Dynamic libraries:
0x00007ff753d70000 - 0x00007ff753d7e000 	C:\Users\elyes\.jdks\openjdk-22\bin\java.exe
0x00007fffbaa70000 - 0x00007fffbac68000 	C:\Windows\SYSTEM32\ntdll.dll
0x00007fffba410000 - 0x00007fffba4cd000 	C:\Windows\System32\KERNEL32.DLL
0x00007fffb81c0000 - 0x00007fffb84b6000 	C:\Windows\System32\KERNELBASE.dll
0x00007fffb8690000 - 0x00007fffb8790000 	C:\Windows\System32\ucrtbase.dll
0x00007fff82550000 - 0x00007fff8256b000 	C:\Users\elyes\.jdks\openjdk-22\bin\VCRUNTIME140.dll
0x00007fff81f60000 - 0x00007fff81f77000 	C:\Users\elyes\.jdks\openjdk-22\bin\jli.dll
0x00007fffb8e00000 - 0x00007fffb8f9f000 	C:\Windows\System32\USER32.dll
0x00007fffb8850000 - 0x00007fffb8872000 	C:\Windows\System32\win32u.dll
0x00007fffa0f10000 - 0x00007fffa11aa000 	C:\Windows\WinSxS\amd64_microsoft.windows.common-controls_6595b64144ccf1df_6.0.19041.3636_none_60b6a03d71f818d5\COMCTL32.dll
0x00007fffba220000 - 0x00007fffba24b000 	C:\Windows\System32\GDI32.dll
0x00007fffb8d60000 - 0x00007fffb8dfe000 	C:\Windows\System32\msvcrt.dll
0x00007fffb84c0000 - 0x00007fffb85d7000 	C:\Windows\System32\gdi32full.dll
0x00007fffb8120000 - 0x00007fffb81bd000 	C:\Windows\System32\msvcp_win.dll
0x00007fffba1e0000 - 0x00007fffba212000 	C:\Windows\System32\IMM32.DLL
0x00007fff937f0000 - 0x00007fff937fc000 	C:\Users\elyes\.jdks\openjdk-22\bin\vcruntime140_1.dll
0x00007fff81060000 - 0x00007fff810ee000 	C:\Users\elyes\.jdks\openjdk-22\bin\msvcp140.dll
0x00007fff49540000 - 0x00007fff4a288000 	C:\Users\elyes\.jdks\openjdk-22\bin\server\jvm.dll
0x00007fffb9730000 - 0x00007fffb97e0000 	C:\Windows\System32\ADVAPI32.dll
0x00007fffb9590000 - 0x00007fffb9630000 	C:\Windows\System32\sechost.dll
0x00007fffb8b50000 - 0x00007fffb8c73000 	C:\Windows\System32\RPCRT4.dll
0x00007fffb8820000 - 0x00007fffb8847000 	C:\Windows\System32\bcrypt.dll
0x00007fffb97e0000 - 0x00007fffb984b000 	C:\Windows\System32\WS2_32.dll
0x00007fffb76b0000 - 0x00007fffb76fb000 	C:\Windows\SYSTEM32\POWRPROF.dll
0x00007fffa0b90000 - 0x00007fffa0bb7000 	C:\Windows\SYSTEM32\WINMM.dll
0x00007fffb1c70000 - 0x00007fffb1c7a000 	C:\Windows\SYSTEM32\VERSION.dll
0x00007fffb7520000 - 0x00007fffb7532000 	C:\Windows\SYSTEM32\UMPDC.dll
0x00007fffb5fb0000 - 0x00007fffb5fc2000 	C:\Windows\SYSTEM32\kernel.appcore.dll
0x00007fff936a0000 - 0x00007fff936aa000 	C:\Users\elyes\.jdks\openjdk-22\bin\jimage.dll
0x00007fffa73e0000 - 0x00007fffa75c4000 	C:\Windows\SYSTEM32\DBGHELP.DLL
0x00007fff98100000 - 0x00007fff98134000 	C:\Windows\SYSTEM32\dbgcore.DLL
0x00007fffb8790000 - 0x00007fffb8812000 	C:\Windows\System32\bcryptPrimitives.dll
0x00007fffb5980000 - 0x00007fffb598f000 	C:\Users\elyes\.jdks\openjdk-22\bin\instrument.dll
0x00007fff81040000 - 0x00007fff8105e000 	C:\Users\elyes\.jdks\openjdk-22\bin\java.dll
0x00007fffb9a70000 - 0x00007fffba1db000 	C:\Windows\System32\SHELL32.dll
0x00007fffba900000 - 0x00007fffbaa2b000 	C:\Windows\System32\ole32.dll
0x00007fffba530000 - 0x00007fffba883000 	C:\Windows\System32\combase.dll
0x00007fffb61b0000 - 0x00007fffb694e000 	C:\Windows\SYSTEM32\windows.storage.dll
0x00007fffb7b50000 - 0x00007fffb7b7e000 	C:\Windows\SYSTEM32\Wldp.dll
0x00007fffb9650000 - 0x00007fffb971d000 	C:\Windows\System32\OLEAUT32.dll
0x00007fffb8aa0000 - 0x00007fffb8b4d000 	C:\Windows\System32\SHCORE.dll
0x00007fffba8a0000 - 0x00007fffba8f5000 	C:\Windows\System32\shlwapi.dll
0x00007fffb8050000 - 0x00007fffb8073000 	C:\Windows\SYSTEM32\profapi.dll
0x00007fff80f60000 - 0x00007fff81037000 	C:\Users\elyes\.jdks\openjdk-22\bin\jsvml.dll
0x00007fff93110000 - 0x00007fff93120000 	C:\Users\elyes\.jdks\openjdk-22\bin\net.dll
0x00007fffb78b0000 - 0x00007fffb791a000 	C:\Windows\system32\mswsock.dll
0x00007fff80f40000 - 0x00007fff80f56000 	C:\Users\elyes\.jdks\openjdk-22\bin\nio.dll
0x00007fff80f20000 - 0x00007fff80f37000 	C:\Users\elyes\.jdks\openjdk-22\bin\zip.dll
0x00007fffaf4b0000 - 0x00007fffaf4ca000 	C:\Program Files\JetBrains\IntelliJ IDEA Community Edition 2023.2.2\bin\breakgen64.dll
0x000001fc36680000 - 0x000001fc36683000 	C:\Users\elyes\.openjfx\cache\16+8\amd64\api-ms-win-core-console-l1-1-0.dll
0x000001fc36690000 - 0x000001fc36693000 	C:\Users\elyes\.openjfx\cache\16+8\amd64\api-ms-win-core-console-l1-2-0.dll
0x000001fc366a0000 - 0x000001fc366a3000 	C:\Users\elyes\.openjfx\cache\16+8\amd64\api-ms-win-core-datetime-l1-1-0.dll
0x000001fc366b0000 - 0x000001fc366b3000 	C:\Users\elyes\.openjfx\cache\16+8\amd64\api-ms-win-core-debug-l1-1-0.dll
0x000001fc366c0000 - 0x000001fc366c3000 	C:\Users\elyes\.openjfx\cache\16+8\amd64\api-ms-win-core-errorhandling-l1-1-0.dll
0x000001fc366d0000 - 0x000001fc366d4000 	C:\Users\elyes\.openjfx\cache\16+8\amd64\api-ms-win-core-file-l1-1-0.dll
0x000001fc57ab0000 - 0x000001fc57ab3000 	C:\Users\elyes\.openjfx\cache\16+8\amd64\api-ms-win-core-file-l1-2-0.dll
0x000001fc57ac0000 - 0x000001fc57ac3000 	C:\Users\elyes\.openjfx\cache\16+8\amd64\api-ms-win-core-file-l2-1-0.dll
0x000001fc57ad0000 - 0x000001fc57ad3000 	C:\Users\elyes\.openjfx\cache\16+8\amd64\api-ms-win-core-handle-l1-1-0.dll
0x000001fc57ae0000 - 0x000001fc57ae3000 	C:\Users\elyes\.openjfx\cache\16+8\amd64\api-ms-win-core-heap-l1-1-0.dll
0x000001fc57af0000 - 0x000001fc57af3000 	C:\Users\elyes\.openjfx\cache\16+8\amd64\api-ms-win-core-interlocked-l1-1-0.dll
0x000001fc57b00000 - 0x000001fc57b03000 	C:\Users\elyes\.openjfx\cache\16+8\amd64\api-ms-win-core-libraryloader-l1-1-0.dll
0x000001fc57b10000 - 0x000001fc57b13000 	C:\Users\elyes\.openjfx\cache\16+8\amd64\api-ms-win-core-localization-l1-2-0.dll
0x000001fc57b20000 - 0x000001fc57b23000 	C:\Users\elyes\.openjfx\cache\16+8\amd64\api-ms-win-core-memory-l1-1-0.dll
0x000001fc57c50000 - 0x000001fc57c53000 	C:\Users\elyes\.openjfx\cache\16+8\amd64\api-ms-win-core-namedpipe-l1-1-0.dll
0x000001fc57c60000 - 0x000001fc57c63000 	C:\Users\elyes\.openjfx\cache\16+8\amd64\api-ms-win-core-processenvironment-l1-1-0.dll
0x000001fc57c70000 - 0x000001fc57c73000 	C:\Users\elyes\.openjfx\cache\16+8\amd64\api-ms-win-core-processthreads-l1-1-0.dll
0x000001fc57c80000 - 0x000001fc57c83000 	C:\Users\elyes\.openjfx\cache\16+8\amd64\api-ms-win-core-processthreads-l1-1-1.dll
0x000001fc57c90000 - 0x000001fc57c93000 	C:\Users\elyes\.openjfx\cache\16+8\amd64\api-ms-win-core-profile-l1-1-0.dll
0x000001fc57ca0000 - 0x000001fc57ca3000 	C:\Users\elyes\.openjfx\cache\16+8\amd64\api-ms-win-core-rtlsupport-l1-1-0.dll
0x000001fc57cb0000 - 0x000001fc57cb3000 	C:\Users\elyes\.openjfx\cache\16+8\amd64\api-ms-win-core-string-l1-1-0.dll
0x000001fc57cc0000 - 0x000001fc57cc3000 	C:\Users\elyes\.openjfx\cache\16+8\amd64\api-ms-win-core-synch-l1-1-0.dll
0x000001fc57cd0000 - 0x000001fc57cd3000 	C:\Users\elyes\.openjfx\cache\16+8\amd64\api-ms-win-core-synch-l1-2-0.dll
0x000001fc57ce0000 - 0x000001fc57ce3000 	C:\Users\elyes\.openjfx\cache\16+8\amd64\api-ms-win-core-sysinfo-l1-1-0.dll
0x000001fc57cf0000 - 0x000001fc57cf3000 	C:\Users\elyes\.openjfx\cache\16+8\amd64\api-ms-win-core-timezone-l1-1-0.dll
0x000001fc57d00000 - 0x000001fc57d03000 	C:\Users\elyes\.openjfx\cache\16+8\amd64\api-ms-win-core-util-l1-1-0.dll
0x000001fc57d10000 - 0x000001fc57d13000 	C:\Users\elyes\.openjfx\cache\16+8\amd64\api-ms-win-crt-conio-l1-1-0.dll
0x000001fc57d20000 - 0x000001fc57d24000 	C:\Users\elyes\.openjfx\cache\16+8\amd64\api-ms-win-crt-convert-l1-1-0.dll
0x000001fc57d30000 - 0x000001fc57d33000 	C:\Users\elyes\.openjfx\cache\16+8\amd64\api-ms-win-crt-environment-l1-1-0.dll
0x000001fc57d40000 - 0x000001fc57d43000 	C:\Users\elyes\.openjfx\cache\16+8\amd64\api-ms-win-crt-filesystem-l1-1-0.dll
0x000001fc57d50000 - 0x000001fc57d53000 	C:\Users\elyes\.openjfx\cache\16+8\amd64\api-ms-win-crt-heap-l1-1-0.dll
0x000001fc57d60000 - 0x000001fc57d63000 	C:\Users\elyes\.openjfx\cache\16+8\amd64\api-ms-win-crt-locale-l1-1-0.dll
0x000001fc57d70000 - 0x000001fc57d75000 	C:\Users\elyes\.openjfx\cache\16+8\amd64\api-ms-win-crt-math-l1-1-0.dll
0x000001fc57d80000 - 0x000001fc57d85000 	C:\Users\elyes\.openjfx\cache\16+8\amd64\api-ms-win-crt-multibyte-l1-1-0.dll
0x000001fc57b30000 - 0x000001fc57b40000 	C:\Users\elyes\.openjfx\cache\16+8\amd64\api-ms-win-crt-private-l1-1-0.dll
0x000001fc57b40000 - 0x000001fc57b43000 	C:\Users\elyes\.openjfx\cache\16+8\amd64\api-ms-win-crt-process-l1-1-0.dll
0x000001fc57b50000 - 0x000001fc57b54000 	C:\Users\elyes\.openjfx\cache\16+8\amd64\api-ms-win-crt-runtime-l1-1-0.dll
0x000001fc57b60000 - 0x000001fc57b64000 	C:\Users\elyes\.openjfx\cache\16+8\amd64\api-ms-win-crt-stdio-l1-1-0.dll
0x000001fc57b70000 - 0x000001fc57b74000 	C:\Users\elyes\.openjfx\cache\16+8\amd64\api-ms-win-crt-string-l1-1-0.dll
0x000001fc57b80000 - 0x000001fc57b83000 	C:\Users\elyes\.openjfx\cache\16+8\amd64\api-ms-win-crt-time-l1-1-0.dll
0x000001fc57b90000 - 0x000001fc57b93000 	C:\Users\elyes\.openjfx\cache\16+8\amd64\api-ms-win-crt-utility-l1-1-0.dll
0x00007fff825f0000 - 0x00007fff826ec000 	C:\Users\elyes\.openjfx\cache\16+8\amd64\ucrtbase.dll
0x00007fffaacb0000 - 0x00007fffaaccb000 	C:\Users\elyes\.openjfx\cache\16+8\amd64\vcruntime140.dll
0x00007fffb53e0000 - 0x00007fffb53ec000 	C:\Users\elyes\.openjfx\cache\16+8\amd64\vcruntime140_1.dll
0x00007fff908f0000 - 0x00007fff9097e000 	C:\Users\elyes\.openjfx\cache\16+8\amd64\msvcp140.dll
0x00007fffb4a00000 - 0x00007fffb4a09000 	C:\Users\elyes\.openjfx\cache\16+8\amd64\msvcp140_1.dll
0x00007fffaac60000 - 0x00007fffaac8f000 	C:\Users\elyes\.openjfx\cache\16+8\amd64\msvcp140_2.dll
0x00007fffaa830000 - 0x00007fffaa85f000 	C:\Users\elyes\.openjfx\cache\16+8\amd64\prism_d3d.dll
0x00007fffaa250000 - 0x00007fffaa41d000 	C:\Windows\system32\d3d9.dll
0x00007fffb5da0000 - 0x00007fffb5dcf000 	C:\Windows\SYSTEM32\dwmapi.dll
0x00007fffb5a40000 - 0x00007fffb5ade000 	C:\Windows\system32\uxtheme.dll
0x00007fff7ef80000 - 0x00007fff7f0dd000 	C:\Windows\System32\DriverStore\FileRepository\iigd_dch.inf_amd64_0651c2cb9dd31504\igdumdim64.dll
0x00007fff45c30000 - 0x00007fff49539000 	C:\Windows\System32\DriverStore\FileRepository\iigd_dch.inf_amd64_0651c2cb9dd31504\igd9dxva64.dll
0x00007fffb8fa0000 - 0x00007fffb940e000 	C:\Windows\System32\SETUPAPI.dll
0x00007fffb88f0000 - 0x00007fffb893e000 	C:\Windows\System32\cfgmgr32.dll
0x00007fffadb70000 - 0x00007fffadd14000 	C:\Windows\System32\DriverStore\FileRepository\iigd_dch.inf_amd64_0651c2cb9dd31504\igdgmm64.dll
0x00007fff90e10000 - 0x00007fff90e52000 	C:\Users\elyes\.openjfx\cache\16+8\amd64\glass.dll
0x00007fffb8c80000 - 0x00007fffb8d5a000 	C:\Windows\System32\COMDLG32.dll
0x00007fffb9410000 - 0x00007fffb9525000 	C:\Windows\System32\MSCTF.dll
0x00007fff9e720000 - 0x00007fff9e746000 	C:\Windows\System32\DriverStore\FileRepository\iigd_dch.inf_amd64_0651c2cb9dd31504\igdinfo64.dll
0x00007fffab250000 - 0x00007fffad854000 	C:\Windows\System32\DriverStore\FileRepository\iigd_dch.inf_amd64_0651c2cb9dd31504\igc64.dll
0x00007fffaf470000 - 0x00007fffaf4ab000 	C:\Windows\SYSTEM32\dxcore.dll
0x00007fffaa900000 - 0x00007fffaa914000 	C:\Users\elyes\.openjfx\cache\16+8\amd64\javafx_font.dll
0x00007fff966a0000 - 0x00007fff9691f000 	C:\Windows\SYSTEM32\dwrite.dll
0x00007fffa8b90000 - 0x00007fffa8bbd000 	C:\Users\elyes\.openjfx\cache\16+8\amd64\javafx_iio.dll
0x00007fffb7590000 - 0x00007fffb765b000 	C:\Windows\SYSTEM32\DNSAPI.dll
0x00007fffb7540000 - 0x00007fffb757b000 	C:\Windows\SYSTEM32\IPHLPAPI.DLL
0x00007fffba400000 - 0x00007fffba408000 	C:\Windows\System32\NSI.dll
0x000000006c5b0000 - 0x000000006c5d6000 	C:\Program Files\Bonjour\mdnsNSP.dll
0x00007fffb1630000 - 0x00007fffb163a000 	C:\Windows\System32\rasadhlp.dll
0x00007fffa9960000 - 0x00007fffa99e0000 	C:\Windows\System32\fwpuclnt.dll
0x00007fffb9940000 - 0x00007fffb99e9000 	C:\Windows\System32\clbcatq.dll
0x00007fffb0f20000 - 0x00007fffb10d4000 	C:\Windows\SYSTEM32\WindowsCodecs.dll
0x00007fffb5390000 - 0x00007fffb53ce000 	C:\Windows\system32\dataexchange.dll
0x00007fffb34b0000 - 0x00007fffb3713000 	C:\Windows\system32\d3d11.dll
0x00007fffb47d0000 - 0x00007fffb49b5000 	C:\Windows\system32\dcomp.dll
0x00007fffb69b0000 - 0x00007fffb6aa3000 	C:\Windows\system32\dxgi.dll
0x00007fffb2380000 - 0x00007fffb2583000 	C:\Windows\system32\twinapi.appcore.dll
0x00007fff90cf0000 - 0x00007fff90d24000 	C:\Program Files\Common Files\Microsoft Shared\Ink\rtscom.dll

dbghelp: loaded successfully - version: 4.0.5 - missing functions: none
symbol engine: initialized successfully - sym options: 0x614 - pdb path: .;C:\Users\elyes\.jdks\openjdk-22\bin;C:\Windows\SYSTEM32;C:\Windows\WinSxS\amd64_microsoft.windows.common-controls_6595b64144ccf1df_6.0.19041.3636_none_60b6a03d71f818d5;C:\Users\elyes\.jdks\openjdk-22\bin\server;C:\Program Files\JetBrains\IntelliJ IDEA Community Edition 2023.2.2\bin;C:\Users\elyes\.openjfx\cache\16+8\amd64;C:\Windows\System32\DriverStore\FileRepository\iigd_dch.inf_amd64_0651c2cb9dd31504;C:\Program Files\Bonjour;C:\Program Files\Common Files\Microsoft Shared\Ink

VM Arguments:
jvm_args: -javaagent:C:\Program Files\JetBrains\IntelliJ IDEA Community Edition 2023.2.2\lib\idea_rt.jar=52704:C:\Program Files\JetBrains\IntelliJ IDEA Community Edition 2023.2.2\bin -Dfile.encoding=UTF-8 -Dsun.stdout.encoding=UTF-8 -Dsun.stderr.encoding=UTF-8 --module-path=C:\Users\elyes\.m2\repository\org\openjfx\javafx-base\16\javafx-base-16-win.jar;C:\Users\elyes\.m2\repository\org\openjfx\javafx-graphics\21-ea+24\javafx-graphics-21-ea+24-win.jar;C:\Users\elyes\.m2\repository\org\openjfx\javafx-media\21-ea+24\javafx-media-21-ea+24-win.jar;C:\Users\elyes\.m2\repository\org\openjfx\javafx-web\21-ea+24\javafx-web-21-ea+24-win.jar;C:\Users\elyes\.m2\repository\com\mysql\mysql-connector-j\8.3.0\mysql-connector-j-8.3.0.jar;C:\Users\elyes\.m2\repository\org\openjfx\javafx-fxml\21-ea+24\javafx-fxml-21-ea+24-win.jar;C:\Users\elyes\.m2\repository\org\openjfx\javafx-controls\21-ea+24\javafx-controls-21-ea+24-win.jar;C:\Users\elyes\IdeaProjects\demo1\target\classes -Djdk.module.main=com.example.demo1 
java_command: com.example.demo1/com.example.demo1.HelloApplication
java_class_path (initial): C:\Users\elyes\.m2\repository\org\openjfx\javafx-controls\21-ea+24\javafx-controls-21-ea+24.jar;C:\Users\elyes\.m2\repository\org\openjfx\javafx-graphics\21-ea+24\javafx-graphics-21-ea+24.jar;C:\Users\elyes\.m2\repository\org\openjfx\javafx-web\21-ea+24\javafx-web-21-ea+24.jar;C:\Users\elyes\.m2\repository\org\openjfx\javafx-media\21-ea+24\javafx-media-21-ea+24.jar;C:\Users\elyes\.m2\repository\com\gluonhq\maps\2.0.0-ea+6\maps-2.0.0-ea+6.jar;C:\Users\elyes\.m2\repository\com\gluonhq\attach\storage\4.0.11\storage-4.0.11.jar;C:\Users\elyes\.m2\repository\com\gluonhq\attach\util\4.0.11\util-4.0.11.jar;C:\Users\elyes\.m2\repository\org\openjfx\javafx-base\16\javafx-base-16.jar;C:\Users\elyes\.m2\repository\org\openjfx\javafx-fxml\21-ea+24\javafx-fxml-21-ea+24.jar;C:\Users\elyes\.m2\repository\com\google\protobuf\protobuf-java\3.25.1\protobuf-java-3.25.1.jar
Launcher Type: SUN_STANDARD

[Global flags]
     intx CICompilerCount                          = 4                                         {product} {ergonomic}
     uint ConcGCThreads                            = 2                                         {product} {ergonomic}
     uint G1ConcRefinementThreads                  = 8                                         {product} {ergonomic}
   size_t G1HeapRegionSize                         = 2097152                                   {product} {ergonomic}
   size_t InitialHeapSize                          = 266338304                                 {product} {ergonomic}
   size_t MarkStackSize                            = 4194304                                   {product} {ergonomic}
   size_t MaxHeapSize                              = 4248829952                                {product} {ergonomic}
   size_t MaxNewSize                               = 2548039680                                {product} {ergonomic}
   size_t MinHeapDeltaBytes                        = 2097152                                   {product} {ergonomic}
   size_t MinHeapSize                              = 8388608                                   {product} {ergonomic}
    uintx NonNMethodCodeHeapSize                   = 5839372                                {pd product} {ergonomic}
    uintx NonProfiledCodeHeapSize                  = 122909434                              {pd product} {ergonomic}
    uintx ProfiledCodeHeapSize                     = 122909434                              {pd product} {ergonomic}
    uintx ReservedCodeCacheSize                    = 251658240                              {pd product} {ergonomic}
     bool SegmentedCodeCache                       = true                                      {product} {ergonomic}
   size_t SoftMaxHeapSize                          = 4248829952                             {manageable} {ergonomic}
     bool UseCompressedOops                        = true                           {product lp64_product} {ergonomic}
     bool UseG1GC                                  = true                                      {product} {ergonomic}
     bool UseLargePagesIndividualAllocation        = false                                  {pd product} {ergonomic}

Logging:
Log output configuration:
 #0: stdout all=warning uptime,level,tags foldmultilines=false
 #1: stderr all=off uptime,level,tags foldmultilines=false

Environment Variables:
PATH=C:\oraclexe\app\oracle\product\11.2.0\server\bin;C:\Users\elyes\Desktop\app\oracle\product\11.2.0\server\bin;C:\oraclexe\app\oracle\product\11.2.0\server\bin;C:\ProgramData\Oracle\Java\javapath;C:\Windows\system32;C:\Windows;C:\Windows\System32\Wbem;C:\Windows\System32\WindowsPowerShell\v1.0\;C:\Windows\System32\OpenSSH\;C:\oraclexe\app\oracle\product\11.2.0\server\bin;C:\oraclexe\app\oracle\admin\XE;C:\oraclexe;C:\Users\elyes\Desktop\instantclient12_2;C:\Program Files\Git\cmd;C:\xampp\php\php.exe;C:\xampp\php;C:\ProgramData\ComposerSetup\bin;C:\Program Files\nodejs\;C:\Program Files\dotnet\;C:\Program Files\Microsoft SQL Server\150\Tools\Binn\;C:\Program Files\Microsoft SQL Server\Client SDK\ODBC\170\Tools\Binn\;C:\Users\elyes\scoop\shims;C:\Users\elyes\AppData\Local\Microsoft\WindowsApps;C:\Users\elyes\AppData\Local\Programs\Microsoft VS Code\bin;C:\Users\elyes\AppData\Roaming\Composer\vendor\bin;C:\Users\elyes\AppData\Roaming\npm;C:\Users\elyes\.dotnet\tools
USERNAME=elyes
OS=Windows_NT
PROCESSOR_IDENTIFIER=Intel64 Family 6 Model 165 Stepping 2, GenuineIntel
TMP=C:\Users\elyes\AppData\Local\Temp
TEMP=C:\Users\elyes\AppData\Local\Temp




Periodic native trim disabled

---------------  S Y S T E M  ---------------

OS:
 Windows 10 , 64 bit Build 19041 (10.0.19041.3636)
OS uptime: 1 days 23:16 hours

CPU: total 8 (initial active 8) (4 cores per cpu, 2 threads per core) family 6 model 165 stepping 2 microcode 0xc8, cx8, cmov, fxsr, ht, mmx, 3dnowpref, sse, sse2, sse3, ssse3, sse4.1, sse4.2, popcnt, lzcnt, tsc, tscinvbit, avx, avx2, aes, erms, clmul, bmi1, bmi2, adx, fma, vzeroupper, clflush, clflushopt, rdtscp, f16c, pku
Processor Information for all 8 processors :
  Max Mhz: 2496, Current Mhz: 2496, Mhz Limit: 2496

Memory: 4k page, system-wide physical 16202M (996M free)
TotalPageFile size 61854M (AvailPageFile size 96M)
current process WorkingSet (physical memory assigned to process): 983M, peak: 983M
current process commit charge ("private bytes"): 1020M, peak: 1117M

vm_info: OpenJDK 64-Bit Server VM (22+36-2370) for windows-amd64 JRE (22+36-2370), built on 2024-02-15T22:15:19Z by "mach5one" with MS VC++ 17.6 (VS2022)

END.
