#
# There is insufficient memory for the Java Runtime Environment to continue.
# Native memory allocation (malloc) failed to allocate 461616 bytes. Error detail: Chunk::new
# Possible reasons:
#   The system is out of physical RAM or swap space
#   This process is running with CompressedOops enabled, and the Java Heap may be blocking the growth of the native heap
# Possible solutions:
#   Reduce memory load on the system
#   Increase physical memory or swap space
#   Check if swap backing store is full
#   Decrease Java heap size (-Xmx/-Xms)
#   Decrease number of Java threads
#   Decrease Java thread stack sizes (-Xss)
#   Set larger code cache with -XX:ReservedCodeCacheSize=
#   JVM is running with Zero Based Compressed Oops mode in which the Java heap is
#     placed in the first 32GB address space. The Java Heap base address is the
#     maximum limit for the native heap growth. Please use -XX:HeapBaseMinAddress
#     to set the Java Heap base and to place the Java Heap above 32GB virtual address.
# This output file may be truncated or incomplete.
#
#  Out of Memory Error (arena.cpp:150), pid=908, tid=15600
#
# JRE version: OpenJDK Runtime Environment (22.0+36) (build 22+36-2370)
# Java VM: OpenJDK 64-Bit Server VM (22+36-2370, mixed mode, sharing, tiered, compressed oops, compressed class ptrs, g1 gc, windows-amd64)
# No core dump will be written. Minidumps are not enabled by default on client versions of Windows
#

---------------  S U M M A R Y ------------

Command Line: -javaagent:C:\Program Files\JetBrains\IntelliJ IDEA Community Edition 2023.2.2\lib\idea_rt.jar=52656:C:\Program Files\JetBrains\IntelliJ IDEA Community Edition 2023.2.2\bin -Dfile.encoding=UTF-8 -Dsun.stdout.encoding=UTF-8 -Dsun.stderr.encoding=UTF-8 --module-path=C:\Users\elyes\.m2\repository\org\openjfx\javafx-base\16\javafx-base-16-win.jar;C:\Users\elyes\.m2\repository\org\openjfx\javafx-graphics\21-ea+24\javafx-graphics-21-ea+24-win.jar;C:\Users\elyes\.m2\repository\org\openjfx\javafx-media\21-ea+24\javafx-media-21-ea+24-win.jar;C:\Users\elyes\.m2\repository\org\openjfx\javafx-web\21-ea+24\javafx-web-21-ea+24-win.jar;C:\Users\elyes\.m2\repository\com\mysql\mysql-connector-j\8.3.0\mysql-connector-j-8.3.0.jar;C:\Users\elyes\.m2\repository\org\openjfx\javafx-fxml\21-ea+24\javafx-fxml-21-ea+24-win.jar;C:\Users\elyes\.m2\repository\org\openjfx\javafx-controls\21-ea+24\javafx-controls-21-ea+24-win.jar;C:\Users\elyes\IdeaProjects\demo1\target\classes -Djdk.module.main=com.example.demo1 com.example.demo1/com.example.demo1.HelloApplication

Host: Intel(R) Core(TM) i5-10300H CPU @ 2.50GHz, 8 cores, 15G,  Windows 10 , 64 bit Build 19041 (10.0.19041.3636)
Time: Tue May  7 16:46:54 2024 W. Central Africa Standard Time elapsed time: 19.014651 seconds (0d 0h 0m 19s)

---------------  T H R E A D  ---------------

Current thread (0x0000022dde4de1a0):  JavaThread "C2 CompilerThread0" daemon [_thread_in_native, id=15600, stack(0x0000006592600000,0x0000006592700000) (1024K)]


Current CompileTask:
C2:19014 6831       4       com.sun.prism.impl.ps.BaseShaderGraphics::drawString (857 bytes)

Stack: [0x0000006592600000,0x0000006592700000]
Native frames: (J=compiled Java code, j=interpreted, Vv=VM code, C=native code)
V  [jvm.dll+0x6e2349]  (no source info available)
V  [jvm.dll+0x874ed3]  (no source info available)
V  [jvm.dll+0x8772fe]  (no source info available)
V  [jvm.dll+0x8779d3]  (no source info available)
V  [jvm.dll+0x27fcb6]  (no source info available)
V  [jvm.dll+0xc3d0f]  (no source info available)
V  [jvm.dll+0xc3f6b]  (no source info available)
V  [jvm.dll+0x2f3b6f]  (no source info available)
V  [jvm.dll+0x60bd8a]  (no source info available)
V  [jvm.dll+0x250d2f]  (no source info available)
V  [jvm.dll+0x24948c]  (no source info available)
V  [jvm.dll+0x246eb6]  (no source info available)
V  [jvm.dll+0x1c4e90]  (no source info available)
V  [jvm.dll+0x25699e]  (no source info available)
V  [jvm.dll+0x254c5a]  (no source info available)
V  [jvm.dll+0x3f5426]  (no source info available)
V  [jvm.dll+0x81d50b]  (no source info available)
V  [jvm.dll+0x6e09e5]  (no source info available)
C  [ucrtbase.dll+0x21bb2]  (no source info available)
C  [KERNEL32.DLL+0x17344]  (no source info available)
C  [ntdll.dll+0x526b1]  (no source info available)


---------------  P R O C E S S  ---------------

Threads class SMR info:
_java_thread_list=0x0000022e2cd91310, length=48, elements={
0x0000022dbd432530, 0x0000022dde4cdc20, 0x0000022dde4ceb40, 0x0000022dde4d6d50,
0x0000022dde4d9b40, 0x0000022dde4da5a0, 0x0000022dde4dd010, 0x0000022dde4de1a0,
0x0000022dde4dec50, 0x0000022dde704150, 0x0000022e24442520, 0x0000022e24b27330,
0x0000022e2495ac50, 0x0000022e24891180, 0x0000022e244048f0, 0x0000022e251fae70,
0x0000022e24c4e280, 0x0000022e24c509e0, 0x0000022e24c50350, 0x0000022e24c4e910,
0x0000022e24c51070, 0x0000022e24c4efa0, 0x0000022e24c4f630, 0x0000022e24c4fcc0,
0x0000022e2d193d80, 0x0000022e2d199ff0, 0x0000022e2d1957c0, 0x0000022e2d193060,
0x0000022e2d194410, 0x0000022e2d195130, 0x0000022e2d198c40, 0x0000022e2d1992d0,
0x0000022e2d196b70, 0x0000022e2d19a680, 0x0000022e2d195e50, 0x0000022e2d197f20,
0x0000022e2d1985b0, 0x0000022e2d1964e0, 0x0000022e2d197200, 0x0000022e2ecc6c40,
0x0000022e2ecc5f20, 0x0000022e2eccb470, 0x0000022e2ecc8d10, 0x0000022e2ecc65b0,
0x0000022e2ecc7960, 0x0000022e2ecc72d0, 0x0000022e2eccbb00, 0x0000022e2ecc7ff0
}

Java Threads: ( => current thread )
  0x0000022dbd432530 JavaThread "main"                              [_thread_blocked, id=9608, stack(0x0000006591800000,0x0000006591900000) (1024K)]
  0x0000022dde4cdc20 JavaThread "Reference Handler"          daemon [_thread_blocked, id=12460, stack(0x0000006592000000,0x0000006592100000) (1024K)]
  0x0000022dde4ceb40 JavaThread "Finalizer"                  daemon [_thread_blocked, id=14024, stack(0x0000006592100000,0x0000006592200000) (1024K)]
  0x0000022dde4d6d50 JavaThread "Signal Dispatcher"          daemon [_thread_blocked, id=2636, stack(0x0000006592200000,0x0000006592300000) (1024K)]
  0x0000022dde4d9b40 JavaThread "Attach Listener"            daemon [_thread_blocked, id=16236, stack(0x0000006592300000,0x0000006592400000) (1024K)]
  0x0000022dde4da5a0 JavaThread "Service Thread"             daemon [_thread_blocked, id=5212, stack(0x0000006592400000,0x0000006592500000) (1024K)]
  0x0000022dde4dd010 JavaThread "Monitor Deflation Thread"   daemon [_thread_blocked, id=13496, stack(0x0000006592500000,0x0000006592600000) (1024K)]
=>0x0000022dde4de1a0 JavaThread "C2 CompilerThread0"         daemon [_thread_in_native, id=15600, stack(0x0000006592600000,0x0000006592700000) (1024K)]
  0x0000022dde4dec50 JavaThread "C1 CompilerThread0"         daemon [_thread_blocked, id=17680, stack(0x0000006592700000,0x0000006592800000) (1024K)]
  0x0000022dde704150 JavaThread "Common-Cleaner"             daemon [_thread_blocked, id=15012, stack(0x0000006592800000,0x0000006592900000) (1024K)]
  0x0000022e24442520 JavaThread "Monitor Ctrl-Break"         daemon [_thread_in_native, id=284, stack(0x0000006592b00000,0x0000006592c00000) (1024K)]
  0x0000022e24b27330 JavaThread "Notification Thread"        daemon [_thread_blocked, id=12572, stack(0x0000006592c00000,0x0000006592d00000) (1024K)]
  0x0000022e2495ac50 JavaThread "QuantumRenderer-0"          daemon [_thread_in_native, id=16412, stack(0x0000006592d00000,0x0000006592e00000) (1024K)]
  0x0000022e24891180 JavaThread "InvokeLaterDispatcher"      daemon [_thread_blocked, id=10800, stack(0x0000006592e00000,0x0000006592f00000) (1024K)]
  0x0000022e244048f0 JavaThread "JavaFX Application Thread"         [_thread_blocked, id=14108, stack(0x0000006592f00000,0x0000006593000000) (1024K)]
  0x0000022e251fae70 JavaThread "JavaFX-Launcher"                   [_thread_blocked, id=2172, stack(0x0000006593400000,0x0000006593500000) (1024K)]
  0x0000022e24c4e280 JavaThread "Thread-2"                   daemon [_thread_in_native, id=9552, stack(0x0000006593300000,0x0000006593400000) (1024K)]
  0x0000022e24c509e0 JavaThread "mysql-cj-abandoned-connection-cleanup" daemon [_thread_blocked, id=8420, stack(0x0000006593a00000,0x0000006593b00000) (1024K)]
  0x0000022e24c50350 JavaThread "Prism Font Disposer"        daemon [_thread_blocked, id=15616, stack(0x0000006594000000,0x0000006594100000) (1024K)]
  0x0000022e24c4e910 JavaThread "Cleaner-0"                  daemon [_thread_blocked, id=5256, stack(0x0000006594200000,0x0000006594300000) (1024K)]
  0x0000022e24c51070 JavaThread "Disposer"                   daemon [_thread_blocked, id=8948, stack(0x0000006594100000,0x0000006594200000) (1024K)]
  0x0000022e24c4efa0 JavaThread "HttpClient-1-SelectorManager" daemon [_thread_in_native, id=4556, stack(0x0000006594400000,0x0000006594500000) (1024K)]
  0x0000022e24c4f630 JavaThread "HttpClient-1-Worker-0"      daemon [_thread_blocked, id=11212, stack(0x0000006594500000,0x0000006594600000) (1024K)]
  0x0000022e24c4fcc0 JavaThread "HttpClient-1-Worker-1"      daemon [_thread_blocked, id=8076, stack(0x0000006594600000,0x0000006594700000) (1024K)]
  0x0000022e2d193d80 JavaThread "HttpClient-1-Worker-2"      daemon [_thread_blocked, id=10388, stack(0x0000006594700000,0x0000006594800000) (1024K)]
  0x0000022e2d199ff0 JavaThread "HttpClient-1-Worker-3"      daemon [_thread_blocked, id=5464, stack(0x0000006594800000,0x0000006594900000) (1024K)]
  0x0000022e2d1957c0 JavaThread "HttpClient-1-Worker-4"      daemon [_thread_blocked, id=16344, stack(0x0000006595200000,0x0000006595300000) (1024K)]
  0x0000022e2d193060 JavaThread "HttpClient-1-Worker-5"      daemon [_thread_blocked, id=1496, stack(0x0000006595300000,0x0000006595400000) (1024K)]
  0x0000022e2d194410 JavaThread "HttpClient-1-Worker-6"      daemon [_thread_blocked, id=16664, stack(0x0000006595400000,0x0000006595500000) (1024K)]
  0x0000022e2d195130 JavaThread "HttpClient-1-Worker-7"      daemon [_thread_blocked, id=16808, stack(0x0000006595500000,0x0000006595600000) (1024K)]
  0x0000022e2d198c40 JavaThread "ForkJoinPool.commonPool-worker-1" daemon [_thread_blocked, id=14976, stack(0x0000006595600000,0x0000006595700000) (1024K)]
  0x0000022e2d1992d0 JavaThread "ForkJoinPool.commonPool-worker-2" daemon [_thread_blocked, id=8804, stack(0x0000006595700000,0x0000006595800000) (1024K)]
  0x0000022e2d196b70 JavaThread "ForkJoinPool.commonPool-worker-3" daemon [_thread_blocked, id=16160, stack(0x0000006595800000,0x0000006595900000) (1024K)]
  0x0000022e2d19a680 JavaThread "ForkJoinPool.commonPool-worker-4" daemon [_thread_blocked, id=18208, stack(0x0000006595900000,0x0000006595a00000) (1024K)]
  0x0000022e2d195e50 JavaThread "HttpClient-1-Worker-8"      daemon [_thread_blocked, id=11768, stack(0x0000006595e00000,0x0000006595f00000) (1024K)]
  0x0000022e2d197f20 JavaThread "HttpClient-1-Worker-9"      daemon [_thread_blocked, id=9840, stack(0x0000006595f00000,0x0000006596000000) (1024K)]
  0x0000022e2d1985b0 JavaThread "HttpClient-1-Worker-10"     daemon [_thread_blocked, id=7200, stack(0x0000006596000000,0x0000006596100000) (1024K)]
  0x0000022e2d1964e0 JavaThread "HttpClient-1-Worker-11"     daemon [_thread_blocked, id=12948, stack(0x0000006596100000,0x0000006596200000) (1024K)]
  0x0000022e2d197200 JavaThread "HttpClient-1-Worker-12"     daemon [_thread_blocked, id=12940, stack(0x0000006596200000,0x0000006596300000) (1024K)]
  0x0000022e2ecc6c40 JavaThread "HttpClient-1-Worker-13"     daemon [_thread_blocked, id=15084, stack(0x0000006596300000,0x0000006596400000) (1024K)]
  0x0000022e2ecc5f20 JavaThread "HttpClient-1-Worker-14"     daemon [_thread_blocked, id=2376, stack(0x0000006596400000,0x0000006596500000) (1024K)]
  0x0000022e2eccb470 JavaThread "HttpClient-1-Worker-15"     daemon [_thread_blocked, id=11568, stack(0x0000006596500000,0x0000006596600000) (1024K)]
  0x0000022e2ecc8d10 JavaThread "HttpClient-1-Worker-16"     daemon [_thread_blocked, id=9072, stack(0x0000006596600000,0x0000006596700000) (1024K)]
  0x0000022e2ecc65b0 JavaThread "HttpClient-1-Worker-17"     daemon [_thread_blocked, id=10148, stack(0x0000006596700000,0x0000006596800000) (1024K)]
  0x0000022e2ecc7960 JavaThread "HttpClient-1-Worker-18"     daemon [_thread_blocked, id=11220, stack(0x0000006596800000,0x0000006596900000) (1024K)]
  0x0000022e2ecc72d0 JavaThread "ForkJoinPool.commonPool-worker-5" daemon [_thread_blocked, id=14428, stack(0x0000006596900000,0x0000006596a00000) (1024K)]
  0x0000022e2eccbb00 JavaThread "ForkJoinPool.commonPool-worker-6" daemon [_thread_blocked, id=14184, stack(0x0000006596a00000,0x0000006596b00000) (1024K)]
  0x0000022e2ecc7ff0 JavaThread "ForkJoinPool.commonPool-worker-7" daemon [_thread_blocked, id=8004, stack(0x0000006596b00000,0x0000006596c00000) (1024K)]
Total: 48

Other Threads:
  0x0000022dde4b2340 VMThread "VM Thread"                           [id=7916, stack(0x0000006591f00000,0x0000006592000000) (1024K)]
  0x0000022dde497e70 WatcherThread "VM Periodic Task Thread"        [id=5364, stack(0x0000006591e00000,0x0000006591f00000) (1024K)]
  0x0000022dbd5a6a40 WorkerThread "GC Thread#0"                     [id=13096, stack(0x0000006591900000,0x0000006591a00000) (1024K)]
  0x0000022e251ef210 WorkerThread "GC Thread#1"                     [id=14768, stack(0x0000006593500000,0x0000006593600000) (1024K)]
  0x0000022e24aff8c0 WorkerThread "GC Thread#2"                     [id=460, stack(0x0000006593600000,0x0000006593700000) (1024K)]
  0x0000022e24c2dde0 WorkerThread "GC Thread#3"                     [id=144, stack(0x0000006593700000,0x0000006593800000) (1024K)]
  0x0000022e2497c330 WorkerThread "GC Thread#4"                     [id=17792, stack(0x0000006593800000,0x0000006593900000) (1024K)]
  0x0000022e24b0b980 WorkerThread "GC Thread#5"                     [id=5008, stack(0x0000006593900000,0x0000006593a00000) (1024K)]
  0x0000022e2ae5e7f0 WorkerThread "GC Thread#6"                     [id=15396, stack(0x0000006593b00000,0x0000006593c00000) (1024K)]
  0x0000022e2ae5eba0 WorkerThread "GC Thread#7"                     [id=4680, stack(0x0000006593c00000,0x0000006593d00000) (1024K)]
  0x0000022dbd5b7920 ConcurrentGCThread "G1 Main Marker"            [id=2680, stack(0x0000006591a00000,0x0000006591b00000) (1024K)]
  0x0000022dbd5b9be0 WorkerThread "G1 Conc#0"                       [id=13004, stack(0x0000006591b00000,0x0000006591c00000) (1024K)]
  0x0000022e257b5240 WorkerThread "G1 Conc#1"                       [id=7816, stack(0x0000006593d00000,0x0000006593e00000) (1024K)]
  0x0000022dbd60e850 ConcurrentGCThread "G1 Refine#0"               [id=10336, stack(0x0000006591c00000,0x0000006591d00000) (1024K)]
  0x0000022dde3676f0 ConcurrentGCThread "G1 Service"                [id=5872, stack(0x0000006591d00000,0x0000006591e00000) (1024K)]
Total: 15

Threads with active compile tasks:
C2 CompilerThread0  19090 6831       4       com.sun.prism.impl.ps.BaseShaderGraphics::drawString (857 bytes)
Total: 1

VM state: not at safepoint (normal execution)

VM Mutex/Monitor currently owned by a thread: None

Heap address: 0x0000000702c00000, size: 4052 MB, Compressed Oops mode: Zero based, Oop shift amount: 3

CDS archive(s) mapped at: [0x0000022ddf000000-0x0000022ddfc50000-0x0000022ddfc50000), size 12910592, SharedBaseAddress: 0x0000022ddf000000, ArchiveRelocationMode: 1.
Compressed class space mapped at: 0x0000022de0000000-0x0000022e20000000, reserved size: 1073741824
Narrow klass base: 0x0000022ddf000000, Narrow klass shift: 0, Narrow klass range: 0x41000000

GC Precious Log:
 CardTable entry size: 512
 Card Set container configuration: InlinePtr #cards 4 size 8 Array Of Cards #cards 16 size 48 Howl #buckets 8 coarsen threshold 3686 Howl Bitmap #cards 512 size 80 coarsen threshold 460 Card regions per heap region 1 cards per card region 4096
 CPUs: 8 total, 8 available
 Memory: 16202M
 Large Page Support: Disabled
 NUMA Support: Disabled
 Compressed Oops: Enabled (Zero based)
 Heap Region Size: 2M
 Heap Min Capacity: 8M
 Heap Initial Capacity: 254M
 Heap Max Capacity: 4052M
 Pre-touch: Disabled
 Parallel Workers: 8
 Concurrent Workers: 2
 Concurrent Refinement Workers: 8
 Periodic GC: Disabled

Heap:
 garbage-first heap   total reserved 4149248K, committed 417792K, used 344544K [0x0000000702c00000, 0x0000000800000000)
  region size 2048K, 74 young (151552K), 7 survivors (14336K)
 Metaspace       used 32827K, committed 33408K, reserved 1114112K
  class space    used 4361K, committed 4608K, reserved 1048576K

Heap Regions: E=young(eden), S=young(survivor), O=old, HS=humongous(starts), HC=humongous(continues), CS=collection set, F=free, TAMS=top-at-mark-start, PB=parsable bottom
|   0|0x0000000702c00000, 0x0000000702e00000, 0x0000000702e00000|100%|HS|  |TAMS 0x0000000702c00000| PB 0x0000000702c00000| Complete |  0
|   1|0x0000000702e00000, 0x0000000703000000, 0x0000000703000000|100%|HS|  |TAMS 0x0000000702e00000| PB 0x0000000702e00000| Complete |  0
|   2|0x0000000703000000, 0x0000000703200000, 0x0000000703200000|100%| O|  |TAMS 0x0000000703000000| PB 0x0000000703000000| Untracked |  0
|   3|0x0000000703200000, 0x0000000703400000, 0x0000000703400000|100%| O|  |TAMS 0x0000000703200000| PB 0x0000000703200000| Untracked |  0
|   4|0x0000000703400000, 0x0000000703600000, 0x0000000703600000|100%|HS|  |TAMS 0x0000000703400000| PB 0x0000000703400000| Complete |  0
|   5|0x0000000703600000, 0x0000000703800000, 0x0000000703800000|100%|HC|  |TAMS 0x0000000703600000| PB 0x0000000703600000| Complete |  0
|   6|0x0000000703800000, 0x0000000703a00000, 0x0000000703a00000|100%|HC|  |TAMS 0x0000000703800000| PB 0x0000000703800000| Complete |  0
|   7|0x0000000703a00000, 0x0000000703c00000, 0x0000000703c00000|100%|HC|  |TAMS 0x0000000703a00000| PB 0x0000000703a00000| Complete |  0
|   8|0x0000000703c00000, 0x0000000703e00000, 0x0000000703e00000|100%|HC|  |TAMS 0x0000000703c00000| PB 0x0000000703c00000| Complete |  0
|   9|0x0000000703e00000, 0x0000000704000000, 0x0000000704000000|100%|HC|  |TAMS 0x0000000703e00000| PB 0x0000000703e00000| Complete |  0
|  10|0x0000000704000000, 0x0000000704200000, 0x0000000704200000|100%|HC|  |TAMS 0x0000000704000000| PB 0x0000000704000000| Complete |  0
|  11|0x0000000704200000, 0x0000000704400000, 0x0000000704400000|100%|HC|  |TAMS 0x0000000704200000| PB 0x0000000704200000| Complete |  0
|  12|0x0000000704400000, 0x0000000704600000, 0x0000000704600000|100%|HC|  |TAMS 0x0000000704400000| PB 0x0000000704400000| Complete |  0
|  13|0x0000000704600000, 0x0000000704800000, 0x0000000704800000|100%|HC|  |TAMS 0x0000000704600000| PB 0x0000000704600000| Complete |  0
|  14|0x0000000704800000, 0x0000000704a00000, 0x0000000704a00000|100%|HC|  |TAMS 0x0000000704800000| PB 0x0000000704800000| Complete |  0
|  15|0x0000000704a00000, 0x0000000704c00000, 0x0000000704c00000|100%|HC|  |TAMS 0x0000000704a00000| PB 0x0000000704a00000| Complete |  0
|  16|0x0000000704c00000, 0x0000000704e00000, 0x0000000704e00000|100%|HS|  |TAMS 0x0000000704c00000| PB 0x0000000704c00000| Complete |  0
|  17|0x0000000704e00000, 0x0000000705000000, 0x0000000705000000|100%|HC|  |TAMS 0x0000000704e00000| PB 0x0000000704e00000| Complete |  0
|  18|0x0000000705000000, 0x0000000705200000, 0x0000000705200000|100%|HS|  |TAMS 0x0000000705000000| PB 0x0000000705000000| Complete |  0
|  19|0x0000000705200000, 0x0000000705400000, 0x0000000705400000|100%|HC|  |TAMS 0x0000000705200000| PB 0x0000000705200000| Complete |  0
|  20|0x0000000705400000, 0x0000000705600000, 0x0000000705600000|100%|HC|  |TAMS 0x0000000705400000| PB 0x0000000705400000| Complete |  0
|  21|0x0000000705600000, 0x0000000705800000, 0x0000000705800000|100%|HC|  |TAMS 0x0000000705600000| PB 0x0000000705600000| Complete |  0
|  22|0x0000000705800000, 0x0000000705a00000, 0x0000000705a00000|100%|HC|  |TAMS 0x0000000705800000| PB 0x0000000705800000| Complete |  0
|  23|0x0000000705a00000, 0x0000000705c00000, 0x0000000705c00000|100%|HC|  |TAMS 0x0000000705a00000| PB 0x0000000705a00000| Complete |  0
|  24|0x0000000705c00000, 0x0000000705e00000, 0x0000000705e00000|100%|HC|  |TAMS 0x0000000705c00000| PB 0x0000000705c00000| Complete |  0
|  25|0x0000000705e00000, 0x0000000706000000, 0x0000000706000000|100%|HC|  |TAMS 0x0000000705e00000| PB 0x0000000705e00000| Complete |  0
|  26|0x0000000706000000, 0x0000000706200000, 0x0000000706200000|100%|HC|  |TAMS 0x0000000706000000| PB 0x0000000706000000| Complete |  0
|  27|0x0000000706200000, 0x0000000706400000, 0x0000000706400000|100%|HC|  |TAMS 0x0000000706200000| PB 0x0000000706200000| Complete |  0
|  28|0x0000000706400000, 0x0000000706600000, 0x0000000706600000|100%|HC|  |TAMS 0x0000000706400000| PB 0x0000000706400000| Complete |  0
|  29|0x0000000706600000, 0x0000000706800000, 0x0000000706800000|100%|HC|  |TAMS 0x0000000706600000| PB 0x0000000706600000| Complete |  0
|  30|0x0000000706800000, 0x0000000706a00000, 0x0000000706a00000|100%|HS|  |TAMS 0x0000000706800000| PB 0x0000000706800000| Complete |  0
|  31|0x0000000706a00000, 0x0000000706c00000, 0x0000000706c00000|100%|HC|  |TAMS 0x0000000706a00000| PB 0x0000000706a00000| Complete |  0
|  32|0x0000000706c00000, 0x0000000706e00000, 0x0000000706e00000|100%|HC|  |TAMS 0x0000000706c00000| PB 0x0000000706c00000| Complete |  0
|  33|0x0000000706e00000, 0x0000000707000000, 0x0000000707000000|100%|HC|  |TAMS 0x0000000706e00000| PB 0x0000000706e00000| Complete |  0
|  34|0x0000000707000000, 0x0000000707200000, 0x0000000707200000|100%|HC|  |TAMS 0x0000000707000000| PB 0x0000000707000000| Complete |  0
|  35|0x0000000707200000, 0x0000000707400000, 0x0000000707400000|100%|HC|  |TAMS 0x0000000707200000| PB 0x0000000707200000| Complete |  0
|  36|0x0000000707400000, 0x0000000707600000, 0x0000000707600000|100%|HC|  |TAMS 0x0000000707400000| PB 0x0000000707400000| Complete |  0
|  37|0x0000000707600000, 0x0000000707800000, 0x0000000707800000|100%|HC|  |TAMS 0x0000000707600000| PB 0x0000000707600000| Complete |  0
|  38|0x0000000707800000, 0x0000000707a00000, 0x0000000707a00000|100%|HC|  |TAMS 0x0000000707800000| PB 0x0000000707800000| Complete |  0
|  39|0x0000000707a00000, 0x0000000707c00000, 0x0000000707c00000|100%|HC|  |TAMS 0x0000000707a00000| PB 0x0000000707a00000| Complete |  0
|  40|0x0000000707c00000, 0x0000000707e00000, 0x0000000707e00000|100%|HC|  |TAMS 0x0000000707c00000| PB 0x0000000707c00000| Complete |  0
|  41|0x0000000707e00000, 0x0000000708000000, 0x0000000708000000|100%|HC|  |TAMS 0x0000000707e00000| PB 0x0000000707e00000| Complete |  0
|  42|0x0000000708000000, 0x0000000708200000, 0x0000000708200000|100%|HS|  |TAMS 0x0000000708000000| PB 0x0000000708000000| Complete |  0
|  43|0x0000000708200000, 0x0000000708400000, 0x0000000708400000|100%|HC|  |TAMS 0x0000000708200000| PB 0x0000000708200000| Complete |  0
|  44|0x0000000708400000, 0x0000000708600000, 0x0000000708600000|100%|HC|  |TAMS 0x0000000708400000| PB 0x0000000708400000| Complete |  0
|  45|0x0000000708600000, 0x0000000708800000, 0x0000000708800000|100%|HC|  |TAMS 0x0000000708600000| PB 0x0000000708600000| Complete |  0
|  46|0x0000000708800000, 0x0000000708a00000, 0x0000000708a00000|100%|HC|  |TAMS 0x0000000708800000| PB 0x0000000708800000| Complete |  0
|  47|0x0000000708a00000, 0x0000000708c00000, 0x0000000708c00000|100%|HC|  |TAMS 0x0000000708a00000| PB 0x0000000708a00000| Complete |  0
|  48|0x0000000708c00000, 0x0000000708e00000, 0x0000000708e00000|100%|HC|  |TAMS 0x0000000708c00000| PB 0x0000000708c00000| Complete |  0
|  49|0x0000000708e00000, 0x0000000709000000, 0x0000000709000000|100%|HC|  |TAMS 0x0000000708e00000| PB 0x0000000708e00000| Complete |  0
|  50|0x0000000709000000, 0x0000000709200000, 0x0000000709200000|100%|HC|  |TAMS 0x0000000709000000| PB 0x0000000709000000| Complete |  0
|  51|0x0000000709200000, 0x0000000709400000, 0x0000000709400000|100%|HC|  |TAMS 0x0000000709200000| PB 0x0000000709200000| Complete |  0
|  52|0x0000000709400000, 0x0000000709600000, 0x0000000709600000|100%|HC|  |TAMS 0x0000000709400000| PB 0x0000000709400000| Complete |  0
|  53|0x0000000709600000, 0x0000000709800000, 0x0000000709800000|100%|HC|  |TAMS 0x0000000709600000| PB 0x0000000709600000| Complete |  0
|  54|0x0000000709800000, 0x0000000709a00000, 0x0000000709a00000|100%|HS|  |TAMS 0x0000000709800000| PB 0x0000000709800000| Complete |  0
|  55|0x0000000709a00000, 0x0000000709c00000, 0x0000000709c00000|100%|HC|  |TAMS 0x0000000709a00000| PB 0x0000000709a00000| Complete |  0
|  56|0x0000000709c00000, 0x0000000709e00000, 0x0000000709e00000|100%|HC|  |TAMS 0x0000000709c00000| PB 0x0000000709c00000| Complete |  0
|  57|0x0000000709e00000, 0x000000070a000000, 0x000000070a000000|100%|HC|  |TAMS 0x0000000709e00000| PB 0x0000000709e00000| Complete |  0
|  58|0x000000070a000000, 0x000000070a200000, 0x000000070a200000|100%|HC|  |TAMS 0x000000070a000000| PB 0x000000070a000000| Complete |  0
|  59|0x000000070a200000, 0x000000070a400000, 0x000000070a400000|100%|HC|  |TAMS 0x000000070a200000| PB 0x000000070a200000| Complete |  0
|  60|0x000000070a400000, 0x000000070a600000, 0x000000070a600000|100%|HC|  |TAMS 0x000000070a400000| PB 0x000000070a400000| Complete |  0
|  61|0x000000070a600000, 0x000000070a800000, 0x000000070a800000|100%|HC|  |TAMS 0x000000070a600000| PB 0x000000070a600000| Complete |  0
|  62|0x000000070a800000, 0x000000070aa00000, 0x000000070aa00000|100%|HC|  |TAMS 0x000000070a800000| PB 0x000000070a800000| Complete |  0
|  63|0x000000070aa00000, 0x000000070ac00000, 0x000000070ac00000|100%|HC|  |TAMS 0x000000070aa00000| PB 0x000000070aa00000| Complete |  0
|  64|0x000000070ac00000, 0x000000070ae00000, 0x000000070ae00000|100%|HC|  |TAMS 0x000000070ac00000| PB 0x000000070ac00000| Complete |  0
|  65|0x000000070ae00000, 0x000000070b000000, 0x000000070b000000|100%|HC|  |TAMS 0x000000070ae00000| PB 0x000000070ae00000| Complete |  0
|  66|0x000000070b000000, 0x000000070b200000, 0x000000070b200000|100%|HS|  |TAMS 0x000000070b000000| PB 0x000000070b000000| Complete |  0
|  67|0x000000070b200000, 0x000000070b400000, 0x000000070b400000|100%|HC|  |TAMS 0x000000070b200000| PB 0x000000070b200000| Complete |  0
|  68|0x000000070b400000, 0x000000070b600000, 0x000000070b600000|100%|HC|  |TAMS 0x000000070b400000| PB 0x000000070b400000| Complete |  0
|  69|0x000000070b600000, 0x000000070b800000, 0x000000070b800000|100%|HC|  |TAMS 0x000000070b600000| PB 0x000000070b600000| Complete |  0
|  70|0x000000070b800000, 0x000000070ba00000, 0x000000070ba00000|100%|HC|  |TAMS 0x000000070b800000| PB 0x000000070b800000| Complete |  0
|  71|0x000000070ba00000, 0x000000070bc00000, 0x000000070bc00000|100%|HC|  |TAMS 0x000000070ba00000| PB 0x000000070ba00000| Complete |  0
|  72|0x000000070bc00000, 0x000000070be00000, 0x000000070be00000|100%|HC|  |TAMS 0x000000070bc00000| PB 0x000000070bc00000| Complete |  0
|  73|0x000000070be00000, 0x000000070c000000, 0x000000070c000000|100%|HC|  |TAMS 0x000000070be00000| PB 0x000000070be00000| Complete |  0
|  74|0x000000070c000000, 0x000000070c200000, 0x000000070c200000|100%|HC|  |TAMS 0x000000070c000000| PB 0x000000070c000000| Complete |  0
|  75|0x000000070c200000, 0x000000070c400000, 0x000000070c400000|100%|HC|  |TAMS 0x000000070c200000| PB 0x000000070c200000| Complete |  0
|  76|0x000000070c400000, 0x000000070c600000, 0x000000070c600000|100%|HC|  |TAMS 0x000000070c400000| PB 0x000000070c400000| Complete |  0
|  77|0x000000070c600000, 0x000000070c800000, 0x000000070c800000|100%|HC|  |TAMS 0x000000070c600000| PB 0x000000070c600000| Complete |  0
|  78|0x000000070c800000, 0x000000070ca00000, 0x000000070ca00000|100%|HS|  |TAMS 0x000000070c800000| PB 0x000000070c800000| Complete |  0
|  79|0x000000070ca00000, 0x000000070cc00000, 0x000000070cc00000|100%|HC|  |TAMS 0x000000070ca00000| PB 0x000000070ca00000| Complete |  0
|  80|0x000000070cc00000, 0x000000070ce00000, 0x000000070ce00000|100%|HC|  |TAMS 0x000000070cc00000| PB 0x000000070cc00000| Complete |  0
|  81|0x000000070ce00000, 0x000000070d000000, 0x000000070d000000|100%|HC|  |TAMS 0x000000070ce00000| PB 0x000000070ce00000| Complete |  0
|  82|0x000000070d000000, 0x000000070d200000, 0x000000070d200000|100%|HC|  |TAMS 0x000000070d000000| PB 0x000000070d000000| Complete |  0
|  83|0x000000070d200000, 0x000000070d400000, 0x000000070d400000|100%|HC|  |TAMS 0x000000070d200000| PB 0x000000070d200000| Complete |  0
|  84|0x000000070d400000, 0x000000070d600000, 0x000000070d600000|100%|HC|  |TAMS 0x000000070d400000| PB 0x000000070d400000| Complete |  0
|  85|0x000000070d600000, 0x000000070d800000, 0x000000070d800000|100%|HC|  |TAMS 0x000000070d600000| PB 0x000000070d600000| Complete |  0
|  86|0x000000070d800000, 0x000000070da00000, 0x000000070da00000|100%|HC|  |TAMS 0x000000070d800000| PB 0x000000070d800000| Complete |  0
|  87|0x000000070da00000, 0x000000070dc00000, 0x000000070dc00000|100%|HC|  |TAMS 0x000000070da00000| PB 0x000000070da00000| Complete |  0
|  88|0x000000070dc00000, 0x000000070de00000, 0x000000070de00000|100%|HC|  |TAMS 0x000000070dc00000| PB 0x000000070dc00000| Complete |  0
|  89|0x000000070de00000, 0x000000070e000000, 0x000000070e000000|100%|HC|  |TAMS 0x000000070de00000| PB 0x000000070de00000| Complete |  0
|  90|0x000000070e000000, 0x000000070e200000, 0x000000070e200000|100%| O|  |TAMS 0x000000070e000000| PB 0x000000070e000000| Untracked |  0
|  91|0x000000070e200000, 0x000000070e400000, 0x000000070e400000|100%|HS|  |TAMS 0x000000070e200000| PB 0x000000070e200000| Complete |  0
|  92|0x000000070e400000, 0x000000070e600000, 0x000000070e600000|100%| O|  |TAMS 0x000000070e400000| PB 0x000000070e400000| Untracked |  0
|  93|0x000000070e600000, 0x000000070e800000, 0x000000070e800000|100%| O|  |TAMS 0x000000070e600000| PB 0x000000070e600000| Untracked |  0
|  94|0x000000070e800000, 0x000000070ea00000, 0x000000070ea00000|100%| O|  |TAMS 0x000000070e800000| PB 0x000000070e800000| Untracked |  0
|  95|0x000000070ea00000, 0x000000070ea78100, 0x000000070ec00000| 23%| O|  |TAMS 0x000000070ea00000| PB 0x000000070ea00000| Untracked |  0
|  96|0x000000070ec00000, 0x000000070ec00000, 0x000000070ee00000|  0%| F|  |TAMS 0x000000070ec00000| PB 0x000000070ec00000| Untracked |  0
|  97|0x000000070ee00000, 0x000000070ee00000, 0x000000070f000000|  0%| F|  |TAMS 0x000000070ee00000| PB 0x000000070ee00000| Untracked |  0
|  98|0x000000070f000000, 0x000000070f000000, 0x000000070f200000|  0%| F|  |TAMS 0x000000070f000000| PB 0x000000070f000000| Untracked |  0
|  99|0x000000070f200000, 0x000000070f200000, 0x000000070f400000|  0%| F|  |TAMS 0x000000070f200000| PB 0x000000070f200000| Untracked |  0
| 100|0x000000070f400000, 0x000000070f400000, 0x000000070f600000|  0%| F|  |TAMS 0x000000070f400000| PB 0x000000070f400000| Untracked |  0
| 101|0x000000070f600000, 0x000000070f600000, 0x000000070f800000|  0%| F|  |TAMS 0x000000070f600000| PB 0x000000070f600000| Untracked |  0
| 102|0x000000070f800000, 0x000000070f800000, 0x000000070fa00000|  0%| F|  |TAMS 0x000000070f800000| PB 0x000000070f800000| Untracked |  0
| 103|0x000000070fa00000, 0x000000070fa00000, 0x000000070fc00000|  0%| F|  |TAMS 0x000000070fa00000| PB 0x000000070fa00000| Untracked |  0
| 104|0x000000070fc00000, 0x000000070fe00000, 0x000000070fe00000|100%| S|CS|TAMS 0x000000070fc00000| PB 0x000000070fc00000| Complete |  0
| 105|0x000000070fe00000, 0x0000000710000000, 0x0000000710000000|100%| S|CS|TAMS 0x000000070fe00000| PB 0x000000070fe00000| Complete |  0
| 106|0x0000000710000000, 0x0000000710200000, 0x0000000710200000|100%| S|CS|TAMS 0x0000000710000000| PB 0x0000000710000000| Complete |  0
| 107|0x0000000710200000, 0x0000000710400000, 0x0000000710400000|100%| S|CS|TAMS 0x0000000710200000| PB 0x0000000710200000| Complete |  0
| 108|0x0000000710400000, 0x0000000710600000, 0x0000000710600000|100%| S|CS|TAMS 0x0000000710400000| PB 0x0000000710400000| Complete |  0
| 109|0x0000000710600000, 0x0000000710800000, 0x0000000710800000|100%| S|CS|TAMS 0x0000000710600000| PB 0x0000000710600000| Complete |  0
| 110|0x0000000710800000, 0x0000000710a00000, 0x0000000710a00000|100%| S|CS|TAMS 0x0000000710800000| PB 0x0000000710800000| Complete |  0
| 111|0x0000000710a00000, 0x0000000710a00000, 0x0000000710c00000|  0%| F|  |TAMS 0x0000000710a00000| PB 0x0000000710a00000| Untracked |  0
| 112|0x0000000710c00000, 0x0000000710c00000, 0x0000000710e00000|  0%| F|  |TAMS 0x0000000710c00000| PB 0x0000000710c00000| Untracked |  0
| 113|0x0000000710e00000, 0x0000000710e00000, 0x0000000711000000|  0%| F|  |TAMS 0x0000000710e00000| PB 0x0000000710e00000| Untracked |  0
| 114|0x0000000711000000, 0x0000000711000000, 0x0000000711200000|  0%| F|  |TAMS 0x0000000711000000| PB 0x0000000711000000| Untracked |  0
| 115|0x0000000711200000, 0x0000000711200000, 0x0000000711400000|  0%| F|  |TAMS 0x0000000711200000| PB 0x0000000711200000| Untracked |  0
| 116|0x0000000711400000, 0x0000000711400000, 0x0000000711600000|  0%| F|  |TAMS 0x0000000711400000| PB 0x0000000711400000| Untracked |  0
| 117|0x0000000711600000, 0x0000000711600000, 0x0000000711800000|  0%| F|  |TAMS 0x0000000711600000| PB 0x0000000711600000| Untracked |  0
| 118|0x0000000711800000, 0x0000000711800000, 0x0000000711a00000|  0%| F|  |TAMS 0x0000000711800000| PB 0x0000000711800000| Untracked |  0
| 119|0x0000000711a00000, 0x0000000711a00000, 0x0000000711c00000|  0%| F|  |TAMS 0x0000000711a00000| PB 0x0000000711a00000| Untracked |  0
| 120|0x0000000711c00000, 0x0000000711c00000, 0x0000000711e00000|  0%| F|  |TAMS 0x0000000711c00000| PB 0x0000000711c00000| Untracked |  0
| 121|0x0000000711e00000, 0x0000000711e00000, 0x0000000712000000|  0%| F|  |TAMS 0x0000000711e00000| PB 0x0000000711e00000| Untracked |  0
| 122|0x0000000712000000, 0x0000000712000000, 0x0000000712200000|  0%| F|  |TAMS 0x0000000712000000| PB 0x0000000712000000| Untracked |  0
| 123|0x0000000712200000, 0x0000000712200000, 0x0000000712400000|  0%| F|  |TAMS 0x0000000712200000| PB 0x0000000712200000| Untracked |  0
| 124|0x0000000712400000, 0x0000000712400000, 0x0000000712600000|  0%| F|  |TAMS 0x0000000712400000| PB 0x0000000712400000| Untracked |  0
| 125|0x0000000712600000, 0x0000000712600000, 0x0000000712800000|  0%| F|  |TAMS 0x0000000712600000| PB 0x0000000712600000| Untracked |  0
| 126|0x0000000712800000, 0x0000000712800000, 0x0000000712a00000|  0%| F|  |TAMS 0x0000000712800000| PB 0x0000000712800000| Untracked |  0
| 127|0x0000000712a00000, 0x0000000712a00000, 0x0000000712c00000|  0%| F|  |TAMS 0x0000000712a00000| PB 0x0000000712a00000| Untracked |  0
| 128|0x0000000712c00000, 0x0000000712c00000, 0x0000000712e00000|  0%| F|  |TAMS 0x0000000712c00000| PB 0x0000000712c00000| Untracked |  0
| 129|0x0000000712e00000, 0x0000000712e00000, 0x0000000713000000|  0%| F|  |TAMS 0x0000000712e00000| PB 0x0000000712e00000| Untracked |  0
| 130|0x0000000713000000, 0x0000000713000000, 0x0000000713200000|  0%| F|  |TAMS 0x0000000713000000| PB 0x0000000713000000| Untracked |  0
| 131|0x0000000713200000, 0x0000000713200000, 0x0000000713400000|  0%| F|  |TAMS 0x0000000713200000| PB 0x0000000713200000| Untracked |  0
| 132|0x0000000713400000, 0x0000000713400000, 0x0000000713600000|  0%| F|  |TAMS 0x0000000713400000| PB 0x0000000713400000| Untracked |  0
| 133|0x0000000713600000, 0x0000000713600000, 0x0000000713800000|  0%| F|  |TAMS 0x0000000713600000| PB 0x0000000713600000| Untracked |  0
| 134|0x0000000713800000, 0x0000000713800000, 0x0000000713a00000|  0%| F|  |TAMS 0x0000000713800000| PB 0x0000000713800000| Untracked |  0
| 135|0x0000000713a00000, 0x0000000713a00000, 0x0000000713c00000|  0%| F|  |TAMS 0x0000000713a00000| PB 0x0000000713a00000| Untracked |  0
| 136|0x0000000713c00000, 0x0000000713c00000, 0x0000000713e00000|  0%| F|  |TAMS 0x0000000713c00000| PB 0x0000000713c00000| Untracked |  0
| 137|0x0000000713e00000, 0x0000000714000000, 0x0000000714000000|100%| E|  |TAMS 0x0000000713e00000| PB 0x0000000713e00000| Complete |  0
| 138|0x0000000714000000, 0x0000000714200000, 0x0000000714200000|100%| E|CS|TAMS 0x0000000714000000| PB 0x0000000714000000| Complete |  0
| 139|0x0000000714200000, 0x0000000714400000, 0x0000000714400000|100%| E|CS|TAMS 0x0000000714200000| PB 0x0000000714200000| Complete |  0
| 140|0x0000000714400000, 0x0000000714600000, 0x0000000714600000|100%| E|CS|TAMS 0x0000000714400000| PB 0x0000000714400000| Complete |  0
| 141|0x0000000714600000, 0x0000000714800000, 0x0000000714800000|100%| E|CS|TAMS 0x0000000714600000| PB 0x0000000714600000| Complete |  0
| 142|0x0000000714800000, 0x0000000714a00000, 0x0000000714a00000|100%| E|CS|TAMS 0x0000000714800000| PB 0x0000000714800000| Complete |  0
| 143|0x0000000714a00000, 0x0000000714c00000, 0x0000000714c00000|100%| E|CS|TAMS 0x0000000714a00000| PB 0x0000000714a00000| Complete |  0
| 144|0x0000000714c00000, 0x0000000714e00000, 0x0000000714e00000|100%| E|CS|TAMS 0x0000000714c00000| PB 0x0000000714c00000| Complete |  0
| 145|0x0000000714e00000, 0x0000000715000000, 0x0000000715000000|100%| E|CS|TAMS 0x0000000714e00000| PB 0x0000000714e00000| Complete |  0
| 146|0x0000000715000000, 0x0000000715200000, 0x0000000715200000|100%| E|CS|TAMS 0x0000000715000000| PB 0x0000000715000000| Complete |  0
| 147|0x0000000715200000, 0x0000000715400000, 0x0000000715400000|100%| E|CS|TAMS 0x0000000715200000| PB 0x0000000715200000| Complete |  0
| 148|0x0000000715400000, 0x0000000715600000, 0x0000000715600000|100%| E|CS|TAMS 0x0000000715400000| PB 0x0000000715400000| Complete |  0
| 149|0x0000000715600000, 0x0000000715800000, 0x0000000715800000|100%| E|CS|TAMS 0x0000000715600000| PB 0x0000000715600000| Complete |  0
| 150|0x0000000715800000, 0x0000000715a00000, 0x0000000715a00000|100%| E|CS|TAMS 0x0000000715800000| PB 0x0000000715800000| Complete |  0
| 151|0x0000000715a00000, 0x0000000715c00000, 0x0000000715c00000|100%| E|CS|TAMS 0x0000000715a00000| PB 0x0000000715a00000| Complete |  0
| 152|0x0000000715c00000, 0x0000000715e00000, 0x0000000715e00000|100%| E|CS|TAMS 0x0000000715c00000| PB 0x0000000715c00000| Complete |  0
| 153|0x0000000715e00000, 0x0000000716000000, 0x0000000716000000|100%| E|CS|TAMS 0x0000000715e00000| PB 0x0000000715e00000| Complete |  0
| 154|0x0000000716000000, 0x0000000716200000, 0x0000000716200000|100%| E|CS|TAMS 0x0000000716000000| PB 0x0000000716000000| Complete |  0
| 155|0x0000000716200000, 0x0000000716400000, 0x0000000716400000|100%| E|CS|TAMS 0x0000000716200000| PB 0x0000000716200000| Complete |  0
| 156|0x0000000716400000, 0x0000000716600000, 0x0000000716600000|100%| E|CS|TAMS 0x0000000716400000| PB 0x0000000716400000| Complete |  0
| 157|0x0000000716600000, 0x0000000716800000, 0x0000000716800000|100%| E|CS|TAMS 0x0000000716600000| PB 0x0000000716600000| Complete |  0
| 158|0x0000000716800000, 0x0000000716a00000, 0x0000000716a00000|100%| E|CS|TAMS 0x0000000716800000| PB 0x0000000716800000| Complete |  0
| 159|0x0000000716a00000, 0x0000000716c00000, 0x0000000716c00000|100%| E|CS|TAMS 0x0000000716a00000| PB 0x0000000716a00000| Complete |  0
| 160|0x0000000716c00000, 0x0000000716e00000, 0x0000000716e00000|100%| E|CS|TAMS 0x0000000716c00000| PB 0x0000000716c00000| Complete |  0
| 161|0x0000000716e00000, 0x0000000717000000, 0x0000000717000000|100%| E|CS|TAMS 0x0000000716e00000| PB 0x0000000716e00000| Complete |  0
| 162|0x0000000717000000, 0x0000000717200000, 0x0000000717200000|100%| E|CS|TAMS 0x0000000717000000| PB 0x0000000717000000| Complete |  0
| 163|0x0000000717200000, 0x0000000717400000, 0x0000000717400000|100%| E|CS|TAMS 0x0000000717200000| PB 0x0000000717200000| Complete |  0
| 164|0x0000000717400000, 0x0000000717600000, 0x0000000717600000|100%| E|CS|TAMS 0x0000000717400000| PB 0x0000000717400000| Complete |  0
| 165|0x0000000717600000, 0x0000000717800000, 0x0000000717800000|100%| E|CS|TAMS 0x0000000717600000| PB 0x0000000717600000| Complete |  0
| 166|0x0000000717800000, 0x0000000717a00000, 0x0000000717a00000|100%| E|CS|TAMS 0x0000000717800000| PB 0x0000000717800000| Complete |  0
| 167|0x0000000717a00000, 0x0000000717c00000, 0x0000000717c00000|100%| E|CS|TAMS 0x0000000717a00000| PB 0x0000000717a00000| Complete |  0
| 168|0x0000000717c00000, 0x0000000717e00000, 0x0000000717e00000|100%| E|CS|TAMS 0x0000000717c00000| PB 0x0000000717c00000| Complete |  0
| 169|0x0000000717e00000, 0x0000000718000000, 0x0000000718000000|100%| E|CS|TAMS 0x0000000717e00000| PB 0x0000000717e00000| Complete |  0
| 170|0x0000000718000000, 0x0000000718200000, 0x0000000718200000|100%| E|CS|TAMS 0x0000000718000000| PB 0x0000000718000000| Complete |  0
| 171|0x0000000718200000, 0x0000000718400000, 0x0000000718400000|100%| E|CS|TAMS 0x0000000718200000| PB 0x0000000718200000| Complete |  0
| 172|0x0000000718400000, 0x0000000718600000, 0x0000000718600000|100%| E|CS|TAMS 0x0000000718400000| PB 0x0000000718400000| Complete |  0
| 173|0x0000000718600000, 0x0000000718800000, 0x0000000718800000|100%| E|CS|TAMS 0x0000000718600000| PB 0x0000000718600000| Complete |  0
| 174|0x0000000718800000, 0x0000000718a00000, 0x0000000718a00000|100%| E|CS|TAMS 0x0000000718800000| PB 0x0000000718800000| Complete |  0
| 175|0x0000000718a00000, 0x0000000718c00000, 0x0000000718c00000|100%| E|CS|TAMS 0x0000000718a00000| PB 0x0000000718a00000| Complete |  0
| 176|0x0000000718c00000, 0x0000000718e00000, 0x0000000718e00000|100%| E|CS|TAMS 0x0000000718c00000| PB 0x0000000718c00000| Complete |  0
| 177|0x0000000718e00000, 0x0000000719000000, 0x0000000719000000|100%| E|CS|TAMS 0x0000000718e00000| PB 0x0000000718e00000| Complete |  0
| 178|0x0000000719000000, 0x0000000719200000, 0x0000000719200000|100%| E|CS|TAMS 0x0000000719000000| PB 0x0000000719000000| Complete |  0
| 179|0x0000000719200000, 0x0000000719400000, 0x0000000719400000|100%| E|CS|TAMS 0x0000000719200000| PB 0x0000000719200000| Complete |  0
| 180|0x0000000719400000, 0x0000000719600000, 0x0000000719600000|100%| E|CS|TAMS 0x0000000719400000| PB 0x0000000719400000| Complete |  0
| 181|0x0000000719600000, 0x0000000719800000, 0x0000000719800000|100%| E|CS|TAMS 0x0000000719600000| PB 0x0000000719600000| Complete |  0
| 182|0x0000000719800000, 0x0000000719a00000, 0x0000000719a00000|100%| E|CS|TAMS 0x0000000719800000| PB 0x0000000719800000| Complete |  0
| 183|0x0000000719a00000, 0x0000000719c00000, 0x0000000719c00000|100%| E|CS|TAMS 0x0000000719a00000| PB 0x0000000719a00000| Complete |  0
| 184|0x0000000719c00000, 0x0000000719e00000, 0x0000000719e00000|100%| E|CS|TAMS 0x0000000719c00000| PB 0x0000000719c00000| Complete |  0
| 185|0x0000000719e00000, 0x000000071a000000, 0x000000071a000000|100%| E|CS|TAMS 0x0000000719e00000| PB 0x0000000719e00000| Complete |  0
| 186|0x000000071a000000, 0x000000071a200000, 0x000000071a200000|100%| E|CS|TAMS 0x000000071a000000| PB 0x000000071a000000| Complete |  0
| 187|0x000000071a200000, 0x000000071a400000, 0x000000071a400000|100%| E|CS|TAMS 0x000000071a200000| PB 0x000000071a200000| Complete |  0
| 188|0x000000071a400000, 0x000000071a600000, 0x000000071a600000|100%| E|CS|TAMS 0x000000071a400000| PB 0x000000071a400000| Complete |  0
| 189|0x000000071a600000, 0x000000071a800000, 0x000000071a800000|100%| E|CS|TAMS 0x000000071a600000| PB 0x000000071a600000| Complete |  0
| 190|0x000000071a800000, 0x000000071aa00000, 0x000000071aa00000|100%| E|CS|TAMS 0x000000071a800000| PB 0x000000071a800000| Complete |  0
| 191|0x000000071aa00000, 0x000000071ac00000, 0x000000071ac00000|100%| E|CS|TAMS 0x000000071aa00000| PB 0x000000071aa00000| Complete |  0
| 192|0x000000071ac00000, 0x000000071ae00000, 0x000000071ae00000|100%| E|CS|TAMS 0x000000071ac00000| PB 0x000000071ac00000| Complete |  0
| 193|0x000000071ae00000, 0x000000071b000000, 0x000000071b000000|100%| E|CS|TAMS 0x000000071ae00000| PB 0x000000071ae00000| Complete |  0
| 194|0x000000071b000000, 0x000000071b200000, 0x000000071b200000|100%| E|CS|TAMS 0x000000071b000000| PB 0x000000071b000000| Complete |  0
| 195|0x000000071b200000, 0x000000071b400000, 0x000000071b400000|100%| E|CS|TAMS 0x000000071b200000| PB 0x000000071b200000| Complete |  0
| 196|0x000000071b400000, 0x000000071b600000, 0x000000071b600000|100%| E|CS|TAMS 0x000000071b400000| PB 0x000000071b400000| Complete |  0
| 197|0x000000071b600000, 0x000000071b800000, 0x000000071b800000|100%| E|CS|TAMS 0x000000071b600000| PB 0x000000071b600000| Complete |  0
| 198|0x000000071b800000, 0x000000071ba00000, 0x000000071ba00000|100%| E|CS|TAMS 0x000000071b800000| PB 0x000000071b800000| Complete |  0
| 199|0x000000071ba00000, 0x000000071bc00000, 0x000000071bc00000|100%| E|CS|TAMS 0x000000071ba00000| PB 0x000000071ba00000| Complete |  0
| 200|0x000000071bc00000, 0x000000071be00000, 0x000000071be00000|100%| E|CS|TAMS 0x000000071bc00000| PB 0x000000071bc00000| Complete |  0
| 201|0x000000071be00000, 0x000000071c000000, 0x000000071c000000|100%| E|CS|TAMS 0x000000071be00000| PB 0x000000071be00000| Complete |  0
| 202|0x000000071c000000, 0x000000071c200000, 0x000000071c200000|100%| E|CS|TAMS 0x000000071c000000| PB 0x000000071c000000| Complete |  0
| 203|0x000000071c200000, 0x000000071c400000, 0x000000071c400000|100%| E|CS|TAMS 0x000000071c200000| PB 0x000000071c200000| Complete |  0

Card table byte_map: [0x0000022dd72d0000,0x0000022dd7ac0000] _byte_map_base: 0x0000022dd3aba000

Marking Bits: (CMBitMap*) 0x0000022dbd5a7150
 Bits: [0x0000022dd7ac0000, 0x0000022ddba10000)

Polling page: 0x0000022dc7040000

Metaspace:

Usage:
  Non-class:     27.80 MB used.
      Class:      4.26 MB used.
       Both:     32.06 MB used.

Virtual space:
  Non-class space:       64.00 MB reserved,      28.12 MB ( 44%) committed,  1 nodes.
      Class space:        1.00 GB reserved,       4.50 MB ( <1%) committed,  1 nodes.
             Both:        1.06 GB reserved,      32.62 MB (  3%) committed. 

Chunk freelists:
   Non-Class:  3.50 MB
       Class:  11.44 MB
        Both:  14.94 MB

MaxMetaspaceSize: unlimited
CompressedClassSpaceSize: 1.00 GB
Initial GC threshold: 21.00 MB
Current GC threshold: 34.19 MB
CDS: on
 - commit_granule_bytes: 65536.
 - commit_granule_words: 8192.
 - virtual_space_node_default_size: 8388608.
 - enlarge_chunks_in_place: 1.
 - use_allocation_guard: 0.


Internal statistics:

num_allocs_failed_limit: 0.
num_arena_births: 832.
num_arena_deaths: 0.
num_vsnodes_births: 2.
num_vsnodes_deaths: 0.
num_space_committed: 522.
num_space_uncommitted: 0.
num_chunks_returned_to_freelist: 0.
num_chunks_taken_from_freelist: 1829.
num_chunk_merges: 0.
num_chunk_splits: 1186.
num_chunks_enlarged: 752.
num_inconsistent_stats: 0.

CodeHeap 'non-profiled nmethods': size=120000Kb used=3918Kb max_used=3918Kb free=116081Kb
 bounds [0x0000022dceb30000, 0x0000022dcef10000, 0x0000022dd6060000]
CodeHeap 'profiled nmethods': size=120000Kb used=12740Kb max_used=12740Kb free=107259Kb
 bounds [0x0000022dc7060000, 0x0000022dc7ce0000, 0x0000022dce590000]
CodeHeap 'non-nmethods': size=5760Kb used=2061Kb max_used=2143Kb free=3698Kb
 bounds [0x0000022dce590000, 0x0000022dce800000, 0x0000022dceb30000]
 total_blobs=7515 nmethods=6500 adapters=919
 compilation: enabled
              stopped_count=0, restarted_count=0
 full_count=0

Compilation events (20 events):
Event: 18.628 Thread 0x0000022dde4de1a0 nmethod 6821 0x0000022dceeede10 code [0x0000022dceeee040, 0x0000022dceeeea08]
Event: 18.628 Thread 0x0000022dde4de1a0 6822       4       com.sun.javafx.font.FontStrikeDesc::<init> (73 bytes)
Event: 18.631 Thread 0x0000022dde4de1a0 nmethod 6822 0x0000022dceeef090 code [0x0000022dceeef280, 0x0000022dceeef720]
Event: 18.659 Thread 0x0000022dde4de1a0 6823       4       com.sun.javafx.font.FontStrikeDesc::equals (98 bytes)
Event: 18.661 Thread 0x0000022dde4de1a0 nmethod 6823 0x0000022dceeef990 code [0x0000022dceeefb40, 0x0000022dceeefe68]
Event: 18.685 Thread 0x0000022dde4de1a0 6824       4       com.sun.javafx.geom.transform.Affine3D::reset3Delements (31 bytes)
Event: 18.686 Thread 0x0000022dde4de1a0 nmethod 6824 0x0000022dceef0090 code [0x0000022dceef0220, 0x0000022dceef02c8]
Event: 18.704 Thread 0x0000022dde4de1a0 6825       4       com.sun.prism.impl.ps.BaseShaderGraphics::renderGeneralRoundedRect (388 bytes)
Event: 18.706 Thread 0x0000022dde4de1a0 nmethod 6825 0x0000022dceef0390 code [0x0000022dceef0560, 0x0000022dceef09c0]
Event: 18.763 Thread 0x0000022dde4de1a0 6826       4       com.sun.prism.impl.ps.BaseShaderGraphics::renderGeneralRoundedPgram (1199 bytes)
Event: 18.874 Thread 0x0000022dde4de1a0 nmethod 6826 0x0000022dceef0d90 code [0x0000022dceef1400, 0x0000022dceef89f0]
Event: 18.875 Thread 0x0000022dde4de1a0 6828       4       com.sun.prism.impl.ps.BaseShaderContext::validatePaintOp (17 bytes)
Event: 18.919 Thread 0x0000022dde4de1a0 nmethod 6828 0x0000022dceefc790 code [0x0000022dceefcc40, 0x0000022dcef00000]
Event: 18.919 Thread 0x0000022dde4de1a0 6829       4       java.lang.Thread::isVirtual (5 bytes)
Event: 18.920 Thread 0x0000022dde4de1a0 nmethod 6829 0x0000022dcef02590 code [0x0000022dcef02700, 0x0000022dcef027b8]
Event: 18.920 Thread 0x0000022dde4de1a0 6827       4       com.sun.prism.impl.VertexBuffer::addMappedPgram (527 bytes)
Event: 18.923 Thread 0x0000022dde4de1a0 nmethod 6827 0x0000022dcef02890 code [0x0000022dcef02a20, 0x0000022dcef02e50]
Event: 18.975 Thread 0x0000022dde4de1a0 6830       4       com.sun.prism.impl.BaseResourcePool::freeDisposalRequestedAndCheckResources (156 bytes)
Event: 18.978 Thread 0x0000022dde4de1a0 nmethod 6830 0x0000022dcef03190 code [0x0000022dcef03340, 0x0000022dcef03678]
Event: 18.978 Thread 0x0000022dde4de1a0 6831       4       com.sun.prism.impl.ps.BaseShaderGraphics::drawString (857 bytes)

GC Heap History (14 events):
Event: 0.450 GC heap before
{Heap before GC invocations=0 (full 0):
 garbage-first heap   total reserved 4149248K, committed 260096K, used 24576K [0x0000000702c00000, 0x0000000800000000)
  region size 2048K, 12 young (24576K), 0 survivors (0K)
 Metaspace       used 4719K, committed 4992K, reserved 1114112K
  class space    used 518K, committed 640K, reserved 1048576K
}
Event: 0.452 GC heap after
{Heap after GC invocations=1 (full 0):
 garbage-first heap   total reserved 4149248K, committed 260096K, used 2812K [0x0000000702c00000, 0x0000000800000000)
  region size 2048K, 2 young (4096K), 2 survivors (4096K)
 Metaspace       used 4719K, committed 4992K, reserved 1114112K
  class space    used 518K, committed 640K, reserved 1048576K
}
Event: 1.027 GC heap before
{Heap before GC invocations=1 (full 0):
 garbage-first heap   total reserved 4149248K, committed 260096K, used 49916K [0x0000000702c00000, 0x0000000800000000)
  region size 2048K, 24 young (49152K), 2 survivors (4096K)
 Metaspace       used 15432K, committed 15744K, reserved 1114112K
  class space    used 2023K, committed 2176K, reserved 1048576K
}
Event: 1.032 GC heap after
{Heap after GC invocations=2 (full 0):
 garbage-first heap   total reserved 4149248K, committed 260096K, used 12610K [0x0000000702c00000, 0x0000000800000000)
  region size 2048K, 3 young (6144K), 3 survivors (6144K)
 Metaspace       used 15432K, committed 15744K, reserved 1114112K
  class space    used 2023K, committed 2176K, reserved 1048576K
}
Event: 1.267 GC heap before
{Heap before GC invocations=2 (full 0):
 garbage-first heap   total reserved 4149248K, committed 260096K, used 115010K [0x0000000702c00000, 0x0000000800000000)
  region size 2048K, 4 young (8192K), 3 survivors (6144K)
 Metaspace       used 15533K, committed 15872K, reserved 1114112K
  class space    used 2029K, committed 2176K, reserved 1048576K
}
Event: 1.270 GC heap after
{Heap after GC invocations=3 (full 0):
 garbage-first heap   total reserved 4149248K, committed 260096K, used 115867K [0x0000000702c00000, 0x0000000800000000)
  region size 2048K, 4 young (8192K), 4 survivors (8192K)
 Metaspace       used 15533K, committed 15872K, reserved 1114112K
  class space    used 2029K, committed 2176K, reserved 1048576K
}
Event: 1.324 GC heap before
{Heap before GC invocations=3 (full 0):
 garbage-first heap   total reserved 4149248K, committed 260096K, used 140443K [0x0000000702c00000, 0x0000000800000000)
  region size 2048K, 5 young (10240K), 4 survivors (8192K)
 Metaspace       used 15534K, committed 15872K, reserved 1114112K
  class space    used 2029K, committed 2176K, reserved 1048576K
}
Event: 1.327 GC heap after
{Heap after GC invocations=4 (full 0):
 garbage-first heap   total reserved 4149248K, committed 260096K, used 140314K [0x0000000702c00000, 0x0000000800000000)
  region size 2048K, 4 young (8192K), 4 survivors (8192K)
 Metaspace       used 15534K, committed 15872K, reserved 1114112K
  class space    used 2029K, committed 2176K, reserved 1048576K
}
Event: 1.382 GC heap before
{Heap before GC invocations=5 (full 0):
 garbage-first heap   total reserved 4149248K, committed 280576K, used 164890K [0x0000000702c00000, 0x0000000800000000)
  region size 2048K, 5 young (10240K), 4 survivors (8192K)
 Metaspace       used 15534K, committed 15872K, reserved 1114112K
  class space    used 2029K, committed 2176K, reserved 1048576K
}
Event: 1.386 GC heap after
{Heap after GC invocations=6 (full 0):
 garbage-first heap   total reserved 4149248K, committed 280576K, used 165107K [0x0000000702c00000, 0x0000000800000000)
  region size 2048K, 4 young (8192K), 4 survivors (8192K)
 Metaspace       used 15534K, committed 15872K, reserved 1114112K
  class space    used 2029K, committed 2176K, reserved 1048576K
}
Event: 1.845 GC heap before
{Heap before GC invocations=7 (full 0):
 garbage-first heap   total reserved 4149248K, committed 321536K, used 222451K [0x0000000702c00000, 0x0000000800000000)
  region size 2048K, 21 young (43008K), 4 survivors (8192K)
 Metaspace       used 20627K, committed 20992K, reserved 1114112K
  class space    used 2931K, committed 3072K, reserved 1048576K
}
Event: 1.851 GC heap after
{Heap after GC invocations=8 (full 0):
 garbage-first heap   total reserved 4149248K, committed 321536K, used 193215K [0x0000000702c00000, 0x0000000800000000)
  region size 2048K, 5 young (10240K), 5 survivors (10240K)
 Metaspace       used 20627K, committed 20992K, reserved 1114112K
  class space    used 2931K, committed 3072K, reserved 1048576K
}
Event: 8.620 GC heap before
{Heap before GC invocations=9 (full 0):
 garbage-first heap   total reserved 4149248K, committed 331776K, used 289471K [0x0000000702c00000, 0x0000000800000000)
  region size 2048K, 51 young (104448K), 5 survivors (10240K)
 Metaspace       used 32446K, committed 33024K, reserved 1114112K
  class space    used 4359K, committed 4608K, reserved 1048576K
}
Event: 8.630 GC heap after
{Heap after GC invocations=10 (full 0):
 garbage-first heap   total reserved 4149248K, committed 417792K, used 209376K [0x0000000702c00000, 0x0000000800000000)
  region size 2048K, 7 young (14336K), 7 survivors (14336K)
 Metaspace       used 32446K, committed 33024K, reserved 1114112K
  class space    used 4359K, committed 4608K, reserved 1048576K
}

Dll operation events (20 events):
Event: 0.310 Loaded shared library C:\Users\elyes\.openjfx\cache\16+8\amd64\api-ms-win-crt-private-l1-1-0.dll
Event: 0.311 Loaded shared library C:\Users\elyes\.openjfx\cache\16+8\amd64\api-ms-win-crt-process-l1-1-0.dll
Event: 0.313 Loaded shared library C:\Users\elyes\.openjfx\cache\16+8\amd64\api-ms-win-crt-runtime-l1-1-0.dll
Event: 0.315 Loaded shared library C:\Users\elyes\.openjfx\cache\16+8\amd64\api-ms-win-crt-stdio-l1-1-0.dll
Event: 0.317 Loaded shared library C:\Users\elyes\.openjfx\cache\16+8\amd64\api-ms-win-crt-string-l1-1-0.dll
Event: 0.318 Loaded shared library C:\Users\elyes\.openjfx\cache\16+8\amd64\api-ms-win-crt-time-l1-1-0.dll
Event: 0.320 Loaded shared library C:\Users\elyes\.openjfx\cache\16+8\amd64\api-ms-win-crt-utility-l1-1-0.dll
Event: 0.330 Loaded shared library C:\Users\elyes\.openjfx\cache\16+8\amd64\ucrtbase.dll
Event: 0.333 Loaded shared library C:\Users\elyes\.openjfx\cache\16+8\amd64\vcruntime140.dll
Event: 0.335 Loaded shared library C:\Users\elyes\.openjfx\cache\16+8\amd64\vcruntime140_1.dll
Event: 0.341 Loaded shared library C:\Users\elyes\.openjfx\cache\16+8\amd64\msvcp140.dll
Event: 0.342 Loaded shared library C:\Users\elyes\.openjfx\cache\16+8\amd64\msvcp140_1.dll
Event: 0.345 Loaded shared library C:\Users\elyes\.openjfx\cache\16+8\amd64\msvcp140_2.dll
Event: 0.368 Loaded shared library C:\Users\elyes\.openjfx\cache\16+8\amd64\prism_d3d.dll
Event: 0.393 Loaded shared library C:\Users\elyes\.openjfx\cache\16+8\amd64\glass.dll
Event: 0.466 Loaded shared library C:\Users\elyes\.jdks\openjdk-22\bin\jimage.dll
Event: 0.571 Loaded shared library C:\Users\elyes\.openjfx\cache\16+8\amd64\javafx_font.dll
Event: 0.743 Loaded shared library C:\Users\elyes\.openjfx\cache\16+8\amd64\javafx_iio.dll
Event: 4.289 Loaded shared library C:\Users\elyes\.openjfx\cache\16+8\amd64\jfxwebkit.dll
Event: 4.495 Loaded shared library C:\Users\elyes\.jdks\openjdk-22\bin\sunmscapi.dll

Deoptimization events (20 events):
Event: 14.851 Thread 0x0000022e2495ac50 DEOPT PACKING pc=0x0000022dceec9934 sp=0x0000006592dfcd10
Event: 14.851 Thread 0x0000022e2495ac50 DEOPT UNPACKING pc=0x0000022dce5e46a2 sp=0x0000006592dfcca8 mode 2
Event: 14.851 Thread 0x0000022e2495ac50 Uncommon trap: trap_request=0xffffff45 fr.pc=0x0000022dcee94790 relative=0x0000000000001c10
Event: 14.851 Thread 0x0000022e2495ac50 Uncommon trap: reason=unstable_if action=reinterpret pc=0x0000022dcee94790 method=com.sun.prism.impl.ps.BaseShaderContext.getStockShaderIndex(Lcom/sun/prism/impl/ps/BaseShaderContext$MaskType;Lcom/sun/prism/paint/Paint;)I @ 26 c2
Event: 14.851 Thread 0x0000022e2495ac50 DEOPT PACKING pc=0x0000022dcee94790 sp=0x0000006592dfcb50
Event: 14.851 Thread 0x0000022e2495ac50 DEOPT UNPACKING pc=0x0000022dce5e46a2 sp=0x0000006592dfca18 mode 2
Event: 14.851 Thread 0x0000022e2495ac50 Uncommon trap: trap_request=0xffffff45 fr.pc=0x0000022dcee993f4 relative=0x00000000000006f4
Event: 14.851 Thread 0x0000022e2495ac50 Uncommon trap: reason=unstable_if action=reinterpret pc=0x0000022dcee993f4 method=com.sun.prism.impl.ps.BaseShaderContext.getStockShaderIndex(Lcom/sun/prism/impl/ps/BaseShaderContext$MaskType;Lcom/sun/prism/paint/Paint;)I @ 26 c2
Event: 14.851 Thread 0x0000022e2495ac50 DEOPT PACKING pc=0x0000022dcee993f4 sp=0x0000006592dfcab0
Event: 14.851 Thread 0x0000022e2495ac50 DEOPT UNPACKING pc=0x0000022dce5e46a2 sp=0x0000006592dfca08 mode 2
Event: 14.851 Thread 0x0000022e2495ac50 Uncommon trap: trap_request=0xffffff45 fr.pc=0x0000022dcee29364 relative=0x00000000000003a4
Event: 14.851 Thread 0x0000022e2495ac50 Uncommon trap: reason=unstable_if action=reinterpret pc=0x0000022dcee29364 method=com.sun.javafx.geom.Path2D.getBounds()Lcom/sun/javafx/geom/RectBounds; @ 81 c2
Event: 14.851 Thread 0x0000022e2495ac50 DEOPT PACKING pc=0x0000022dcee29364 sp=0x0000006592dfc5f0
Event: 14.851 Thread 0x0000022e2495ac50 DEOPT UNPACKING pc=0x0000022dce5e46a2 sp=0x0000006592dfc568 mode 2
Event: 14.851 Thread 0x0000022e2495ac50 Uncommon trap: trap_request=0xffffff45 fr.pc=0x0000022dceec6018 relative=0x0000000000000a18
Event: 14.851 Thread 0x0000022e2495ac50 Uncommon trap: reason=unstable_if action=reinterpret pc=0x0000022dceec6018 method=com.sun.javafx.geom.Path2D.<init>(Lcom/sun/javafx/geom/Shape;Lcom/sun/javafx/geom/transform/BaseTransform;)V @ 56 c2
Event: 14.851 Thread 0x0000022e2495ac50 DEOPT PACKING pc=0x0000022dceec6018 sp=0x0000006592dfc520
Event: 14.851 Thread 0x0000022e2495ac50 DEOPT UNPACKING pc=0x0000022dce5e46a2 sp=0x0000006592dfc518 mode 2
Event: 18.975 Thread 0x0000022e2495ac50 DEOPT PACKING pc=0x0000022dc7b41012 sp=0x0000006592dff0d0
Event: 18.975 Thread 0x0000022e2495ac50 DEOPT UNPACKING pc=0x0000022dce5e4e42 sp=0x0000006592dfe588 mode 0

Classes loaded (20 events):
Event: 5.093 Loading class java/util/zip/ZipInputStream
Event: 5.093 Loading class java/util/zip/ZipInputStream done
Event: 5.093 Loading class java/io/PushbackInputStream
Event: 5.094 Loading class java/io/PushbackInputStream done
Event: 5.105 Loading class sun/security/util/DomainName$Rules$RuleSet
Event: 5.105 Loading class sun/security/util/DomainName$Rules$RuleSet done
Event: 5.105 Loading class sun/security/util/RegisteredDomain$Type
Event: 5.105 Loading class sun/security/util/RegisteredDomain$Type done
Event: 5.105 Loading class sun/security/util/DomainName$Rule
Event: 5.105 Loading class sun/security/util/DomainName$Rule done
Event: 5.105 Loading class sun/security/util/DomainName$Rule$Type
Event: 5.105 Loading class sun/security/util/DomainName$Rule$Type done
Event: 5.106 Loading class java/util/LinkedList$DescendingIterator
Event: 5.106 Loading class java/util/LinkedList$DescendingIterator done
Event: 5.106 Loading class sun/security/util/DomainName$CommonMatch
Event: 5.107 Loading class sun/security/util/DomainName$Match
Event: 5.107 Loading class sun/security/util/DomainName$Match done
Event: 5.107 Loading class sun/security/util/DomainName$CommonMatch done
Event: 5.107 Loading class sun/security/util/DomainName$RegisteredDomainImpl
Event: 5.107 Loading class sun/security/util/DomainName$RegisteredDomainImpl done

Classes unloaded (0 events):
No events

Classes redefined (0 events):
No events

Internal exceptions (20 events):
Event: 4.567 Thread 0x0000022e24c4f630 Exception <a 'java/lang/NoSuchMethodError'{0x0000000715441b60}: 'void java.lang.invoke.DirectMethodHandle$Holder.invokeInterface(java.lang.Object, java.lang.Object, java.lang.Object)'> (0x0000000715441b60) 
thrown [s\open\src\hotspot\share\interpreter\linkResolver.cpp, line 774]
Event: 4.718 Thread 0x0000022e24c4fcc0 Exception <a 'java/lang/NoSuchMethodError'{0x0000000715309530}: 'void java.lang.invoke.DirectMethodHandle$Holder.invokeInterface(java.lang.Object, java.lang.Object)'> (0x0000000715309530) 
thrown [s\open\src\hotspot\share\interpreter\linkResolver.cpp, line 774]
Event: 4.894 Thread 0x0000022e2d193d80 Exception <a 'java/lang/NoSuchMethodError'{0x0000000714aa8230}: 'void java.lang.invoke.DirectMethodHandle$Holder.invokeVirtual(java.lang.Object, java.lang.Object, java.lang.Object, java.lang.Object)'> (0x0000000714aa8230) 
thrown [s\open\src\hotspot\share\interpreter\linkResolver.cpp, line 774]
Event: 4.984 Thread 0x0000022e244048f0 Exception <a 'java/io/FileNotFoundException'{0x00000007156a0978}> (0x00000007156a0978) 
thrown [s\open\src\hotspot\share\prims\jni.cpp, line 520]
Event: 4.984 Thread 0x0000022e244048f0 Exception <a 'java/io/FileNotFoundException'{0x00000007156a17b8}> (0x00000007156a17b8) 
thrown [s\open\src\hotspot\share\prims\jni.cpp, line 520]
Event: 4.984 Thread 0x0000022e244048f0 Exception <a 'java/io/FileNotFoundException'{0x00000007156a2610}> (0x00000007156a2610) 
thrown [s\open\src\hotspot\share\prims\jni.cpp, line 520]
Event: 4.984 Thread 0x0000022e244048f0 Exception <a 'java/io/FileNotFoundException'{0x00000007156a3450}> (0x00000007156a3450) 
thrown [s\open\src\hotspot\share\prims\jni.cpp, line 520]
Event: 4.985 Thread 0x0000022e244048f0 Exception <a 'java/io/FileNotFoundException'{0x00000007156b2698}> (0x00000007156b2698) 
thrown [s\open\src\hotspot\share\prims\jni.cpp, line 520]
Event: 4.985 Thread 0x0000022e244048f0 Exception <a 'java/io/FileNotFoundException'{0x00000007156b34d8}> (0x00000007156b34d8) 
thrown [s\open\src\hotspot\share\prims\jni.cpp, line 520]
Event: 4.985 Thread 0x0000022e244048f0 Exception <a 'java/io/FileNotFoundException'{0x00000007156b4330}> (0x00000007156b4330) 
thrown [s\open\src\hotspot\share\prims\jni.cpp, line 520]
Event: 4.985 Thread 0x0000022e244048f0 Exception <a 'java/io/FileNotFoundException'{0x00000007156b5170}> (0x00000007156b5170) 
thrown [s\open\src\hotspot\share\prims\jni.cpp, line 520]
Event: 5.001 Thread 0x0000022e244048f0 Exception <a 'java/io/FileNotFoundException'{0x00000007156d3a78}> (0x00000007156d3a78) 
thrown [s\open\src\hotspot\share\prims\jni.cpp, line 520]
Event: 5.001 Thread 0x0000022e244048f0 Exception <a 'java/io/FileNotFoundException'{0x00000007156d48b8}> (0x00000007156d48b8) 
thrown [s\open\src\hotspot\share\prims\jni.cpp, line 520]
Event: 5.001 Thread 0x0000022e244048f0 Exception <a 'java/io/FileNotFoundException'{0x00000007156d5710}> (0x00000007156d5710) 
thrown [s\open\src\hotspot\share\prims\jni.cpp, line 520]
Event: 5.001 Thread 0x0000022e244048f0 Exception <a 'java/io/FileNotFoundException'{0x00000007156d6550}> (0x00000007156d6550) 
thrown [s\open\src\hotspot\share\prims\jni.cpp, line 520]
Event: 5.085 Thread 0x0000022e244048f0 Implicit null exception at 0x0000022dcec14e06 to 0x0000022dcec14fec
Event: 8.023 Thread 0x0000022e244048f0 Exception <a 'java/lang/NoSuchMethodError'{0x0000000711a20c70}: 'java.lang.Object java.lang.invoke.DirectMethodHandle$Holder.newInvokeSpecial(java.lang.Object, java.lang.Object, int, int, int, int, int, java.lang.Object)'> (0x0000000711a20c70) 
thrown [s\open\src\hotspot\share\interpreter\linkResolver.cpp, line 774]
Event: 8.024 Thread 0x0000022e244048f0 Exception <a 'java/lang/NoSuchMethodError'{0x0000000711a32990}: 'java.lang.Object java.lang.invoke.DirectMethodHandle$Holder.newInvokeSpecial(java.lang.Object, java.lang.Object, java.lang.Object, int, int, int, int, int)'> (0x0000000711a32990) 
thrown [s\open\src\hotspot\share\interpreter\linkResolver.cpp, line 774]
Event: 8.024 Thread 0x0000022e244048f0 Exception <a 'java/lang/NoSuchMethodError'{0x0000000711a39d00}: 'java.lang.Object java.lang.invoke.Invokers$Holder.linkToTargetMethod(java.lang.Object, java.lang.Object, int, int, int, int, int, java.lang.Object)'> (0x0000000711a39d00) 
thrown [s\open\src\hotspot\share\interpreter\linkResolver.cpp, line 774]
Event: 8.180 Thread 0x0000022e2495ac50 Implicit null exception at 0x0000022dceda10a8 to 0x0000022dceda3018

ZGC Phase Switch (0 events):
No events

VM Operations (20 events):
Event: 7.090 Executing VM operation: Cleanup
Event: 7.090 Executing VM operation: Cleanup done
Event: 8.090 Executing VM operation: Cleanup
Event: 8.090 Executing VM operation: Cleanup done
Event: 8.619 Executing VM operation: G1CollectForAllocation (G1 Evacuation Pause)
Event: 8.630 Executing VM operation: G1CollectForAllocation (G1 Evacuation Pause) done
Event: 10.630 Executing VM operation: Cleanup
Event: 10.630 Executing VM operation: Cleanup done
Event: 11.631 Executing VM operation: Cleanup
Event: 11.631 Executing VM operation: Cleanup done
Event: 12.631 Executing VM operation: Cleanup
Event: 12.631 Executing VM operation: Cleanup done
Event: 13.632 Executing VM operation: Cleanup
Event: 13.632 Executing VM operation: Cleanup done
Event: 15.633 Executing VM operation: Cleanup
Event: 15.633 Executing VM operation: Cleanup done
Event: 16.634 Executing VM operation: Cleanup
Event: 16.634 Executing VM operation: Cleanup done
Event: 18.635 Executing VM operation: Cleanup
Event: 18.635 Executing VM operation: Cleanup done

Events (20 events):
Event: 5.014 Thread 0x0000022e2ecc5f20 Thread added: 0x0000022e2ecc5f20
Event: 5.015 Thread 0x0000022e2eccb470 Thread added: 0x0000022e2eccb470
Event: 5.022 Thread 0x0000022e2ecc8d10 Thread added: 0x0000022e2ecc8d10
Event: 5.023 Thread 0x0000022e2ecc65b0 Thread added: 0x0000022e2ecc65b0
Event: 5.115 Thread 0x0000022e2ecc7960 Thread added: 0x0000022e2ecc7960
Event: 5.197 Thread 0x0000022e2ecc72d0 Thread added: 0x0000022e2ecc72d0
Event: 5.197 Thread 0x0000022e2eccbb00 Thread added: 0x0000022e2eccbb00
Event: 5.211 Thread 0x0000022e2ecc7ff0 Thread added: 0x0000022e2ecc7ff0
Event: 5.616 Thread 0x0000022e256bcca0 Thread exited: 0x0000022e256bcca0
Event: 6.031 Thread 0x0000022e2b1eded0 Thread exited: 0x0000022e2b1eded0
Event: 8.159 Thread 0x0000022dde51bc40 Thread added: 0x0000022dde51bc40
Event: 8.293 Thread 0x0000022e2d044d90 Thread added: 0x0000022e2d044d90
Event: 8.786 Thread 0x0000022e2d044d90 Thread exited: 0x0000022e2d044d90
Event: 9.199 Thread 0x0000022dde51bc40 Thread exited: 0x0000022dde51bc40
Event: 9.826 Thread 0x0000022e2d044d90 Thread added: 0x0000022e2d044d90
Event: 10.064 Thread 0x0000022e2d044d90 Thread exited: 0x0000022e2d044d90
Event: 10.664 Thread 0x0000022e2d044d90 Thread added: 0x0000022e2d044d90
Event: 11.335 Thread 0x0000022e2d044d90 Thread exited: 0x0000022e2d044d90
Event: 14.996 Thread 0x0000022e2ecca0c0 Thread added: 0x0000022e2ecca0c0
Event: 14.996 Thread 0x0000022e2ecca0c0 Thread exited: 0x0000022e2ecca0c0


Dynamic libraries:
0x00007ff753d70000 - 0x00007ff753d7e000 	C:\Users\elyes\.jdks\openjdk-22\bin\java.exe
0x00007fffbaa70000 - 0x00007fffbac68000 	C:\Windows\SYSTEM32\ntdll.dll
0x00007fffba410000 - 0x00007fffba4cd000 	C:\Windows\System32\KERNEL32.DLL
0x00007fffb81c0000 - 0x00007fffb84b6000 	C:\Windows\System32\KERNELBASE.dll
0x00007fffb8690000 - 0x00007fffb8790000 	C:\Windows\System32\ucrtbase.dll
0x00007fff81f60000 - 0x00007fff81f77000 	C:\Users\elyes\.jdks\openjdk-22\bin\jli.dll
0x00007fffb8e00000 - 0x00007fffb8f9f000 	C:\Windows\System32\USER32.dll
0x00007fffb8850000 - 0x00007fffb8872000 	C:\Windows\System32\win32u.dll
0x00007fffa0f10000 - 0x00007fffa11aa000 	C:\Windows\WinSxS\amd64_microsoft.windows.common-controls_6595b64144ccf1df_6.0.19041.3636_none_60b6a03d71f818d5\COMCTL32.dll
0x00007fffba220000 - 0x00007fffba24b000 	C:\Windows\System32\GDI32.dll
0x00007fff82550000 - 0x00007fff8256b000 	C:\Users\elyes\.jdks\openjdk-22\bin\VCRUNTIME140.dll
0x00007fffb84c0000 - 0x00007fffb85d7000 	C:\Windows\System32\gdi32full.dll
0x00007fffb8d60000 - 0x00007fffb8dfe000 	C:\Windows\System32\msvcrt.dll
0x00007fffb8120000 - 0x00007fffb81bd000 	C:\Windows\System32\msvcp_win.dll
0x00007fffba1e0000 - 0x00007fffba212000 	C:\Windows\System32\IMM32.DLL
0x00007fff937f0000 - 0x00007fff937fc000 	C:\Users\elyes\.jdks\openjdk-22\bin\vcruntime140_1.dll
0x00007fff81060000 - 0x00007fff810ee000 	C:\Users\elyes\.jdks\openjdk-22\bin\msvcp140.dll
0x00007fff49540000 - 0x00007fff4a288000 	C:\Users\elyes\.jdks\openjdk-22\bin\server\jvm.dll
0x00007fffb9730000 - 0x00007fffb97e0000 	C:\Windows\System32\ADVAPI32.dll
0x00007fffb9590000 - 0x00007fffb9630000 	C:\Windows\System32\sechost.dll
0x00007fffb8b50000 - 0x00007fffb8c73000 	C:\Windows\System32\RPCRT4.dll
0x00007fffb8820000 - 0x00007fffb8847000 	C:\Windows\System32\bcrypt.dll
0x00007fffb97e0000 - 0x00007fffb984b000 	C:\Windows\System32\WS2_32.dll
0x00007fffb76b0000 - 0x00007fffb76fb000 	C:\Windows\SYSTEM32\POWRPROF.dll
0x00007fffa0b90000 - 0x00007fffa0bb7000 	C:\Windows\SYSTEM32\WINMM.dll
0x00007fffb1c70000 - 0x00007fffb1c7a000 	C:\Windows\SYSTEM32\VERSION.dll
0x00007fffb7520000 - 0x00007fffb7532000 	C:\Windows\SYSTEM32\UMPDC.dll
0x00007fffb5fb0000 - 0x00007fffb5fc2000 	C:\Windows\SYSTEM32\kernel.appcore.dll
0x00007fff936a0000 - 0x00007fff936aa000 	C:\Users\elyes\.jdks\openjdk-22\bin\jimage.dll
0x00007fffa73e0000 - 0x00007fffa75c4000 	C:\Windows\SYSTEM32\DBGHELP.DLL
0x00007fff98100000 - 0x00007fff98134000 	C:\Windows\SYSTEM32\dbgcore.DLL
0x00007fffb8790000 - 0x00007fffb8812000 	C:\Windows\System32\bcryptPrimitives.dll
0x00007fffb58f0000 - 0x00007fffb58ff000 	C:\Users\elyes\.jdks\openjdk-22\bin\instrument.dll
0x00007fff81040000 - 0x00007fff8105e000 	C:\Users\elyes\.jdks\openjdk-22\bin\java.dll
0x00007fffb9a70000 - 0x00007fffba1db000 	C:\Windows\System32\SHELL32.dll
0x00007fffba900000 - 0x00007fffbaa2b000 	C:\Windows\System32\ole32.dll
0x00007fffba530000 - 0x00007fffba883000 	C:\Windows\System32\combase.dll
0x00007fffb61b0000 - 0x00007fffb694e000 	C:\Windows\SYSTEM32\windows.storage.dll
0x00007fffb7b50000 - 0x00007fffb7b7e000 	C:\Windows\SYSTEM32\Wldp.dll
0x00007fffb9650000 - 0x00007fffb971d000 	C:\Windows\System32\OLEAUT32.dll
0x00007fffb8aa0000 - 0x00007fffb8b4d000 	C:\Windows\System32\SHCORE.dll
0x00007fffba8a0000 - 0x00007fffba8f5000 	C:\Windows\System32\shlwapi.dll
0x00007fffb8050000 - 0x00007fffb8073000 	C:\Windows\SYSTEM32\profapi.dll
0x00007fff80f60000 - 0x00007fff81037000 	C:\Users\elyes\.jdks\openjdk-22\bin\jsvml.dll
0x00007fff93110000 - 0x00007fff93120000 	C:\Users\elyes\.jdks\openjdk-22\bin\net.dll
0x00007fffb78b0000 - 0x00007fffb791a000 	C:\Windows\system32\mswsock.dll
0x00007fff80f40000 - 0x00007fff80f56000 	C:\Users\elyes\.jdks\openjdk-22\bin\nio.dll
0x00007fff80f20000 - 0x00007fff80f37000 	C:\Users\elyes\.jdks\openjdk-22\bin\zip.dll
0x00007fffaacb0000 - 0x00007fffaacca000 	C:\Program Files\JetBrains\IntelliJ IDEA Community Edition 2023.2.2\bin\breakgen64.dll
0x0000022ddea40000 - 0x0000022ddea43000 	C:\Users\elyes\.openjfx\cache\16+8\amd64\api-ms-win-core-console-l1-1-0.dll
0x0000022ddea50000 - 0x0000022ddea53000 	C:\Users\elyes\.openjfx\cache\16+8\amd64\api-ms-win-core-console-l1-2-0.dll
0x0000022ddea60000 - 0x0000022ddea63000 	C:\Users\elyes\.openjfx\cache\16+8\amd64\api-ms-win-core-datetime-l1-1-0.dll
0x0000022ddea70000 - 0x0000022ddea73000 	C:\Users\elyes\.openjfx\cache\16+8\amd64\api-ms-win-core-debug-l1-1-0.dll
0x0000022ddea80000 - 0x0000022ddea83000 	C:\Users\elyes\.openjfx\cache\16+8\amd64\api-ms-win-core-errorhandling-l1-1-0.dll
0x0000022ddea90000 - 0x0000022ddea94000 	C:\Users\elyes\.openjfx\cache\16+8\amd64\api-ms-win-core-file-l1-1-0.dll
0x0000022ddeaa0000 - 0x0000022ddeaa3000 	C:\Users\elyes\.openjfx\cache\16+8\amd64\api-ms-win-core-file-l1-2-0.dll
0x0000022ddeab0000 - 0x0000022ddeab3000 	C:\Users\elyes\.openjfx\cache\16+8\amd64\api-ms-win-core-file-l2-1-0.dll
0x0000022ddeac0000 - 0x0000022ddeac3000 	C:\Users\elyes\.openjfx\cache\16+8\amd64\api-ms-win-core-handle-l1-1-0.dll
0x0000022ddead0000 - 0x0000022ddead3000 	C:\Users\elyes\.openjfx\cache\16+8\amd64\api-ms-win-core-heap-l1-1-0.dll
0x0000022ddeae0000 - 0x0000022ddeae3000 	C:\Users\elyes\.openjfx\cache\16+8\amd64\api-ms-win-core-interlocked-l1-1-0.dll
0x0000022ddeaf0000 - 0x0000022ddeaf3000 	C:\Users\elyes\.openjfx\cache\16+8\amd64\api-ms-win-core-libraryloader-l1-1-0.dll
0x0000022ddec10000 - 0x0000022ddec13000 	C:\Users\elyes\.openjfx\cache\16+8\amd64\api-ms-win-core-localization-l1-2-0.dll
0x0000022ddec20000 - 0x0000022ddec23000 	C:\Users\elyes\.openjfx\cache\16+8\amd64\api-ms-win-core-memory-l1-1-0.dll
0x0000022ddec30000 - 0x0000022ddec33000 	C:\Users\elyes\.openjfx\cache\16+8\amd64\api-ms-win-core-namedpipe-l1-1-0.dll
0x0000022ddec40000 - 0x0000022ddec43000 	C:\Users\elyes\.openjfx\cache\16+8\amd64\api-ms-win-core-processenvironment-l1-1-0.dll
0x0000022ddec50000 - 0x0000022ddec53000 	C:\Users\elyes\.openjfx\cache\16+8\amd64\api-ms-win-core-processthreads-l1-1-0.dll
0x0000022ddec60000 - 0x0000022ddec63000 	C:\Users\elyes\.openjfx\cache\16+8\amd64\api-ms-win-core-processthreads-l1-1-1.dll
0x0000022ddec70000 - 0x0000022ddec73000 	C:\Users\elyes\.openjfx\cache\16+8\amd64\api-ms-win-core-profile-l1-1-0.dll
0x0000022ddec80000 - 0x0000022ddec83000 	C:\Users\elyes\.openjfx\cache\16+8\amd64\api-ms-win-core-rtlsupport-l1-1-0.dll
0x0000022ddec90000 - 0x0000022ddec93000 	C:\Users\elyes\.openjfx\cache\16+8\amd64\api-ms-win-core-string-l1-1-0.dll
0x0000022ddeca0000 - 0x0000022ddeca3000 	C:\Users\elyes\.openjfx\cache\16+8\amd64\api-ms-win-core-synch-l1-1-0.dll
0x0000022ddeb00000 - 0x0000022ddeb03000 	C:\Users\elyes\.openjfx\cache\16+8\amd64\api-ms-win-core-synch-l1-2-0.dll
0x0000022ddeb10000 - 0x0000022ddeb13000 	C:\Users\elyes\.openjfx\cache\16+8\amd64\api-ms-win-core-sysinfo-l1-1-0.dll
0x0000022ddeb20000 - 0x0000022ddeb23000 	C:\Users\elyes\.openjfx\cache\16+8\amd64\api-ms-win-core-timezone-l1-1-0.dll
0x0000022ddeb30000 - 0x0000022ddeb33000 	C:\Users\elyes\.openjfx\cache\16+8\amd64\api-ms-win-core-util-l1-1-0.dll
0x0000022ddeb40000 - 0x0000022ddeb43000 	C:\Users\elyes\.openjfx\cache\16+8\amd64\api-ms-win-crt-conio-l1-1-0.dll
0x0000022ddeb50000 - 0x0000022ddeb54000 	C:\Users\elyes\.openjfx\cache\16+8\amd64\api-ms-win-crt-convert-l1-1-0.dll
0x0000022ddeb60000 - 0x0000022ddeb63000 	C:\Users\elyes\.openjfx\cache\16+8\amd64\api-ms-win-crt-environment-l1-1-0.dll
0x0000022ddeb70000 - 0x0000022ddeb73000 	C:\Users\elyes\.openjfx\cache\16+8\amd64\api-ms-win-crt-filesystem-l1-1-0.dll
0x0000022ddeb80000 - 0x0000022ddeb83000 	C:\Users\elyes\.openjfx\cache\16+8\amd64\api-ms-win-crt-heap-l1-1-0.dll
0x0000022ddeb90000 - 0x0000022ddeb93000 	C:\Users\elyes\.openjfx\cache\16+8\amd64\api-ms-win-crt-locale-l1-1-0.dll
0x0000022ddeba0000 - 0x0000022ddeba5000 	C:\Users\elyes\.openjfx\cache\16+8\amd64\api-ms-win-crt-math-l1-1-0.dll
0x0000022ddebb0000 - 0x0000022ddebb5000 	C:\Users\elyes\.openjfx\cache\16+8\amd64\api-ms-win-crt-multibyte-l1-1-0.dll
0x0000022ddebc0000 - 0x0000022ddebd0000 	C:\Users\elyes\.openjfx\cache\16+8\amd64\api-ms-win-crt-private-l1-1-0.dll
0x0000022ddebd0000 - 0x0000022ddebd3000 	C:\Users\elyes\.openjfx\cache\16+8\amd64\api-ms-win-crt-process-l1-1-0.dll
0x0000022ddebe0000 - 0x0000022ddebe4000 	C:\Users\elyes\.openjfx\cache\16+8\amd64\api-ms-win-crt-runtime-l1-1-0.dll
0x0000022ddebf0000 - 0x0000022ddebf4000 	C:\Users\elyes\.openjfx\cache\16+8\amd64\api-ms-win-crt-stdio-l1-1-0.dll
0x0000022ddec00000 - 0x0000022ddec04000 	C:\Users\elyes\.openjfx\cache\16+8\amd64\api-ms-win-crt-string-l1-1-0.dll
0x0000022ddedd0000 - 0x0000022ddedd3000 	C:\Users\elyes\.openjfx\cache\16+8\amd64\api-ms-win-crt-time-l1-1-0.dll
0x0000022ddede0000 - 0x0000022ddede3000 	C:\Users\elyes\.openjfx\cache\16+8\amd64\api-ms-win-crt-utility-l1-1-0.dll
0x00007fff825f0000 - 0x00007fff826ec000 	C:\Users\elyes\.openjfx\cache\16+8\amd64\ucrtbase.dll
0x00007fffaac70000 - 0x00007fffaac8b000 	C:\Users\elyes\.openjfx\cache\16+8\amd64\vcruntime140.dll
0x00007fffb4a00000 - 0x00007fffb4a0c000 	C:\Users\elyes\.openjfx\cache\16+8\amd64\vcruntime140_1.dll
0x00007fff908f0000 - 0x00007fff9097e000 	C:\Users\elyes\.openjfx\cache\16+8\amd64\msvcp140.dll
0x00007fffb2640000 - 0x00007fffb2649000 	C:\Users\elyes\.openjfx\cache\16+8\amd64\msvcp140_1.dll
0x00007fffaa830000 - 0x00007fffaa85f000 	C:\Users\elyes\.openjfx\cache\16+8\amd64\msvcp140_2.dll
0x00007fffa8b90000 - 0x00007fffa8bbf000 	C:\Users\elyes\.openjfx\cache\16+8\amd64\prism_d3d.dll
0x00007fffaa250000 - 0x00007fffaa41d000 	C:\Windows\system32\d3d9.dll
0x00007fffb5da0000 - 0x00007fffb5dcf000 	C:\Windows\SYSTEM32\dwmapi.dll
0x00007fffb5a40000 - 0x00007fffb5ade000 	C:\Windows\system32\uxtheme.dll
0x00007fff7e450000 - 0x00007fff7e5ad000 	C:\Windows\System32\DriverStore\FileRepository\iigd_dch.inf_amd64_0651c2cb9dd31504\igdumdim64.dll
0x00007fff45c30000 - 0x00007fff49539000 	C:\Windows\System32\DriverStore\FileRepository\iigd_dch.inf_amd64_0651c2cb9dd31504\igd9dxva64.dll
0x00007fffb8fa0000 - 0x00007fffb940e000 	C:\Windows\System32\SETUPAPI.dll
0x00007fffb88f0000 - 0x00007fffb893e000 	C:\Windows\System32\cfgmgr32.dll
0x00007fffadb70000 - 0x00007fffadd14000 	C:\Windows\System32\DriverStore\FileRepository\iigd_dch.inf_amd64_0651c2cb9dd31504\igdgmm64.dll
0x00007fff96950000 - 0x00007fff96992000 	C:\Users\elyes\.openjfx\cache\16+8\amd64\glass.dll
0x00007fffb8c80000 - 0x00007fffb8d5a000 	C:\Windows\System32\COMDLG32.dll
0x00007fffb9410000 - 0x00007fffb9525000 	C:\Windows\System32\MSCTF.dll
0x00007fff9e720000 - 0x00007fff9e746000 	C:\Windows\System32\DriverStore\FileRepository\iigd_dch.inf_amd64_0651c2cb9dd31504\igdinfo64.dll
0x00007fffab250000 - 0x00007fffad854000 	C:\Windows\System32\DriverStore\FileRepository\iigd_dch.inf_amd64_0651c2cb9dd31504\igc64.dll
0x00007fffaf470000 - 0x00007fffaf4ab000 	C:\Windows\SYSTEM32\dxcore.dll
0x00007fffaa900000 - 0x00007fffaa914000 	C:\Users\elyes\.openjfx\cache\16+8\amd64\javafx_font.dll
0x00007fff966a0000 - 0x00007fff9691f000 	C:\Windows\SYSTEM32\dwrite.dll
0x00007fffa5880000 - 0x00007fffa58ad000 	C:\Users\elyes\.openjfx\cache\16+8\amd64\javafx_iio.dll
0x00007fffb7590000 - 0x00007fffb765b000 	C:\Windows\SYSTEM32\DNSAPI.dll
0x00007fffb7540000 - 0x00007fffb757b000 	C:\Windows\SYSTEM32\IPHLPAPI.DLL
0x00007fffba400000 - 0x00007fffba408000 	C:\Windows\System32\NSI.dll
0x000000006c5b0000 - 0x000000006c5d6000 	C:\Program Files\Bonjour\mdnsNSP.dll
0x00007fffb1630000 - 0x00007fffb163a000 	C:\Windows\System32\rasadhlp.dll
0x00007fffa9960000 - 0x00007fffa99e0000 	C:\Windows\System32\fwpuclnt.dll
0x00007fffb9940000 - 0x00007fffb99e9000 	C:\Windows\System32\clbcatq.dll
0x00007fffb0f20000 - 0x00007fffb10d4000 	C:\Windows\SYSTEM32\WindowsCodecs.dll
0x00007fffb5390000 - 0x00007fffb53ce000 	C:\Windows\system32\dataexchange.dll
0x00007fffb34b0000 - 0x00007fffb3713000 	C:\Windows\system32\d3d11.dll
0x00007fffb47d0000 - 0x00007fffb49b5000 	C:\Windows\system32\dcomp.dll
0x00007fffb69b0000 - 0x00007fffb6aa3000 	C:\Windows\system32\dxgi.dll
0x00007fffb2380000 - 0x00007fffb2583000 	C:\Windows\system32\twinapi.appcore.dll
0x00007fff94420000 - 0x00007fff94454000 	C:\Program Files\Common Files\Microsoft Shared\Ink\rtscom.dll

dbghelp: loaded successfully - version: 4.0.5 - missing functions: none
symbol engine: initialized successfully - sym options: 0x614 - pdb path: .;C:\Users\elyes\.jdks\openjdk-22\bin;C:\Windows\SYSTEM32;C:\Windows\WinSxS\amd64_microsoft.windows.common-controls_6595b64144ccf1df_6.0.19041.3636_none_60b6a03d71f818d5;C:\Users\elyes\.jdks\openjdk-22\bin\server;C:\Program Files\JetBrains\IntelliJ IDEA Community Edition 2023.2.2\bin;C:\Users\elyes\.openjfx\cache\16+8\amd64;C:\Windows\System32\DriverStore\FileRepository\iigd_dch.inf_amd64_0651c2cb9dd31504;C:\Program Files\Bonjour;C:\Program Files\Common Files\Microsoft Shared\Ink

VM Arguments:
jvm_args: -javaagent:C:\Program Files\JetBrains\IntelliJ IDEA Community Edition 2023.2.2\lib\idea_rt.jar=52656:C:\Program Files\JetBrains\IntelliJ IDEA Community Edition 2023.2.2\bin -Dfile.encoding=UTF-8 -Dsun.stdout.encoding=UTF-8 -Dsun.stderr.encoding=UTF-8 --module-path=C:\Users\elyes\.m2\repository\org\openjfx\javafx-base\16\javafx-base-16-win.jar;C:\Users\elyes\.m2\repository\org\openjfx\javafx-graphics\21-ea+24\javafx-graphics-21-ea+24-win.jar;C:\Users\elyes\.m2\repository\org\openjfx\javafx-media\21-ea+24\javafx-media-21-ea+24-win.jar;C:\Users\elyes\.m2\repository\org\openjfx\javafx-web\21-ea+24\javafx-web-21-ea+24-win.jar;C:\Users\elyes\.m2\repository\com\mysql\mysql-connector-j\8.3.0\mysql-connector-j-8.3.0.jar;C:\Users\elyes\.m2\repository\org\openjfx\javafx-fxml\21-ea+24\javafx-fxml-21-ea+24-win.jar;C:\Users\elyes\.m2\repository\org\openjfx\javafx-controls\21-ea+24\javafx-controls-21-ea+24-win.jar;C:\Users\elyes\IdeaProjects\demo1\target\classes -Djdk.module.main=com.example.demo1 
java_command: com.example.demo1/com.example.demo1.HelloApplication
java_class_path (initial): C:\Users\elyes\.m2\repository\org\openjfx\javafx-controls\21-ea+24\javafx-controls-21-ea+24.jar;C:\Users\elyes\.m2\repository\org\openjfx\javafx-graphics\21-ea+24\javafx-graphics-21-ea+24.jar;C:\Users\elyes\.m2\repository\org\openjfx\javafx-web\21-ea+24\javafx-web-21-ea+24.jar;C:\Users\elyes\.m2\repository\org\openjfx\javafx-media\21-ea+24\javafx-media-21-ea+24.jar;C:\Users\elyes\.m2\repository\com\gluonhq\maps\2.0.0-ea+6\maps-2.0.0-ea+6.jar;C:\Users\elyes\.m2\repository\com\gluonhq\attach\storage\4.0.11\storage-4.0.11.jar;C:\Users\elyes\.m2\repository\com\gluonhq\attach\util\4.0.11\util-4.0.11.jar;C:\Users\elyes\.m2\repository\org\openjfx\javafx-base\16\javafx-base-16.jar;C:\Users\elyes\.m2\repository\org\openjfx\javafx-fxml\21-ea+24\javafx-fxml-21-ea+24.jar;C:\Users\elyes\.m2\repository\com\google\protobuf\protobuf-java\3.25.1\protobuf-java-3.25.1.jar
Launcher Type: SUN_STANDARD

[Global flags]
     intx CICompilerCount                          = 4                                         {product} {ergonomic}
     uint ConcGCThreads                            = 2                                         {product} {ergonomic}
     uint G1ConcRefinementThreads                  = 8                                         {product} {ergonomic}
   size_t G1HeapRegionSize                         = 2097152                                   {product} {ergonomic}
   size_t InitialHeapSize                          = 266338304                                 {product} {ergonomic}
   size_t MarkStackSize                            = 4194304                                   {product} {ergonomic}
   size_t MaxHeapSize                              = 4248829952                                {product} {ergonomic}
   size_t MaxNewSize                               = 2548039680                                {product} {ergonomic}
   size_t MinHeapDeltaBytes                        = 2097152                                   {product} {ergonomic}
   size_t MinHeapSize                              = 8388608                                   {product} {ergonomic}
    uintx NonNMethodCodeHeapSize                   = 5839372                                {pd product} {ergonomic}
    uintx NonProfiledCodeHeapSize                  = 122909434                              {pd product} {ergonomic}
    uintx ProfiledCodeHeapSize                     = 122909434                              {pd product} {ergonomic}
    uintx ReservedCodeCacheSize                    = 251658240                              {pd product} {ergonomic}
     bool SegmentedCodeCache                       = true                                      {product} {ergonomic}
   size_t SoftMaxHeapSize                          = 4248829952                             {manageable} {ergonomic}
     bool UseCompressedOops                        = true                           {product lp64_product} {ergonomic}
     bool UseG1GC                                  = true                                      {product} {ergonomic}
     bool UseLargePagesIndividualAllocation        = false                                  {pd product} {ergonomic}

Logging:
Log output configuration:
 #0: stdout all=warning uptime,level,tags foldmultilines=false
 #1: stderr all=off uptime,level,tags foldmultilines=false

Environment Variables:
PATH=C:\oraclexe\app\oracle\product\11.2.0\server\bin;C:\Users\elyes\Desktop\app\oracle\product\11.2.0\server\bin;C:\oraclexe\app\oracle\product\11.2.0\server\bin;C:\ProgramData\Oracle\Java\javapath;C:\Windows\system32;C:\Windows;C:\Windows\System32\Wbem;C:\Windows\System32\WindowsPowerShell\v1.0\;C:\Windows\System32\OpenSSH\;C:\oraclexe\app\oracle\product\11.2.0\server\bin;C:\oraclexe\app\oracle\admin\XE;C:\oraclexe;C:\Users\elyes\Desktop\instantclient12_2;C:\Program Files\Git\cmd;C:\xampp\php\php.exe;C:\xampp\php;C:\ProgramData\ComposerSetup\bin;C:\Program Files\nodejs\;C:\Program Files\dotnet\;C:\Program Files\Microsoft SQL Server\150\Tools\Binn\;C:\Program Files\Microsoft SQL Server\Client SDK\ODBC\170\Tools\Binn\;C:\Users\elyes\scoop\shims;C:\Users\elyes\AppData\Local\Microsoft\WindowsApps;C:\Users\elyes\AppData\Local\Programs\Microsoft VS Code\bin;C:\Users\elyes\AppData\Roaming\Composer\vendor\bin;C:\Users\elyes\AppData\Roaming\npm;C:\Users\elyes\.dotnet\tools
USERNAME=elyes
OS=Windows_NT
PROCESSOR_IDENTIFIER=Intel64 Family 6 Model 165 Stepping 2, GenuineIntel
TMP=C:\Users\elyes\AppData\Local\Temp
TEMP=C:\Users\elyes\AppData\Local\Temp




Periodic native trim disabled

---------------  S Y S T E M  ---------------

OS:
 Windows 10 , 64 bit Build 19041 (10.0.19041.3636)
OS uptime: 1 days 23:15 hours

CPU: total 8 (initial active 8) (4 cores per cpu, 2 threads per core) family 6 model 165 stepping 2 microcode 0xc8, cx8, cmov, fxsr, ht, mmx, 3dnowpref, sse, sse2, sse3, ssse3, sse4.1, sse4.2, popcnt, lzcnt, tsc, tscinvbit, avx, avx2, aes, erms, clmul, bmi1, bmi2, adx, fma, vzeroupper, clflush, clflushopt, rdtscp, f16c, pku
Processor Information for all 8 processors :
  Max Mhz: 2496, Current Mhz: 2496, Mhz Limit: 2496

Memory: 4k page, system-wide physical 16202M (737M free)
TotalPageFile size 61854M (AvailPageFile size 5M)
current process WorkingSet (physical memory assigned to process): 1081M, peak: 1081M
current process commit charge ("private bytes"): 1120M, peak: 1130M

vm_info: OpenJDK 64-Bit Server VM (22+36-2370) for windows-amd64 JRE (22+36-2370), built on 2024-02-15T22:15:19Z by "mach5one" with MS VC++ 17.6 (VS2022)

END.
