#
# There is insufficient memory for the Java Runtime Environment to continue.
# Native memory allocation (malloc) failed to allocate 600016 bytes. Error detail: Chunk::new
# Possible reasons:
#   The system is out of physical RAM or swap space
#   This process is running with CompressedOops enabled, and the Java Heap may be blocking the growth of the native heap
# Possible solutions:
#   Reduce memory load on the system
#   Increase physical memory or swap space
#   Check if swap backing store is full
#   Decrease Java heap size (-Xmx/-Xms)
#   Decrease number of Java threads
#   Decrease Java thread stack sizes (-Xss)
#   Set larger code cache with -XX:ReservedCodeCacheSize=
#   JVM is running with Zero Based Compressed Oops mode in which the Java heap is
#     placed in the first 32GB address space. The Java Heap base address is the
#     maximum limit for the native heap growth. Please use -XX:HeapBaseMinAddress
#     to set the Java Heap base and to place the Java Heap above 32GB virtual address.
# This output file may be truncated or incomplete.
#
#  Out of Memory Error (arena.cpp:150), pid=17824, tid=9648
#
# JRE version: OpenJDK Runtime Environment (22.0+36) (build 22+36-2370)
# Java VM: OpenJDK 64-Bit Server VM (22+36-2370, mixed mode, sharing, tiered, compressed oops, compressed class ptrs, g1 gc, windows-amd64)
# No core dump will be written. Minidumps are not enabled by default on client versions of Windows
#

---------------  S U M M A R Y ------------

Command Line: -javaagent:C:\Program Files\JetBrains\IntelliJ IDEA Community Edition 2023.2.2\lib\idea_rt.jar=52615:C:\Program Files\JetBrains\IntelliJ IDEA Community Edition 2023.2.2\bin -Dfile.encoding=UTF-8 -Dsun.stdout.encoding=UTF-8 -Dsun.stderr.encoding=UTF-8 --module-path=C:\Users\elyes\.m2\repository\org\openjfx\javafx-base\16\javafx-base-16-win.jar;C:\Users\elyes\.m2\repository\org\openjfx\javafx-graphics\21-ea+24\javafx-graphics-21-ea+24-win.jar;C:\Users\elyes\.m2\repository\org\openjfx\javafx-media\21-ea+24\javafx-media-21-ea+24-win.jar;C:\Users\elyes\.m2\repository\org\openjfx\javafx-web\21-ea+24\javafx-web-21-ea+24-win.jar;C:\Users\elyes\.m2\repository\com\mysql\mysql-connector-j\8.3.0\mysql-connector-j-8.3.0.jar;C:\Users\elyes\.m2\repository\org\openjfx\javafx-fxml\21-ea+24\javafx-fxml-21-ea+24-win.jar;C:\Users\elyes\.m2\repository\org\openjfx\javafx-controls\21-ea+24\javafx-controls-21-ea+24-win.jar;C:\Users\elyes\IdeaProjects\demo1\target\classes -Djdk.module.main=com.example.demo1 com.example.demo1/com.example.demo1.HelloApplication

Host: Intel(R) Core(TM) i5-10300H CPU @ 2.50GHz, 8 cores, 15G,  Windows 10 , 64 bit Build 19041 (10.0.19041.3636)
Time: Tue May  7 16:46:19 2024 W. Central Africa Standard Time elapsed time: 15.060888 seconds (0d 0h 0m 15s)

---------------  T H R E A D  ---------------

Current thread (0x0000013a5f05d870):  JavaThread "C2 CompilerThread1" daemon [_thread_in_native, id=9648, stack(0x0000002ece500000,0x0000002ece600000) (1024K)]


Current CompileTask:
C2:15060 6395       4       com.sun.prism.impl.shape.DMarlinPrismUtils::feedConsumer (902 bytes)

Stack: [0x0000002ece500000,0x0000002ece600000]
Native frames: (J=compiled Java code, j=interpreted, Vv=VM code, C=native code)
V  [jvm.dll+0x6e2349]  (no source info available)
V  [jvm.dll+0x874ed3]  (no source info available)
V  [jvm.dll+0x8772fe]  (no source info available)
V  [jvm.dll+0x8779d3]  (no source info available)
V  [jvm.dll+0x27fcb6]  (no source info available)
V  [jvm.dll+0xc3d0f]  (no source info available)
V  [jvm.dll+0xc3f6b]  (no source info available)
V  [jvm.dll+0x3bb022]  (no source info available)
V  [jvm.dll+0x387abb]  (no source info available)
V  [jvm.dll+0x386f2a]  (no source info available)
V  [jvm.dll+0x247908]  (no source info available)
V  [jvm.dll+0x246faf]  (no source info available)
V  [jvm.dll+0x1c4e90]  (no source info available)
V  [jvm.dll+0x25699e]  (no source info available)
V  [jvm.dll+0x254c5a]  (no source info available)
V  [jvm.dll+0x3f5426]  (no source info available)
V  [jvm.dll+0x81d50b]  (no source info available)
V  [jvm.dll+0x6e09e5]  (no source info available)
C  [ucrtbase.dll+0x21bb2]  (no source info available)
C  [KERNEL32.DLL+0x17344]  (no source info available)
C  [ntdll.dll+0x526b1]  (no source info available)


---------------  P R O C E S S  ---------------

Threads class SMR info:
_java_thread_list=0x0000013a55a7c8f0, length=52, elements={
0x0000013a6a202450, 0x0000013a7c438f20, 0x0000013a7c439e40, 0x0000013a7c43fc20,
0x0000013a7c442fb0, 0x0000013a7c445b00, 0x0000013a7c446eb0, 0x0000013a7c4789d0,
0x0000013a7c479090, 0x0000013a542019e0, 0x0000013a54200cc0, 0x0000013a54201350,
0x0000013a541ff910, 0x0000013a541fffa0, 0x0000013a54202070, 0x0000013a54200630,
0x0000013a54202700, 0x0000013a54202d90, 0x0000013a55beb240, 0x0000013a55bef3e0,
0x0000013a55bf0790, 0x0000013a55bed310, 0x0000013a55becc80, 0x0000013a55beb8d0,
0x0000013a55bf14b0, 0x0000013a55bf0e20, 0x0000013a55bebf60, 0x0000013a55beed50,
0x0000013a55befa70, 0x0000013a55bed9a0, 0x0000013a55bee030, 0x0000013a55bf0100,
0x0000013a55bf1b40, 0x0000013a55bf21d0, 0x0000013a5f29e020, 0x0000013a5f2997f0,
0x0000013a5f299e80, 0x0000013a5f29b8c0, 0x0000013a5f299160, 0x0000013a5f297090,
0x0000013a5f29a510, 0x0000013a5f29b230, 0x0000013a5f297720, 0x0000013a5f29cc70,
0x0000013a5f29aba0, 0x0000013a5f29e6b0, 0x0000013a5f29bf50, 0x0000013a5f29d990,
0x0000013a5f29c5e0, 0x0000013a5f297db0, 0x0000013a5f298440, 0x0000013a5f05d870
}

Java Threads: ( => current thread )
  0x0000013a6a202450 JavaThread "main"                              [_thread_blocked, id=13076, stack(0x0000002ecd400000,0x0000002ecd500000) (1024K)]
  0x0000013a7c438f20 JavaThread "Reference Handler"          daemon [_thread_blocked, id=13416, stack(0x0000002ecdc00000,0x0000002ecdd00000) (1024K)]
  0x0000013a7c439e40 JavaThread "Finalizer"                  daemon [_thread_blocked, id=7948, stack(0x0000002ecdd00000,0x0000002ecde00000) (1024K)]
  0x0000013a7c43fc20 JavaThread "Signal Dispatcher"          daemon [_thread_blocked, id=14544, stack(0x0000002ecde00000,0x0000002ecdf00000) (1024K)]
  0x0000013a7c442fb0 JavaThread "Attach Listener"            daemon [_thread_blocked, id=5200, stack(0x0000002ecdf00000,0x0000002ece000000) (1024K)]
  0x0000013a7c445b00 JavaThread "Service Thread"             daemon [_thread_blocked, id=9080, stack(0x0000002ece000000,0x0000002ece100000) (1024K)]
  0x0000013a7c446eb0 JavaThread "Monitor Deflation Thread"   daemon [_thread_blocked, id=6128, stack(0x0000002ece100000,0x0000002ece200000) (1024K)]
  0x0000013a7c4789d0 JavaThread "C2 CompilerThread0"         daemon [_thread_in_vm, id=12812, stack(0x0000002ece200000,0x0000002ece300000) (1024K)]
  0x0000013a7c479090 JavaThread "C1 CompilerThread0"         daemon [_thread_blocked, id=12728, stack(0x0000002ece300000,0x0000002ece400000) (1024K)]
  0x0000013a542019e0 JavaThread "Common-Cleaner"             daemon [_thread_blocked, id=14212, stack(0x0000002ece400000,0x0000002ece500000) (1024K)]
  0x0000013a54200cc0 JavaThread "Monitor Ctrl-Break"         daemon [_thread_in_native, id=9204, stack(0x0000002ece700000,0x0000002ece800000) (1024K)]
  0x0000013a54201350 JavaThread "Notification Thread"        daemon [_thread_blocked, id=6692, stack(0x0000002ece800000,0x0000002ece900000) (1024K)]
  0x0000013a541ff910 JavaThread "QuantumRenderer-0"          daemon [_thread_in_native, id=17012, stack(0x0000002ece900000,0x0000002ecea00000) (1024K)]
  0x0000013a541fffa0 JavaThread "InvokeLaterDispatcher"      daemon [_thread_blocked, id=8132, stack(0x0000002ecea00000,0x0000002eceb00000) (1024K)]
  0x0000013a54202070 JavaThread "JavaFX Application Thread"         [_thread_in_Java, id=11292, stack(0x0000002eceb00000,0x0000002ecec00000) (1024K)]
  0x0000013a54200630 JavaThread "JavaFX-Launcher"                   [_thread_blocked, id=12336, stack(0x0000002ecf000000,0x0000002ecf100000) (1024K)]
  0x0000013a54202700 JavaThread "Thread-2"                   daemon [_thread_in_native, id=5352, stack(0x0000002ecef00000,0x0000002ecf000000) (1024K)]
  0x0000013a54202d90 JavaThread "mysql-cj-abandoned-connection-cleanup" daemon [_thread_blocked, id=7468, stack(0x0000002ecf700000,0x0000002ecf800000) (1024K)]
  0x0000013a55beb240 JavaThread "Prism Font Disposer"        daemon [_thread_blocked, id=10960, stack(0x0000002ecfc00000,0x0000002ecfd00000) (1024K)]
  0x0000013a55bef3e0 JavaThread "Cleaner-0"                  daemon [_thread_blocked, id=17428, stack(0x0000002ecfe00000,0x0000002ecff00000) (1024K)]
  0x0000013a55bf0790 JavaThread "Disposer"                   daemon [_thread_blocked, id=16900, stack(0x0000002ecff00000,0x0000002ed0000000) (1024K)]
  0x0000013a55bed310 JavaThread "HttpClient-1-SelectorManager" daemon [_thread_in_native, id=15704, stack(0x0000002ed0000000,0x0000002ed0100000) (1024K)]
  0x0000013a55becc80 JavaThread "HttpClient-1-Worker-0"      daemon [_thread_blocked, id=16544, stack(0x0000002ed0100000,0x0000002ed0200000) (1024K)]
  0x0000013a55beb8d0 JavaThread "HttpClient-1-Worker-1"      daemon [_thread_blocked, id=10308, stack(0x0000002ed0200000,0x0000002ed0300000) (1024K)]
  0x0000013a55bf14b0 JavaThread "HttpClient-1-Worker-2"      daemon [_thread_blocked, id=15220, stack(0x0000002ed0300000,0x0000002ed0400000) (1024K)]
  0x0000013a55bf0e20 JavaThread "HttpClient-1-Worker-3"      daemon [_thread_blocked, id=12240, stack(0x0000002ed0400000,0x0000002ed0500000) (1024K)]
  0x0000013a55bebf60 JavaThread "HttpClient-1-Worker-4"      daemon [_thread_blocked, id=7776, stack(0x0000002ed0e00000,0x0000002ed0f00000) (1024K)]
  0x0000013a55beed50 JavaThread "HttpClient-1-Worker-5"      daemon [_thread_blocked, id=9160, stack(0x0000002ed0f00000,0x0000002ed1000000) (1024K)]
  0x0000013a55befa70 JavaThread "HttpClient-1-Worker-6"      daemon [_thread_blocked, id=12008, stack(0x0000002ed1000000,0x0000002ed1100000) (1024K)]
  0x0000013a55bed9a0 JavaThread "HttpClient-1-Worker-7"      daemon [_thread_blocked, id=8748, stack(0x0000002ed1100000,0x0000002ed1200000) (1024K)]
  0x0000013a55bee030 JavaThread "ForkJoinPool.commonPool-worker-1" daemon [_thread_blocked, id=4388, stack(0x0000002ed1200000,0x0000002ed1300000) (1024K)]
  0x0000013a55bf0100 JavaThread "ForkJoinPool.commonPool-worker-2" daemon [_thread_blocked, id=17552, stack(0x0000002ed1300000,0x0000002ed1400000) (1024K)]
  0x0000013a55bf1b40 JavaThread "ForkJoinPool.commonPool-worker-4" daemon [_thread_blocked, id=2336, stack(0x0000002ed1500000,0x0000002ed1600000) (1024K)]
  0x0000013a55bf21d0 JavaThread "ForkJoinPool.commonPool-worker-5" daemon [_thread_blocked, id=6432, stack(0x0000002ed1600000,0x0000002ed1700000) (1024K)]
  0x0000013a5f29e020 JavaThread "HttpClient-1-Worker-8"      daemon [_thread_blocked, id=8068, stack(0x0000002ed1b00000,0x0000002ed1c00000) (1024K)]
  0x0000013a5f2997f0 JavaThread "HttpClient-1-Worker-9"      daemon [_thread_blocked, id=7676, stack(0x0000002ed1c00000,0x0000002ed1d00000) (1024K)]
  0x0000013a5f299e80 JavaThread "HttpClient-1-Worker-10"     daemon [_thread_blocked, id=3148, stack(0x0000002ed1d00000,0x0000002ed1e00000) (1024K)]
  0x0000013a5f29b8c0 JavaThread "HttpClient-1-Worker-11"     daemon [_thread_blocked, id=11408, stack(0x0000002ed1e00000,0x0000002ed1f00000) (1024K)]
  0x0000013a5f299160 JavaThread "HttpClient-1-Worker-12"     daemon [_thread_blocked, id=9444, stack(0x0000002ed1f00000,0x0000002ed2000000) (1024K)]
  0x0000013a5f297090 JavaThread "HttpClient-1-Worker-13"     daemon [_thread_blocked, id=15572, stack(0x0000002ed2000000,0x0000002ed2100000) (1024K)]
  0x0000013a5f29a510 JavaThread "HttpClient-1-Worker-14"     daemon [_thread_blocked, id=3908, stack(0x0000002ed2100000,0x0000002ed2200000) (1024K)]
  0x0000013a5f29b230 JavaThread "HttpClient-1-Worker-15"     daemon [_thread_blocked, id=13068, stack(0x0000002ed2200000,0x0000002ed2300000) (1024K)]
  0x0000013a5f297720 JavaThread "HttpClient-1-Worker-16"     daemon [_thread_blocked, id=3748, stack(0x0000002ed2300000,0x0000002ed2400000) (1024K)]
  0x0000013a5f29cc70 JavaThread "HttpClient-1-Worker-17"     daemon [_thread_blocked, id=3028, stack(0x0000002ed2400000,0x0000002ed2500000) (1024K)]
  0x0000013a5f29aba0 JavaThread "HttpClient-1-Worker-18"     daemon [_thread_blocked, id=15212, stack(0x0000002ed2500000,0x0000002ed2600000) (1024K)]
  0x0000013a5f29e6b0 JavaThread "HttpClient-1-Worker-19"     daemon [_thread_blocked, id=8680, stack(0x0000002ed2600000,0x0000002ed2700000) (1024K)]
  0x0000013a5f29bf50 JavaThread "HttpClient-1-Worker-20"     daemon [_thread_blocked, id=16728, stack(0x0000002ed2700000,0x0000002ed2800000) (1024K)]
  0x0000013a5f29d990 JavaThread "HttpClient-1-Worker-21"     daemon [_thread_blocked, id=15592, stack(0x0000002ed2800000,0x0000002ed2900000) (1024K)]
  0x0000013a5f29c5e0 JavaThread "HttpClient-1-Worker-22"     daemon [_thread_blocked, id=13276, stack(0x0000002ed2900000,0x0000002ed2a00000) (1024K)]
  0x0000013a5f297db0 JavaThread "HttpClient-1-Worker-23"     daemon [_thread_blocked, id=16736, stack(0x0000002ed2a00000,0x0000002ed2b00000) (1024K)]
  0x0000013a5f298440 JavaThread "HttpClient-1-Worker-24"     daemon [_thread_blocked, id=6980, stack(0x0000002ed2b00000,0x0000002ed2c00000) (1024K)]
=>0x0000013a5f05d870 JavaThread "C2 CompilerThread1"         daemon [_thread_in_native, id=9648, stack(0x0000002ece500000,0x0000002ece600000) (1024K)]
Total: 52

Other Threads:
  0x0000013a7c41ea50 VMThread "VM Thread"                           [id=1780, stack(0x0000002ecdb00000,0x0000002ecdc00000) (1024K)]
  0x0000013a7c403380 WatcherThread "VM Periodic Task Thread"        [id=8688, stack(0x0000002ecda00000,0x0000002ecdb00000) (1024K)]
  0x0000013a6c4a65a0 WorkerThread "GC Thread#0"                     [id=8148, stack(0x0000002ecd500000,0x0000002ecd600000) (1024K)]
  0x0000013a7c458200 WorkerThread "GC Thread#1"                     [id=1732, stack(0x0000002ecf100000,0x0000002ecf200000) (1024K)]
  0x0000013a7c4585b0 WorkerThread "GC Thread#2"                     [id=4492, stack(0x0000002ecf200000,0x0000002ecf300000) (1024K)]
  0x0000013a7c458960 WorkerThread "GC Thread#3"                     [id=9040, stack(0x0000002ecf300000,0x0000002ecf400000) (1024K)]
  0x0000013a7c458d10 WorkerThread "GC Thread#4"                     [id=9756, stack(0x0000002ecf400000,0x0000002ecf500000) (1024K)]
  0x0000013a5549f890 WorkerThread "GC Thread#5"                     [id=10584, stack(0x0000002ecf500000,0x0000002ecf600000) (1024K)]
  0x0000013a55b99870 WorkerThread "GC Thread#6"                     [id=17056, stack(0x0000002ecf800000,0x0000002ecf900000) (1024K)]
  0x0000013a5598b7f0 WorkerThread "GC Thread#7"                     [id=12788, stack(0x0000002ecf900000,0x0000002ecfa00000) (1024K)]
  0x0000013a6c4b71e0 ConcurrentGCThread "G1 Main Marker"            [id=12428, stack(0x0000002ecd600000,0x0000002ecd700000) (1024K)]
  0x0000013a6c4b7db0 WorkerThread "G1 Conc#0"                       [id=12624, stack(0x0000002ecd700000,0x0000002ecd800000) (1024K)]
  0x0000013a55b97470 WorkerThread "G1 Conc#1"                       [id=13132, stack(0x0000002ece600000,0x0000002ece700000) (1024K)]
  0x0000013a6c50e5c0 ConcurrentGCThread "G1 Refine#0"               [id=14248, stack(0x0000002ecd800000,0x0000002ecd900000) (1024K)]
  0x0000013a7c2db6a0 ConcurrentGCThread "G1 Service"                [id=9400, stack(0x0000002ecd900000,0x0000002ecda00000) (1024K)]
Total: 15

Threads with active compile tasks:
C2 CompilerThread0  15153 6521       4       com.sun.javafx.webkit.prism.WCPathImpl::addBezierCurveTo (111 bytes)
C2 CompilerThread1  15153 6395       4       com.sun.prism.impl.shape.DMarlinPrismUtils::feedConsumer (902 bytes)
Total: 2

VM state: not at safepoint (normal execution)

VM Mutex/Monitor currently owned by a thread: None

Heap address: 0x0000000702c00000, size: 4052 MB, Compressed Oops mode: Zero based, Oop shift amount: 3

CDS archive(s) mapped at: [0x0000013a0f000000-0x0000013a0fc50000-0x0000013a0fc50000), size 12910592, SharedBaseAddress: 0x0000013a0f000000, ArchiveRelocationMode: 1.
Compressed class space mapped at: 0x0000013a10000000-0x0000013a50000000, reserved size: 1073741824
Narrow klass base: 0x0000013a0f000000, Narrow klass shift: 0, Narrow klass range: 0x41000000

GC Precious Log:
 CardTable entry size: 512
 Card Set container configuration: InlinePtr #cards 4 size 8 Array Of Cards #cards 16 size 48 Howl #buckets 8 coarsen threshold 3686 Howl Bitmap #cards 512 size 80 coarsen threshold 460 Card regions per heap region 1 cards per card region 4096
 CPUs: 8 total, 8 available
 Memory: 16202M
 Large Page Support: Disabled
 NUMA Support: Disabled
 Compressed Oops: Enabled (Zero based)
 Heap Region Size: 2M
 Heap Min Capacity: 8M
 Heap Initial Capacity: 254M
 Heap Max Capacity: 4052M
 Pre-touch: Disabled
 Parallel Workers: 8
 Concurrent Workers: 2
 Concurrent Refinement Workers: 8
 Periodic GC: Disabled

Heap:
 garbage-first heap   total reserved 4149248K, committed 440320K, used 225188K [0x0000000702c00000, 0x0000000800000000)
  region size 2048K, 17 young (34816K), 7 survivors (14336K)
 Metaspace       used 32723K, committed 33344K, reserved 1114112K
  class space    used 4375K, committed 4608K, reserved 1048576K

Heap Regions: E=young(eden), S=young(survivor), O=old, HS=humongous(starts), HC=humongous(continues), CS=collection set, F=free, TAMS=top-at-mark-start, PB=parsable bottom
|   0|0x0000000702c00000, 0x0000000702e00000, 0x0000000702e00000|100%|HS|  |TAMS 0x0000000702c00000| PB 0x0000000702c00000| Complete |  0
|   1|0x0000000702e00000, 0x0000000703000000, 0x0000000703000000|100%|HS|  |TAMS 0x0000000702e00000| PB 0x0000000702e00000| Complete |  0
|   2|0x0000000703000000, 0x0000000703200000, 0x0000000703200000|100%| O|  |TAMS 0x0000000703000000| PB 0x0000000703000000| Untracked |  0
|   3|0x0000000703200000, 0x0000000703400000, 0x0000000703400000|100%| O|  |TAMS 0x0000000703200000| PB 0x0000000703200000| Untracked |  0
|   4|0x0000000703400000, 0x0000000703600000, 0x0000000703600000|100%|HS|  |TAMS 0x0000000703400000| PB 0x0000000703400000| Complete |  0
|   5|0x0000000703600000, 0x0000000703800000, 0x0000000703800000|100%|HC|  |TAMS 0x0000000703600000| PB 0x0000000703600000| Complete |  0
|   6|0x0000000703800000, 0x0000000703a00000, 0x0000000703a00000|100%|HC|  |TAMS 0x0000000703800000| PB 0x0000000703800000| Complete |  0
|   7|0x0000000703a00000, 0x0000000703c00000, 0x0000000703c00000|100%|HC|  |TAMS 0x0000000703a00000| PB 0x0000000703a00000| Complete |  0
|   8|0x0000000703c00000, 0x0000000703e00000, 0x0000000703e00000|100%|HC|  |TAMS 0x0000000703c00000| PB 0x0000000703c00000| Complete |  0
|   9|0x0000000703e00000, 0x0000000704000000, 0x0000000704000000|100%|HC|  |TAMS 0x0000000703e00000| PB 0x0000000703e00000| Complete |  0
|  10|0x0000000704000000, 0x0000000704200000, 0x0000000704200000|100%|HC|  |TAMS 0x0000000704000000| PB 0x0000000704000000| Complete |  0
|  11|0x0000000704200000, 0x0000000704400000, 0x0000000704400000|100%|HC|  |TAMS 0x0000000704200000| PB 0x0000000704200000| Complete |  0
|  12|0x0000000704400000, 0x0000000704600000, 0x0000000704600000|100%|HC|  |TAMS 0x0000000704400000| PB 0x0000000704400000| Complete |  0
|  13|0x0000000704600000, 0x0000000704800000, 0x0000000704800000|100%|HC|  |TAMS 0x0000000704600000| PB 0x0000000704600000| Complete |  0
|  14|0x0000000704800000, 0x0000000704a00000, 0x0000000704a00000|100%|HC|  |TAMS 0x0000000704800000| PB 0x0000000704800000| Complete |  0
|  15|0x0000000704a00000, 0x0000000704c00000, 0x0000000704c00000|100%|HC|  |TAMS 0x0000000704a00000| PB 0x0000000704a00000| Complete |  0
|  16|0x0000000704c00000, 0x0000000704e00000, 0x0000000704e00000|100%|HS|  |TAMS 0x0000000704c00000| PB 0x0000000704c00000| Complete |  0
|  17|0x0000000704e00000, 0x0000000705000000, 0x0000000705000000|100%|HC|  |TAMS 0x0000000704e00000| PB 0x0000000704e00000| Complete |  0
|  18|0x0000000705000000, 0x0000000705200000, 0x0000000705200000|100%|HS|  |TAMS 0x0000000705000000| PB 0x0000000705000000| Complete |  0
|  19|0x0000000705200000, 0x0000000705400000, 0x0000000705400000|100%|HC|  |TAMS 0x0000000705200000| PB 0x0000000705200000| Complete |  0
|  20|0x0000000705400000, 0x0000000705600000, 0x0000000705600000|100%|HC|  |TAMS 0x0000000705400000| PB 0x0000000705400000| Complete |  0
|  21|0x0000000705600000, 0x0000000705800000, 0x0000000705800000|100%|HC|  |TAMS 0x0000000705600000| PB 0x0000000705600000| Complete |  0
|  22|0x0000000705800000, 0x0000000705a00000, 0x0000000705a00000|100%|HC|  |TAMS 0x0000000705800000| PB 0x0000000705800000| Complete |  0
|  23|0x0000000705a00000, 0x0000000705c00000, 0x0000000705c00000|100%|HC|  |TAMS 0x0000000705a00000| PB 0x0000000705a00000| Complete |  0
|  24|0x0000000705c00000, 0x0000000705e00000, 0x0000000705e00000|100%|HC|  |TAMS 0x0000000705c00000| PB 0x0000000705c00000| Complete |  0
|  25|0x0000000705e00000, 0x0000000706000000, 0x0000000706000000|100%|HC|  |TAMS 0x0000000705e00000| PB 0x0000000705e00000| Complete |  0
|  26|0x0000000706000000, 0x0000000706200000, 0x0000000706200000|100%|HC|  |TAMS 0x0000000706000000| PB 0x0000000706000000| Complete |  0
|  27|0x0000000706200000, 0x0000000706400000, 0x0000000706400000|100%|HC|  |TAMS 0x0000000706200000| PB 0x0000000706200000| Complete |  0
|  28|0x0000000706400000, 0x0000000706600000, 0x0000000706600000|100%|HC|  |TAMS 0x0000000706400000| PB 0x0000000706400000| Complete |  0
|  29|0x0000000706600000, 0x0000000706800000, 0x0000000706800000|100%|HC|  |TAMS 0x0000000706600000| PB 0x0000000706600000| Complete |  0
|  30|0x0000000706800000, 0x0000000706a00000, 0x0000000706a00000|100%|HS|  |TAMS 0x0000000706800000| PB 0x0000000706800000| Complete |  0
|  31|0x0000000706a00000, 0x0000000706c00000, 0x0000000706c00000|100%|HC|  |TAMS 0x0000000706a00000| PB 0x0000000706a00000| Complete |  0
|  32|0x0000000706c00000, 0x0000000706e00000, 0x0000000706e00000|100%|HC|  |TAMS 0x0000000706c00000| PB 0x0000000706c00000| Complete |  0
|  33|0x0000000706e00000, 0x0000000707000000, 0x0000000707000000|100%|HC|  |TAMS 0x0000000706e00000| PB 0x0000000706e00000| Complete |  0
|  34|0x0000000707000000, 0x0000000707200000, 0x0000000707200000|100%|HC|  |TAMS 0x0000000707000000| PB 0x0000000707000000| Complete |  0
|  35|0x0000000707200000, 0x0000000707400000, 0x0000000707400000|100%|HC|  |TAMS 0x0000000707200000| PB 0x0000000707200000| Complete |  0
|  36|0x0000000707400000, 0x0000000707600000, 0x0000000707600000|100%|HC|  |TAMS 0x0000000707400000| PB 0x0000000707400000| Complete |  0
|  37|0x0000000707600000, 0x0000000707800000, 0x0000000707800000|100%|HC|  |TAMS 0x0000000707600000| PB 0x0000000707600000| Complete |  0
|  38|0x0000000707800000, 0x0000000707a00000, 0x0000000707a00000|100%|HC|  |TAMS 0x0000000707800000| PB 0x0000000707800000| Complete |  0
|  39|0x0000000707a00000, 0x0000000707c00000, 0x0000000707c00000|100%|HC|  |TAMS 0x0000000707a00000| PB 0x0000000707a00000| Complete |  0
|  40|0x0000000707c00000, 0x0000000707e00000, 0x0000000707e00000|100%|HC|  |TAMS 0x0000000707c00000| PB 0x0000000707c00000| Complete |  0
|  41|0x0000000707e00000, 0x0000000708000000, 0x0000000708000000|100%|HC|  |TAMS 0x0000000707e00000| PB 0x0000000707e00000| Complete |  0
|  42|0x0000000708000000, 0x0000000708200000, 0x0000000708200000|100%|HS|  |TAMS 0x0000000708000000| PB 0x0000000708000000| Complete |  0
|  43|0x0000000708200000, 0x0000000708400000, 0x0000000708400000|100%|HC|  |TAMS 0x0000000708200000| PB 0x0000000708200000| Complete |  0
|  44|0x0000000708400000, 0x0000000708600000, 0x0000000708600000|100%|HC|  |TAMS 0x0000000708400000| PB 0x0000000708400000| Complete |  0
|  45|0x0000000708600000, 0x0000000708800000, 0x0000000708800000|100%|HC|  |TAMS 0x0000000708600000| PB 0x0000000708600000| Complete |  0
|  46|0x0000000708800000, 0x0000000708a00000, 0x0000000708a00000|100%|HC|  |TAMS 0x0000000708800000| PB 0x0000000708800000| Complete |  0
|  47|0x0000000708a00000, 0x0000000708c00000, 0x0000000708c00000|100%|HC|  |TAMS 0x0000000708a00000| PB 0x0000000708a00000| Complete |  0
|  48|0x0000000708c00000, 0x0000000708e00000, 0x0000000708e00000|100%|HC|  |TAMS 0x0000000708c00000| PB 0x0000000708c00000| Complete |  0
|  49|0x0000000708e00000, 0x0000000709000000, 0x0000000709000000|100%|HC|  |TAMS 0x0000000708e00000| PB 0x0000000708e00000| Complete |  0
|  50|0x0000000709000000, 0x0000000709200000, 0x0000000709200000|100%|HC|  |TAMS 0x0000000709000000| PB 0x0000000709000000| Complete |  0
|  51|0x0000000709200000, 0x0000000709400000, 0x0000000709400000|100%|HC|  |TAMS 0x0000000709200000| PB 0x0000000709200000| Complete |  0
|  52|0x0000000709400000, 0x0000000709600000, 0x0000000709600000|100%|HC|  |TAMS 0x0000000709400000| PB 0x0000000709400000| Complete |  0
|  53|0x0000000709600000, 0x0000000709800000, 0x0000000709800000|100%|HC|  |TAMS 0x0000000709600000| PB 0x0000000709600000| Complete |  0
|  54|0x0000000709800000, 0x0000000709a00000, 0x0000000709a00000|100%|HS|  |TAMS 0x0000000709800000| PB 0x0000000709800000| Complete |  0
|  55|0x0000000709a00000, 0x0000000709c00000, 0x0000000709c00000|100%|HC|  |TAMS 0x0000000709a00000| PB 0x0000000709a00000| Complete |  0
|  56|0x0000000709c00000, 0x0000000709e00000, 0x0000000709e00000|100%|HC|  |TAMS 0x0000000709c00000| PB 0x0000000709c00000| Complete |  0
|  57|0x0000000709e00000, 0x000000070a000000, 0x000000070a000000|100%|HC|  |TAMS 0x0000000709e00000| PB 0x0000000709e00000| Complete |  0
|  58|0x000000070a000000, 0x000000070a200000, 0x000000070a200000|100%|HC|  |TAMS 0x000000070a000000| PB 0x000000070a000000| Complete |  0
|  59|0x000000070a200000, 0x000000070a400000, 0x000000070a400000|100%|HC|  |TAMS 0x000000070a200000| PB 0x000000070a200000| Complete |  0
|  60|0x000000070a400000, 0x000000070a600000, 0x000000070a600000|100%|HC|  |TAMS 0x000000070a400000| PB 0x000000070a400000| Complete |  0
|  61|0x000000070a600000, 0x000000070a800000, 0x000000070a800000|100%|HC|  |TAMS 0x000000070a600000| PB 0x000000070a600000| Complete |  0
|  62|0x000000070a800000, 0x000000070aa00000, 0x000000070aa00000|100%|HC|  |TAMS 0x000000070a800000| PB 0x000000070a800000| Complete |  0
|  63|0x000000070aa00000, 0x000000070ac00000, 0x000000070ac00000|100%|HC|  |TAMS 0x000000070aa00000| PB 0x000000070aa00000| Complete |  0
|  64|0x000000070ac00000, 0x000000070ae00000, 0x000000070ae00000|100%|HC|  |TAMS 0x000000070ac00000| PB 0x000000070ac00000| Complete |  0
|  65|0x000000070ae00000, 0x000000070b000000, 0x000000070b000000|100%|HC|  |TAMS 0x000000070ae00000| PB 0x000000070ae00000| Complete |  0
|  66|0x000000070b000000, 0x000000070b200000, 0x000000070b200000|100%|HS|  |TAMS 0x000000070b000000| PB 0x000000070b000000| Complete |  0
|  67|0x000000070b200000, 0x000000070b400000, 0x000000070b400000|100%|HC|  |TAMS 0x000000070b200000| PB 0x000000070b200000| Complete |  0
|  68|0x000000070b400000, 0x000000070b600000, 0x000000070b600000|100%|HC|  |TAMS 0x000000070b400000| PB 0x000000070b400000| Complete |  0
|  69|0x000000070b600000, 0x000000070b800000, 0x000000070b800000|100%|HC|  |TAMS 0x000000070b600000| PB 0x000000070b600000| Complete |  0
|  70|0x000000070b800000, 0x000000070ba00000, 0x000000070ba00000|100%|HC|  |TAMS 0x000000070b800000| PB 0x000000070b800000| Complete |  0
|  71|0x000000070ba00000, 0x000000070bc00000, 0x000000070bc00000|100%|HC|  |TAMS 0x000000070ba00000| PB 0x000000070ba00000| Complete |  0
|  72|0x000000070bc00000, 0x000000070be00000, 0x000000070be00000|100%|HC|  |TAMS 0x000000070bc00000| PB 0x000000070bc00000| Complete |  0
|  73|0x000000070be00000, 0x000000070c000000, 0x000000070c000000|100%|HC|  |TAMS 0x000000070be00000| PB 0x000000070be00000| Complete |  0
|  74|0x000000070c000000, 0x000000070c200000, 0x000000070c200000|100%|HC|  |TAMS 0x000000070c000000| PB 0x000000070c000000| Complete |  0
|  75|0x000000070c200000, 0x000000070c400000, 0x000000070c400000|100%|HC|  |TAMS 0x000000070c200000| PB 0x000000070c200000| Complete |  0
|  76|0x000000070c400000, 0x000000070c600000, 0x000000070c600000|100%|HC|  |TAMS 0x000000070c400000| PB 0x000000070c400000| Complete |  0
|  77|0x000000070c600000, 0x000000070c800000, 0x000000070c800000|100%|HC|  |TAMS 0x000000070c600000| PB 0x000000070c600000| Complete |  0
|  78|0x000000070c800000, 0x000000070ca00000, 0x000000070ca00000|100%|HS|  |TAMS 0x000000070c800000| PB 0x000000070c800000| Complete |  0
|  79|0x000000070ca00000, 0x000000070cc00000, 0x000000070cc00000|100%|HC|  |TAMS 0x000000070ca00000| PB 0x000000070ca00000| Complete |  0
|  80|0x000000070cc00000, 0x000000070ce00000, 0x000000070ce00000|100%|HC|  |TAMS 0x000000070cc00000| PB 0x000000070cc00000| Complete |  0
|  81|0x000000070ce00000, 0x000000070d000000, 0x000000070d000000|100%|HC|  |TAMS 0x000000070ce00000| PB 0x000000070ce00000| Complete |  0
|  82|0x000000070d000000, 0x000000070d200000, 0x000000070d200000|100%|HC|  |TAMS 0x000000070d000000| PB 0x000000070d000000| Complete |  0
|  83|0x000000070d200000, 0x000000070d400000, 0x000000070d400000|100%|HC|  |TAMS 0x000000070d200000| PB 0x000000070d200000| Complete |  0
|  84|0x000000070d400000, 0x000000070d600000, 0x000000070d600000|100%|HC|  |TAMS 0x000000070d400000| PB 0x000000070d400000| Complete |  0
|  85|0x000000070d600000, 0x000000070d800000, 0x000000070d800000|100%|HC|  |TAMS 0x000000070d600000| PB 0x000000070d600000| Complete |  0
|  86|0x000000070d800000, 0x000000070da00000, 0x000000070da00000|100%|HC|  |TAMS 0x000000070d800000| PB 0x000000070d800000| Complete |  0
|  87|0x000000070da00000, 0x000000070dc00000, 0x000000070dc00000|100%|HC|  |TAMS 0x000000070da00000| PB 0x000000070da00000| Complete |  0
|  88|0x000000070dc00000, 0x000000070de00000, 0x000000070de00000|100%|HC|  |TAMS 0x000000070dc00000| PB 0x000000070dc00000| Complete |  0
|  89|0x000000070de00000, 0x000000070e000000, 0x000000070e000000|100%|HC|  |TAMS 0x000000070de00000| PB 0x000000070de00000| Complete |  0
|  90|0x000000070e000000, 0x000000070e200000, 0x000000070e200000|100%| O|  |TAMS 0x000000070e000000| PB 0x000000070e000000| Untracked |  0
|  91|0x000000070e200000, 0x000000070e400000, 0x000000070e400000|100%|HS|  |TAMS 0x000000070e200000| PB 0x000000070e200000| Complete |  0
|  92|0x000000070e400000, 0x000000070e600000, 0x000000070e600000|100%| O|  |TAMS 0x000000070e400000| PB 0x000000070e400000| Untracked |  0
|  93|0x000000070e600000, 0x000000070e7e9398, 0x000000070e800000| 95%| O|  |TAMS 0x000000070e600000| PB 0x000000070e600000| Untracked |  0
|  94|0x000000070e800000, 0x000000070e800000, 0x000000070ea00000|  0%| F|  |TAMS 0x000000070e800000| PB 0x000000070e800000| Untracked |  0
|  95|0x000000070ea00000, 0x000000070ea00000, 0x000000070ec00000|  0%| F|  |TAMS 0x000000070ea00000| PB 0x000000070ea00000| Untracked |  0
|  96|0x000000070ec00000, 0x000000070ec00000, 0x000000070ee00000|  0%| F|  |TAMS 0x000000070ec00000| PB 0x000000070ec00000| Untracked |  0
|  97|0x000000070ee00000, 0x000000070ee00000, 0x000000070f000000|  0%| F|  |TAMS 0x000000070ee00000| PB 0x000000070ee00000| Untracked |  0
|  98|0x000000070f000000, 0x000000070f000000, 0x000000070f200000|  0%| F|  |TAMS 0x000000070f000000| PB 0x000000070f000000| Untracked |  0
|  99|0x000000070f200000, 0x000000070f200000, 0x000000070f400000|  0%| F|  |TAMS 0x000000070f200000| PB 0x000000070f200000| Untracked |  0
| 100|0x000000070f400000, 0x000000070f400000, 0x000000070f600000|  0%| F|  |TAMS 0x000000070f400000| PB 0x000000070f400000| Untracked |  0
| 101|0x000000070f600000, 0x000000070f600000, 0x000000070f800000|  0%| F|  |TAMS 0x000000070f600000| PB 0x000000070f600000| Untracked |  0
| 102|0x000000070f800000, 0x000000070fa00000, 0x000000070fa00000|100%| S|CS|TAMS 0x000000070f800000| PB 0x000000070f800000| Complete |  0
| 103|0x000000070fa00000, 0x000000070fc00000, 0x000000070fc00000|100%| S|CS|TAMS 0x000000070fa00000| PB 0x000000070fa00000| Complete |  0
| 104|0x000000070fc00000, 0x000000070fe00000, 0x000000070fe00000|100%| S|CS|TAMS 0x000000070fc00000| PB 0x000000070fc00000| Complete |  0
| 105|0x000000070fe00000, 0x0000000710000000, 0x0000000710000000|100%| S|CS|TAMS 0x000000070fe00000| PB 0x000000070fe00000| Complete |  0
| 106|0x0000000710000000, 0x0000000710200000, 0x0000000710200000|100%| S|CS|TAMS 0x0000000710000000| PB 0x0000000710000000| Complete |  0
| 107|0x0000000710200000, 0x0000000710400000, 0x0000000710400000|100%| S|CS|TAMS 0x0000000710200000| PB 0x0000000710200000| Complete |  0
| 108|0x0000000710400000, 0x0000000710600000, 0x0000000710600000|100%| S|CS|TAMS 0x0000000710400000| PB 0x0000000710400000| Complete |  0
| 109|0x0000000710600000, 0x0000000710600000, 0x0000000710800000|  0%| F|  |TAMS 0x0000000710600000| PB 0x0000000710600000| Untracked |  0
| 110|0x0000000710800000, 0x0000000710800000, 0x0000000710a00000|  0%| F|  |TAMS 0x0000000710800000| PB 0x0000000710800000| Untracked |  0
| 111|0x0000000710a00000, 0x0000000710a00000, 0x0000000710c00000|  0%| F|  |TAMS 0x0000000710a00000| PB 0x0000000710a00000| Untracked |  0
| 112|0x0000000710c00000, 0x0000000710c00000, 0x0000000710e00000|  0%| F|  |TAMS 0x0000000710c00000| PB 0x0000000710c00000| Untracked |  0
| 113|0x0000000710e00000, 0x0000000710e00000, 0x0000000711000000|  0%| F|  |TAMS 0x0000000710e00000| PB 0x0000000710e00000| Untracked |  0
| 114|0x0000000711000000, 0x0000000711000000, 0x0000000711200000|  0%| F|  |TAMS 0x0000000711000000| PB 0x0000000711000000| Untracked |  0
| 115|0x0000000711200000, 0x0000000711200000, 0x0000000711400000|  0%| F|  |TAMS 0x0000000711200000| PB 0x0000000711200000| Untracked |  0
| 116|0x0000000711400000, 0x0000000711400000, 0x0000000711600000|  0%| F|  |TAMS 0x0000000711400000| PB 0x0000000711400000| Untracked |  0
| 117|0x0000000711600000, 0x0000000711600000, 0x0000000711800000|  0%| F|  |TAMS 0x0000000711600000| PB 0x0000000711600000| Untracked |  0
| 118|0x0000000711800000, 0x0000000711800000, 0x0000000711a00000|  0%| F|  |TAMS 0x0000000711800000| PB 0x0000000711800000| Untracked |  0
| 119|0x0000000711a00000, 0x0000000711a00000, 0x0000000711c00000|  0%| F|  |TAMS 0x0000000711a00000| PB 0x0000000711a00000| Untracked |  0
| 120|0x0000000711c00000, 0x0000000711c00000, 0x0000000711e00000|  0%| F|  |TAMS 0x0000000711c00000| PB 0x0000000711c00000| Untracked |  0
| 121|0x0000000711e00000, 0x0000000711e00000, 0x0000000712000000|  0%| F|  |TAMS 0x0000000711e00000| PB 0x0000000711e00000| Untracked |  0
| 122|0x0000000712000000, 0x0000000712000000, 0x0000000712200000|  0%| F|  |TAMS 0x0000000712000000| PB 0x0000000712000000| Untracked |  0
| 123|0x0000000712200000, 0x0000000712200000, 0x0000000712400000|  0%| F|  |TAMS 0x0000000712200000| PB 0x0000000712200000| Untracked |  0
| 124|0x0000000712400000, 0x0000000712400000, 0x0000000712600000|  0%| F|  |TAMS 0x0000000712400000| PB 0x0000000712400000| Untracked |  0
| 125|0x0000000712600000, 0x0000000712600000, 0x0000000712800000|  0%| F|  |TAMS 0x0000000712600000| PB 0x0000000712600000| Untracked |  0
| 126|0x0000000712800000, 0x0000000712800000, 0x0000000712a00000|  0%| F|  |TAMS 0x0000000712800000| PB 0x0000000712800000| Untracked |  0
| 127|0x0000000712a00000, 0x0000000712a00000, 0x0000000712c00000|  0%| F|  |TAMS 0x0000000712a00000| PB 0x0000000712a00000| Untracked |  0
| 128|0x0000000712c00000, 0x0000000712c00000, 0x0000000712e00000|  0%| F|  |TAMS 0x0000000712c00000| PB 0x0000000712c00000| Untracked |  0
| 129|0x0000000712e00000, 0x0000000712e00000, 0x0000000713000000|  0%| F|  |TAMS 0x0000000712e00000| PB 0x0000000712e00000| Untracked |  0
| 130|0x0000000713000000, 0x0000000713000000, 0x0000000713200000|  0%| F|  |TAMS 0x0000000713000000| PB 0x0000000713000000| Untracked |  0
| 131|0x0000000713200000, 0x0000000713200000, 0x0000000713400000|  0%| F|  |TAMS 0x0000000713200000| PB 0x0000000713200000| Untracked |  0
| 132|0x0000000713400000, 0x0000000713400000, 0x0000000713600000|  0%| F|  |TAMS 0x0000000713400000| PB 0x0000000713400000| Untracked |  0
| 133|0x0000000713600000, 0x0000000713600000, 0x0000000713800000|  0%| F|  |TAMS 0x0000000713600000| PB 0x0000000713600000| Untracked |  0
| 134|0x0000000713800000, 0x0000000713800000, 0x0000000713a00000|  0%| F|  |TAMS 0x0000000713800000| PB 0x0000000713800000| Untracked |  0
| 135|0x0000000713a00000, 0x0000000713a00000, 0x0000000713c00000|  0%| F|  |TAMS 0x0000000713a00000| PB 0x0000000713a00000| Untracked |  0
| 136|0x0000000713c00000, 0x0000000713c00000, 0x0000000713e00000|  0%| F|  |TAMS 0x0000000713c00000| PB 0x0000000713c00000| Untracked |  0
| 137|0x0000000713e00000, 0x0000000713e00000, 0x0000000714000000|  0%| F|  |TAMS 0x0000000713e00000| PB 0x0000000713e00000| Untracked |  0
| 138|0x0000000714000000, 0x0000000714000000, 0x0000000714200000|  0%| F|  |TAMS 0x0000000714000000| PB 0x0000000714000000| Untracked |  0
| 139|0x0000000714200000, 0x0000000714200000, 0x0000000714400000|  0%| F|  |TAMS 0x0000000714200000| PB 0x0000000714200000| Untracked |  0
| 140|0x0000000714400000, 0x0000000714400000, 0x0000000714600000|  0%| F|  |TAMS 0x0000000714400000| PB 0x0000000714400000| Untracked |  0
| 141|0x0000000714600000, 0x0000000714600000, 0x0000000714800000|  0%| F|  |TAMS 0x0000000714600000| PB 0x0000000714600000| Untracked |  0
| 142|0x0000000714800000, 0x0000000714800000, 0x0000000714a00000|  0%| F|  |TAMS 0x0000000714800000| PB 0x0000000714800000| Untracked |  0
| 143|0x0000000714a00000, 0x0000000714a00000, 0x0000000714c00000|  0%| F|  |TAMS 0x0000000714a00000| PB 0x0000000714a00000| Untracked |  0
| 144|0x0000000714c00000, 0x0000000714c00000, 0x0000000714e00000|  0%| F|  |TAMS 0x0000000714c00000| PB 0x0000000714c00000| Untracked |  0
| 145|0x0000000714e00000, 0x0000000714e00000, 0x0000000715000000|  0%| F|  |TAMS 0x0000000714e00000| PB 0x0000000714e00000| Untracked |  0
| 146|0x0000000715000000, 0x0000000715000000, 0x0000000715200000|  0%| F|  |TAMS 0x0000000715000000| PB 0x0000000715000000| Untracked |  0
| 147|0x0000000715200000, 0x0000000715200000, 0x0000000715400000|  0%| F|  |TAMS 0x0000000715200000| PB 0x0000000715200000| Untracked |  0
| 148|0x0000000715400000, 0x0000000715400000, 0x0000000715600000|  0%| F|  |TAMS 0x0000000715400000| PB 0x0000000715400000| Untracked |  0
| 149|0x0000000715600000, 0x0000000715600000, 0x0000000715800000|  0%| F|  |TAMS 0x0000000715600000| PB 0x0000000715600000| Untracked |  0
| 150|0x0000000715800000, 0x0000000715800000, 0x0000000715a00000|  0%| F|  |TAMS 0x0000000715800000| PB 0x0000000715800000| Untracked |  0
| 151|0x0000000715a00000, 0x0000000715a00000, 0x0000000715c00000|  0%| F|  |TAMS 0x0000000715a00000| PB 0x0000000715a00000| Untracked |  0
| 152|0x0000000715c00000, 0x0000000715c00000, 0x0000000715e00000|  0%| F|  |TAMS 0x0000000715c00000| PB 0x0000000715c00000| Untracked |  0
| 153|0x0000000715e00000, 0x0000000715e00000, 0x0000000716000000|  0%| F|  |TAMS 0x0000000715e00000| PB 0x0000000715e00000| Untracked |  0
| 154|0x0000000716000000, 0x0000000716000000, 0x0000000716200000|  0%| F|  |TAMS 0x0000000716000000| PB 0x0000000716000000| Untracked |  0
| 155|0x0000000716200000, 0x0000000716200000, 0x0000000716400000|  0%| F|  |TAMS 0x0000000716200000| PB 0x0000000716200000| Untracked |  0
| 156|0x0000000716400000, 0x0000000716400000, 0x0000000716600000|  0%| F|  |TAMS 0x0000000716400000| PB 0x0000000716400000| Untracked |  0
| 157|0x0000000716600000, 0x0000000716600000, 0x0000000716800000|  0%| F|  |TAMS 0x0000000716600000| PB 0x0000000716600000| Untracked |  0
| 158|0x0000000716800000, 0x0000000716800000, 0x0000000716a00000|  0%| F|  |TAMS 0x0000000716800000| PB 0x0000000716800000| Untracked |  0
| 159|0x0000000716a00000, 0x0000000716a00000, 0x0000000716c00000|  0%| F|  |TAMS 0x0000000716a00000| PB 0x0000000716a00000| Untracked |  0
| 160|0x0000000716c00000, 0x0000000716c00000, 0x0000000716e00000|  0%| F|  |TAMS 0x0000000716c00000| PB 0x0000000716c00000| Untracked |  0
| 161|0x0000000716e00000, 0x0000000716e00000, 0x0000000717000000|  0%| F|  |TAMS 0x0000000716e00000| PB 0x0000000716e00000| Untracked |  0
| 162|0x0000000717000000, 0x0000000717000000, 0x0000000717200000|  0%| F|  |TAMS 0x0000000717000000| PB 0x0000000717000000| Untracked |  0
| 163|0x0000000717200000, 0x0000000717200000, 0x0000000717400000|  0%| F|  |TAMS 0x0000000717200000| PB 0x0000000717200000| Untracked |  0
| 164|0x0000000717400000, 0x0000000717400000, 0x0000000717600000|  0%| F|  |TAMS 0x0000000717400000| PB 0x0000000717400000| Untracked |  0
| 165|0x0000000717600000, 0x0000000717600000, 0x0000000717800000|  0%| F|  |TAMS 0x0000000717600000| PB 0x0000000717600000| Untracked |  0
| 166|0x0000000717800000, 0x0000000717800000, 0x0000000717a00000|  0%| F|  |TAMS 0x0000000717800000| PB 0x0000000717800000| Untracked |  0
| 167|0x0000000717a00000, 0x0000000717a00000, 0x0000000717c00000|  0%| F|  |TAMS 0x0000000717a00000| PB 0x0000000717a00000| Untracked |  0
| 168|0x0000000717c00000, 0x0000000717c00000, 0x0000000717e00000|  0%| F|  |TAMS 0x0000000717c00000| PB 0x0000000717c00000| Untracked |  0
| 169|0x0000000717e00000, 0x0000000717e00000, 0x0000000718000000|  0%| F|  |TAMS 0x0000000717e00000| PB 0x0000000717e00000| Untracked |  0
| 170|0x0000000718000000, 0x0000000718000000, 0x0000000718200000|  0%| F|  |TAMS 0x0000000718000000| PB 0x0000000718000000| Untracked |  0
| 171|0x0000000718200000, 0x0000000718200000, 0x0000000718400000|  0%| F|  |TAMS 0x0000000718200000| PB 0x0000000718200000| Untracked |  0
| 172|0x0000000718400000, 0x0000000718400000, 0x0000000718600000|  0%| F|  |TAMS 0x0000000718400000| PB 0x0000000718400000| Untracked |  0
| 173|0x0000000718600000, 0x0000000718600000, 0x0000000718800000|  0%| F|  |TAMS 0x0000000718600000| PB 0x0000000718600000| Untracked |  0
| 174|0x0000000718800000, 0x0000000718800000, 0x0000000718a00000|  0%| F|  |TAMS 0x0000000718800000| PB 0x0000000718800000| Untracked |  0
| 175|0x0000000718a00000, 0x0000000718a00000, 0x0000000718c00000|  0%| F|  |TAMS 0x0000000718a00000| PB 0x0000000718a00000| Untracked |  0
| 176|0x0000000718c00000, 0x0000000718c00000, 0x0000000718e00000|  0%| F|  |TAMS 0x0000000718c00000| PB 0x0000000718c00000| Untracked |  0
| 177|0x0000000718e00000, 0x0000000718e00000, 0x0000000719000000|  0%| F|  |TAMS 0x0000000718e00000| PB 0x0000000718e00000| Untracked |  0
| 178|0x0000000719000000, 0x0000000719000000, 0x0000000719200000|  0%| F|  |TAMS 0x0000000719000000| PB 0x0000000719000000| Untracked |  0
| 179|0x0000000719200000, 0x0000000719200000, 0x0000000719400000|  0%| F|  |TAMS 0x0000000719200000| PB 0x0000000719200000| Untracked |  0
| 180|0x0000000719400000, 0x0000000719400000, 0x0000000719600000|  0%| F|  |TAMS 0x0000000719400000| PB 0x0000000719400000| Untracked |  0
| 181|0x0000000719600000, 0x0000000719600000, 0x0000000719800000|  0%| F|  |TAMS 0x0000000719600000| PB 0x0000000719600000| Untracked |  0
| 182|0x0000000719800000, 0x0000000719800000, 0x0000000719a00000|  0%| F|  |TAMS 0x0000000719800000| PB 0x0000000719800000| Untracked |  0
| 183|0x0000000719a00000, 0x0000000719a00000, 0x0000000719c00000|  0%| F|  |TAMS 0x0000000719a00000| PB 0x0000000719a00000| Untracked |  0
| 184|0x0000000719c00000, 0x0000000719c00000, 0x0000000719e00000|  0%| F|  |TAMS 0x0000000719c00000| PB 0x0000000719c00000| Untracked |  0
| 185|0x0000000719e00000, 0x0000000719e00000, 0x000000071a000000|  0%| F|  |TAMS 0x0000000719e00000| PB 0x0000000719e00000| Untracked |  0
| 186|0x000000071a000000, 0x000000071a000000, 0x000000071a200000|  0%| F|  |TAMS 0x000000071a000000| PB 0x000000071a000000| Untracked |  0
| 187|0x000000071a200000, 0x000000071a200000, 0x000000071a400000|  0%| F|  |TAMS 0x000000071a200000| PB 0x000000071a200000| Untracked |  0
| 188|0x000000071a400000, 0x000000071a400000, 0x000000071a600000|  0%| F|  |TAMS 0x000000071a400000| PB 0x000000071a400000| Untracked |  0
| 189|0x000000071a600000, 0x000000071a600000, 0x000000071a800000|  0%| F|  |TAMS 0x000000071a600000| PB 0x000000071a600000| Untracked |  0
| 190|0x000000071a800000, 0x000000071a800000, 0x000000071aa00000|  0%| F|  |TAMS 0x000000071a800000| PB 0x000000071a800000| Untracked |  0
| 191|0x000000071aa00000, 0x000000071aa00000, 0x000000071ac00000|  0%| F|  |TAMS 0x000000071aa00000| PB 0x000000071aa00000| Untracked |  0
| 192|0x000000071ac00000, 0x000000071ac00000, 0x000000071ae00000|  0%| F|  |TAMS 0x000000071ac00000| PB 0x000000071ac00000| Untracked |  0
| 193|0x000000071ae00000, 0x000000071ae00000, 0x000000071b000000|  0%| F|  |TAMS 0x000000071ae00000| PB 0x000000071ae00000| Untracked |  0
| 194|0x000000071b000000, 0x000000071b000000, 0x000000071b200000|  0%| F|  |TAMS 0x000000071b000000| PB 0x000000071b000000| Untracked |  0
| 195|0x000000071b200000, 0x000000071b200000, 0x000000071b400000|  0%| F|  |TAMS 0x000000071b200000| PB 0x000000071b200000| Untracked |  0
| 196|0x000000071b400000, 0x000000071b400000, 0x000000071b600000|  0%| F|  |TAMS 0x000000071b400000| PB 0x000000071b400000| Untracked |  0
| 197|0x000000071b600000, 0x000000071b600000, 0x000000071b800000|  0%| F|  |TAMS 0x000000071b600000| PB 0x000000071b600000| Untracked |  0
| 198|0x000000071b800000, 0x000000071b800000, 0x000000071ba00000|  0%| F|  |TAMS 0x000000071b800000| PB 0x000000071b800000| Untracked |  0
| 199|0x000000071ba00000, 0x000000071ba00000, 0x000000071bc00000|  0%| F|  |TAMS 0x000000071ba00000| PB 0x000000071ba00000| Untracked |  0
| 200|0x000000071bc00000, 0x000000071bc00000, 0x000000071be00000|  0%| F|  |TAMS 0x000000071bc00000| PB 0x000000071bc00000| Untracked |  0
| 201|0x000000071be00000, 0x000000071be00000, 0x000000071c000000|  0%| F|  |TAMS 0x000000071be00000| PB 0x000000071be00000| Untracked |  0
| 202|0x000000071c000000, 0x000000071c000000, 0x000000071c200000|  0%| F|  |TAMS 0x000000071c000000| PB 0x000000071c000000| Untracked |  0
| 203|0x000000071c200000, 0x000000071c200000, 0x000000071c400000|  0%| F|  |TAMS 0x000000071c200000| PB 0x000000071c200000| Untracked |  0
| 204|0x000000071c400000, 0x000000071c400000, 0x000000071c600000|  0%| F|  |TAMS 0x000000071c400000| PB 0x000000071c400000| Untracked |  0
| 205|0x000000071c600000, 0x000000071c786858, 0x000000071c800000| 76%| E|  |TAMS 0x000000071c600000| PB 0x000000071c600000| Complete |  0
| 206|0x000000071c800000, 0x000000071ca00000, 0x000000071ca00000|100%| E|CS|TAMS 0x000000071c800000| PB 0x000000071c800000| Complete |  0
| 207|0x000000071ca00000, 0x000000071cc00000, 0x000000071cc00000|100%| E|CS|TAMS 0x000000071ca00000| PB 0x000000071ca00000| Complete |  0
| 208|0x000000071cc00000, 0x000000071ce00000, 0x000000071ce00000|100%| E|CS|TAMS 0x000000071cc00000| PB 0x000000071cc00000| Complete |  0
| 209|0x000000071ce00000, 0x000000071d000000, 0x000000071d000000|100%| E|CS|TAMS 0x000000071ce00000| PB 0x000000071ce00000| Complete |  0
| 210|0x000000071d000000, 0x000000071d200000, 0x000000071d200000|100%| E|CS|TAMS 0x000000071d000000| PB 0x000000071d000000| Complete |  0
| 211|0x000000071d200000, 0x000000071d400000, 0x000000071d400000|100%| E|CS|TAMS 0x000000071d200000| PB 0x000000071d200000| Complete |  0
| 212|0x000000071d400000, 0x000000071d600000, 0x000000071d600000|100%| E|CS|TAMS 0x000000071d400000| PB 0x000000071d400000| Complete |  0
| 213|0x000000071d600000, 0x000000071d800000, 0x000000071d800000|100%| E|CS|TAMS 0x000000071d600000| PB 0x000000071d600000| Complete |  0
| 214|0x000000071d800000, 0x000000071da00000, 0x000000071da00000|100%| E|CS|TAMS 0x000000071d800000| PB 0x000000071d800000| Complete |  0

Card table byte_map: [0x0000013a752c0000,0x0000013a75ab0000] _byte_map_base: 0x0000013a71aaa000

Marking Bits: (CMBitMap*) 0x0000013a6c4a6bc0
 Bits: [0x0000013a75ab0000, 0x0000013a79a00000)

Polling page: 0x0000013a6bc10000

Metaspace:

Usage:
  Non-class:     27.69 MB used.
      Class:      4.27 MB used.
       Both:     31.96 MB used.

Virtual space:
  Non-class space:       64.00 MB reserved,      28.06 MB ( 44%) committed,  1 nodes.
      Class space:        1.00 GB reserved,       4.50 MB ( <1%) committed,  1 nodes.
             Both:        1.06 GB reserved,      32.56 MB (  3%) committed. 

Chunk freelists:
   Non-Class:  3.61 MB
       Class:  11.44 MB
        Both:  15.05 MB

MaxMetaspaceSize: unlimited
CompressedClassSpaceSize: 1.00 GB
Initial GC threshold: 21.00 MB
Current GC threshold: 34.31 MB
CDS: on
 - commit_granule_bytes: 65536.
 - commit_granule_words: 8192.
 - virtual_space_node_default_size: 8388608.
 - enlarge_chunks_in_place: 1.
 - use_allocation_guard: 0.


Internal statistics:

num_allocs_failed_limit: 0.
num_arena_births: 850.
num_arena_deaths: 0.
num_vsnodes_births: 2.
num_vsnodes_deaths: 0.
num_space_committed: 521.
num_space_uncommitted: 0.
num_chunks_returned_to_freelist: 0.
num_chunks_taken_from_freelist: 1897.
num_chunk_merges: 0.
num_chunk_splits: 1194.
num_chunks_enlarged: 705.
num_inconsistent_stats: 0.

CodeHeap 'non-profiled nmethods': size=120000Kb used=3083Kb max_used=3083Kb free=116916Kb
 bounds [0x0000013a07ad0000, 0x0000013a07de0000, 0x0000013a0f000000]
CodeHeap 'profiled nmethods': size=120000Kb used=12076Kb max_used=12076Kb free=107923Kb
 bounds [0x0000013a00000000, 0x0000013a00bd0000, 0x0000013a07530000]
CodeHeap 'non-nmethods': size=5760Kb used=2061Kb max_used=2156Kb free=3698Kb
 bounds [0x0000013a07530000, 0x0000013a077a0000, 0x0000013a07ad0000]
 total_blobs=7211 nmethods=6196 adapters=919
 compilation: enabled
              stopped_count=0, restarted_count=0
 full_count=0

Compilation events (20 events):
Event: 15.038 Thread 0x0000013a7c479090 nmethod 6421 0x0000013a07dcda90 code [0x0000013a07dcdc20, 0x0000013a07dcdcf0]
Event: 15.038 Thread 0x0000013a7c4789d0 nmethod 6415 0x0000013a07dcdd90 code [0x0000013a07dcdf80, 0x0000013a07dce520]
Event: 15.038 Thread 0x0000013a7c4789d0 6420       4       java.nio.HeapByteBuffer::put (16 bytes)
Event: 15.039 Thread 0x0000013a7c4789d0 nmethod 6420 0x0000013a07dcea90 code [0x0000013a07dcec20, 0x0000013a07dced48]
Event: 15.039 Thread 0x0000013a7c4789d0 6422       4       java.lang.Class::getComponentType (14 bytes)
Event: 15.039 Thread 0x0000013a7c4789d0 nmethod 6422 0x0000013a07dcee90 code [0x0000013a07dcf000, 0x0000013a07dcf0b8]
Event: 15.039 Thread 0x0000013a7c4789d0 6416       4       com.sun.prism.impl.BaseGraphics::drawTexture (249 bytes)
Event: 15.042 Thread 0x0000013a7c4789d0 nmethod 6416 0x0000013a07dcf190 code [0x0000013a07dcf360, 0x0000013a07dcf8b0]
Event: 15.044 Thread 0x0000013a7c4789d0 6425       4       java.util.AbstractSet::<init> (5 bytes)
Event: 15.045 Thread 0x0000013a7c4789d0 nmethod 6425 0x0000013a07dcfd90 code [0x0000013a07dcff00, 0x0000013a07dcff88]
Event: 15.045 Thread 0x0000013a7c479090 6426       3       java.nio.CharBuffer::arrayOffset (35 bytes)
Event: 15.045 Thread 0x0000013a7c479090 nmethod 6426 0x0000013a00b82090 code [0x0000013a00b82260, 0x0000013a00b82518]
Event: 15.045 Thread 0x0000013a7c479090 6427       3       java.lang.StringBuilder::append (9 bytes)
Event: 15.045 Thread 0x0000013a7c479090 nmethod 6427 0x0000013a00b82610 code [0x0000013a00b827e0, 0x0000013a00b82b18]
Event: 15.045 Thread 0x0000013a7c479090 6428       3       java.io.BufferedWriter::ensureOpen (18 bytes)
Event: 15.045 Thread 0x0000013a7c479090 nmethod 6428 0x0000013a00b82c90 code [0x0000013a00b82e40, 0x0000013a00b83050]
Event: 15.057 Thread 0x0000013a7c479090 6429       3       com.sun.prism.d3d.D3DSwapChain::getContentWidth (5 bytes)
Event: 15.057 Thread 0x0000013a7c479090 nmethod 6429 0x0000013a00b83110 code [0x0000013a00b832c0, 0x0000013a00b83510]
Event: 15.057 Thread 0x0000013a7c479090 6430       3       com.sun.prism.d3d.D3DSwapChain::getContentHeight (5 bytes)
Event: 15.057 Thread 0x0000013a7c479090 nmethod 6430 0x0000013a00b83610 code [0x0000013a00b837c0, 0x0000013a00b83a10]

GC Heap History (14 events):
Event: 0.498 GC heap before
{Heap before GC invocations=0 (full 0):
 garbage-first heap   total reserved 4149248K, committed 260096K, used 22528K [0x0000000702c00000, 0x0000000800000000)
  region size 2048K, 12 young (24576K), 0 survivors (0K)
 Metaspace       used 4554K, committed 4800K, reserved 1114112K
  class space    used 514K, committed 640K, reserved 1048576K
}
Event: 0.500 GC heap after
{Heap after GC invocations=1 (full 0):
 garbage-first heap   total reserved 4149248K, committed 260096K, used 2847K [0x0000000702c00000, 0x0000000800000000)
  region size 2048K, 2 young (4096K), 2 survivors (4096K)
 Metaspace       used 4554K, committed 4800K, reserved 1114112K
  class space    used 514K, committed 640K, reserved 1048576K
}
Event: 1.120 GC heap before
{Heap before GC invocations=1 (full 0):
 garbage-first heap   total reserved 4149248K, committed 260096K, used 49951K [0x0000000702c00000, 0x0000000800000000)
  region size 2048K, 24 young (49152K), 2 survivors (4096K)
 Metaspace       used 15319K, committed 15744K, reserved 1114112K
  class space    used 1982K, committed 2176K, reserved 1048576K
}
Event: 1.125 GC heap after
{Heap after GC invocations=2 (full 0):
 garbage-first heap   total reserved 4149248K, committed 260096K, used 12707K [0x0000000702c00000, 0x0000000800000000)
  region size 2048K, 3 young (6144K), 3 survivors (6144K)
 Metaspace       used 15319K, committed 15744K, reserved 1114112K
  class space    used 1982K, committed 2176K, reserved 1048576K
}
Event: 1.379 GC heap before
{Heap before GC invocations=2 (full 0):
 garbage-first heap   total reserved 4149248K, committed 260096K, used 117155K [0x0000000702c00000, 0x0000000800000000)
  region size 2048K, 5 young (10240K), 3 survivors (6144K)
 Metaspace       used 15518K, committed 15872K, reserved 1114112K
  class space    used 2024K, committed 2176K, reserved 1048576K
}
Event: 1.381 GC heap after
{Heap after GC invocations=3 (full 0):
 garbage-first heap   total reserved 4149248K, committed 260096K, used 115784K [0x0000000702c00000, 0x0000000800000000)
  region size 2048K, 4 young (8192K), 4 survivors (8192K)
 Metaspace       used 15518K, committed 15872K, reserved 1114112K
  class space    used 2024K, committed 2176K, reserved 1048576K
}
Event: 1.436 GC heap before
{Heap before GC invocations=3 (full 0):
 garbage-first heap   total reserved 4149248K, committed 260096K, used 140360K [0x0000000702c00000, 0x0000000800000000)
  region size 2048K, 5 young (10240K), 4 survivors (8192K)
 Metaspace       used 15521K, committed 15872K, reserved 1114112K
  class space    used 2024K, committed 2176K, reserved 1048576K
}
Event: 1.439 GC heap after
{Heap after GC invocations=4 (full 0):
 garbage-first heap   total reserved 4149248K, committed 260096K, used 140167K [0x0000000702c00000, 0x0000000800000000)
  region size 2048K, 4 young (8192K), 4 survivors (8192K)
 Metaspace       used 15521K, committed 15872K, reserved 1114112K
  class space    used 2024K, committed 2176K, reserved 1048576K
}
Event: 1.494 GC heap before
{Heap before GC invocations=5 (full 0):
 garbage-first heap   total reserved 4149248K, committed 280576K, used 164743K [0x0000000702c00000, 0x0000000800000000)
  region size 2048K, 5 young (10240K), 4 survivors (8192K)
 Metaspace       used 15521K, committed 15872K, reserved 1114112K
  class space    used 2024K, committed 2176K, reserved 1048576K
}
Event: 1.498 GC heap after
{Heap after GC invocations=6 (full 0):
 garbage-first heap   total reserved 4149248K, committed 280576K, used 165130K [0x0000000702c00000, 0x0000000800000000)
  region size 2048K, 4 young (8192K), 4 survivors (8192K)
 Metaspace       used 15521K, committed 15872K, reserved 1114112K
  class space    used 2024K, committed 2176K, reserved 1048576K
}
Event: 1.970 GC heap before
{Heap before GC invocations=7 (full 0):
 garbage-first heap   total reserved 4149248K, committed 321536K, used 224522K [0x0000000702c00000, 0x0000000800000000)
  region size 2048K, 22 young (45056K), 4 survivors (8192K)
 Metaspace       used 20627K, committed 21056K, reserved 1114112K
  class space    used 2929K, committed 3136K, reserved 1048576K
}
Event: 1.978 GC heap after
{Heap after GC invocations=8 (full 0):
 garbage-first heap   total reserved 4149248K, committed 321536K, used 192795K [0x0000000702c00000, 0x0000000800000000)
  region size 2048K, 4 young (8192K), 4 survivors (8192K)
 Metaspace       used 20627K, committed 21056K, reserved 1114112K
  class space    used 2929K, committed 3136K, reserved 1048576K
}
Event: 14.739 GC heap before
{Heap before GC invocations=9 (full 0):
 garbage-first heap   total reserved 4149248K, committed 327680K, used 289051K [0x0000000702c00000, 0x0000000800000000)
  region size 2048K, 51 young (104448K), 4 survivors (8192K)
 Metaspace       used 32601K, committed 33152K, reserved 1114112K
  class space    used 4370K, committed 4608K, reserved 1048576K
}
Event: 14.749 GC heap after
{Heap after GC invocations=10 (full 0):
 garbage-first heap   total reserved 4149248K, committed 440320K, used 206756K [0x0000000702c00000, 0x0000000800000000)
  region size 2048K, 7 young (14336K), 7 survivors (14336K)
 Metaspace       used 32601K, committed 33152K, reserved 1114112K
  class space    used 4370K, committed 4608K, reserved 1048576K
}

Dll operation events (20 events):
Event: 0.338 Loaded shared library C:\Users\elyes\.openjfx\cache\16+8\amd64\api-ms-win-crt-private-l1-1-0.dll
Event: 0.340 Loaded shared library C:\Users\elyes\.openjfx\cache\16+8\amd64\api-ms-win-crt-process-l1-1-0.dll
Event: 0.342 Loaded shared library C:\Users\elyes\.openjfx\cache\16+8\amd64\api-ms-win-crt-runtime-l1-1-0.dll
Event: 0.344 Loaded shared library C:\Users\elyes\.openjfx\cache\16+8\amd64\api-ms-win-crt-stdio-l1-1-0.dll
Event: 0.346 Loaded shared library C:\Users\elyes\.openjfx\cache\16+8\amd64\api-ms-win-crt-string-l1-1-0.dll
Event: 0.348 Loaded shared library C:\Users\elyes\.openjfx\cache\16+8\amd64\api-ms-win-crt-time-l1-1-0.dll
Event: 0.350 Loaded shared library C:\Users\elyes\.openjfx\cache\16+8\amd64\api-ms-win-crt-utility-l1-1-0.dll
Event: 0.361 Loaded shared library C:\Users\elyes\.openjfx\cache\16+8\amd64\ucrtbase.dll
Event: 0.365 Loaded shared library C:\Users\elyes\.openjfx\cache\16+8\amd64\vcruntime140.dll
Event: 0.367 Loaded shared library C:\Users\elyes\.openjfx\cache\16+8\amd64\vcruntime140_1.dll
Event: 0.374 Loaded shared library C:\Users\elyes\.openjfx\cache\16+8\amd64\msvcp140.dll
Event: 0.376 Loaded shared library C:\Users\elyes\.openjfx\cache\16+8\amd64\msvcp140_1.dll
Event: 0.380 Loaded shared library C:\Users\elyes\.openjfx\cache\16+8\amd64\msvcp140_2.dll
Event: 0.410 Loaded shared library C:\Users\elyes\.openjfx\cache\16+8\amd64\prism_d3d.dll
Event: 0.439 Loaded shared library C:\Users\elyes\.openjfx\cache\16+8\amd64\glass.dll
Event: 0.516 Loaded shared library C:\Users\elyes\.jdks\openjdk-22\bin\jimage.dll
Event: 0.665 Loaded shared library C:\Users\elyes\.openjfx\cache\16+8\amd64\javafx_font.dll
Event: 0.845 Loaded shared library C:\Users\elyes\.openjfx\cache\16+8\amd64\javafx_iio.dll
Event: 4.029 Loaded shared library C:\Users\elyes\.openjfx\cache\16+8\amd64\jfxwebkit.dll
Event: 4.244 Loaded shared library C:\Users\elyes\.jdks\openjdk-22\bin\sunmscapi.dll

Deoptimization events (20 events):
Event: 5.237 Thread 0x0000013a541ff910 DEOPT PACKING pc=0x0000013a07d3fc84 sp=0x0000002ece9fe180
Event: 5.237 Thread 0x0000013a541ff910 DEOPT UNPACKING pc=0x0000013a075846a2 sp=0x0000002ece9fe078 mode 2
Event: 12.101 Thread 0x0000013a541ff910 DEOPT PACKING pc=0x0000013a0069cd0d sp=0x0000002ece9fddb0
Event: 12.101 Thread 0x0000013a541ff910 DEOPT UNPACKING pc=0x0000013a07584e42 sp=0x0000002ece9fd250 mode 0
Event: 14.675 Thread 0x0000013a541ff910 Uncommon trap: trap_request=0xffffff6e fr.pc=0x0000013a07d84c20 relative=0x0000000000000500
Event: 14.675 Thread 0x0000013a541ff910 Uncommon trap: reason=loop_limit_check action=maybe_recompile pc=0x0000013a07d84c20 method=com.sun.javafx.image.impl.BaseByteToByteConverter$ByteAnyToSameConverter.doConvert([BII[BIIII)V @ 5 c2
Event: 14.675 Thread 0x0000013a541ff910 DEOPT PACKING pc=0x0000013a07d84c20 sp=0x0000002ece9fdd60
Event: 14.675 Thread 0x0000013a541ff910 DEOPT UNPACKING pc=0x0000013a075846a2 sp=0x0000002ece9fdcf8 mode 2
Event: 14.813 Thread 0x0000013a541ff910 Uncommon trap: trap_request=0xffffff45 fr.pc=0x0000013a07d79598 relative=0x0000000000000458
Event: 14.813 Thread 0x0000013a541ff910 Uncommon trap: reason=unstable_if action=reinterpret pc=0x0000013a07d79598 method=com.sun.javafx.geom.transform.AffineBase.concatenate(Lcom/sun/javafx/geom/transform/BaseTransform;)V @ 108 c2
Event: 14.813 Thread 0x0000013a541ff910 DEOPT PACKING pc=0x0000013a07d79598 sp=0x0000002ece9fe130
Event: 14.813 Thread 0x0000013a541ff910 DEOPT UNPACKING pc=0x0000013a075846a2 sp=0x0000002ece9fe058 mode 2
Event: 14.820 Thread 0x0000013a541ff910 DEOPT PACKING pc=0x0000013a009fa1d6 sp=0x0000002ece9fe2d0
Event: 14.820 Thread 0x0000013a541ff910 DEOPT UNPACKING pc=0x0000013a07584e42 sp=0x0000002ece9fdca0 mode 0
Event: 14.858 Thread 0x0000013a541ff910 DEOPT PACKING pc=0x0000013a009fa1d6 sp=0x0000002ece9fe2d0
Event: 14.858 Thread 0x0000013a541ff910 DEOPT UNPACKING pc=0x0000013a07584e42 sp=0x0000002ece9fdca0 mode 0
Event: 14.859 Thread 0x0000013a541ff910 Uncommon trap: trap_request=0xffffff45 fr.pc=0x0000013a07dab8d8 relative=0x0000000000000198
Event: 14.859 Thread 0x0000013a541ff910 Uncommon trap: reason=unstable_if action=reinterpret pc=0x0000013a07dab8d8 method=com.sun.marlin.TransformingPathConsumer2D$PathClipFilter._closePath()V @ 44 c2
Event: 14.859 Thread 0x0000013a541ff910 DEOPT PACKING pc=0x0000013a07dab8d8 sp=0x0000002ece9fe0a0
Event: 14.859 Thread 0x0000013a541ff910 DEOPT UNPACKING pc=0x0000013a075846a2 sp=0x0000002ece9fe038 mode 2

Classes loaded (20 events):
Event: 4.889 Loading class sun/security/util/DomainName$Rules$RuleSet
Event: 4.889 Loading class sun/security/util/DomainName$Rules$RuleSet done
Event: 4.889 Loading class sun/security/util/RegisteredDomain$Type
Event: 4.889 Loading class sun/security/util/RegisteredDomain$Type done
Event: 4.889 Loading class sun/security/util/DomainName$Rule
Event: 4.889 Loading class sun/security/util/DomainName$Rule done
Event: 4.889 Loading class sun/security/util/DomainName$Rule$Type
Event: 4.889 Loading class sun/security/util/DomainName$Rule$Type done
Event: 4.889 Loading class java/util/LinkedList$DescendingIterator
Event: 4.890 Loading class java/util/LinkedList$DescendingIterator done
Event: 4.890 Loading class sun/security/util/DomainName$CommonMatch
Event: 4.890 Loading class sun/security/util/DomainName$Match
Event: 4.890 Loading class sun/security/util/DomainName$Match done
Event: 4.890 Loading class sun/security/util/DomainName$CommonMatch done
Event: 4.890 Loading class sun/security/util/DomainName$RegisteredDomainImpl
Event: 4.890 Loading class sun/security/util/DomainName$RegisteredDomainImpl done
Event: 15.044 Loading class java/lang/Throwable$WrappedPrintStream
Event: 15.044 Loading class java/lang/Throwable$PrintStreamOrWriter
Event: 15.044 Loading class java/lang/Throwable$PrintStreamOrWriter done
Event: 15.044 Loading class java/lang/Throwable$WrappedPrintStream done

Classes unloaded (0 events):
No events

Classes redefined (0 events):
No events

Internal exceptions (20 events):
Event: 4.471 Thread 0x0000013a55bf14b0 Exception <a 'java/lang/NoSuchMethodError'{0x0000000714c25368}: 'void java.lang.invoke.DirectMethodHandle$Holder.invokeInterface(java.lang.Object, java.lang.Object)'> (0x0000000714c25368) 
thrown [s\open\src\hotspot\share\interpreter\linkResolver.cpp, line 774]
Event: 4.471 Thread 0x0000013a55bf0e20 Exception <a 'java/lang/NoSuchMethodError'{0x0000000714f63608}: 'void java.lang.invoke.DirectMethodHandle$Holder.invokeInterface(java.lang.Object, java.lang.Object)'> (0x0000000714f63608) 
thrown [s\open\src\hotspot\share\interpreter\linkResolver.cpp, line 774]
Event: 4.635 Thread 0x0000013a55bf14b0 Exception <a 'java/lang/NoSuchMethodError'{0x000000071468ecb0}: 'void java.lang.invoke.DirectMethodHandle$Holder.invokeVirtual(java.lang.Object, java.lang.Object, java.lang.Object, java.lang.Object)'> (0x000000071468ecb0) 
thrown [s\open\src\hotspot\share\interpreter\linkResolver.cpp, line 774]
Event: 4.635 Thread 0x0000013a55becc80 Exception <a 'java/lang/NoSuchMethodError'{0x00000007146af9e0}: 'void java.lang.invoke.DirectMethodHandle$Holder.invokeVirtual(java.lang.Object, java.lang.Object, java.lang.Object, java.lang.Object)'> (0x00000007146af9e0) 
thrown [s\open\src\hotspot\share\interpreter\linkResolver.cpp, line 774]
Event: 4.755 Thread 0x0000013a54202070 Exception <a 'java/io/FileNotFoundException'{0x00000007147fc2e8}> (0x00000007147fc2e8) 
thrown [s\open\src\hotspot\share\prims\jni.cpp, line 520]
Event: 4.755 Thread 0x0000013a54202070 Exception <a 'java/io/FileNotFoundException'{0x00000007147fd128}> (0x00000007147fd128) 
thrown [s\open\src\hotspot\share\prims\jni.cpp, line 520]
Event: 4.755 Thread 0x0000013a54202070 Exception <a 'java/io/FileNotFoundException'{0x00000007147fdf80}> (0x00000007147fdf80) 
thrown [s\open\src\hotspot\share\prims\jni.cpp, line 520]
Event: 4.755 Thread 0x0000013a54202070 Exception <a 'java/io/FileNotFoundException'{0x00000007147fedc0}> (0x00000007147fedc0) 
thrown [s\open\src\hotspot\share\prims\jni.cpp, line 520]
Event: 4.756 Thread 0x0000013a54202070 Exception <a 'java/io/FileNotFoundException'{0x0000000714373150}> (0x0000000714373150) 
thrown [s\open\src\hotspot\share\prims\jni.cpp, line 520]
Event: 4.756 Thread 0x0000013a54202070 Exception <a 'java/io/FileNotFoundException'{0x0000000714373f90}> (0x0000000714373f90) 
thrown [s\open\src\hotspot\share\prims\jni.cpp, line 520]
Event: 4.757 Thread 0x0000013a54202070 Exception <a 'java/io/FileNotFoundException'{0x0000000714374de8}> (0x0000000714374de8) 
thrown [s\open\src\hotspot\share\prims\jni.cpp, line 520]
Event: 4.757 Thread 0x0000013a54202070 Exception <a 'java/io/FileNotFoundException'{0x0000000714375c28}> (0x0000000714375c28) 
thrown [s\open\src\hotspot\share\prims\jni.cpp, line 520]
Event: 4.772 Thread 0x0000013a54202070 Exception <a 'java/io/FileNotFoundException'{0x00000007143962b0}> (0x00000007143962b0) 
thrown [s\open\src\hotspot\share\prims\jni.cpp, line 520]
Event: 4.772 Thread 0x0000013a54202070 Exception <a 'java/io/FileNotFoundException'{0x00000007143970f0}> (0x00000007143970f0) 
thrown [s\open\src\hotspot\share\prims\jni.cpp, line 520]
Event: 4.772 Thread 0x0000013a54202070 Exception <a 'java/io/FileNotFoundException'{0x0000000714397f48}> (0x0000000714397f48) 
thrown [s\open\src\hotspot\share\prims\jni.cpp, line 520]
Event: 4.772 Thread 0x0000013a54202070 Exception <a 'java/io/FileNotFoundException'{0x0000000714398d88}> (0x0000000714398d88) 
thrown [s\open\src\hotspot\share\prims\jni.cpp, line 520]
Event: 4.850 Thread 0x0000013a54202070 Implicit null exception at 0x0000013a07bc1206 to 0x0000013a07bc13ec
Event: 11.984 Thread 0x0000013a54202070 Exception <a 'java/lang/NoSuchMethodError'{0x00000007113e8c28}: 'java.lang.Object java.lang.invoke.DirectMethodHandle$Holder.newInvokeSpecial(java.lang.Object, java.lang.Object, int, int, int, int, int, java.lang.Object)'> (0x00000007113e8c28) 
thrown [s\open\src\hotspot\share\interpreter\linkResolver.cpp, line 774]
Event: 11.985 Thread 0x0000013a54202070 Exception <a 'java/lang/NoSuchMethodError'{0x00000007113fa948}: 'java.lang.Object java.lang.invoke.DirectMethodHandle$Holder.newInvokeSpecial(java.lang.Object, java.lang.Object, java.lang.Object, int, int, int, int, int)'> (0x00000007113fa948) 
thrown [s\open\src\hotspot\share\interpreter\linkResolver.cpp, line 774]
Event: 11.985 Thread 0x0000013a54202070 Exception <a 'java/lang/NoSuchMethodError'{0x0000000711001f28}: 'java.lang.Object java.lang.invoke.Invokers$Holder.linkToTargetMethod(java.lang.Object, java.lang.Object, int, int, int, int, int, java.lang.Object)'> (0x0000000711001f28) 
thrown [s\open\src\hotspot\share\interpreter\linkResolver.cpp, line 774]

ZGC Phase Switch (0 events):
No events

VM Operations (20 events):
Event: 5.035 Executing VM operation: ICBufferFull
Event: 5.035 Executing VM operation: ICBufferFull done
Event: 6.036 Executing VM operation: Cleanup
Event: 6.036 Executing VM operation: Cleanup done
Event: 7.037 Executing VM operation: Cleanup
Event: 7.037 Executing VM operation: Cleanup done
Event: 9.037 Executing VM operation: Cleanup
Event: 9.037 Executing VM operation: Cleanup done
Event: 10.037 Executing VM operation: Cleanup
Event: 10.037 Executing VM operation: Cleanup done
Event: 11.038 Executing VM operation: Cleanup
Event: 11.038 Executing VM operation: Cleanup done
Event: 12.039 Executing VM operation: Cleanup
Event: 12.039 Executing VM operation: Cleanup done
Event: 13.040 Executing VM operation: Cleanup
Event: 13.040 Executing VM operation: Cleanup done
Event: 14.040 Executing VM operation: Cleanup
Event: 14.041 Executing VM operation: Cleanup done
Event: 14.739 Executing VM operation: G1CollectForAllocation (G1 Evacuation Pause)
Event: 14.749 Executing VM operation: G1CollectForAllocation (G1 Evacuation Pause) done

Events (20 events):
Event: 4.792 Thread 0x0000013a5f29b8c0 Thread added: 0x0000013a5f29b8c0
Event: 4.792 Thread 0x0000013a5f299160 Thread added: 0x0000013a5f299160
Event: 4.792 Thread 0x0000013a5f297090 Thread added: 0x0000013a5f297090
Event: 4.792 Thread 0x0000013a5f29a510 Thread added: 0x0000013a5f29a510
Event: 4.792 Thread 0x0000013a5f29b230 Thread added: 0x0000013a5f29b230
Event: 4.792 Thread 0x0000013a5f297720 Thread added: 0x0000013a5f297720
Event: 4.792 Thread 0x0000013a5f29cc70 Thread added: 0x0000013a5f29cc70
Event: 4.792 Thread 0x0000013a5f29aba0 Thread added: 0x0000013a5f29aba0
Event: 4.792 Thread 0x0000013a5f29e6b0 Thread added: 0x0000013a5f29e6b0
Event: 4.793 Thread 0x0000013a5f29bf50 Thread added: 0x0000013a5f29bf50
Event: 4.793 Thread 0x0000013a5f29d990 Thread added: 0x0000013a5f29d990
Event: 4.793 Thread 0x0000013a5f29c5e0 Thread added: 0x0000013a5f29c5e0
Event: 4.793 Thread 0x0000013a5f297db0 Thread added: 0x0000013a5f297db0
Event: 4.793 Thread 0x0000013a5f298440 Thread added: 0x0000013a5f298440
Event: 5.505 Thread 0x0000013a5c8a1740 Thread exited: 0x0000013a5c8a1740
Event: 5.505 Thread 0x0000013a5c403060 Thread exited: 0x0000013a5c403060
Event: 13.628 Thread 0x0000013a55bee6c0 Thread exited: 0x0000013a55bee6c0
Event: 14.659 Thread 0x0000013a5f05d870 Thread added: 0x0000013a5f05d870
Event: 14.772 Thread 0x0000013a55bf2860 Thread added: 0x0000013a55bf2860
Event: 14.772 Thread 0x0000013a55bf2860 Thread exited: 0x0000013a55bf2860


Dynamic libraries:
0x00007ff753d70000 - 0x00007ff753d7e000 	C:\Users\elyes\.jdks\openjdk-22\bin\java.exe
0x00007fffbaa70000 - 0x00007fffbac68000 	C:\Windows\SYSTEM32\ntdll.dll
0x00007fffba410000 - 0x00007fffba4cd000 	C:\Windows\System32\KERNEL32.DLL
0x00007fffb81c0000 - 0x00007fffb84b6000 	C:\Windows\System32\KERNELBASE.dll
0x00007fffb8690000 - 0x00007fffb8790000 	C:\Windows\System32\ucrtbase.dll
0x00007fff81f60000 - 0x00007fff81f77000 	C:\Users\elyes\.jdks\openjdk-22\bin\jli.dll
0x00007fff82550000 - 0x00007fff8256b000 	C:\Users\elyes\.jdks\openjdk-22\bin\VCRUNTIME140.dll
0x00007fffb8e00000 - 0x00007fffb8f9f000 	C:\Windows\System32\USER32.dll
0x00007fffb8850000 - 0x00007fffb8872000 	C:\Windows\System32\win32u.dll
0x00007fffa0f10000 - 0x00007fffa11aa000 	C:\Windows\WinSxS\amd64_microsoft.windows.common-controls_6595b64144ccf1df_6.0.19041.3636_none_60b6a03d71f818d5\COMCTL32.dll
0x00007fffba220000 - 0x00007fffba24b000 	C:\Windows\System32\GDI32.dll
0x00007fffb8d60000 - 0x00007fffb8dfe000 	C:\Windows\System32\msvcrt.dll
0x00007fffb84c0000 - 0x00007fffb85d7000 	C:\Windows\System32\gdi32full.dll
0x00007fffb8120000 - 0x00007fffb81bd000 	C:\Windows\System32\msvcp_win.dll
0x00007fffba1e0000 - 0x00007fffba212000 	C:\Windows\System32\IMM32.DLL
0x00007fff937f0000 - 0x00007fff937fc000 	C:\Users\elyes\.jdks\openjdk-22\bin\vcruntime140_1.dll
0x00007fff81060000 - 0x00007fff810ee000 	C:\Users\elyes\.jdks\openjdk-22\bin\msvcp140.dll
0x00007fff49540000 - 0x00007fff4a288000 	C:\Users\elyes\.jdks\openjdk-22\bin\server\jvm.dll
0x00007fffb9730000 - 0x00007fffb97e0000 	C:\Windows\System32\ADVAPI32.dll
0x00007fffb9590000 - 0x00007fffb9630000 	C:\Windows\System32\sechost.dll
0x00007fffb8b50000 - 0x00007fffb8c73000 	C:\Windows\System32\RPCRT4.dll
0x00007fffb8820000 - 0x00007fffb8847000 	C:\Windows\System32\bcrypt.dll
0x00007fffb97e0000 - 0x00007fffb984b000 	C:\Windows\System32\WS2_32.dll
0x00007fffb76b0000 - 0x00007fffb76fb000 	C:\Windows\SYSTEM32\POWRPROF.dll
0x00007fffa0b90000 - 0x00007fffa0bb7000 	C:\Windows\SYSTEM32\WINMM.dll
0x00007fffb1c70000 - 0x00007fffb1c7a000 	C:\Windows\SYSTEM32\VERSION.dll
0x00007fffb7520000 - 0x00007fffb7532000 	C:\Windows\SYSTEM32\UMPDC.dll
0x00007fffb5fb0000 - 0x00007fffb5fc2000 	C:\Windows\SYSTEM32\kernel.appcore.dll
0x00007fff936a0000 - 0x00007fff936aa000 	C:\Users\elyes\.jdks\openjdk-22\bin\jimage.dll
0x00007fffa73e0000 - 0x00007fffa75c4000 	C:\Windows\SYSTEM32\DBGHELP.DLL
0x00007fff98100000 - 0x00007fff98134000 	C:\Windows\SYSTEM32\dbgcore.DLL
0x00007fffb8790000 - 0x00007fffb8812000 	C:\Windows\System32\bcryptPrimitives.dll
0x00007fffb5980000 - 0x00007fffb598f000 	C:\Users\elyes\.jdks\openjdk-22\bin\instrument.dll
0x00007fff81040000 - 0x00007fff8105e000 	C:\Users\elyes\.jdks\openjdk-22\bin\java.dll
0x00007fffb9a70000 - 0x00007fffba1db000 	C:\Windows\System32\SHELL32.dll
0x00007fffba900000 - 0x00007fffbaa2b000 	C:\Windows\System32\ole32.dll
0x00007fffba530000 - 0x00007fffba883000 	C:\Windows\System32\combase.dll
0x00007fffb61b0000 - 0x00007fffb694e000 	C:\Windows\SYSTEM32\windows.storage.dll
0x00007fffb7b50000 - 0x00007fffb7b7e000 	C:\Windows\SYSTEM32\Wldp.dll
0x00007fffb9650000 - 0x00007fffb971d000 	C:\Windows\System32\OLEAUT32.dll
0x00007fffb8aa0000 - 0x00007fffb8b4d000 	C:\Windows\System32\SHCORE.dll
0x00007fffba8a0000 - 0x00007fffba8f5000 	C:\Windows\System32\shlwapi.dll
0x00007fffb8050000 - 0x00007fffb8073000 	C:\Windows\SYSTEM32\profapi.dll
0x00007fff80f60000 - 0x00007fff81037000 	C:\Users\elyes\.jdks\openjdk-22\bin\jsvml.dll
0x00007fff93110000 - 0x00007fff93120000 	C:\Users\elyes\.jdks\openjdk-22\bin\net.dll
0x00007fffb78b0000 - 0x00007fffb791a000 	C:\Windows\system32\mswsock.dll
0x00007fff80f40000 - 0x00007fff80f56000 	C:\Users\elyes\.jdks\openjdk-22\bin\nio.dll
0x00007fff80f20000 - 0x00007fff80f37000 	C:\Users\elyes\.jdks\openjdk-22\bin\zip.dll
0x00007fffb07a0000 - 0x00007fffb07ba000 	C:\Program Files\JetBrains\IntelliJ IDEA Community Edition 2023.2.2\bin\breakgen64.dll
0x0000013a55cf0000 - 0x0000013a55cf3000 	C:\Users\elyes\.openjfx\cache\16+8\amd64\api-ms-win-core-console-l1-1-0.dll
0x0000013a55d00000 - 0x0000013a55d03000 	C:\Users\elyes\.openjfx\cache\16+8\amd64\api-ms-win-core-console-l1-2-0.dll
0x0000013a55d10000 - 0x0000013a55d13000 	C:\Users\elyes\.openjfx\cache\16+8\amd64\api-ms-win-core-datetime-l1-1-0.dll
0x0000013a55d20000 - 0x0000013a55d23000 	C:\Users\elyes\.openjfx\cache\16+8\amd64\api-ms-win-core-debug-l1-1-0.dll
0x0000013a55d30000 - 0x0000013a55d33000 	C:\Users\elyes\.openjfx\cache\16+8\amd64\api-ms-win-core-errorhandling-l1-1-0.dll
0x0000013a55d40000 - 0x0000013a55d44000 	C:\Users\elyes\.openjfx\cache\16+8\amd64\api-ms-win-core-file-l1-1-0.dll
0x0000013a55d50000 - 0x0000013a55d53000 	C:\Users\elyes\.openjfx\cache\16+8\amd64\api-ms-win-core-file-l1-2-0.dll
0x0000013a55d60000 - 0x0000013a55d63000 	C:\Users\elyes\.openjfx\cache\16+8\amd64\api-ms-win-core-file-l2-1-0.dll
0x0000013a55d70000 - 0x0000013a55d73000 	C:\Users\elyes\.openjfx\cache\16+8\amd64\api-ms-win-core-handle-l1-1-0.dll
0x0000013a55d80000 - 0x0000013a55d83000 	C:\Users\elyes\.openjfx\cache\16+8\amd64\api-ms-win-core-heap-l1-1-0.dll
0x0000013a55d90000 - 0x0000013a55d93000 	C:\Users\elyes\.openjfx\cache\16+8\amd64\api-ms-win-core-interlocked-l1-1-0.dll
0x0000013a55da0000 - 0x0000013a55da3000 	C:\Users\elyes\.openjfx\cache\16+8\amd64\api-ms-win-core-libraryloader-l1-1-0.dll
0x0000013a55ec0000 - 0x0000013a55ec3000 	C:\Users\elyes\.openjfx\cache\16+8\amd64\api-ms-win-core-localization-l1-2-0.dll
0x0000013a55ed0000 - 0x0000013a55ed3000 	C:\Users\elyes\.openjfx\cache\16+8\amd64\api-ms-win-core-memory-l1-1-0.dll
0x0000013a55ee0000 - 0x0000013a55ee3000 	C:\Users\elyes\.openjfx\cache\16+8\amd64\api-ms-win-core-namedpipe-l1-1-0.dll
0x0000013a55ef0000 - 0x0000013a55ef3000 	C:\Users\elyes\.openjfx\cache\16+8\amd64\api-ms-win-core-processenvironment-l1-1-0.dll
0x0000013a55f00000 - 0x0000013a55f03000 	C:\Users\elyes\.openjfx\cache\16+8\amd64\api-ms-win-core-processthreads-l1-1-0.dll
0x0000013a55f10000 - 0x0000013a55f13000 	C:\Users\elyes\.openjfx\cache\16+8\amd64\api-ms-win-core-processthreads-l1-1-1.dll
0x0000013a55f20000 - 0x0000013a55f23000 	C:\Users\elyes\.openjfx\cache\16+8\amd64\api-ms-win-core-profile-l1-1-0.dll
0x0000013a55f30000 - 0x0000013a55f33000 	C:\Users\elyes\.openjfx\cache\16+8\amd64\api-ms-win-core-rtlsupport-l1-1-0.dll
0x0000013a55f40000 - 0x0000013a55f43000 	C:\Users\elyes\.openjfx\cache\16+8\amd64\api-ms-win-core-string-l1-1-0.dll
0x0000013a55f50000 - 0x0000013a55f53000 	C:\Users\elyes\.openjfx\cache\16+8\amd64\api-ms-win-core-synch-l1-1-0.dll
0x0000013a55db0000 - 0x0000013a55db3000 	C:\Users\elyes\.openjfx\cache\16+8\amd64\api-ms-win-core-synch-l1-2-0.dll
0x0000013a55dc0000 - 0x0000013a55dc3000 	C:\Users\elyes\.openjfx\cache\16+8\amd64\api-ms-win-core-sysinfo-l1-1-0.dll
0x0000013a55dd0000 - 0x0000013a55dd3000 	C:\Users\elyes\.openjfx\cache\16+8\amd64\api-ms-win-core-timezone-l1-1-0.dll
0x0000013a55de0000 - 0x0000013a55de3000 	C:\Users\elyes\.openjfx\cache\16+8\amd64\api-ms-win-core-util-l1-1-0.dll
0x0000013a55df0000 - 0x0000013a55df3000 	C:\Users\elyes\.openjfx\cache\16+8\amd64\api-ms-win-crt-conio-l1-1-0.dll
0x0000013a55e00000 - 0x0000013a55e04000 	C:\Users\elyes\.openjfx\cache\16+8\amd64\api-ms-win-crt-convert-l1-1-0.dll
0x0000013a55e10000 - 0x0000013a55e13000 	C:\Users\elyes\.openjfx\cache\16+8\amd64\api-ms-win-crt-environment-l1-1-0.dll
0x0000013a55e20000 - 0x0000013a55e23000 	C:\Users\elyes\.openjfx\cache\16+8\amd64\api-ms-win-crt-filesystem-l1-1-0.dll
0x0000013a55e30000 - 0x0000013a55e33000 	C:\Users\elyes\.openjfx\cache\16+8\amd64\api-ms-win-crt-heap-l1-1-0.dll
0x0000013a55e40000 - 0x0000013a55e43000 	C:\Users\elyes\.openjfx\cache\16+8\amd64\api-ms-win-crt-locale-l1-1-0.dll
0x0000013a55e50000 - 0x0000013a55e55000 	C:\Users\elyes\.openjfx\cache\16+8\amd64\api-ms-win-crt-math-l1-1-0.dll
0x0000013a55e60000 - 0x0000013a55e65000 	C:\Users\elyes\.openjfx\cache\16+8\amd64\api-ms-win-crt-multibyte-l1-1-0.dll
0x0000013a55e70000 - 0x0000013a55e80000 	C:\Users\elyes\.openjfx\cache\16+8\amd64\api-ms-win-crt-private-l1-1-0.dll
0x0000013a55e80000 - 0x0000013a55e83000 	C:\Users\elyes\.openjfx\cache\16+8\amd64\api-ms-win-crt-process-l1-1-0.dll
0x0000013a55e90000 - 0x0000013a55e94000 	C:\Users\elyes\.openjfx\cache\16+8\amd64\api-ms-win-crt-runtime-l1-1-0.dll
0x0000013a55ea0000 - 0x0000013a55ea4000 	C:\Users\elyes\.openjfx\cache\16+8\amd64\api-ms-win-crt-stdio-l1-1-0.dll
0x0000013a55eb0000 - 0x0000013a55eb4000 	C:\Users\elyes\.openjfx\cache\16+8\amd64\api-ms-win-crt-string-l1-1-0.dll
0x0000013a55f60000 - 0x0000013a55f63000 	C:\Users\elyes\.openjfx\cache\16+8\amd64\api-ms-win-crt-time-l1-1-0.dll
0x0000013a55f70000 - 0x0000013a55f73000 	C:\Users\elyes\.openjfx\cache\16+8\amd64\api-ms-win-crt-utility-l1-1-0.dll
0x00007fffa59d0000 - 0x00007fffa5acc000 	C:\Users\elyes\.openjfx\cache\16+8\amd64\ucrtbase.dll
0x00007fffb0780000 - 0x00007fffb079b000 	C:\Users\elyes\.openjfx\cache\16+8\amd64\vcruntime140.dll
0x00007fffb53e0000 - 0x00007fffb53ec000 	C:\Users\elyes\.openjfx\cache\16+8\amd64\vcruntime140_1.dll
0x00007fffa5880000 - 0x00007fffa590e000 	C:\Users\elyes\.openjfx\cache\16+8\amd64\msvcp140.dll
0x00007fffb4a00000 - 0x00007fffb4a09000 	C:\Users\elyes\.openjfx\cache\16+8\amd64\msvcp140_1.dll
0x00007fffb0750000 - 0x00007fffb077f000 	C:\Users\elyes\.openjfx\cache\16+8\amd64\msvcp140_2.dll
0x00007fffb0720000 - 0x00007fffb074f000 	C:\Users\elyes\.openjfx\cache\16+8\amd64\prism_d3d.dll
0x00007fffaa250000 - 0x00007fffaa41d000 	C:\Windows\system32\d3d9.dll
0x00007fffb5da0000 - 0x00007fffb5dcf000 	C:\Windows\SYSTEM32\dwmapi.dll
0x00007fffb5a40000 - 0x00007fffb5ade000 	C:\Windows\system32\uxtheme.dll
0x00007fff82d00000 - 0x00007fff82e5d000 	C:\Windows\System32\DriverStore\FileRepository\iigd_dch.inf_amd64_0651c2cb9dd31504\igdumdim64.dll
0x00007fff45c30000 - 0x00007fff49539000 	C:\Windows\System32\DriverStore\FileRepository\iigd_dch.inf_amd64_0651c2cb9dd31504\igd9dxva64.dll
0x00007fffb8fa0000 - 0x00007fffb940e000 	C:\Windows\System32\SETUPAPI.dll
0x00007fffb88f0000 - 0x00007fffb893e000 	C:\Windows\System32\cfgmgr32.dll
0x00007fffadb70000 - 0x00007fffadd14000 	C:\Windows\System32\DriverStore\FileRepository\iigd_dch.inf_amd64_0651c2cb9dd31504\igdgmm64.dll
0x00007fffab1d0000 - 0x00007fffab212000 	C:\Users\elyes\.openjfx\cache\16+8\amd64\glass.dll
0x00007fffb8c80000 - 0x00007fffb8d5a000 	C:\Windows\System32\COMDLG32.dll
0x00007fffb9410000 - 0x00007fffb9525000 	C:\Windows\System32\MSCTF.dll
0x00007fff9e720000 - 0x00007fff9e746000 	C:\Windows\System32\DriverStore\FileRepository\iigd_dch.inf_amd64_0651c2cb9dd31504\igdinfo64.dll
0x00007fffab250000 - 0x00007fffad854000 	C:\Windows\System32\DriverStore\FileRepository\iigd_dch.inf_amd64_0651c2cb9dd31504\igc64.dll
0x00007fffaf470000 - 0x00007fffaf4ab000 	C:\Windows\SYSTEM32\dxcore.dll
0x00007fffaf4d0000 - 0x00007fffaf4e4000 	C:\Users\elyes\.openjfx\cache\16+8\amd64\javafx_font.dll
0x00007fff966a0000 - 0x00007fff9691f000 	C:\Windows\SYSTEM32\dwrite.dll
0x00007fffab1a0000 - 0x00007fffab1cd000 	C:\Users\elyes\.openjfx\cache\16+8\amd64\javafx_iio.dll
0x00007fffb7590000 - 0x00007fffb765b000 	C:\Windows\SYSTEM32\DNSAPI.dll
0x00007fffb7540000 - 0x00007fffb757b000 	C:\Windows\SYSTEM32\IPHLPAPI.DLL
0x00007fffba400000 - 0x00007fffba408000 	C:\Windows\System32\NSI.dll
0x000000006c5b0000 - 0x000000006c5d6000 	C:\Program Files\Bonjour\mdnsNSP.dll
0x00007fffb1630000 - 0x00007fffb163a000 	C:\Windows\System32\rasadhlp.dll
0x00007fffa9960000 - 0x00007fffa99e0000 	C:\Windows\System32\fwpuclnt.dll
0x00007fffb9940000 - 0x00007fffb99e9000 	C:\Windows\System32\clbcatq.dll
0x00007fffb0f20000 - 0x00007fffb10d4000 	C:\Windows\SYSTEM32\WindowsCodecs.dll
0x00007fffb5390000 - 0x00007fffb53ce000 	C:\Windows\system32\dataexchange.dll
0x00007fffb34b0000 - 0x00007fffb3713000 	C:\Windows\system32\d3d11.dll
0x00007fffb47d0000 - 0x00007fffb49b5000 	C:\Windows\system32\dcomp.dll
0x00007fffb69b0000 - 0x00007fffb6aa3000 	C:\Windows\system32\dxgi.dll
0x00007fffb2380000 - 0x00007fffb2583000 	C:\Windows\system32\twinapi.appcore.dll
0x00007fffaa820000 - 0x00007fffaa854000 	C:\Program Files\Common Files\Microsoft Shared\Ink\rtscom.dll

dbghelp: loaded successfully - version: 4.0.5 - missing functions: none
symbol engine: initialized successfully - sym options: 0x614 - pdb path: .;C:\Users\elyes\.jdks\openjdk-22\bin;C:\Windows\SYSTEM32;C:\Windows\WinSxS\amd64_microsoft.windows.common-controls_6595b64144ccf1df_6.0.19041.3636_none_60b6a03d71f818d5;C:\Users\elyes\.jdks\openjdk-22\bin\server;C:\Program Files\JetBrains\IntelliJ IDEA Community Edition 2023.2.2\bin;C:\Users\elyes\.openjfx\cache\16+8\amd64;C:\Windows\System32\DriverStore\FileRepository\iigd_dch.inf_amd64_0651c2cb9dd31504;C:\Program Files\Bonjour;C:\Program Files\Common Files\Microsoft Shared\Ink

VM Arguments:
jvm_args: -javaagent:C:\Program Files\JetBrains\IntelliJ IDEA Community Edition 2023.2.2\lib\idea_rt.jar=52615:C:\Program Files\JetBrains\IntelliJ IDEA Community Edition 2023.2.2\bin -Dfile.encoding=UTF-8 -Dsun.stdout.encoding=UTF-8 -Dsun.stderr.encoding=UTF-8 --module-path=C:\Users\elyes\.m2\repository\org\openjfx\javafx-base\16\javafx-base-16-win.jar;C:\Users\elyes\.m2\repository\org\openjfx\javafx-graphics\21-ea+24\javafx-graphics-21-ea+24-win.jar;C:\Users\elyes\.m2\repository\org\openjfx\javafx-media\21-ea+24\javafx-media-21-ea+24-win.jar;C:\Users\elyes\.m2\repository\org\openjfx\javafx-web\21-ea+24\javafx-web-21-ea+24-win.jar;C:\Users\elyes\.m2\repository\com\mysql\mysql-connector-j\8.3.0\mysql-connector-j-8.3.0.jar;C:\Users\elyes\.m2\repository\org\openjfx\javafx-fxml\21-ea+24\javafx-fxml-21-ea+24-win.jar;C:\Users\elyes\.m2\repository\org\openjfx\javafx-controls\21-ea+24\javafx-controls-21-ea+24-win.jar;C:\Users\elyes\IdeaProjects\demo1\target\classes -Djdk.module.main=com.example.demo1 
java_command: com.example.demo1/com.example.demo1.HelloApplication
java_class_path (initial): C:\Users\elyes\.m2\repository\org\openjfx\javafx-controls\21-ea+24\javafx-controls-21-ea+24.jar;C:\Users\elyes\.m2\repository\org\openjfx\javafx-graphics\21-ea+24\javafx-graphics-21-ea+24.jar;C:\Users\elyes\.m2\repository\org\openjfx\javafx-web\21-ea+24\javafx-web-21-ea+24.jar;C:\Users\elyes\.m2\repository\org\openjfx\javafx-media\21-ea+24\javafx-media-21-ea+24.jar;C:\Users\elyes\.m2\repository\com\gluonhq\maps\2.0.0-ea+6\maps-2.0.0-ea+6.jar;C:\Users\elyes\.m2\repository\com\gluonhq\attach\storage\4.0.11\storage-4.0.11.jar;C:\Users\elyes\.m2\repository\com\gluonhq\attach\util\4.0.11\util-4.0.11.jar;C:\Users\elyes\.m2\repository\org\openjfx\javafx-base\16\javafx-base-16.jar;C:\Users\elyes\.m2\repository\org\openjfx\javafx-fxml\21-ea+24\javafx-fxml-21-ea+24.jar;C:\Users\elyes\.m2\repository\com\google\protobuf\protobuf-java\3.25.1\protobuf-java-3.25.1.jar
Launcher Type: SUN_STANDARD

[Global flags]
     intx CICompilerCount                          = 4                                         {product} {ergonomic}
     uint ConcGCThreads                            = 2                                         {product} {ergonomic}
     uint G1ConcRefinementThreads                  = 8                                         {product} {ergonomic}
   size_t G1HeapRegionSize                         = 2097152                                   {product} {ergonomic}
   size_t InitialHeapSize                          = 266338304                                 {product} {ergonomic}
   size_t MarkStackSize                            = 4194304                                   {product} {ergonomic}
   size_t MaxHeapSize                              = 4248829952                                {product} {ergonomic}
   size_t MaxNewSize                               = 2548039680                                {product} {ergonomic}
   size_t MinHeapDeltaBytes                        = 2097152                                   {product} {ergonomic}
   size_t MinHeapSize                              = 8388608                                   {product} {ergonomic}
    uintx NonNMethodCodeHeapSize                   = 5839372                                {pd product} {ergonomic}
    uintx NonProfiledCodeHeapSize                  = 122909434                              {pd product} {ergonomic}
    uintx ProfiledCodeHeapSize                     = 122909434                              {pd product} {ergonomic}
    uintx ReservedCodeCacheSize                    = 251658240                              {pd product} {ergonomic}
     bool SegmentedCodeCache                       = true                                      {product} {ergonomic}
   size_t SoftMaxHeapSize                          = 4248829952                             {manageable} {ergonomic}
     bool UseCompressedOops                        = true                           {product lp64_product} {ergonomic}
     bool UseG1GC                                  = true                                      {product} {ergonomic}
     bool UseLargePagesIndividualAllocation        = false                                  {pd product} {ergonomic}

Logging:
Log output configuration:
 #0: stdout all=warning uptime,level,tags foldmultilines=false
 #1: stderr all=off uptime,level,tags foldmultilines=false

Environment Variables:
PATH=C:\oraclexe\app\oracle\product\11.2.0\server\bin;C:\Users\elyes\Desktop\app\oracle\product\11.2.0\server\bin;C:\oraclexe\app\oracle\product\11.2.0\server\bin;C:\ProgramData\Oracle\Java\javapath;C:\Windows\system32;C:\Windows;C:\Windows\System32\Wbem;C:\Windows\System32\WindowsPowerShell\v1.0\;C:\Windows\System32\OpenSSH\;C:\oraclexe\app\oracle\product\11.2.0\server\bin;C:\oraclexe\app\oracle\admin\XE;C:\oraclexe;C:\Users\elyes\Desktop\instantclient12_2;C:\Program Files\Git\cmd;C:\xampp\php\php.exe;C:\xampp\php;C:\ProgramData\ComposerSetup\bin;C:\Program Files\nodejs\;C:\Program Files\dotnet\;C:\Program Files\Microsoft SQL Server\150\Tools\Binn\;C:\Program Files\Microsoft SQL Server\Client SDK\ODBC\170\Tools\Binn\;C:\Users\elyes\scoop\shims;C:\Users\elyes\AppData\Local\Microsoft\WindowsApps;C:\Users\elyes\AppData\Local\Programs\Microsoft VS Code\bin;C:\Users\elyes\AppData\Roaming\Composer\vendor\bin;C:\Users\elyes\AppData\Roaming\npm;C:\Users\elyes\.dotnet\tools
USERNAME=elyes
OS=Windows_NT
PROCESSOR_IDENTIFIER=Intel64 Family 6 Model 165 Stepping 2, GenuineIntel
TMP=C:\Users\elyes\AppData\Local\Temp
TEMP=C:\Users\elyes\AppData\Local\Temp




Periodic native trim disabled

---------------  S Y S T E M  ---------------

OS:
 Windows 10 , 64 bit Build 19041 (10.0.19041.3636)
OS uptime: 1 days 23:14 hours

CPU: total 8 (initial active 8) (4 cores per cpu, 2 threads per core) family 6 model 165 stepping 2 microcode 0xc8, cx8, cmov, fxsr, ht, mmx, 3dnowpref, sse, sse2, sse3, ssse3, sse4.1, sse4.2, popcnt, lzcnt, tsc, tscinvbit, avx, avx2, aes, erms, clmul, bmi1, bmi2, adx, fma, vzeroupper, clflush, clflushopt, rdtscp, f16c, pku
Processor Information for all 8 processors :
  Max Mhz: 2496, Current Mhz: 2496, Mhz Limit: 2496

Memory: 4k page, system-wide physical 16202M (784M free)
TotalPageFile size 61854M (AvailPageFile size 0M)
current process WorkingSet (physical memory assigned to process): 972M, peak: 972M
current process commit charge ("private bytes"): 1105M, peak: 1130M

vm_info: OpenJDK 64-Bit Server VM (22+36-2370) for windows-amd64 JRE (22+36-2370), built on 2024-02-15T22:15:19Z by "mach5one" with MS VC++ 17.6 (VS2022)

END.
