#
# There is insufficient memory for the Java Runtime Environment to continue.
# Native memory allocation (malloc) failed to allocate 1119200 bytes. Error detail: Chunk::new
# Possible reasons:
#   The system is out of physical RAM or swap space
#   This process is running with CompressedOops enabled, and the Java Heap may be blocking the growth of the native heap
# Possible solutions:
#   Reduce memory load on the system
#   Increase physical memory or swap space
#   Check if swap backing store is full
#   Decrease Java heap size (-Xmx/-Xms)
#   Decrease number of Java threads
#   Decrease Java thread stack sizes (-Xss)
#   Set larger code cache with -XX:ReservedCodeCacheSize=
#   JVM is running with Zero Based Compressed Oops mode in which the Java heap is
#     placed in the first 32GB address space. The Java Heap base address is the
#     maximum limit for the native heap growth. Please use -XX:HeapBaseMinAddress
#     to set the Java Heap base and to place the Java Heap above 32GB virtual address.
# This output file may be truncated or incomplete.
#
#  Out of Memory Error (arena.cpp:150), pid=5152, tid=9660
#
# JRE version: OpenJDK Runtime Environment (22.0+36) (build 22+36-2370)
# Java VM: OpenJDK 64-Bit Server VM (22+36-2370, mixed mode, sharing, tiered, compressed oops, compressed class ptrs, g1 gc, windows-amd64)
# No core dump will be written. Minidumps are not enabled by default on client versions of Windows
#

---------------  S U M M A R Y ------------

Command Line: -javaagent:C:\Program Files\JetBrains\IntelliJ IDEA Community Edition 2023.2.2\lib\idea_rt.jar=52795:C:\Program Files\JetBrains\IntelliJ IDEA Community Edition 2023.2.2\bin -Dfile.encoding=UTF-8 -Dsun.stdout.encoding=UTF-8 -Dsun.stderr.encoding=UTF-8 --module-path=C:\Users\elyes\.m2\repository\org\openjfx\javafx-base\16\javafx-base-16-win.jar;C:\Users\elyes\.m2\repository\org\openjfx\javafx-graphics\21-ea+24\javafx-graphics-21-ea+24-win.jar;C:\Users\elyes\.m2\repository\org\openjfx\javafx-media\21-ea+24\javafx-media-21-ea+24-win.jar;C:\Users\elyes\.m2\repository\org\openjfx\javafx-web\21-ea+24\javafx-web-21-ea+24-win.jar;C:\Users\elyes\.m2\repository\com\mysql\mysql-connector-j\8.3.0\mysql-connector-j-8.3.0.jar;C:\Users\elyes\.m2\repository\org\openjfx\javafx-fxml\21-ea+24\javafx-fxml-21-ea+24-win.jar;C:\Users\elyes\.m2\repository\org\openjfx\javafx-controls\21-ea+24\javafx-controls-21-ea+24-win.jar;C:\Users\elyes\IdeaProjects\demo1\target\classes -Djdk.module.main=com.example.demo1 com.example.demo1/com.example.demo1.HelloApplication

Host: Intel(R) Core(TM) i5-10300H CPU @ 2.50GHz, 8 cores, 15G,  Windows 10 , 64 bit Build 19041 (10.0.19041.3636)
Time: Tue May  7 16:49:55 2024 W. Central Africa Standard Time elapsed time: 33.069454 seconds (0d 0h 0m 33s)

---------------  T H R E A D  ---------------

Current thread (0x0000024b3557c400):  JavaThread "C2 CompilerThread0" daemon [_thread_in_native, id=9660, stack(0x0000009240400000,0x0000009240500000) (1024K)]


Current CompileTask:
C2:33069 7300       4       com.sun.prism.impl.ps.BaseShaderGraphics::drawString (857 bytes)

Stack: [0x0000009240400000,0x0000009240500000]
Native frames: (J=compiled Java code, j=interpreted, Vv=VM code, C=native code)
V  [jvm.dll+0x6e2349]  (no source info available)
V  [jvm.dll+0x874ed3]  (no source info available)
V  [jvm.dll+0x8772fe]  (no source info available)
V  [jvm.dll+0x8779d3]  (no source info available)
V  [jvm.dll+0x27fcb6]  (no source info available)
V  [jvm.dll+0xc3d0f]  (no source info available)
V  [jvm.dll+0xc3f6b]  (no source info available)
V  [jvm.dll+0x3bb05c]  (no source info available)
V  [jvm.dll+0x1df86e]  (no source info available)
V  [jvm.dll+0x247a4c]  (no source info available)
V  [jvm.dll+0x246faf]  (no source info available)
V  [jvm.dll+0x1c4e90]  (no source info available)
V  [jvm.dll+0x25699e]  (no source info available)
V  [jvm.dll+0x254c5a]  (no source info available)
V  [jvm.dll+0x3f5426]  (no source info available)
V  [jvm.dll+0x81d50b]  (no source info available)
V  [jvm.dll+0x6e09e5]  (no source info available)
C  [ucrtbase.dll+0x21bb2]  (no source info available)
C  [KERNEL32.DLL+0x17344]  (no source info available)
C  [ntdll.dll+0x526b1]  (no source info available)


---------------  P R O C E S S  ---------------

Threads class SMR info:
_java_thread_list=0x0000024b036ae240, length=33, elements={
0x0000024b14391e00, 0x0000024b35569e70, 0x0000024b3556ad90, 0x0000024b35573220,
0x0000024b35576190, 0x0000024b35576bf0, 0x0000024b35579660, 0x0000024b3557c400,
0x0000024b3557cac0, 0x0000024b35798400, 0x0000024b35795610, 0x0000024b35797d70,
0x0000024b357969c0, 0x0000024b35795ca0, 0x0000024b35794f80, 0x0000024b35796330,
0x0000024b35797050, 0x0000024b004bdac0, 0x0000024b004bee70, 0x0000024b004bf500,
0x0000024b004c0220, 0x0000024b004c0f40, 0x0000024b004b9fb0, 0x0000024b004bc710,
0x0000024b004bb9f0, 0x0000024b004bfb90, 0x0000024b004bb360, 0x0000024b004c15d0,
0x0000024b004ba640, 0x0000024b004bc080, 0x0000024b004bcda0, 0x0000024b004be7e0,
0x0000024b004bd430
}

Java Threads: ( => current thread )
  0x0000024b14391e00 JavaThread "main"                              [_thread_blocked, id=14436, stack(0x000000923f600000,0x000000923f700000) (1024K)]
  0x0000024b35569e70 JavaThread "Reference Handler"          daemon [_thread_blocked, id=7880, stack(0x000000923fe00000,0x000000923ff00000) (1024K)]
  0x0000024b3556ad90 JavaThread "Finalizer"                  daemon [_thread_blocked, id=9736, stack(0x000000923ff00000,0x0000009240000000) (1024K)]
  0x0000024b35573220 JavaThread "Signal Dispatcher"          daemon [_thread_blocked, id=10688, stack(0x0000009240000000,0x0000009240100000) (1024K)]
  0x0000024b35576190 JavaThread "Attach Listener"            daemon [_thread_blocked, id=7824, stack(0x0000009240100000,0x0000009240200000) (1024K)]
  0x0000024b35576bf0 JavaThread "Service Thread"             daemon [_thread_blocked, id=696, stack(0x0000009240200000,0x0000009240300000) (1024K)]
  0x0000024b35579660 JavaThread "Monitor Deflation Thread"   daemon [_thread_blocked, id=8204, stack(0x0000009240300000,0x0000009240400000) (1024K)]
=>0x0000024b3557c400 JavaThread "C2 CompilerThread0"         daemon [_thread_in_native, id=9660, stack(0x0000009240400000,0x0000009240500000) (1024K)]
  0x0000024b3557cac0 JavaThread "C1 CompilerThread0"         daemon [_thread_blocked, id=14268, stack(0x0000009240500000,0x0000009240600000) (1024K)]
  0x0000024b35798400 JavaThread "Common-Cleaner"             daemon [_thread_blocked, id=12856, stack(0x0000009240600000,0x0000009240700000) (1024K)]
  0x0000024b35795610 JavaThread "Monitor Ctrl-Break"         daemon [_thread_in_native, id=10812, stack(0x0000009240900000,0x0000009240a00000) (1024K)]
  0x0000024b35797d70 JavaThread "Notification Thread"        daemon [_thread_blocked, id=8752, stack(0x0000009240a00000,0x0000009240b00000) (1024K)]
  0x0000024b357969c0 JavaThread "QuantumRenderer-0"          daemon [_thread_in_native, id=2068, stack(0x0000009240b00000,0x0000009240c00000) (1024K)]
  0x0000024b35795ca0 JavaThread "InvokeLaterDispatcher"      daemon [_thread_blocked, id=13192, stack(0x0000009240d00000,0x0000009240e00000) (1024K)]
  0x0000024b35794f80 JavaThread "JavaFX Application Thread"         [_thread_blocked, id=11908, stack(0x0000009240c00000,0x0000009240d00000) (1024K)]
  0x0000024b35796330 JavaThread "JavaFX-Launcher"                   [_thread_blocked, id=14744, stack(0x0000009241200000,0x0000009241300000) (1024K)]
  0x0000024b35797050 JavaThread "Thread-2"                   daemon [_thread_in_native, id=8780, stack(0x0000009241100000,0x0000009241200000) (1024K)]
  0x0000024b004bdac0 JavaThread "mysql-cj-abandoned-connection-cleanup" daemon [_thread_blocked, id=17416, stack(0x0000009241800000,0x0000009241900000) (1024K)]
  0x0000024b004bee70 JavaThread "Prism Font Disposer"        daemon [_thread_blocked, id=2156, stack(0x0000009241e00000,0x0000009241f00000) (1024K)]
  0x0000024b004bf500 JavaThread "Cleaner-0"                  daemon [_thread_blocked, id=3268, stack(0x0000009242000000,0x0000009242100000) (1024K)]
  0x0000024b004c0220 JavaThread "Disposer"                   daemon [_thread_blocked, id=16608, stack(0x0000009241f00000,0x0000009242000000) (1024K)]
  0x0000024b004c0f40 JavaThread "HttpClient-1-SelectorManager" daemon [_thread_in_native, id=2572, stack(0x0000009242200000,0x0000009242300000) (1024K)]
  0x0000024b004b9fb0 JavaThread "HttpClient-1-Worker-0"      daemon [_thread_blocked, id=7732, stack(0x0000009242300000,0x0000009242400000) (1024K)]
  0x0000024b004bc710 JavaThread "HttpClient-1-Worker-1"      daemon [_thread_blocked, id=9984, stack(0x0000009242400000,0x0000009242500000) (1024K)]
  0x0000024b004bb9f0 JavaThread "HttpClient-1-Worker-2"      daemon [_thread_blocked, id=15412, stack(0x0000009242500000,0x0000009242600000) (1024K)]
  0x0000024b004bfb90 JavaThread "HttpClient-1-Worker-3"      daemon [_thread_blocked, id=14848, stack(0x0000009242600000,0x0000009242700000) (1024K)]
  0x0000024b004bb360 JavaThread "HttpClient-1-Worker-4"      daemon [_thread_blocked, id=14488, stack(0x0000009243000000,0x0000009243100000) (1024K)]
  0x0000024b004c15d0 JavaThread "HttpClient-1-Worker-5"      daemon [_thread_blocked, id=12620, stack(0x0000009243100000,0x0000009243200000) (1024K)]
  0x0000024b004ba640 JavaThread "HttpClient-1-Worker-6"      daemon [_thread_blocked, id=15016, stack(0x0000009243200000,0x0000009243300000) (1024K)]
  0x0000024b004bc080 JavaThread "HttpClient-1-Worker-7"      daemon [_thread_blocked, id=12740, stack(0x0000009243300000,0x0000009243400000) (1024K)]
  0x0000024b004bcda0 JavaThread "ForkJoinPool.commonPool-worker-2" daemon [_thread_blocked, id=4336, stack(0x0000009243500000,0x0000009243600000) (1024K)]
  0x0000024b004be7e0 JavaThread "ForkJoinPool.commonPool-worker-4" daemon [_thread_blocked, id=7668, stack(0x0000009243600000,0x0000009243700000) (1024K)]
  0x0000024b004bd430 JavaThread "ForkJoinPool.commonPool-worker-3" daemon [_thread_blocked, id=8452, stack(0x0000009243700000,0x0000009243800000) (1024K)]
Total: 33

Other Threads:
  0x0000024b35550b10 VMThread "VM Thread"                           [id=6024, stack(0x000000923fd00000,0x000000923fe00000) (1024K)]
  0x0000024b35533420 WatcherThread "VM Periodic Task Thread"        [id=17800, stack(0x000000923fc00000,0x000000923fd00000) (1024K)]
  0x0000024b165e8c90 WorkerThread "GC Thread#0"                     [id=17732, stack(0x000000923f700000,0x000000923f800000) (1024K)]
  0x0000024b7b6ec5d0 WorkerThread "GC Thread#1"                     [id=9884, stack(0x0000009241300000,0x0000009241400000) (1024K)]
  0x0000024b7b70bc30 WorkerThread "GC Thread#2"                     [id=8720, stack(0x0000009241400000,0x0000009241500000) (1024K)]
  0x0000024b7b727b30 WorkerThread "GC Thread#3"                     [id=2232, stack(0x0000009241500000,0x0000009241600000) (1024K)]
  0x0000024b7b6e7780 WorkerThread "GC Thread#4"                     [id=12824, stack(0x0000009241600000,0x0000009241700000) (1024K)]
  0x0000024b7b6e7b30 WorkerThread "GC Thread#5"                     [id=14636, stack(0x0000009241700000,0x0000009241800000) (1024K)]
  0x0000024b00ace010 WorkerThread "GC Thread#6"                     [id=10492, stack(0x0000009241900000,0x0000009241a00000) (1024K)]
  0x0000024b002c67b0 WorkerThread "GC Thread#7"                     [id=13920, stack(0x0000009241a00000,0x0000009241b00000) (1024K)]
  0x0000024b165f9b70 ConcurrentGCThread "G1 Main Marker"            [id=11932, stack(0x000000923f800000,0x000000923f900000) (1024K)]
  0x0000024b165fae20 WorkerThread "G1 Conc#0"                       [id=2372, stack(0x000000923f900000,0x000000923fa00000) (1024K)]
  0x0000024b002c63a0 WorkerThread "G1 Conc#1"                       [id=7444, stack(0x0000009240800000,0x0000009240900000) (1024K)]
  0x0000024b354071a0 ConcurrentGCThread "G1 Refine#0"               [id=17928, stack(0x000000923fa00000,0x000000923fb00000) (1024K)]
  0x0000024b35409d30 ConcurrentGCThread "G1 Service"                [id=16008, stack(0x000000923fb00000,0x000000923fc00000) (1024K)]
Total: 15

Threads with active compile tasks:
C2 CompilerThread0  33142 7300       4       com.sun.prism.impl.ps.BaseShaderGraphics::drawString (857 bytes)
Total: 1

VM state: not at safepoint (normal execution)

VM Mutex/Monitor currently owned by a thread: None

Heap address: 0x0000000702c00000, size: 4052 MB, Compressed Oops mode: Zero based, Oop shift amount: 3

CDS archive(s) mapped at: [0x0000024b36000000-0x0000024b36c50000-0x0000024b36c50000), size 12910592, SharedBaseAddress: 0x0000024b36000000, ArchiveRelocationMode: 1.
Compressed class space mapped at: 0x0000024b37000000-0x0000024b77000000, reserved size: 1073741824
Narrow klass base: 0x0000024b36000000, Narrow klass shift: 0, Narrow klass range: 0x41000000

GC Precious Log:
 CardTable entry size: 512
 Card Set container configuration: InlinePtr #cards 4 size 8 Array Of Cards #cards 16 size 48 Howl #buckets 8 coarsen threshold 3686 Howl Bitmap #cards 512 size 80 coarsen threshold 460 Card regions per heap region 1 cards per card region 4096
 CPUs: 8 total, 8 available
 Memory: 16202M
 Large Page Support: Disabled
 NUMA Support: Disabled
 Compressed Oops: Enabled (Zero based)
 Heap Region Size: 2M
 Heap Min Capacity: 8M
 Heap Initial Capacity: 254M
 Heap Max Capacity: 4052M
 Pre-touch: Disabled
 Parallel Workers: 8
 Concurrent Workers: 2
 Concurrent Refinement Workers: 8
 Periodic GC: Disabled

Heap:
 garbage-first heap   total reserved 4149248K, committed 425984K, used 342769K [0x0000000702c00000, 0x0000000800000000)
  region size 2048K, 76 young (155648K), 7 survivors (14336K)
 Metaspace       used 33284K, committed 33920K, reserved 1114112K
  class space    used 4406K, committed 4672K, reserved 1048576K

Heap Regions: E=young(eden), S=young(survivor), O=old, HS=humongous(starts), HC=humongous(continues), CS=collection set, F=free, TAMS=top-at-mark-start, PB=parsable bottom
|   0|0x0000000702c00000, 0x0000000702e00000, 0x0000000702e00000|100%|HS|  |TAMS 0x0000000702c00000| PB 0x0000000702c00000| Complete |  0
|   1|0x0000000702e00000, 0x0000000703000000, 0x0000000703000000|100%|HS|  |TAMS 0x0000000702e00000| PB 0x0000000702e00000| Complete |  0
|   2|0x0000000703000000, 0x0000000703200000, 0x0000000703200000|100%| O|  |TAMS 0x0000000703000000| PB 0x0000000703000000| Untracked |  0
|   3|0x0000000703200000, 0x0000000703400000, 0x0000000703400000|100%| O|  |TAMS 0x0000000703200000| PB 0x0000000703200000| Untracked |  0
|   4|0x0000000703400000, 0x0000000703600000, 0x0000000703600000|100%|HS|  |TAMS 0x0000000703400000| PB 0x0000000703400000| Complete |  0
|   5|0x0000000703600000, 0x0000000703800000, 0x0000000703800000|100%|HC|  |TAMS 0x0000000703600000| PB 0x0000000703600000| Complete |  0
|   6|0x0000000703800000, 0x0000000703a00000, 0x0000000703a00000|100%|HC|  |TAMS 0x0000000703800000| PB 0x0000000703800000| Complete |  0
|   7|0x0000000703a00000, 0x0000000703c00000, 0x0000000703c00000|100%|HC|  |TAMS 0x0000000703a00000| PB 0x0000000703a00000| Complete |  0
|   8|0x0000000703c00000, 0x0000000703e00000, 0x0000000703e00000|100%|HC|  |TAMS 0x0000000703c00000| PB 0x0000000703c00000| Complete |  0
|   9|0x0000000703e00000, 0x0000000704000000, 0x0000000704000000|100%|HC|  |TAMS 0x0000000703e00000| PB 0x0000000703e00000| Complete |  0
|  10|0x0000000704000000, 0x0000000704200000, 0x0000000704200000|100%|HC|  |TAMS 0x0000000704000000| PB 0x0000000704000000| Complete |  0
|  11|0x0000000704200000, 0x0000000704400000, 0x0000000704400000|100%|HC|  |TAMS 0x0000000704200000| PB 0x0000000704200000| Complete |  0
|  12|0x0000000704400000, 0x0000000704600000, 0x0000000704600000|100%|HC|  |TAMS 0x0000000704400000| PB 0x0000000704400000| Complete |  0
|  13|0x0000000704600000, 0x0000000704800000, 0x0000000704800000|100%|HC|  |TAMS 0x0000000704600000| PB 0x0000000704600000| Complete |  0
|  14|0x0000000704800000, 0x0000000704a00000, 0x0000000704a00000|100%|HC|  |TAMS 0x0000000704800000| PB 0x0000000704800000| Complete |  0
|  15|0x0000000704a00000, 0x0000000704c00000, 0x0000000704c00000|100%|HC|  |TAMS 0x0000000704a00000| PB 0x0000000704a00000| Complete |  0
|  16|0x0000000704c00000, 0x0000000704e00000, 0x0000000704e00000|100%|HS|  |TAMS 0x0000000704c00000| PB 0x0000000704c00000| Complete |  0
|  17|0x0000000704e00000, 0x0000000705000000, 0x0000000705000000|100%|HC|  |TAMS 0x0000000704e00000| PB 0x0000000704e00000| Complete |  0
|  18|0x0000000705000000, 0x0000000705200000, 0x0000000705200000|100%|HS|  |TAMS 0x0000000705000000| PB 0x0000000705000000| Complete |  0
|  19|0x0000000705200000, 0x0000000705400000, 0x0000000705400000|100%|HC|  |TAMS 0x0000000705200000| PB 0x0000000705200000| Complete |  0
|  20|0x0000000705400000, 0x0000000705600000, 0x0000000705600000|100%|HC|  |TAMS 0x0000000705400000| PB 0x0000000705400000| Complete |  0
|  21|0x0000000705600000, 0x0000000705800000, 0x0000000705800000|100%|HC|  |TAMS 0x0000000705600000| PB 0x0000000705600000| Complete |  0
|  22|0x0000000705800000, 0x0000000705a00000, 0x0000000705a00000|100%|HC|  |TAMS 0x0000000705800000| PB 0x0000000705800000| Complete |  0
|  23|0x0000000705a00000, 0x0000000705c00000, 0x0000000705c00000|100%|HC|  |TAMS 0x0000000705a00000| PB 0x0000000705a00000| Complete |  0
|  24|0x0000000705c00000, 0x0000000705e00000, 0x0000000705e00000|100%|HC|  |TAMS 0x0000000705c00000| PB 0x0000000705c00000| Complete |  0
|  25|0x0000000705e00000, 0x0000000706000000, 0x0000000706000000|100%|HC|  |TAMS 0x0000000705e00000| PB 0x0000000705e00000| Complete |  0
|  26|0x0000000706000000, 0x0000000706200000, 0x0000000706200000|100%|HC|  |TAMS 0x0000000706000000| PB 0x0000000706000000| Complete |  0
|  27|0x0000000706200000, 0x0000000706400000, 0x0000000706400000|100%|HC|  |TAMS 0x0000000706200000| PB 0x0000000706200000| Complete |  0
|  28|0x0000000706400000, 0x0000000706600000, 0x0000000706600000|100%|HC|  |TAMS 0x0000000706400000| PB 0x0000000706400000| Complete |  0
|  29|0x0000000706600000, 0x0000000706800000, 0x0000000706800000|100%|HC|  |TAMS 0x0000000706600000| PB 0x0000000706600000| Complete |  0
|  30|0x0000000706800000, 0x0000000706a00000, 0x0000000706a00000|100%|HS|  |TAMS 0x0000000706800000| PB 0x0000000706800000| Complete |  0
|  31|0x0000000706a00000, 0x0000000706c00000, 0x0000000706c00000|100%|HC|  |TAMS 0x0000000706a00000| PB 0x0000000706a00000| Complete |  0
|  32|0x0000000706c00000, 0x0000000706e00000, 0x0000000706e00000|100%|HC|  |TAMS 0x0000000706c00000| PB 0x0000000706c00000| Complete |  0
|  33|0x0000000706e00000, 0x0000000707000000, 0x0000000707000000|100%|HC|  |TAMS 0x0000000706e00000| PB 0x0000000706e00000| Complete |  0
|  34|0x0000000707000000, 0x0000000707200000, 0x0000000707200000|100%|HC|  |TAMS 0x0000000707000000| PB 0x0000000707000000| Complete |  0
|  35|0x0000000707200000, 0x0000000707400000, 0x0000000707400000|100%|HC|  |TAMS 0x0000000707200000| PB 0x0000000707200000| Complete |  0
|  36|0x0000000707400000, 0x0000000707600000, 0x0000000707600000|100%|HC|  |TAMS 0x0000000707400000| PB 0x0000000707400000| Complete |  0
|  37|0x0000000707600000, 0x0000000707800000, 0x0000000707800000|100%|HC|  |TAMS 0x0000000707600000| PB 0x0000000707600000| Complete |  0
|  38|0x0000000707800000, 0x0000000707a00000, 0x0000000707a00000|100%|HC|  |TAMS 0x0000000707800000| PB 0x0000000707800000| Complete |  0
|  39|0x0000000707a00000, 0x0000000707c00000, 0x0000000707c00000|100%|HC|  |TAMS 0x0000000707a00000| PB 0x0000000707a00000| Complete |  0
|  40|0x0000000707c00000, 0x0000000707e00000, 0x0000000707e00000|100%|HC|  |TAMS 0x0000000707c00000| PB 0x0000000707c00000| Complete |  0
|  41|0x0000000707e00000, 0x0000000708000000, 0x0000000708000000|100%|HC|  |TAMS 0x0000000707e00000| PB 0x0000000707e00000| Complete |  0
|  42|0x0000000708000000, 0x0000000708200000, 0x0000000708200000|100%|HS|  |TAMS 0x0000000708000000| PB 0x0000000708000000| Complete |  0
|  43|0x0000000708200000, 0x0000000708400000, 0x0000000708400000|100%|HC|  |TAMS 0x0000000708200000| PB 0x0000000708200000| Complete |  0
|  44|0x0000000708400000, 0x0000000708600000, 0x0000000708600000|100%|HC|  |TAMS 0x0000000708400000| PB 0x0000000708400000| Complete |  0
|  45|0x0000000708600000, 0x0000000708800000, 0x0000000708800000|100%|HC|  |TAMS 0x0000000708600000| PB 0x0000000708600000| Complete |  0
|  46|0x0000000708800000, 0x0000000708a00000, 0x0000000708a00000|100%|HC|  |TAMS 0x0000000708800000| PB 0x0000000708800000| Complete |  0
|  47|0x0000000708a00000, 0x0000000708c00000, 0x0000000708c00000|100%|HC|  |TAMS 0x0000000708a00000| PB 0x0000000708a00000| Complete |  0
|  48|0x0000000708c00000, 0x0000000708e00000, 0x0000000708e00000|100%|HC|  |TAMS 0x0000000708c00000| PB 0x0000000708c00000| Complete |  0
|  49|0x0000000708e00000, 0x0000000709000000, 0x0000000709000000|100%|HC|  |TAMS 0x0000000708e00000| PB 0x0000000708e00000| Complete |  0
|  50|0x0000000709000000, 0x0000000709200000, 0x0000000709200000|100%|HC|  |TAMS 0x0000000709000000| PB 0x0000000709000000| Complete |  0
|  51|0x0000000709200000, 0x0000000709400000, 0x0000000709400000|100%|HC|  |TAMS 0x0000000709200000| PB 0x0000000709200000| Complete |  0
|  52|0x0000000709400000, 0x0000000709600000, 0x0000000709600000|100%|HC|  |TAMS 0x0000000709400000| PB 0x0000000709400000| Complete |  0
|  53|0x0000000709600000, 0x0000000709800000, 0x0000000709800000|100%|HC|  |TAMS 0x0000000709600000| PB 0x0000000709600000| Complete |  0
|  54|0x0000000709800000, 0x0000000709a00000, 0x0000000709a00000|100%|HS|  |TAMS 0x0000000709800000| PB 0x0000000709800000| Complete |  0
|  55|0x0000000709a00000, 0x0000000709c00000, 0x0000000709c00000|100%|HC|  |TAMS 0x0000000709a00000| PB 0x0000000709a00000| Complete |  0
|  56|0x0000000709c00000, 0x0000000709e00000, 0x0000000709e00000|100%|HC|  |TAMS 0x0000000709c00000| PB 0x0000000709c00000| Complete |  0
|  57|0x0000000709e00000, 0x000000070a000000, 0x000000070a000000|100%|HC|  |TAMS 0x0000000709e00000| PB 0x0000000709e00000| Complete |  0
|  58|0x000000070a000000, 0x000000070a200000, 0x000000070a200000|100%|HC|  |TAMS 0x000000070a000000| PB 0x000000070a000000| Complete |  0
|  59|0x000000070a200000, 0x000000070a400000, 0x000000070a400000|100%|HC|  |TAMS 0x000000070a200000| PB 0x000000070a200000| Complete |  0
|  60|0x000000070a400000, 0x000000070a600000, 0x000000070a600000|100%|HC|  |TAMS 0x000000070a400000| PB 0x000000070a400000| Complete |  0
|  61|0x000000070a600000, 0x000000070a800000, 0x000000070a800000|100%|HC|  |TAMS 0x000000070a600000| PB 0x000000070a600000| Complete |  0
|  62|0x000000070a800000, 0x000000070aa00000, 0x000000070aa00000|100%|HC|  |TAMS 0x000000070a800000| PB 0x000000070a800000| Complete |  0
|  63|0x000000070aa00000, 0x000000070ac00000, 0x000000070ac00000|100%|HC|  |TAMS 0x000000070aa00000| PB 0x000000070aa00000| Complete |  0
|  64|0x000000070ac00000, 0x000000070ae00000, 0x000000070ae00000|100%|HC|  |TAMS 0x000000070ac00000| PB 0x000000070ac00000| Complete |  0
|  65|0x000000070ae00000, 0x000000070b000000, 0x000000070b000000|100%|HC|  |TAMS 0x000000070ae00000| PB 0x000000070ae00000| Complete |  0
|  66|0x000000070b000000, 0x000000070b200000, 0x000000070b200000|100%|HS|  |TAMS 0x000000070b000000| PB 0x000000070b000000| Complete |  0
|  67|0x000000070b200000, 0x000000070b400000, 0x000000070b400000|100%|HC|  |TAMS 0x000000070b200000| PB 0x000000070b200000| Complete |  0
|  68|0x000000070b400000, 0x000000070b600000, 0x000000070b600000|100%|HC|  |TAMS 0x000000070b400000| PB 0x000000070b400000| Complete |  0
|  69|0x000000070b600000, 0x000000070b800000, 0x000000070b800000|100%|HC|  |TAMS 0x000000070b600000| PB 0x000000070b600000| Complete |  0
|  70|0x000000070b800000, 0x000000070ba00000, 0x000000070ba00000|100%|HC|  |TAMS 0x000000070b800000| PB 0x000000070b800000| Complete |  0
|  71|0x000000070ba00000, 0x000000070bc00000, 0x000000070bc00000|100%|HC|  |TAMS 0x000000070ba00000| PB 0x000000070ba00000| Complete |  0
|  72|0x000000070bc00000, 0x000000070be00000, 0x000000070be00000|100%|HC|  |TAMS 0x000000070bc00000| PB 0x000000070bc00000| Complete |  0
|  73|0x000000070be00000, 0x000000070c000000, 0x000000070c000000|100%|HC|  |TAMS 0x000000070be00000| PB 0x000000070be00000| Complete |  0
|  74|0x000000070c000000, 0x000000070c200000, 0x000000070c200000|100%|HC|  |TAMS 0x000000070c000000| PB 0x000000070c000000| Complete |  0
|  75|0x000000070c200000, 0x000000070c400000, 0x000000070c400000|100%|HC|  |TAMS 0x000000070c200000| PB 0x000000070c200000| Complete |  0
|  76|0x000000070c400000, 0x000000070c600000, 0x000000070c600000|100%|HC|  |TAMS 0x000000070c400000| PB 0x000000070c400000| Complete |  0
|  77|0x000000070c600000, 0x000000070c800000, 0x000000070c800000|100%|HC|  |TAMS 0x000000070c600000| PB 0x000000070c600000| Complete |  0
|  78|0x000000070c800000, 0x000000070ca00000, 0x000000070ca00000|100%|HS|  |TAMS 0x000000070c800000| PB 0x000000070c800000| Complete |  0
|  79|0x000000070ca00000, 0x000000070cc00000, 0x000000070cc00000|100%|HC|  |TAMS 0x000000070ca00000| PB 0x000000070ca00000| Complete |  0
|  80|0x000000070cc00000, 0x000000070ce00000, 0x000000070ce00000|100%|HC|  |TAMS 0x000000070cc00000| PB 0x000000070cc00000| Complete |  0
|  81|0x000000070ce00000, 0x000000070d000000, 0x000000070d000000|100%|HC|  |TAMS 0x000000070ce00000| PB 0x000000070ce00000| Complete |  0
|  82|0x000000070d000000, 0x000000070d200000, 0x000000070d200000|100%|HC|  |TAMS 0x000000070d000000| PB 0x000000070d000000| Complete |  0
|  83|0x000000070d200000, 0x000000070d400000, 0x000000070d400000|100%|HC|  |TAMS 0x000000070d200000| PB 0x000000070d200000| Complete |  0
|  84|0x000000070d400000, 0x000000070d600000, 0x000000070d600000|100%|HC|  |TAMS 0x000000070d400000| PB 0x000000070d400000| Complete |  0
|  85|0x000000070d600000, 0x000000070d800000, 0x000000070d800000|100%|HC|  |TAMS 0x000000070d600000| PB 0x000000070d600000| Complete |  0
|  86|0x000000070d800000, 0x000000070da00000, 0x000000070da00000|100%|HC|  |TAMS 0x000000070d800000| PB 0x000000070d800000| Complete |  0
|  87|0x000000070da00000, 0x000000070dc00000, 0x000000070dc00000|100%|HC|  |TAMS 0x000000070da00000| PB 0x000000070da00000| Complete |  0
|  88|0x000000070dc00000, 0x000000070de00000, 0x000000070de00000|100%|HC|  |TAMS 0x000000070dc00000| PB 0x000000070dc00000| Complete |  0
|  89|0x000000070de00000, 0x000000070e000000, 0x000000070e000000|100%|HC|  |TAMS 0x000000070de00000| PB 0x000000070de00000| Complete |  0
|  90|0x000000070e000000, 0x000000070e200000, 0x000000070e200000|100%|HS|  |TAMS 0x000000070e000000| PB 0x000000070e000000| Complete |  0
|  91|0x000000070e200000, 0x000000070e400000, 0x000000070e400000|100%| O|  |TAMS 0x000000070e200000| PB 0x000000070e200000| Untracked |  0
|  92|0x000000070e400000, 0x000000070e600000, 0x000000070e600000|100%| O|  |TAMS 0x000000070e400000| PB 0x000000070e400000| Untracked |  0
|  93|0x000000070e600000, 0x000000070e6bc738, 0x000000070e800000| 36%| O|  |TAMS 0x000000070e600000| PB 0x000000070e600000| Untracked |  0
|  94|0x000000070e800000, 0x000000070e800000, 0x000000070ea00000|  0%| F|  |TAMS 0x000000070e800000| PB 0x000000070e800000| Untracked |  0
|  95|0x000000070ea00000, 0x000000070ea00000, 0x000000070ec00000|  0%| F|  |TAMS 0x000000070ea00000| PB 0x000000070ea00000| Untracked |  0
|  96|0x000000070ec00000, 0x000000070ec00000, 0x000000070ee00000|  0%| F|  |TAMS 0x000000070ec00000| PB 0x000000070ec00000| Untracked |  0
|  97|0x000000070ee00000, 0x000000070ee00000, 0x000000070f000000|  0%| F|  |TAMS 0x000000070ee00000| PB 0x000000070ee00000| Untracked |  0
|  98|0x000000070f000000, 0x000000070f000000, 0x000000070f200000|  0%| F|  |TAMS 0x000000070f000000| PB 0x000000070f000000| Untracked |  0
|  99|0x000000070f200000, 0x000000070f200000, 0x000000070f400000|  0%| F|  |TAMS 0x000000070f200000| PB 0x000000070f200000| Untracked |  0
| 100|0x000000070f400000, 0x000000070f400000, 0x000000070f600000|  0%| F|  |TAMS 0x000000070f400000| PB 0x000000070f400000| Untracked |  0
| 101|0x000000070f600000, 0x000000070f800000, 0x000000070f800000|100%| S|CS|TAMS 0x000000070f600000| PB 0x000000070f600000| Complete |  0
| 102|0x000000070f800000, 0x000000070fa00000, 0x000000070fa00000|100%| S|CS|TAMS 0x000000070f800000| PB 0x000000070f800000| Complete |  0
| 103|0x000000070fa00000, 0x000000070fc00000, 0x000000070fc00000|100%| S|CS|TAMS 0x000000070fa00000| PB 0x000000070fa00000| Complete |  0
| 104|0x000000070fc00000, 0x000000070fe00000, 0x000000070fe00000|100%| S|CS|TAMS 0x000000070fc00000| PB 0x000000070fc00000| Complete |  0
| 105|0x000000070fe00000, 0x0000000710000000, 0x0000000710000000|100%| S|CS|TAMS 0x000000070fe00000| PB 0x000000070fe00000| Complete |  0
| 106|0x0000000710000000, 0x0000000710200000, 0x0000000710200000|100%| S|CS|TAMS 0x0000000710000000| PB 0x0000000710000000| Complete |  0
| 107|0x0000000710200000, 0x0000000710400000, 0x0000000710400000|100%| S|CS|TAMS 0x0000000710200000| PB 0x0000000710200000| Complete |  0
| 108|0x0000000710400000, 0x0000000710400000, 0x0000000710600000|  0%| F|  |TAMS 0x0000000710400000| PB 0x0000000710400000| Untracked |  0
| 109|0x0000000710600000, 0x0000000710600000, 0x0000000710800000|  0%| F|  |TAMS 0x0000000710600000| PB 0x0000000710600000| Untracked |  0
| 110|0x0000000710800000, 0x0000000710800000, 0x0000000710a00000|  0%| F|  |TAMS 0x0000000710800000| PB 0x0000000710800000| Untracked |  0
| 111|0x0000000710a00000, 0x0000000710a00000, 0x0000000710c00000|  0%| F|  |TAMS 0x0000000710a00000| PB 0x0000000710a00000| Untracked |  0
| 112|0x0000000710c00000, 0x0000000710c00000, 0x0000000710e00000|  0%| F|  |TAMS 0x0000000710c00000| PB 0x0000000710c00000| Untracked |  0
| 113|0x0000000710e00000, 0x0000000710e00000, 0x0000000711000000|  0%| F|  |TAMS 0x0000000710e00000| PB 0x0000000710e00000| Untracked |  0
| 114|0x0000000711000000, 0x0000000711000000, 0x0000000711200000|  0%| F|  |TAMS 0x0000000711000000| PB 0x0000000711000000| Untracked |  0
| 115|0x0000000711200000, 0x0000000711200000, 0x0000000711400000|  0%| F|  |TAMS 0x0000000711200000| PB 0x0000000711200000| Untracked |  0
| 116|0x0000000711400000, 0x0000000711400000, 0x0000000711600000|  0%| F|  |TAMS 0x0000000711400000| PB 0x0000000711400000| Untracked |  0
| 117|0x0000000711600000, 0x0000000711600000, 0x0000000711800000|  0%| F|  |TAMS 0x0000000711600000| PB 0x0000000711600000| Untracked |  0
| 118|0x0000000711800000, 0x0000000711800000, 0x0000000711a00000|  0%| F|  |TAMS 0x0000000711800000| PB 0x0000000711800000| Untracked |  0
| 119|0x0000000711a00000, 0x0000000711a00000, 0x0000000711c00000|  0%| F|  |TAMS 0x0000000711a00000| PB 0x0000000711a00000| Untracked |  0
| 120|0x0000000711c00000, 0x0000000711c00000, 0x0000000711e00000|  0%| F|  |TAMS 0x0000000711c00000| PB 0x0000000711c00000| Untracked |  0
| 121|0x0000000711e00000, 0x0000000711e00000, 0x0000000712000000|  0%| F|  |TAMS 0x0000000711e00000| PB 0x0000000711e00000| Untracked |  0
| 122|0x0000000712000000, 0x0000000712000000, 0x0000000712200000|  0%| F|  |TAMS 0x0000000712000000| PB 0x0000000712000000| Untracked |  0
| 123|0x0000000712200000, 0x0000000712200000, 0x0000000712400000|  0%| F|  |TAMS 0x0000000712200000| PB 0x0000000712200000| Untracked |  0
| 124|0x0000000712400000, 0x0000000712400000, 0x0000000712600000|  0%| F|  |TAMS 0x0000000712400000| PB 0x0000000712400000| Untracked |  0
| 125|0x0000000712600000, 0x0000000712600000, 0x0000000712800000|  0%| F|  |TAMS 0x0000000712600000| PB 0x0000000712600000| Untracked |  0
| 126|0x0000000712800000, 0x0000000712800000, 0x0000000712a00000|  0%| F|  |TAMS 0x0000000712800000| PB 0x0000000712800000| Untracked |  0
| 127|0x0000000712a00000, 0x0000000712a00000, 0x0000000712c00000|  0%| F|  |TAMS 0x0000000712a00000| PB 0x0000000712a00000| Untracked |  0
| 128|0x0000000712c00000, 0x0000000712c00000, 0x0000000712e00000|  0%| F|  |TAMS 0x0000000712c00000| PB 0x0000000712c00000| Untracked |  0
| 129|0x0000000712e00000, 0x0000000712e00000, 0x0000000713000000|  0%| F|  |TAMS 0x0000000712e00000| PB 0x0000000712e00000| Untracked |  0
| 130|0x0000000713000000, 0x0000000713000000, 0x0000000713200000|  0%| F|  |TAMS 0x0000000713000000| PB 0x0000000713000000| Untracked |  0
| 131|0x0000000713200000, 0x0000000713200000, 0x0000000713400000|  0%| F|  |TAMS 0x0000000713200000| PB 0x0000000713200000| Untracked |  0
| 132|0x0000000713400000, 0x0000000713400000, 0x0000000713600000|  0%| F|  |TAMS 0x0000000713400000| PB 0x0000000713400000| Untracked |  0
| 133|0x0000000713600000, 0x0000000713600000, 0x0000000713800000|  0%| F|  |TAMS 0x0000000713600000| PB 0x0000000713600000| Untracked |  0
| 134|0x0000000713800000, 0x0000000713800000, 0x0000000713a00000|  0%| F|  |TAMS 0x0000000713800000| PB 0x0000000713800000| Untracked |  0
| 135|0x0000000713a00000, 0x0000000713a00000, 0x0000000713c00000|  0%| F|  |TAMS 0x0000000713a00000| PB 0x0000000713a00000| Untracked |  0
| 136|0x0000000713c00000, 0x0000000713c00000, 0x0000000713e00000|  0%| F|  |TAMS 0x0000000713c00000| PB 0x0000000713c00000| Untracked |  0
| 137|0x0000000713e00000, 0x0000000713e00000, 0x0000000714000000|  0%| F|  |TAMS 0x0000000713e00000| PB 0x0000000713e00000| Untracked |  0
| 138|0x0000000714000000, 0x0000000714000000, 0x0000000714200000|  0%| F|  |TAMS 0x0000000714000000| PB 0x0000000714000000| Untracked |  0
| 139|0x0000000714200000, 0x00000007142d0c70, 0x0000000714400000| 40%| E|  |TAMS 0x0000000714200000| PB 0x0000000714200000| Complete |  0
| 140|0x0000000714400000, 0x0000000714600000, 0x0000000714600000|100%| E|CS|TAMS 0x0000000714400000| PB 0x0000000714400000| Complete |  0
| 141|0x0000000714600000, 0x0000000714800000, 0x0000000714800000|100%| E|CS|TAMS 0x0000000714600000| PB 0x0000000714600000| Complete |  0
| 142|0x0000000714800000, 0x0000000714a00000, 0x0000000714a00000|100%| E|CS|TAMS 0x0000000714800000| PB 0x0000000714800000| Complete |  0
| 143|0x0000000714a00000, 0x0000000714c00000, 0x0000000714c00000|100%| E|CS|TAMS 0x0000000714a00000| PB 0x0000000714a00000| Complete |  0
| 144|0x0000000714c00000, 0x0000000714e00000, 0x0000000714e00000|100%| E|CS|TAMS 0x0000000714c00000| PB 0x0000000714c00000| Complete |  0
| 145|0x0000000714e00000, 0x0000000715000000, 0x0000000715000000|100%| E|CS|TAMS 0x0000000714e00000| PB 0x0000000714e00000| Complete |  0
| 146|0x0000000715000000, 0x0000000715200000, 0x0000000715200000|100%| E|CS|TAMS 0x0000000715000000| PB 0x0000000715000000| Complete |  0
| 147|0x0000000715200000, 0x0000000715400000, 0x0000000715400000|100%| E|CS|TAMS 0x0000000715200000| PB 0x0000000715200000| Complete |  0
| 148|0x0000000715400000, 0x0000000715600000, 0x0000000715600000|100%| E|CS|TAMS 0x0000000715400000| PB 0x0000000715400000| Complete |  0
| 149|0x0000000715600000, 0x0000000715800000, 0x0000000715800000|100%| E|CS|TAMS 0x0000000715600000| PB 0x0000000715600000| Complete |  0
| 150|0x0000000715800000, 0x0000000715a00000, 0x0000000715a00000|100%| E|CS|TAMS 0x0000000715800000| PB 0x0000000715800000| Complete |  0
| 151|0x0000000715a00000, 0x0000000715c00000, 0x0000000715c00000|100%| E|CS|TAMS 0x0000000715a00000| PB 0x0000000715a00000| Complete |  0
| 152|0x0000000715c00000, 0x0000000715e00000, 0x0000000715e00000|100%| E|CS|TAMS 0x0000000715c00000| PB 0x0000000715c00000| Complete |  0
| 153|0x0000000715e00000, 0x0000000716000000, 0x0000000716000000|100%| E|CS|TAMS 0x0000000715e00000| PB 0x0000000715e00000| Complete |  0
| 154|0x0000000716000000, 0x0000000716200000, 0x0000000716200000|100%| E|CS|TAMS 0x0000000716000000| PB 0x0000000716000000| Complete |  0
| 155|0x0000000716200000, 0x0000000716400000, 0x0000000716400000|100%| E|CS|TAMS 0x0000000716200000| PB 0x0000000716200000| Complete |  0
| 156|0x0000000716400000, 0x0000000716600000, 0x0000000716600000|100%| E|CS|TAMS 0x0000000716400000| PB 0x0000000716400000| Complete |  0
| 157|0x0000000716600000, 0x0000000716800000, 0x0000000716800000|100%| E|CS|TAMS 0x0000000716600000| PB 0x0000000716600000| Complete |  0
| 158|0x0000000716800000, 0x0000000716a00000, 0x0000000716a00000|100%| E|CS|TAMS 0x0000000716800000| PB 0x0000000716800000| Complete |  0
| 159|0x0000000716a00000, 0x0000000716c00000, 0x0000000716c00000|100%| E|  |TAMS 0x0000000716a00000| PB 0x0000000716a00000| Complete |  0
| 160|0x0000000716c00000, 0x0000000716e00000, 0x0000000716e00000|100%| E|CS|TAMS 0x0000000716c00000| PB 0x0000000716c00000| Complete |  0
| 161|0x0000000716e00000, 0x0000000717000000, 0x0000000717000000|100%| E|CS|TAMS 0x0000000716e00000| PB 0x0000000716e00000| Complete |  0
| 162|0x0000000717000000, 0x0000000717200000, 0x0000000717200000|100%| E|CS|TAMS 0x0000000717000000| PB 0x0000000717000000| Complete |  0
| 163|0x0000000717200000, 0x0000000717400000, 0x0000000717400000|100%| E|CS|TAMS 0x0000000717200000| PB 0x0000000717200000| Complete |  0
| 164|0x0000000717400000, 0x0000000717600000, 0x0000000717600000|100%| E|CS|TAMS 0x0000000717400000| PB 0x0000000717400000| Complete |  0
| 165|0x0000000717600000, 0x0000000717800000, 0x0000000717800000|100%| E|CS|TAMS 0x0000000717600000| PB 0x0000000717600000| Complete |  0
| 166|0x0000000717800000, 0x0000000717a00000, 0x0000000717a00000|100%| E|CS|TAMS 0x0000000717800000| PB 0x0000000717800000| Complete |  0
| 167|0x0000000717a00000, 0x0000000717c00000, 0x0000000717c00000|100%| E|CS|TAMS 0x0000000717a00000| PB 0x0000000717a00000| Complete |  0
| 168|0x0000000717c00000, 0x0000000717e00000, 0x0000000717e00000|100%| E|CS|TAMS 0x0000000717c00000| PB 0x0000000717c00000| Complete |  0
| 169|0x0000000717e00000, 0x0000000718000000, 0x0000000718000000|100%| E|CS|TAMS 0x0000000717e00000| PB 0x0000000717e00000| Complete |  0
| 170|0x0000000718000000, 0x0000000718200000, 0x0000000718200000|100%| E|CS|TAMS 0x0000000718000000| PB 0x0000000718000000| Complete |  0
| 171|0x0000000718200000, 0x0000000718400000, 0x0000000718400000|100%| E|CS|TAMS 0x0000000718200000| PB 0x0000000718200000| Complete |  0
| 172|0x0000000718400000, 0x0000000718600000, 0x0000000718600000|100%| E|CS|TAMS 0x0000000718400000| PB 0x0000000718400000| Complete |  0
| 173|0x0000000718600000, 0x0000000718800000, 0x0000000718800000|100%| E|CS|TAMS 0x0000000718600000| PB 0x0000000718600000| Complete |  0
| 174|0x0000000718800000, 0x0000000718a00000, 0x0000000718a00000|100%| E|CS|TAMS 0x0000000718800000| PB 0x0000000718800000| Complete |  0
| 175|0x0000000718a00000, 0x0000000718c00000, 0x0000000718c00000|100%| E|CS|TAMS 0x0000000718a00000| PB 0x0000000718a00000| Complete |  0
| 176|0x0000000718c00000, 0x0000000718e00000, 0x0000000718e00000|100%| E|CS|TAMS 0x0000000718c00000| PB 0x0000000718c00000| Complete |  0
| 177|0x0000000718e00000, 0x0000000719000000, 0x0000000719000000|100%| E|CS|TAMS 0x0000000718e00000| PB 0x0000000718e00000| Complete |  0
| 178|0x0000000719000000, 0x0000000719200000, 0x0000000719200000|100%| E|CS|TAMS 0x0000000719000000| PB 0x0000000719000000| Complete |  0
| 179|0x0000000719200000, 0x0000000719400000, 0x0000000719400000|100%| E|CS|TAMS 0x0000000719200000| PB 0x0000000719200000| Complete |  0
| 180|0x0000000719400000, 0x0000000719600000, 0x0000000719600000|100%| E|CS|TAMS 0x0000000719400000| PB 0x0000000719400000| Complete |  0
| 181|0x0000000719600000, 0x0000000719800000, 0x0000000719800000|100%| E|CS|TAMS 0x0000000719600000| PB 0x0000000719600000| Complete |  0
| 182|0x0000000719800000, 0x0000000719a00000, 0x0000000719a00000|100%| E|CS|TAMS 0x0000000719800000| PB 0x0000000719800000| Complete |  0
| 183|0x0000000719a00000, 0x0000000719c00000, 0x0000000719c00000|100%| E|CS|TAMS 0x0000000719a00000| PB 0x0000000719a00000| Complete |  0
| 184|0x0000000719c00000, 0x0000000719e00000, 0x0000000719e00000|100%| E|CS|TAMS 0x0000000719c00000| PB 0x0000000719c00000| Complete |  0
| 185|0x0000000719e00000, 0x000000071a000000, 0x000000071a000000|100%| E|CS|TAMS 0x0000000719e00000| PB 0x0000000719e00000| Complete |  0
| 186|0x000000071a000000, 0x000000071a200000, 0x000000071a200000|100%| E|CS|TAMS 0x000000071a000000| PB 0x000000071a000000| Complete |  0
| 187|0x000000071a200000, 0x000000071a400000, 0x000000071a400000|100%| E|CS|TAMS 0x000000071a200000| PB 0x000000071a200000| Complete |  0
| 188|0x000000071a400000, 0x000000071a600000, 0x000000071a600000|100%| E|CS|TAMS 0x000000071a400000| PB 0x000000071a400000| Complete |  0
| 189|0x000000071a600000, 0x000000071a800000, 0x000000071a800000|100%| E|CS|TAMS 0x000000071a600000| PB 0x000000071a600000| Complete |  0
| 190|0x000000071a800000, 0x000000071aa00000, 0x000000071aa00000|100%| E|CS|TAMS 0x000000071a800000| PB 0x000000071a800000| Complete |  0
| 191|0x000000071aa00000, 0x000000071ac00000, 0x000000071ac00000|100%| E|CS|TAMS 0x000000071aa00000| PB 0x000000071aa00000| Complete |  0
| 192|0x000000071ac00000, 0x000000071ae00000, 0x000000071ae00000|100%| E|CS|TAMS 0x000000071ac00000| PB 0x000000071ac00000| Complete |  0
| 193|0x000000071ae00000, 0x000000071b000000, 0x000000071b000000|100%| E|CS|TAMS 0x000000071ae00000| PB 0x000000071ae00000| Complete |  0
| 194|0x000000071b000000, 0x000000071b200000, 0x000000071b200000|100%| E|CS|TAMS 0x000000071b000000| PB 0x000000071b000000| Complete |  0
| 195|0x000000071b200000, 0x000000071b400000, 0x000000071b400000|100%| E|CS|TAMS 0x000000071b200000| PB 0x000000071b200000| Complete |  0
| 196|0x000000071b400000, 0x000000071b600000, 0x000000071b600000|100%| E|CS|TAMS 0x000000071b400000| PB 0x000000071b400000| Complete |  0
| 197|0x000000071b600000, 0x000000071b800000, 0x000000071b800000|100%| E|CS|TAMS 0x000000071b600000| PB 0x000000071b600000| Complete |  0
| 198|0x000000071b800000, 0x000000071ba00000, 0x000000071ba00000|100%| E|CS|TAMS 0x000000071b800000| PB 0x000000071b800000| Complete |  0
| 199|0x000000071ba00000, 0x000000071bc00000, 0x000000071bc00000|100%| E|CS|TAMS 0x000000071ba00000| PB 0x000000071ba00000| Complete |  0
| 200|0x000000071bc00000, 0x000000071be00000, 0x000000071be00000|100%| E|CS|TAMS 0x000000071bc00000| PB 0x000000071bc00000| Complete |  0
| 201|0x000000071be00000, 0x000000071c000000, 0x000000071c000000|100%| E|CS|TAMS 0x000000071be00000| PB 0x000000071be00000| Complete |  0
| 202|0x000000071c000000, 0x000000071c200000, 0x000000071c200000|100%| E|CS|TAMS 0x000000071c000000| PB 0x000000071c000000| Complete |  0
| 203|0x000000071c200000, 0x000000071c400000, 0x000000071c400000|100%| E|CS|TAMS 0x000000071c200000| PB 0x000000071c200000| Complete |  0
| 204|0x000000071c400000, 0x000000071c600000, 0x000000071c600000|100%| E|CS|TAMS 0x000000071c400000| PB 0x000000071c400000| Complete |  0
| 205|0x000000071c600000, 0x000000071c800000, 0x000000071c800000|100%| E|CS|TAMS 0x000000071c600000| PB 0x000000071c600000| Complete |  0
| 206|0x000000071c800000, 0x000000071ca00000, 0x000000071ca00000|100%| E|CS|TAMS 0x000000071c800000| PB 0x000000071c800000| Complete |  0
| 207|0x000000071ca00000, 0x000000071cc00000, 0x000000071cc00000|100%| E|CS|TAMS 0x000000071ca00000| PB 0x000000071ca00000| Complete |  0

Card table byte_map: [0x0000024b2e400000,0x0000024b2ebf0000] _byte_map_base: 0x0000024b2abea000

Marking Bits: (CMBitMap*) 0x0000024b165e93a0
 Bits: [0x0000024b2ebf0000, 0x0000024b32b40000)

Polling page: 0x0000024b144b0000

Metaspace:

Usage:
  Non-class:     28.20 MB used.
      Class:      4.30 MB used.
       Both:     32.50 MB used.

Virtual space:
  Non-class space:       64.00 MB reserved,      28.56 MB ( 45%) committed,  1 nodes.
      Class space:        1.00 GB reserved,       4.56 MB ( <1%) committed,  1 nodes.
             Both:        1.06 GB reserved,      33.12 MB (  3%) committed. 

Chunk freelists:
   Non-Class:  3.20 MB
       Class:  11.40 MB
        Both:  14.61 MB

MaxMetaspaceSize: unlimited
CompressedClassSpaceSize: 1.00 GB
Initial GC threshold: 21.00 MB
Current GC threshold: 34.31 MB
CDS: on
 - commit_granule_bytes: 65536.
 - commit_granule_words: 8192.
 - virtual_space_node_default_size: 8388608.
 - enlarge_chunks_in_place: 1.
 - use_allocation_guard: 0.


Internal statistics:

num_allocs_failed_limit: 0.
num_arena_births: 844.
num_arena_deaths: 0.
num_vsnodes_births: 2.
num_vsnodes_deaths: 0.
num_space_committed: 530.
num_space_uncommitted: 0.
num_chunks_returned_to_freelist: 0.
num_chunks_taken_from_freelist: 1877.
num_chunk_merges: 0.
num_chunk_splits: 1203.
num_chunks_enlarged: 746.
num_inconsistent_stats: 0.

CodeHeap 'non-profiled nmethods': size=120000Kb used=4357Kb max_used=4357Kb free=115642Kb
 bounds [0x0000024b263a0000, 0x0000024b267f0000, 0x0000024b2d8d0000]
CodeHeap 'profiled nmethods': size=120000Kb used=13950Kb max_used=13950Kb free=106049Kb
 bounds [0x0000024b1e8d0000, 0x0000024b1f670000, 0x0000024b25e00000]
CodeHeap 'non-nmethods': size=5760Kb used=2074Kb max_used=2143Kb free=3685Kb
 bounds [0x0000024b25e00000, 0x0000024b26070000, 0x0000024b263a0000]
 total_blobs=8003 nmethods=6980 adapters=927
 compilation: enabled
              stopped_count=0, restarted_count=0
 full_count=0

Compilation events (20 events):
Event: 33.029 Thread 0x0000024b3557cac0 7307       1       com.sun.prism.paint.LinearGradient::getX1 (5 bytes)
Event: 33.029 Thread 0x0000024b3557cac0 nmethod 7307 0x0000024b267e0810 code [0x0000024b267e09a0, 0x0000024b267e0a68]
Event: 33.029 Thread 0x0000024b3557cac0 7308       1       com.sun.prism.paint.LinearGradient::getY1 (5 bytes)
Event: 33.029 Thread 0x0000024b3557cac0 nmethod 7308 0x0000024b267e0b10 code [0x0000024b267e0ca0, 0x0000024b267e0d68]
Event: 33.029 Thread 0x0000024b3557cac0 7309       1       com.sun.prism.paint.LinearGradient::getX2 (5 bytes)
Event: 33.029 Thread 0x0000024b3557cac0 nmethod 7309 0x0000024b267e0e10 code [0x0000024b267e0fa0, 0x0000024b267e1068]
Event: 33.029 Thread 0x0000024b3557cac0 7310       1       com.sun.prism.paint.LinearGradient::getY2 (5 bytes)
Event: 33.029 Thread 0x0000024b3557cac0 nmethod 7310 0x0000024b267e1110 code [0x0000024b267e12a0, 0x0000024b267e1368]
Event: 33.029 Thread 0x0000024b3557cac0 7311       1       com.sun.prism.paint.Gradient::getGradientOffset (5 bytes)
Event: 33.029 Thread 0x0000024b3557cac0 nmethod 7311 0x0000024b267e1410 code [0x0000024b267e15a0, 0x0000024b267e1668]
Event: 33.033 Thread 0x0000024b3557cac0 7312       3       com.sun.prism.impl.ps.BaseShaderContext::validatePaintOp (321 bytes)
Event: 33.036 Thread 0x0000024b3557cac0 nmethod 7312 0x0000024b1f664e10 code [0x0000024b1f665220, 0x0000024b1f6673e0]
Event: 33.036 Thread 0x0000024b3557cac0 7313       3       com.sun.javafx.sg.prism.NGRegion::renderBackgroundRectangle (1165 bytes)
Event: 33.041 Thread 0x0000024b3557cac0 nmethod 7313 0x0000024b1f667e90 code [0x0000024b1f668560, 0x0000024b1f66c240]
Event: 33.041 Thread 0x0000024b3557cac0 7314       3       com.sun.javafx.geom.Rectangle::<init> (9 bytes)
Event: 33.041 Thread 0x0000024b3557cac0 nmethod 7314 0x0000024b1f66e110 code [0x0000024b1f66e2c0, 0x0000024b1f66e4a0]
Event: 33.060 Thread 0x0000024b3557cac0 7315       3       java.util.ArrayDeque::removeFirst (19 bytes)
Event: 33.060 Thread 0x0000024b3557cac0 nmethod 7315 0x0000024b1f66e590 code [0x0000024b1f66e760, 0x0000024b1f66e9c0]
Event: 33.060 Thread 0x0000024b3557cac0 7316       3       com.sun.javafx.util.Logging::getInputLogger (18 bytes)
Event: 33.060 Thread 0x0000024b3557cac0 nmethod 7316 0x0000024b1f66eb10 code [0x0000024b1f66ecc0, 0x0000024b1f66ee90]

GC Heap History (14 events):
Event: 0.485 GC heap before
{Heap before GC invocations=0 (full 0):
 garbage-first heap   total reserved 4149248K, committed 260096K, used 22528K [0x0000000702c00000, 0x0000000800000000)
  region size 2048K, 12 young (24576K), 0 survivors (0K)
 Metaspace       used 4520K, committed 4736K, reserved 1114112K
  class space    used 500K, committed 576K, reserved 1048576K
}
Event: 0.487 GC heap after
{Heap after GC invocations=1 (full 0):
 garbage-first heap   total reserved 4149248K, committed 260096K, used 2773K [0x0000000702c00000, 0x0000000800000000)
  region size 2048K, 2 young (4096K), 2 survivors (4096K)
 Metaspace       used 4520K, committed 4736K, reserved 1114112K
  class space    used 500K, committed 576K, reserved 1048576K
}
Event: 1.109 GC heap before
{Heap before GC invocations=1 (full 0):
 garbage-first heap   total reserved 4149248K, committed 260096K, used 49877K [0x0000000702c00000, 0x0000000800000000)
  region size 2048K, 24 young (49152K), 2 survivors (4096K)
 Metaspace       used 15289K, committed 15680K, reserved 1114112K
  class space    used 1986K, committed 2176K, reserved 1048576K
}
Event: 1.115 GC heap after
{Heap after GC invocations=2 (full 0):
 garbage-first heap   total reserved 4149248K, committed 260096K, used 13220K [0x0000000702c00000, 0x0000000800000000)
  region size 2048K, 3 young (6144K), 3 survivors (6144K)
 Metaspace       used 15289K, committed 15680K, reserved 1114112K
  class space    used 1986K, committed 2176K, reserved 1048576K
}
Event: 1.365 GC heap before
{Heap before GC invocations=2 (full 0):
 garbage-first heap   total reserved 4149248K, committed 260096K, used 117668K [0x0000000702c00000, 0x0000000800000000)
  region size 2048K, 5 young (10240K), 3 survivors (6144K)
 Metaspace       used 15524K, committed 15872K, reserved 1114112K
  class space    used 2029K, committed 2176K, reserved 1048576K
}
Event: 1.368 GC heap after
{Heap after GC invocations=3 (full 0):
 garbage-first heap   total reserved 4149248K, committed 260096K, used 115727K [0x0000000702c00000, 0x0000000800000000)
  region size 2048K, 4 young (8192K), 4 survivors (8192K)
 Metaspace       used 15524K, committed 15872K, reserved 1114112K
  class space    used 2029K, committed 2176K, reserved 1048576K
}
Event: 1.425 GC heap before
{Heap before GC invocations=3 (full 0):
 garbage-first heap   total reserved 4149248K, committed 260096K, used 140303K [0x0000000702c00000, 0x0000000800000000)
  region size 2048K, 5 young (10240K), 4 survivors (8192K)
 Metaspace       used 15526K, committed 15872K, reserved 1114112K
  class space    used 2029K, committed 2176K, reserved 1048576K
}
Event: 1.429 GC heap after
{Heap after GC invocations=4 (full 0):
 garbage-first heap   total reserved 4149248K, committed 260096K, used 140193K [0x0000000702c00000, 0x0000000800000000)
  region size 2048K, 3 young (6144K), 3 survivors (6144K)
 Metaspace       used 15526K, committed 15872K, reserved 1114112K
  class space    used 2029K, committed 2176K, reserved 1048576K
}
Event: 1.489 GC heap before
{Heap before GC invocations=5 (full 0):
 garbage-first heap   total reserved 4149248K, committed 276480K, used 164769K [0x0000000702c00000, 0x0000000800000000)
  region size 2048K, 4 young (8192K), 3 survivors (6144K)
 Metaspace       used 15526K, committed 15872K, reserved 1114112K
  class space    used 2029K, committed 2176K, reserved 1048576K
}
Event: 1.492 GC heap after
{Heap after GC invocations=6 (full 0):
 garbage-first heap   total reserved 4149248K, committed 276480K, used 164931K [0x0000000702c00000, 0x0000000800000000)
  region size 2048K, 4 young (8192K), 4 survivors (8192K)
 Metaspace       used 15526K, committed 15872K, reserved 1114112K
  class space    used 2029K, committed 2176K, reserved 1048576K
}
Event: 1.989 GC heap before
{Heap before GC invocations=7 (full 0):
 garbage-first heap   total reserved 4149248K, committed 321536K, used 224323K [0x0000000702c00000, 0x0000000800000000)
  region size 2048K, 22 young (45056K), 4 survivors (8192K)
 Metaspace       used 20611K, committed 21056K, reserved 1114112K
  class space    used 2931K, committed 3136K, reserved 1048576K
}
Event: 1.996 GC heap after
{Heap after GC invocations=8 (full 0):
 garbage-first heap   total reserved 4149248K, committed 321536K, used 193133K [0x0000000702c00000, 0x0000000800000000)
  region size 2048K, 5 young (10240K), 5 survivors (10240K)
 Metaspace       used 20611K, committed 21056K, reserved 1114112K
  class space    used 2931K, committed 3136K, reserved 1048576K
}
Event: 12.904 GC heap before
{Heap before GC invocations=9 (full 0):
 garbage-first heap   total reserved 4149248K, committed 327680K, used 289389K [0x0000000702c00000, 0x0000000800000000)
  region size 2048K, 52 young (106496K), 5 survivors (10240K)
 Metaspace       used 32856K, committed 33536K, reserved 1114112K
  class space    used 4399K, committed 4672K, reserved 1048576K
}
Event: 12.913 GC heap after
{Heap after GC invocations=10 (full 0):
 garbage-first heap   total reserved 4149248K, committed 425984K, used 205553K [0x0000000702c00000, 0x0000000800000000)
  region size 2048K, 7 young (14336K), 7 survivors (14336K)
 Metaspace       used 32856K, committed 33536K, reserved 1114112K
  class space    used 4399K, committed 4672K, reserved 1048576K
}

Dll operation events (20 events):
Event: 0.317 Loaded shared library C:\Users\elyes\.openjfx\cache\16+8\amd64\api-ms-win-crt-private-l1-1-0.dll
Event: 0.319 Loaded shared library C:\Users\elyes\.openjfx\cache\16+8\amd64\api-ms-win-crt-process-l1-1-0.dll
Event: 0.321 Loaded shared library C:\Users\elyes\.openjfx\cache\16+8\amd64\api-ms-win-crt-runtime-l1-1-0.dll
Event: 0.323 Loaded shared library C:\Users\elyes\.openjfx\cache\16+8\amd64\api-ms-win-crt-stdio-l1-1-0.dll
Event: 0.325 Loaded shared library C:\Users\elyes\.openjfx\cache\16+8\amd64\api-ms-win-crt-string-l1-1-0.dll
Event: 0.327 Loaded shared library C:\Users\elyes\.openjfx\cache\16+8\amd64\api-ms-win-crt-time-l1-1-0.dll
Event: 0.328 Loaded shared library C:\Users\elyes\.openjfx\cache\16+8\amd64\api-ms-win-crt-utility-l1-1-0.dll
Event: 0.339 Loaded shared library C:\Users\elyes\.openjfx\cache\16+8\amd64\ucrtbase.dll
Event: 0.343 Loaded shared library C:\Users\elyes\.openjfx\cache\16+8\amd64\vcruntime140.dll
Event: 0.345 Loaded shared library C:\Users\elyes\.openjfx\cache\16+8\amd64\vcruntime140_1.dll
Event: 0.353 Loaded shared library C:\Users\elyes\.openjfx\cache\16+8\amd64\msvcp140.dll
Event: 0.355 Loaded shared library C:\Users\elyes\.openjfx\cache\16+8\amd64\msvcp140_1.dll
Event: 0.360 Loaded shared library C:\Users\elyes\.openjfx\cache\16+8\amd64\msvcp140_2.dll
Event: 0.390 Loaded shared library C:\Users\elyes\.openjfx\cache\16+8\amd64\prism_d3d.dll
Event: 0.421 Loaded shared library C:\Users\elyes\.openjfx\cache\16+8\amd64\glass.dll
Event: 0.501 Loaded shared library C:\Users\elyes\.jdks\openjdk-22\bin\jimage.dll
Event: 0.681 Loaded shared library C:\Users\elyes\.openjfx\cache\16+8\amd64\javafx_font.dll
Event: 0.865 Loaded shared library C:\Users\elyes\.openjfx\cache\16+8\amd64\javafx_iio.dll
Event: 4.249 Loaded shared library C:\Users\elyes\.openjfx\cache\16+8\amd64\jfxwebkit.dll
Event: 4.503 Loaded shared library C:\Users\elyes\.jdks\openjdk-22\bin\sunmscapi.dll

Deoptimization events (20 events):
Event: 32.901 Thread 0x0000024b357969c0 Uncommon trap: trap_request=0xffffffde fr.pc=0x0000024b26722ef0 relative=0x0000000000001710
Event: 32.901 Thread 0x0000024b357969c0 Uncommon trap: reason=class_check action=maybe_recompile pc=0x0000024b26722ef0 method=com.sun.prism.impl.GlyphCache.render(Lcom/sun/prism/impl/BaseContext;Lcom/sun/javafx/scene/text/GlyphList;FFIILcom/sun/prism/paint/Color;Lcom/sun/prism/paint/Color;Lcom/
Event: 32.901 Thread 0x0000024b357969c0 DEOPT PACKING pc=0x0000024b26722ef0 sp=0x0000009240bfc890
Event: 32.901 Thread 0x0000024b357969c0 DEOPT UNPACKING pc=0x0000024b25e546a2 sp=0x0000009240bfc870 mode 2
Event: 32.902 Thread 0x0000024b357969c0 Uncommon trap: trap_request=0xffffff45 fr.pc=0x0000024b26720ab4 relative=0x0000000000000394
Event: 32.902 Thread 0x0000024b357969c0 Uncommon trap: reason=unstable_if action=reinterpret pc=0x0000024b26720ab4 method=com.sun.prism.impl.BaseGraphics.fill(Lcom/sun/javafx/geom/Shape;)V @ 17 c2
Event: 32.902 Thread 0x0000024b357969c0 DEOPT PACKING pc=0x0000024b26720ab4 sp=0x0000009240bfce10
Event: 32.902 Thread 0x0000024b357969c0 DEOPT UNPACKING pc=0x0000024b25e546a2 sp=0x0000009240bfcda8 mode 2
Event: 32.902 Thread 0x0000024b357969c0 Uncommon trap: trap_request=0xffffff45 fr.pc=0x0000024b266da0ac relative=0x0000000000000e4c
Event: 32.902 Thread 0x0000024b357969c0 Uncommon trap: reason=unstable_if action=reinterpret pc=0x0000024b266da0ac method=com.sun.prism.impl.ps.BaseShaderContext.validatePaintOp(Lcom/sun/prism/impl/ps/BaseShaderGraphics;Lcom/sun/javafx/geom/transform/BaseTransform;Lcom/sun/prism/impl/ps/BaseSha
Event: 32.902 Thread 0x0000024b357969c0 DEOPT PACKING pc=0x0000024b266da0ac sp=0x0000009240bfcc90
Event: 32.902 Thread 0x0000024b357969c0 DEOPT UNPACKING pc=0x0000024b25e546a2 sp=0x0000009240bfcc38 mode 2
Event: 32.902 Thread 0x0000024b357969c0 Uncommon trap: trap_request=0xffffff45 fr.pc=0x0000024b26717d98 relative=0x0000000000000a18
Event: 32.902 Thread 0x0000024b357969c0 Uncommon trap: reason=unstable_if action=reinterpret pc=0x0000024b26717d98 method=com.sun.javafx.geom.Path2D.<init>(Lcom/sun/javafx/geom/Shape;Lcom/sun/javafx/geom/transform/BaseTransform;)V @ 56 c2
Event: 32.902 Thread 0x0000024b357969c0 DEOPT PACKING pc=0x0000024b26717d98 sp=0x0000009240bfc620
Event: 32.902 Thread 0x0000024b357969c0 DEOPT UNPACKING pc=0x0000024b25e546a2 sp=0x0000009240bfc618 mode 2
Event: 32.917 Thread 0x0000024b357969c0 Uncommon trap: trap_request=0xffffff45 fr.pc=0x0000024b267a65b0 relative=0x0000000000000190
Event: 32.917 Thread 0x0000024b357969c0 Uncommon trap: reason=unstable_if action=reinterpret pc=0x0000024b267a65b0 method=com.sun.prism.impl.ps.BaseShaderGraphics.renderGeneralRoundedRect(FFFFFFLcom/sun/prism/impl/ps/BaseShaderContext$MaskType;Lcom/sun/prism/BasicStroke;)V @ 2 c2
Event: 32.917 Thread 0x0000024b357969c0 DEOPT PACKING pc=0x0000024b267a65b0 sp=0x0000009240bfc0c0
Event: 32.917 Thread 0x0000024b357969c0 DEOPT UNPACKING pc=0x0000024b25e546a2 sp=0x0000009240bfc040 mode 2

Classes loaded (20 events):
Event: 5.165 Loading class java/io/PushbackInputStream
Event: 5.165 Loading class java/io/PushbackInputStream done
Event: 5.173 Loading class sun/security/util/DomainName$Rules$RuleSet
Event: 5.173 Loading class sun/security/util/DomainName$Rules$RuleSet done
Event: 5.173 Loading class sun/security/util/RegisteredDomain$Type
Event: 5.174 Loading class sun/security/util/RegisteredDomain$Type done
Event: 5.174 Loading class sun/security/util/DomainName$Rule
Event: 5.174 Loading class sun/security/util/DomainName$Rule done
Event: 5.174 Loading class sun/security/util/DomainName$Rule$Type
Event: 5.174 Loading class sun/security/util/DomainName$Rule$Type done
Event: 5.174 Loading class java/util/LinkedList$DescendingIterator
Event: 5.174 Loading class java/util/LinkedList$DescendingIterator done
Event: 5.174 Loading class sun/security/util/DomainName$CommonMatch
Event: 5.175 Loading class sun/security/util/DomainName$Match
Event: 5.175 Loading class sun/security/util/DomainName$Match done
Event: 5.175 Loading class sun/security/util/DomainName$CommonMatch done
Event: 5.175 Loading class sun/security/util/DomainName$RegisteredDomainImpl
Event: 5.175 Loading class sun/security/util/DomainName$RegisteredDomainImpl done
Event: 5.232 Loading class java/util/zip/DataFormatException
Event: 5.232 Loading class java/util/zip/DataFormatException done

Classes unloaded (0 events):
No events

Classes redefined (0 events):
No events

Internal exceptions (20 events):
Event: 5.015 Thread 0x0000024b35794f80 Exception <a 'java/io/FileNotFoundException'{0x0000000714ea71b8}> (0x0000000714ea71b8) 
thrown [s\open\src\hotspot\share\prims\jni.cpp, line 520]
Event: 5.015 Thread 0x0000024b35794f80 Exception <a 'java/io/FileNotFoundException'{0x0000000714ea7ff8}> (0x0000000714ea7ff8) 
thrown [s\open\src\hotspot\share\prims\jni.cpp, line 520]
Event: 5.015 Thread 0x0000024b35794f80 Exception <a 'java/io/FileNotFoundException'{0x0000000714ea8e50}> (0x0000000714ea8e50) 
thrown [s\open\src\hotspot\share\prims\jni.cpp, line 520]
Event: 5.015 Thread 0x0000024b35794f80 Exception <a 'java/io/FileNotFoundException'{0x0000000714ea9c90}> (0x0000000714ea9c90) 
thrown [s\open\src\hotspot\share\prims\jni.cpp, line 520]
Event: 5.017 Thread 0x0000024b35794f80 Exception <a 'java/io/FileNotFoundException'{0x0000000714eb8ed8}> (0x0000000714eb8ed8) 
thrown [s\open\src\hotspot\share\prims\jni.cpp, line 520]
Event: 5.017 Thread 0x0000024b35794f80 Exception <a 'java/io/FileNotFoundException'{0x0000000714eb9d18}> (0x0000000714eb9d18) 
thrown [s\open\src\hotspot\share\prims\jni.cpp, line 520]
Event: 5.017 Thread 0x0000024b35794f80 Exception <a 'java/io/FileNotFoundException'{0x0000000714ebab70}> (0x0000000714ebab70) 
thrown [s\open\src\hotspot\share\prims\jni.cpp, line 520]
Event: 5.017 Thread 0x0000024b35794f80 Exception <a 'java/io/FileNotFoundException'{0x0000000714ebb9b0}> (0x0000000714ebb9b0) 
thrown [s\open\src\hotspot\share\prims\jni.cpp, line 520]
Event: 5.029 Thread 0x0000024b35794f80 Exception <a 'java/io/FileNotFoundException'{0x0000000714ed8128}> (0x0000000714ed8128) 
thrown [s\open\src\hotspot\share\prims\jni.cpp, line 520]
Event: 5.029 Thread 0x0000024b35794f80 Exception <a 'java/io/FileNotFoundException'{0x0000000714ed8f68}> (0x0000000714ed8f68) 
thrown [s\open\src\hotspot\share\prims\jni.cpp, line 520]
Event: 5.029 Thread 0x0000024b35794f80 Exception <a 'java/io/FileNotFoundException'{0x0000000714ed9dc0}> (0x0000000714ed9dc0) 
thrown [s\open\src\hotspot\share\prims\jni.cpp, line 520]
Event: 5.029 Thread 0x0000024b35794f80 Exception <a 'java/io/FileNotFoundException'{0x0000000714edac00}> (0x0000000714edac00) 
thrown [s\open\src\hotspot\share\prims\jni.cpp, line 520]
Event: 5.232 Thread 0x0000024b35794f80 Implicit null exception at 0x0000024b26488906 to 0x0000024b26488a44
Event: 8.446 Thread 0x0000024b35794f80 Exception <a 'java/lang/NoSuchMethodError'{0x0000000712f99150}: 'java.lang.Object java.lang.invoke.DirectMethodHandle$Holder.newInvokeSpecial(java.lang.Object, java.lang.Object, int, int, int, int, int, java.lang.Object)'> (0x0000000712f99150) 
thrown [s\open\src\hotspot\share\interpreter\linkResolver.cpp, line 774]
Event: 8.447 Thread 0x0000024b35794f80 Exception <a 'java/lang/NoSuchMethodError'{0x0000000712faae70}: 'java.lang.Object java.lang.invoke.DirectMethodHandle$Holder.newInvokeSpecial(java.lang.Object, java.lang.Object, java.lang.Object, int, int, int, int, int)'> (0x0000000712faae70) 
thrown [s\open\src\hotspot\share\interpreter\linkResolver.cpp, line 774]
Event: 8.447 Thread 0x0000024b35794f80 Exception <a 'java/lang/NoSuchMethodError'{0x0000000712fb21e0}: 'java.lang.Object java.lang.invoke.Invokers$Holder.linkToTargetMethod(java.lang.Object, java.lang.Object, int, int, int, int, int, java.lang.Object)'> (0x0000000712fb21e0) 
thrown [s\open\src\hotspot\share\interpreter\linkResolver.cpp, line 774]
Event: 8.931 Thread 0x0000024b357969c0 Implicit null exception at 0x0000024b26601320 to 0x0000024b2660321c
Event: 9.160 Thread 0x0000024b357969c0 Implicit null exception at 0x0000024b265fd260 to 0x0000024b265fd2d4
Event: 12.913 Thread 0x0000024b357969c0 Implicit null exception at 0x0000024b26629d3a to 0x0000024b26629dd0
Event: 20.790 Thread 0x0000024b35794f80 Exception <a 'java/lang/NoSuchMethodError'{0x00000007179aafa0}: 'java.lang.Object java.lang.invoke.DirectMethodHandle$Holder.newInvokeSpecial(java.lang.Object, java.lang.Object, java.lang.Object, double, double, double, double, int, int, int, int, int, int, int, int, int)'> (0x00000007179aafa0) 
thrown [s\open\src\hotspot\share\interpreter\linkResolver.cpp, line 774]

ZGC Phase Switch (0 events):
No events

VM Operations (20 events):
Event: 22.918 Executing VM operation: Cleanup
Event: 22.918 Executing VM operation: Cleanup done
Event: 23.918 Executing VM operation: Cleanup
Event: 23.918 Executing VM operation: Cleanup done
Event: 24.919 Executing VM operation: Cleanup
Event: 24.919 Executing VM operation: Cleanup done
Event: 26.921 Executing VM operation: Cleanup
Event: 26.921 Executing VM operation: Cleanup done
Event: 27.922 Executing VM operation: Cleanup
Event: 27.922 Executing VM operation: Cleanup done
Event: 28.922 Executing VM operation: Cleanup
Event: 28.922 Executing VM operation: Cleanup done
Event: 29.922 Executing VM operation: Cleanup
Event: 29.922 Executing VM operation: Cleanup done
Event: 30.923 Executing VM operation: Cleanup
Event: 30.923 Executing VM operation: Cleanup done
Event: 31.924 Executing VM operation: Cleanup
Event: 31.924 Executing VM operation: Cleanup done
Event: 32.924 Executing VM operation: Cleanup
Event: 32.924 Executing VM operation: Cleanup done

Events (20 events):
Event: 4.928 Thread 0x0000024b004bd430 Thread added: 0x0000024b004bd430
Event: 5.033 Thread 0x0000024b04cfe1b0 Thread added: 0x0000024b04cfe1b0
Event: 5.033 Thread 0x0000024b04cfe1b0 Thread exited: 0x0000024b04cfe1b0
Event: 5.614 Thread 0x0000024b00e6da80 Thread exited: 0x0000024b00e6da80
Event: 5.621 Thread 0x0000024b0439a880 Thread exited: 0x0000024b0439a880
Event: 8.779 Thread 0x0000024b03952e80 Thread added: 0x0000024b03952e80
Event: 8.779 Thread 0x0000024b00c2a2c0 Thread added: 0x0000024b00c2a2c0
Event: 9.651 Thread 0x0000024b00c2a2c0 Thread exited: 0x0000024b00c2a2c0
Event: 9.779 Thread 0x0000024b03952e80 Thread exited: 0x0000024b03952e80
Event: 12.099 Thread 0x0000024b04cfce00 Thread added: 0x0000024b04cfce00
Event: 12.099 Thread 0x0000024b04cfce00 Thread exited: 0x0000024b04cfce00
Event: 12.451 Thread 0x0000024b35851cc0 Thread added: 0x0000024b35851cc0
Event: 12.839 Thread 0x0000024b35851cc0 Thread exited: 0x0000024b35851cc0
Event: 13.608 Thread 0x0000024b05bf6c00 Thread added: 0x0000024b05bf6c00
Event: 13.940 Thread 0x0000024b05bf6c00 Thread exited: 0x0000024b05bf6c00
Event: 15.030 Thread 0x0000024b030928a0 Thread added: 0x0000024b030928a0
Event: 15.031 Thread 0x0000024b030928a0 Thread exited: 0x0000024b030928a0
Event: 25.230 Thread 0x0000024b04a5f210 Thread added: 0x0000024b04a5f210
Event: 25.230 Thread 0x0000024b04a5f210 Thread exited: 0x0000024b04a5f210
Event: 31.548 Thread 0x0000024b004c08b0 Thread exited: 0x0000024b004c08b0


Dynamic libraries:
0x00007ff753d70000 - 0x00007ff753d7e000 	C:\Users\elyes\.jdks\openjdk-22\bin\java.exe
0x00007fffbaa70000 - 0x00007fffbac68000 	C:\Windows\SYSTEM32\ntdll.dll
0x00007fffba410000 - 0x00007fffba4cd000 	C:\Windows\System32\KERNEL32.DLL
0x00007fffb81c0000 - 0x00007fffb84b6000 	C:\Windows\System32\KERNELBASE.dll
0x00007fffb8690000 - 0x00007fffb8790000 	C:\Windows\System32\ucrtbase.dll
0x00007fff82550000 - 0x00007fff8256b000 	C:\Users\elyes\.jdks\openjdk-22\bin\VCRUNTIME140.dll
0x00007fff81f60000 - 0x00007fff81f77000 	C:\Users\elyes\.jdks\openjdk-22\bin\jli.dll
0x00007fffb8e00000 - 0x00007fffb8f9f000 	C:\Windows\System32\USER32.dll
0x00007fffa0f10000 - 0x00007fffa11aa000 	C:\Windows\WinSxS\amd64_microsoft.windows.common-controls_6595b64144ccf1df_6.0.19041.3636_none_60b6a03d71f818d5\COMCTL32.dll
0x00007fffb8850000 - 0x00007fffb8872000 	C:\Windows\System32\win32u.dll
0x00007fffb8d60000 - 0x00007fffb8dfe000 	C:\Windows\System32\msvcrt.dll
0x00007fffba220000 - 0x00007fffba24b000 	C:\Windows\System32\GDI32.dll
0x00007fffb84c0000 - 0x00007fffb85d7000 	C:\Windows\System32\gdi32full.dll
0x00007fffb8120000 - 0x00007fffb81bd000 	C:\Windows\System32\msvcp_win.dll
0x00007fffba1e0000 - 0x00007fffba212000 	C:\Windows\System32\IMM32.DLL
0x00007fff937f0000 - 0x00007fff937fc000 	C:\Users\elyes\.jdks\openjdk-22\bin\vcruntime140_1.dll
0x00007fff81060000 - 0x00007fff810ee000 	C:\Users\elyes\.jdks\openjdk-22\bin\msvcp140.dll
0x00007fff49540000 - 0x00007fff4a288000 	C:\Users\elyes\.jdks\openjdk-22\bin\server\jvm.dll
0x00007fffb9730000 - 0x00007fffb97e0000 	C:\Windows\System32\ADVAPI32.dll
0x00007fffb9590000 - 0x00007fffb9630000 	C:\Windows\System32\sechost.dll
0x00007fffb8b50000 - 0x00007fffb8c73000 	C:\Windows\System32\RPCRT4.dll
0x00007fffb8820000 - 0x00007fffb8847000 	C:\Windows\System32\bcrypt.dll
0x00007fffb97e0000 - 0x00007fffb984b000 	C:\Windows\System32\WS2_32.dll
0x00007fffa0b90000 - 0x00007fffa0bb7000 	C:\Windows\SYSTEM32\WINMM.dll
0x00007fffb76b0000 - 0x00007fffb76fb000 	C:\Windows\SYSTEM32\POWRPROF.dll
0x00007fffb1c70000 - 0x00007fffb1c7a000 	C:\Windows\SYSTEM32\VERSION.dll
0x00007fffb7520000 - 0x00007fffb7532000 	C:\Windows\SYSTEM32\UMPDC.dll
0x00007fffb5fb0000 - 0x00007fffb5fc2000 	C:\Windows\SYSTEM32\kernel.appcore.dll
0x00007fff936a0000 - 0x00007fff936aa000 	C:\Users\elyes\.jdks\openjdk-22\bin\jimage.dll
0x00007fffa73e0000 - 0x00007fffa75c4000 	C:\Windows\SYSTEM32\DBGHELP.DLL
0x00007fff98100000 - 0x00007fff98134000 	C:\Windows\SYSTEM32\dbgcore.DLL
0x00007fffb8790000 - 0x00007fffb8812000 	C:\Windows\System32\bcryptPrimitives.dll
0x00007fffb5980000 - 0x00007fffb598f000 	C:\Users\elyes\.jdks\openjdk-22\bin\instrument.dll
0x00007fff81040000 - 0x00007fff8105e000 	C:\Users\elyes\.jdks\openjdk-22\bin\java.dll
0x00007fffb9a70000 - 0x00007fffba1db000 	C:\Windows\System32\SHELL32.dll
0x00007fffba900000 - 0x00007fffbaa2b000 	C:\Windows\System32\ole32.dll
0x00007fffba530000 - 0x00007fffba883000 	C:\Windows\System32\combase.dll
0x00007fffb61b0000 - 0x00007fffb694e000 	C:\Windows\SYSTEM32\windows.storage.dll
0x00007fffb7b50000 - 0x00007fffb7b7e000 	C:\Windows\SYSTEM32\Wldp.dll
0x00007fffb9650000 - 0x00007fffb971d000 	C:\Windows\System32\OLEAUT32.dll
0x00007fffb8aa0000 - 0x00007fffb8b4d000 	C:\Windows\System32\SHCORE.dll
0x00007fffba8a0000 - 0x00007fffba8f5000 	C:\Windows\System32\shlwapi.dll
0x00007fffb8050000 - 0x00007fffb8073000 	C:\Windows\SYSTEM32\profapi.dll
0x00007fff80f60000 - 0x00007fff81037000 	C:\Users\elyes\.jdks\openjdk-22\bin\jsvml.dll
0x00007fff93110000 - 0x00007fff93120000 	C:\Users\elyes\.jdks\openjdk-22\bin\net.dll
0x00007fffb78b0000 - 0x00007fffb791a000 	C:\Windows\system32\mswsock.dll
0x00007fff80f40000 - 0x00007fff80f56000 	C:\Users\elyes\.jdks\openjdk-22\bin\nio.dll
0x00007fff80f20000 - 0x00007fff80f37000 	C:\Users\elyes\.jdks\openjdk-22\bin\zip.dll
0x00007fffaf4b0000 - 0x00007fffaf4ca000 	C:\Program Files\JetBrains\IntelliJ IDEA Community Edition 2023.2.2\bin\breakgen64.dll
0x0000024b14590000 - 0x0000024b14593000 	C:\Users\elyes\.openjfx\cache\16+8\amd64\api-ms-win-core-console-l1-1-0.dll
0x0000024b164a0000 - 0x0000024b164a3000 	C:\Users\elyes\.openjfx\cache\16+8\amd64\api-ms-win-core-console-l1-2-0.dll
0x0000024b164b0000 - 0x0000024b164b3000 	C:\Users\elyes\.openjfx\cache\16+8\amd64\api-ms-win-core-datetime-l1-1-0.dll
0x0000024b164c0000 - 0x0000024b164c3000 	C:\Users\elyes\.openjfx\cache\16+8\amd64\api-ms-win-core-debug-l1-1-0.dll
0x0000024b164d0000 - 0x0000024b164d3000 	C:\Users\elyes\.openjfx\cache\16+8\amd64\api-ms-win-core-errorhandling-l1-1-0.dll
0x0000024b164e0000 - 0x0000024b164e4000 	C:\Users\elyes\.openjfx\cache\16+8\amd64\api-ms-win-core-file-l1-1-0.dll
0x0000024b164f0000 - 0x0000024b164f3000 	C:\Users\elyes\.openjfx\cache\16+8\amd64\api-ms-win-core-file-l1-2-0.dll
0x0000024b16500000 - 0x0000024b16503000 	C:\Users\elyes\.openjfx\cache\16+8\amd64\api-ms-win-core-file-l2-1-0.dll
0x0000024b16510000 - 0x0000024b16513000 	C:\Users\elyes\.openjfx\cache\16+8\amd64\api-ms-win-core-handle-l1-1-0.dll
0x0000024b16520000 - 0x0000024b16523000 	C:\Users\elyes\.openjfx\cache\16+8\amd64\api-ms-win-core-heap-l1-1-0.dll
0x0000024b16530000 - 0x0000024b16533000 	C:\Users\elyes\.openjfx\cache\16+8\amd64\api-ms-win-core-interlocked-l1-1-0.dll
0x0000024b16540000 - 0x0000024b16543000 	C:\Users\elyes\.openjfx\cache\16+8\amd64\api-ms-win-core-libraryloader-l1-1-0.dll
0x0000024b35ac0000 - 0x0000024b35ac3000 	C:\Users\elyes\.openjfx\cache\16+8\amd64\api-ms-win-core-localization-l1-2-0.dll
0x0000024b35ad0000 - 0x0000024b35ad3000 	C:\Users\elyes\.openjfx\cache\16+8\amd64\api-ms-win-core-memory-l1-1-0.dll
0x0000024b35ae0000 - 0x0000024b35ae3000 	C:\Users\elyes\.openjfx\cache\16+8\amd64\api-ms-win-core-namedpipe-l1-1-0.dll
0x0000024b35af0000 - 0x0000024b35af3000 	C:\Users\elyes\.openjfx\cache\16+8\amd64\api-ms-win-core-processenvironment-l1-1-0.dll
0x0000024b35b00000 - 0x0000024b35b03000 	C:\Users\elyes\.openjfx\cache\16+8\amd64\api-ms-win-core-processthreads-l1-1-0.dll
0x0000024b35b10000 - 0x0000024b35b13000 	C:\Users\elyes\.openjfx\cache\16+8\amd64\api-ms-win-core-processthreads-l1-1-1.dll
0x0000024b35b20000 - 0x0000024b35b23000 	C:\Users\elyes\.openjfx\cache\16+8\amd64\api-ms-win-core-profile-l1-1-0.dll
0x0000024b35b30000 - 0x0000024b35b33000 	C:\Users\elyes\.openjfx\cache\16+8\amd64\api-ms-win-core-rtlsupport-l1-1-0.dll
0x0000024b35b40000 - 0x0000024b35b43000 	C:\Users\elyes\.openjfx\cache\16+8\amd64\api-ms-win-core-string-l1-1-0.dll
0x0000024b35b50000 - 0x0000024b35b53000 	C:\Users\elyes\.openjfx\cache\16+8\amd64\api-ms-win-core-synch-l1-1-0.dll
0x0000024b35b60000 - 0x0000024b35b63000 	C:\Users\elyes\.openjfx\cache\16+8\amd64\api-ms-win-core-synch-l1-2-0.dll
0x0000024b35b70000 - 0x0000024b35b73000 	C:\Users\elyes\.openjfx\cache\16+8\amd64\api-ms-win-core-sysinfo-l1-1-0.dll
0x0000024b35b80000 - 0x0000024b35b83000 	C:\Users\elyes\.openjfx\cache\16+8\amd64\api-ms-win-core-timezone-l1-1-0.dll
0x0000024b35b90000 - 0x0000024b35b93000 	C:\Users\elyes\.openjfx\cache\16+8\amd64\api-ms-win-core-util-l1-1-0.dll
0x0000024b35ba0000 - 0x0000024b35ba3000 	C:\Users\elyes\.openjfx\cache\16+8\amd64\api-ms-win-crt-conio-l1-1-0.dll
0x0000024b35bb0000 - 0x0000024b35bb4000 	C:\Users\elyes\.openjfx\cache\16+8\amd64\api-ms-win-crt-convert-l1-1-0.dll
0x0000024b35bc0000 - 0x0000024b35bc3000 	C:\Users\elyes\.openjfx\cache\16+8\amd64\api-ms-win-crt-environment-l1-1-0.dll
0x0000024b35bd0000 - 0x0000024b35bd3000 	C:\Users\elyes\.openjfx\cache\16+8\amd64\api-ms-win-crt-filesystem-l1-1-0.dll
0x0000024b35be0000 - 0x0000024b35be3000 	C:\Users\elyes\.openjfx\cache\16+8\amd64\api-ms-win-crt-heap-l1-1-0.dll
0x0000024b35bf0000 - 0x0000024b35bf3000 	C:\Users\elyes\.openjfx\cache\16+8\amd64\api-ms-win-crt-locale-l1-1-0.dll
0x0000024b35c00000 - 0x0000024b35c05000 	C:\Users\elyes\.openjfx\cache\16+8\amd64\api-ms-win-crt-math-l1-1-0.dll
0x0000024b35c10000 - 0x0000024b35c15000 	C:\Users\elyes\.openjfx\cache\16+8\amd64\api-ms-win-crt-multibyte-l1-1-0.dll
0x0000024b35c20000 - 0x0000024b35c30000 	C:\Users\elyes\.openjfx\cache\16+8\amd64\api-ms-win-crt-private-l1-1-0.dll
0x0000024b35c30000 - 0x0000024b35c33000 	C:\Users\elyes\.openjfx\cache\16+8\amd64\api-ms-win-crt-process-l1-1-0.dll
0x0000024b35c40000 - 0x0000024b35c44000 	C:\Users\elyes\.openjfx\cache\16+8\amd64\api-ms-win-crt-runtime-l1-1-0.dll
0x0000024b35c50000 - 0x0000024b35c54000 	C:\Users\elyes\.openjfx\cache\16+8\amd64\api-ms-win-crt-stdio-l1-1-0.dll
0x0000024b35c60000 - 0x0000024b35c64000 	C:\Users\elyes\.openjfx\cache\16+8\amd64\api-ms-win-crt-string-l1-1-0.dll
0x0000024b35c70000 - 0x0000024b35c73000 	C:\Users\elyes\.openjfx\cache\16+8\amd64\api-ms-win-crt-time-l1-1-0.dll
0x0000024b35c80000 - 0x0000024b35c83000 	C:\Users\elyes\.openjfx\cache\16+8\amd64\api-ms-win-crt-utility-l1-1-0.dll
0x00007fff825f0000 - 0x00007fff826ec000 	C:\Users\elyes\.openjfx\cache\16+8\amd64\ucrtbase.dll
0x00007fffaacb0000 - 0x00007fffaaccb000 	C:\Users\elyes\.openjfx\cache\16+8\amd64\vcruntime140.dll
0x00007fffb53e0000 - 0x00007fffb53ec000 	C:\Users\elyes\.openjfx\cache\16+8\amd64\vcruntime140_1.dll
0x00007fff908f0000 - 0x00007fff9097e000 	C:\Users\elyes\.openjfx\cache\16+8\amd64\msvcp140.dll
0x00007fffb4a00000 - 0x00007fffb4a09000 	C:\Users\elyes\.openjfx\cache\16+8\amd64\msvcp140_1.dll
0x00007fffaac60000 - 0x00007fffaac8f000 	C:\Users\elyes\.openjfx\cache\16+8\amd64\msvcp140_2.dll
0x00007fffa8b90000 - 0x00007fffa8bbf000 	C:\Users\elyes\.openjfx\cache\16+8\amd64\prism_d3d.dll
0x00007fffaa250000 - 0x00007fffaa41d000 	C:\Windows\system32\d3d9.dll
0x00007fffb5da0000 - 0x00007fffb5dcf000 	C:\Windows\SYSTEM32\dwmapi.dll
0x00007fffb5a40000 - 0x00007fffb5ade000 	C:\Windows\system32\uxtheme.dll
0x00007fff7ef80000 - 0x00007fff7f0dd000 	C:\Windows\System32\DriverStore\FileRepository\iigd_dch.inf_amd64_0651c2cb9dd31504\igdumdim64.dll
0x00007fff45c30000 - 0x00007fff49539000 	C:\Windows\System32\DriverStore\FileRepository\iigd_dch.inf_amd64_0651c2cb9dd31504\igd9dxva64.dll
0x00007fffb8fa0000 - 0x00007fffb940e000 	C:\Windows\System32\SETUPAPI.dll
0x00007fffb88f0000 - 0x00007fffb893e000 	C:\Windows\System32\cfgmgr32.dll
0x00007fffadb70000 - 0x00007fffadd14000 	C:\Windows\System32\DriverStore\FileRepository\iigd_dch.inf_amd64_0651c2cb9dd31504\igdgmm64.dll
0x00007fff8f270000 - 0x00007fff8f2b2000 	C:\Users\elyes\.openjfx\cache\16+8\amd64\glass.dll
0x00007fffb8c80000 - 0x00007fffb8d5a000 	C:\Windows\System32\COMDLG32.dll
0x00007fffb9410000 - 0x00007fffb9525000 	C:\Windows\System32\MSCTF.dll
0x00007fff9e720000 - 0x00007fff9e746000 	C:\Windows\System32\DriverStore\FileRepository\iigd_dch.inf_amd64_0651c2cb9dd31504\igdinfo64.dll
0x00007fffab250000 - 0x00007fffad854000 	C:\Windows\System32\DriverStore\FileRepository\iigd_dch.inf_amd64_0651c2cb9dd31504\igc64.dll
0x00007fffaf470000 - 0x00007fffaf4ab000 	C:\Windows\SYSTEM32\dxcore.dll
0x00007fffaa900000 - 0x00007fffaa914000 	C:\Users\elyes\.openjfx\cache\16+8\amd64\javafx_font.dll
0x00007fff966a0000 - 0x00007fff9691f000 	C:\Windows\SYSTEM32\dwrite.dll
0x00007fffa5880000 - 0x00007fffa58ad000 	C:\Users\elyes\.openjfx\cache\16+8\amd64\javafx_iio.dll
0x00007fffb7590000 - 0x00007fffb765b000 	C:\Windows\SYSTEM32\DNSAPI.dll
0x00007fffb7540000 - 0x00007fffb757b000 	C:\Windows\SYSTEM32\IPHLPAPI.DLL
0x00007fffba400000 - 0x00007fffba408000 	C:\Windows\System32\NSI.dll
0x000000006c5b0000 - 0x000000006c5d6000 	C:\Program Files\Bonjour\mdnsNSP.dll
0x00007fffb1630000 - 0x00007fffb163a000 	C:\Windows\System32\rasadhlp.dll
0x00007fffa9960000 - 0x00007fffa99e0000 	C:\Windows\System32\fwpuclnt.dll
0x00007fffb9940000 - 0x00007fffb99e9000 	C:\Windows\System32\clbcatq.dll
0x00007fffb0f20000 - 0x00007fffb10d4000 	C:\Windows\SYSTEM32\WindowsCodecs.dll
0x00007fffb5390000 - 0x00007fffb53ce000 	C:\Windows\system32\dataexchange.dll
0x00007fffb47d0000 - 0x00007fffb49b5000 	C:\Windows\system32\dcomp.dll
0x00007fffb34b0000 - 0x00007fffb3713000 	C:\Windows\system32\d3d11.dll
0x00007fffb69b0000 - 0x00007fffb6aa3000 	C:\Windows\system32\dxgi.dll
0x00007fffb2380000 - 0x00007fffb2583000 	C:\Windows\system32\twinapi.appcore.dll
0x00007fff90cf0000 - 0x00007fff90d24000 	C:\Program Files\Common Files\Microsoft Shared\Ink\rtscom.dll

dbghelp: loaded successfully - version: 4.0.5 - missing functions: none
symbol engine: initialized successfully - sym options: 0x614 - pdb path: .;C:\Users\elyes\.jdks\openjdk-22\bin;C:\Windows\SYSTEM32;C:\Windows\WinSxS\amd64_microsoft.windows.common-controls_6595b64144ccf1df_6.0.19041.3636_none_60b6a03d71f818d5;C:\Users\elyes\.jdks\openjdk-22\bin\server;C:\Program Files\JetBrains\IntelliJ IDEA Community Edition 2023.2.2\bin;C:\Users\elyes\.openjfx\cache\16+8\amd64;C:\Windows\System32\DriverStore\FileRepository\iigd_dch.inf_amd64_0651c2cb9dd31504;C:\Windows\System32\DriverStore\FileRepository\nvmi.inf_amd64_63c2bbf15c85cec8;C:\Program Files\Bonjour;C:\Program Files\Common Files\Microsoft Shared\Ink

VM Arguments:
jvm_args: -javaagent:C:\Program Files\JetBrains\IntelliJ IDEA Community Edition 2023.2.2\lib\idea_rt.jar=52795:C:\Program Files\JetBrains\IntelliJ IDEA Community Edition 2023.2.2\bin -Dfile.encoding=UTF-8 -Dsun.stdout.encoding=UTF-8 -Dsun.stderr.encoding=UTF-8 --module-path=C:\Users\elyes\.m2\repository\org\openjfx\javafx-base\16\javafx-base-16-win.jar;C:\Users\elyes\.m2\repository\org\openjfx\javafx-graphics\21-ea+24\javafx-graphics-21-ea+24-win.jar;C:\Users\elyes\.m2\repository\org\openjfx\javafx-media\21-ea+24\javafx-media-21-ea+24-win.jar;C:\Users\elyes\.m2\repository\org\openjfx\javafx-web\21-ea+24\javafx-web-21-ea+24-win.jar;C:\Users\elyes\.m2\repository\com\mysql\mysql-connector-j\8.3.0\mysql-connector-j-8.3.0.jar;C:\Users\elyes\.m2\repository\org\openjfx\javafx-fxml\21-ea+24\javafx-fxml-21-ea+24-win.jar;C:\Users\elyes\.m2\repository\org\openjfx\javafx-controls\21-ea+24\javafx-controls-21-ea+24-win.jar;C:\Users\elyes\IdeaProjects\demo1\target\classes -Djdk.module.main=com.example.demo1 
java_command: com.example.demo1/com.example.demo1.HelloApplication
java_class_path (initial): C:\Users\elyes\.m2\repository\org\openjfx\javafx-controls\21-ea+24\javafx-controls-21-ea+24.jar;C:\Users\elyes\.m2\repository\org\openjfx\javafx-graphics\21-ea+24\javafx-graphics-21-ea+24.jar;C:\Users\elyes\.m2\repository\org\openjfx\javafx-web\21-ea+24\javafx-web-21-ea+24.jar;C:\Users\elyes\.m2\repository\org\openjfx\javafx-media\21-ea+24\javafx-media-21-ea+24.jar;C:\Users\elyes\.m2\repository\com\gluonhq\maps\2.0.0-ea+6\maps-2.0.0-ea+6.jar;C:\Users\elyes\.m2\repository\com\gluonhq\attach\storage\4.0.11\storage-4.0.11.jar;C:\Users\elyes\.m2\repository\com\gluonhq\attach\util\4.0.11\util-4.0.11.jar;C:\Users\elyes\.m2\repository\org\openjfx\javafx-base\16\javafx-base-16.jar;C:\Users\elyes\.m2\repository\org\openjfx\javafx-fxml\21-ea+24\javafx-fxml-21-ea+24.jar;C:\Users\elyes\.m2\repository\com\google\protobuf\protobuf-java\3.25.1\protobuf-java-3.25.1.jar
Launcher Type: SUN_STANDARD

[Global flags]
     intx CICompilerCount                          = 4                                         {product} {ergonomic}
     uint ConcGCThreads                            = 2                                         {product} {ergonomic}
     uint G1ConcRefinementThreads                  = 8                                         {product} {ergonomic}
   size_t G1HeapRegionSize                         = 2097152                                   {product} {ergonomic}
   size_t InitialHeapSize                          = 266338304                                 {product} {ergonomic}
   size_t MarkStackSize                            = 4194304                                   {product} {ergonomic}
   size_t MaxHeapSize                              = 4248829952                                {product} {ergonomic}
   size_t MaxNewSize                               = 2548039680                                {product} {ergonomic}
   size_t MinHeapDeltaBytes                        = 2097152                                   {product} {ergonomic}
   size_t MinHeapSize                              = 8388608                                   {product} {ergonomic}
    uintx NonNMethodCodeHeapSize                   = 5839372                                {pd product} {ergonomic}
    uintx NonProfiledCodeHeapSize                  = 122909434                              {pd product} {ergonomic}
    uintx ProfiledCodeHeapSize                     = 122909434                              {pd product} {ergonomic}
    uintx ReservedCodeCacheSize                    = 251658240                              {pd product} {ergonomic}
     bool SegmentedCodeCache                       = true                                      {product} {ergonomic}
   size_t SoftMaxHeapSize                          = 4248829952                             {manageable} {ergonomic}
     bool UseCompressedOops                        = true                           {product lp64_product} {ergonomic}
     bool UseG1GC                                  = true                                      {product} {ergonomic}
     bool UseLargePagesIndividualAllocation        = false                                  {pd product} {ergonomic}

Logging:
Log output configuration:
 #0: stdout all=warning uptime,level,tags foldmultilines=false
 #1: stderr all=off uptime,level,tags foldmultilines=false

Environment Variables:
PATH=C:\oraclexe\app\oracle\product\11.2.0\server\bin;C:\Users\elyes\Desktop\app\oracle\product\11.2.0\server\bin;C:\oraclexe\app\oracle\product\11.2.0\server\bin;C:\ProgramData\Oracle\Java\javapath;C:\Windows\system32;C:\Windows;C:\Windows\System32\Wbem;C:\Windows\System32\WindowsPowerShell\v1.0\;C:\Windows\System32\OpenSSH\;C:\oraclexe\app\oracle\product\11.2.0\server\bin;C:\oraclexe\app\oracle\admin\XE;C:\oraclexe;C:\Users\elyes\Desktop\instantclient12_2;C:\Program Files\Git\cmd;C:\xampp\php\php.exe;C:\xampp\php;C:\ProgramData\ComposerSetup\bin;C:\Program Files\nodejs\;C:\Program Files\dotnet\;C:\Program Files\Microsoft SQL Server\150\Tools\Binn\;C:\Program Files\Microsoft SQL Server\Client SDK\ODBC\170\Tools\Binn\;C:\Users\elyes\scoop\shims;C:\Users\elyes\AppData\Local\Microsoft\WindowsApps;C:\Users\elyes\AppData\Local\Programs\Microsoft VS Code\bin;C:\Users\elyes\AppData\Roaming\Composer\vendor\bin;C:\Users\elyes\AppData\Roaming\npm;C:\Users\elyes\.dotnet\tools
USERNAME=elyes
OS=Windows_NT
PROCESSOR_IDENTIFIER=Intel64 Family 6 Model 165 Stepping 2, GenuineIntel
TMP=C:\Users\elyes\AppData\Local\Temp
TEMP=C:\Users\elyes\AppData\Local\Temp




Periodic native trim disabled

---------------  S Y S T E M  ---------------

OS:
 Windows 10 , 64 bit Build 19041 (10.0.19041.3636)
OS uptime: 1 days 23:18 hours

CPU: total 8 (initial active 8) (4 cores per cpu, 2 threads per core) family 6 model 165 stepping 2 microcode 0xc8, cx8, cmov, fxsr, ht, mmx, 3dnowpref, sse, sse2, sse3, ssse3, sse4.1, sse4.2, popcnt, lzcnt, tsc, tscinvbit, avx, avx2, aes, erms, clmul, bmi1, bmi2, adx, fma, vzeroupper, clflush, clflushopt, rdtscp, f16c, pku
Processor Information for all 8 processors :
  Max Mhz: 2496, Current Mhz: 2496, Mhz Limit: 2496

Memory: 4k page, system-wide physical 16202M (821M free)
TotalPageFile size 61854M (AvailPageFile size 5M)
current process WorkingSet (physical memory assigned to process): 1013M, peak: 1015M
current process commit charge ("private bytes"): 1053M, peak: 1068M

vm_info: OpenJDK 64-Bit Server VM (22+36-2370) for windows-amd64 JRE (22+36-2370), built on 2024-02-15T22:15:19Z by "mach5one" with MS VC++ 17.6 (VS2022)

END.
